[ 2020-07-15T10:14:23+08:00 ] 127.0.0.1 /index.php?g=home&m=index&a=live
INFO: [ app_init ] --START--
INFO: Run Behavior\BuildLiteBehavior [ RunTime:0.000008s ]
INFO: Run Common\Behavior\InitHookBehavior [ RunTime:0.000862s ]
INFO: [ app_init ] --END-- [ RunTime:0.001121s ]
INFO: [ app_begin ] --START--
INFO: Run Behavior\ReadHtmlCacheBehavior [ RunTime:0.000315s ]
INFO: Run Behavior\CheckLangBehavior [ RunTime:0.000458s ]
INFO: [ app_begin ] --END-- [ RunTime:0.000809s ]
INFO: [ view_parse ] --START--
INFO: [ template_filter ] --START--
INFO: Run Behavior\ContentReplaceBehavior [ RunTime:0.000123s ]
INFO: [ template_filter ] --END-- [ RunTime:0.000181s ]
NOTIC: [8] Undefined variable: user E:\phpstudy2018\PHPTutorial\WWW\tyxk\data\runtime\Cache\Home\2887505a2a50b3ad6f568df98b5669e9.php 第 37 行.
NOTIC: [8] Undefined index: islive E:\phpstudy2018\PHPTutorial\WWW\tyxk\data\runtime\Cache\Home\2887505a2a50b3ad6f568df98b5669e9.php 第 184 行.
NOTIC: [8] Undefined index: islive E:\phpstudy2018\PHPTutorial\WWW\tyxk\data\runtime\Cache\Home\2887505a2a50b3ad6f568df98b5669e9.php 第 184 行.
NOTIC: [8] Undefined index: islive E:\phpstudy2018\PHPTutorial\WWW\tyxk\data\runtime\Cache\Home\2887505a2a50b3ad6f568df98b5669e9.php 第 184 行.
NOTIC: [8] Undefined index: islive E:\phpstudy2018\PHPTutorial\WWW\tyxk\data\runtime\Cache\Home\2887505a2a50b3ad6f568df98b5669e9.php 第 184 行.
INFO: Run Behavior\ParseTemplateBehavior [ RunTime:0.017316s ]
INFO: [ view_parse ] --END-- [ RunTime:0.017377s ]
INFO: [ view_filter ] --START--
INFO: Run Behavior\WriteHtmlCacheBehavior [ RunTime:0.000332s ]
INFO: Run Common\Behavior\TmplStripSpaceBehavior [ RunTime:0.000329s ]
INFO: [ view_filter ] --END-- [ RunTime:0.000724s ]
INFO: [ app_end ] --START--
INFO: Run Behavior\ShowPageTraceBehavior [ RunTime:0.000635s ]
INFO: [ app_end ] --END-- [ RunTime:0.000682s ]

[ 2020-07-15T10:14:29+08:00 ] 127.0.0.1 /index.php?g=home&m=index&a=record
INFO: [ app_init ] --START--
INFO: Run Behavior\BuildLiteBehavior [ RunTime:0.000022s ]
INFO: Run Common\Behavior\InitHookBehavior [ RunTime:0.000933s ]
INFO: [ app_init ] --END-- [ RunTime:0.001468s ]
INFO: [ app_begin ] --START--
INFO: Run Behavior\ReadHtmlCacheBehavior [ RunTime:0.000291s ]
INFO: Run Behavior\CheckLangBehavior [ RunTime:0.000434s ]
INFO: [ app_begin ] --END-- [ RunTime:0.000759s ]
INFO: [ view_parse ] --START--
INFO: [ template_filter ] --START--
INFO: Run Behavior\ContentReplaceBehavior [ RunTime:0.000104s ]
INFO: [ template_filter ] --END-- [ RunTime:0.000149s ]
NOTIC: [8] Undefined variable: user E:\phpstudy2018\PHPTutorial\WWW\tyxk\data\runtime\Cache\Home\dc08a8b343d154a73d3b998cfc63e351.php 第 37 行.
INFO: Run Behavior\ParseTemplateBehavior [ RunTime:0.014338s ]
INFO: [ view_parse ] --END-- [ RunTime:0.014382s ]
INFO: [ view_filter ] --START--
INFO: Run Behavior\WriteHtmlCacheBehavior [ RunTime:0.000271s ]
INFO: Run Common\Behavior\TmplStripSpaceBehavior [ RunTime:0.000273s ]
INFO: [ view_filter ] --END-- [ RunTime:0.000597s ]
INFO: [ app_end ] --START--
INFO: Run Behavior\ShowPageTraceBehavior [ RunTime:0.000524s ]
INFO: [ app_end ] --END-- [ RunTime:0.000562s ]

[ 2020-07-15T10:14:34+08:00 ] 127.0.0.1 /index.php?g=home&m=index&a=live
INFO: [ app_init ] --START--
INFO: Run Behavior\BuildLiteBehavior [ RunTime:0.000006s ]
INFO: Run Common\Behavior\InitHookBehavior [ RunTime:0.000797s ]
INFO: [ app_init ] --END-- [ RunTime:0.000987s ]
INFO: [ app_begin ] --START--
INFO: Run Behavior\ReadHtmlCacheBehavior [ RunTime:0.000291s ]
INFO: Run Behavior\CheckLangBehavior [ RunTime:0.000640s ]
INFO: [ app_begin ] --END-- [ RunTime:0.000984s ]
INFO: [ view_parse ] --START--
INFO: [ template_filter ] --START--
INFO: Run Behavior\ContentReplaceBehavior [ RunTime:0.000116s ]
INFO: [ template_filter ] --END-- [ RunTime:0.000166s ]
NOTIC: [8] Undefined variable: user E:\phpstudy2018\PHPTutorial\WWW\tyxk\data\runtime\Cache\Home\2887505a2a50b3ad6f568df98b5669e9.php 第 37 行.
NOTIC: [8] Undefined index: islive E:\phpstudy2018\PHPTutorial\WWW\tyxk\data\runtime\Cache\Home\2887505a2a50b3ad6f568df98b5669e9.php 第 184 行.
NOTIC: [8] Undefined index: islive E:\phpstudy2018\PHPTutorial\WWW\tyxk\data\runtime\Cache\Home\2887505a2a50b3ad6f568df98b5669e9.php 第 184 行.
NOTIC: [8] Undefined index: islive E:\phpstudy2018\PHPTutorial\WWW\tyxk\data\runtime\Cache\Home\2887505a2a50b3ad6f568df98b5669e9.php 第 184 行.
NOTIC: [8] Undefined index: islive E:\phpstudy2018\PHPTutorial\WWW\tyxk\data\runtime\Cache\Home\2887505a2a50b3ad6f568df98b5669e9.php 第 184 行.
INFO: Run Behavior\ParseTemplateBehavior [ RunTime:0.013733s ]
INFO: [ view_parse ] --END-- [ RunTime:0.013779s ]
INFO: [ view_filter ] --START--
INFO: Run Behavior\WriteHtmlCacheBehavior [ RunTime:0.000289s ]
INFO: Run Common\Behavior\TmplStripSpaceBehavior [ RunTime:0.000299s ]
INFO: [ view_filter ] --END-- [ RunTime:0.000647s ]
INFO: [ app_end ] --START--
INFO: Run Behavior\ShowPageTraceBehavior [ RunTime:0.000562s ]
INFO: [ app_end ] --END-- [ RunTime:0.000603s ]

[ 2020-07-15T10:14:58+08:00 ] 127.0.0.1 /index.php?g=home&m=index&a=live
INFO: [ app_init ] --START--
INFO: Run Behavior\BuildLiteBehavior [ RunTime:0.000007s ]
INFO: Run Common\Behavior\InitHookBehavior [ RunTime:0.000845s ]
INFO: [ app_init ] --END-- [ RunTime:0.001066s ]
INFO: [ app_begin ] --START--
INFO: Run Behavior\ReadHtmlCacheBehavior [ RunTime:0.000284s ]
INFO: Run Behavior\CheckLangBehavior [ RunTime:0.000418s ]
INFO: [ app_begin ] --END-- [ RunTime:0.000736s ]
INFO: [ view_parse ] --START--
INFO: [ template_filter ] --START--
INFO: Run Behavior\ContentReplaceBehavior [ RunTime:0.000073s ]
INFO: [ template_filter ] --END-- [ RunTime:0.000133s ]
NOTIC: [8] Undefined variable: user E:\phpstudy2018\PHPTutorial\WWW\tyxk\data\runtime\Cache\Home\2887505a2a50b3ad6f568df98b5669e9.php 第 37 行.
NOTIC: [8] Undefined index: islive E:\phpstudy2018\PHPTutorial\WWW\tyxk\data\runtime\Cache\Home\2887505a2a50b3ad6f568df98b5669e9.php 第 184 行.
NOTIC: [8] Undefined index: islive E:\phpstudy2018\PHPTutorial\WWW\tyxk\data\runtime\Cache\Home\2887505a2a50b3ad6f568df98b5669e9.php 第 184 行.
NOTIC: [8] Undefined index: islive E:\phpstudy2018\PHPTutorial\WWW\tyxk\data\runtime\Cache\Home\2887505a2a50b3ad6f568df98b5669e9.php 第 184 行.
NOTIC: [8] Undefined index: islive E:\phpstudy2018\PHPTutorial\WWW\tyxk\data\runtime\Cache\Home\2887505a2a50b3ad6f568df98b5669e9.php 第 184 行.
INFO: Run Behavior\ParseTemplateBehavior [ RunTime:0.009258s ]
INFO: [ view_parse ] --END-- [ RunTime:0.009284s ]
INFO: [ view_filter ] --START--
INFO: Run Behavior\WriteHtmlCacheBehavior [ RunTime:0.000205s ]
INFO: Run Common\Behavior\TmplStripSpaceBehavior [ RunTime:0.000161s ]
INFO: [ view_filter ] --END-- [ RunTime:0.000396s ]
INFO: [ app_end ] --START--
INFO: Run Behavior\ShowPageTraceBehavior [ RunTime:0.000358s ]
INFO: [ app_end ] --END-- [ RunTime:0.000394s ]

[ 2020-07-15T10:15:46+08:00 ] 127.0.0.1 /index.php?g=home&m=index&a=live
INFO: [ app_init ] --START--
INFO: Run Behavior\BuildLiteBehavior [ RunTime:0.000008s ]
INFO: Run Common\Behavior\InitHookBehavior [ RunTime:0.001344s ]
INFO: [ app_init ] --END-- [ RunTime:0.001642s ]
INFO: [ app_begin ] --START--
INFO: Run Behavior\ReadHtmlCacheBehavior [ RunTime:0.000370s ]
INFO: Run Behavior\CheckLangBehavior [ RunTime:0.000564s ]
INFO: [ app_begin ] --END-- [ RunTime:0.000980s ]
INFO: [ view_parse ] --START--
INFO: [ template_filter ] --START--
INFO: Run Behavior\ContentReplaceBehavior [ RunTime:0.000061s ]
INFO: [ template_filter ] --END-- [ RunTime:0.000086s ]
NOTIC: [8] Undefined variable: user E:\phpstudy2018\PHPTutorial\WWW\tyxk\data\runtime\Cache\Home\2887505a2a50b3ad6f568df98b5669e9.php 第 37 行.
NOTIC: [8] Undefined index: islive E:\phpstudy2018\PHPTutorial\WWW\tyxk\data\runtime\Cache\Home\2887505a2a50b3ad6f568df98b5669e9.php 第 184 行.
NOTIC: [8] Undefined index: islive E:\phpstudy2018\PHPTutorial\WWW\tyxk\data\runtime\Cache\Home\2887505a2a50b3ad6f568df98b5669e9.php 第 184 行.
NOTIC: [8] Undefined index: islive E:\phpstudy2018\PHPTutorial\WWW\tyxk\data\runtime\Cache\Home\2887505a2a50b3ad6f568df98b5669e9.php 第 184 行.
NOTIC: [8] Undefined index: islive E:\phpstudy2018\PHPTutorial\WWW\tyxk\data\runtime\Cache\Home\2887505a2a50b3ad6f568df98b5669e9.php 第 184 行.
INFO: Run Behavior\ParseTemplateBehavior [ RunTime:0.010740s ]
INFO: [ view_parse ] --END-- [ RunTime:0.010772s ]
INFO: [ view_filter ] --START--
INFO: Run Behavior\WriteHtmlCacheBehavior [ RunTime:0.000203s ]
INFO: Run Common\Behavior\TmplStripSpaceBehavior [ RunTime:0.000187s ]
INFO: [ view_filter ] --END-- [ RunTime:0.000421s ]
INFO: [ app_end ] --START--
INFO: Run Behavior\ShowPageTraceBehavior [ RunTime:0.000574s ]
INFO: [ app_end ] --END-- [ RunTime:0.000601s ]

[ 2020-07-15T10:16:23+08:00 ] 127.0.0.1 /index.php?g=home&m=index&a=record
INFO: [ app_init ] --START--
INFO: Run Behavior\BuildLiteBehavior [ RunTime:0.000006s ]
INFO: Run Common\Behavior\InitHookBehavior [ RunTime:0.000772s ]
INFO: [ app_init ] --END-- [ RunTime:0.000975s ]
INFO: [ app_begin ] --START--
INFO: Run Behavior\ReadHtmlCacheBehavior [ RunTime:0.000312s ]
INFO: Run Behavior\CheckLangBehavior [ RunTime:0.000462s ]
INFO: [ app_begin ] --END-- [ RunTime:0.000811s ]
INFO: [ view_parse ] --START--
INFO: [ template_filter ] --START--
INFO: Run Behavior\ContentReplaceBehavior [ RunTime:0.000065s ]
INFO: [ template_filter ] --END-- [ RunTime:0.000102s ]
NOTIC: [8] Undefined variable: user E:\phpstudy2018\PHPTutorial\WWW\tyxk\data\runtime\Cache\Home\dc08a8b343d154a73d3b998cfc63e351.php 第 37 行.
INFO: Run Behavior\ParseTemplateBehavior [ RunTime:0.009258s ]
INFO: [ view_parse ] --END-- [ RunTime:0.009296s ]
INFO: [ view_filter ] --START--
INFO: Run Behavior\WriteHtmlCacheBehavior [ RunTime:0.000159s ]
INFO: Run Common\Behavior\TmplStripSpaceBehavior [ RunTime:0.000161s ]
INFO: [ view_filter ] --END-- [ RunTime:0.000353s ]
INFO: [ app_end ] --START--
INFO: Run Behavior\ShowPageTraceBehavior [ RunTime:0.000308s ]
INFO: [ app_end ] --END-- [ RunTime:0.000331s ]

[ 2020-07-15T10:16:25+08:00 ] 127.0.0.1 /index.php?g=home&m=index&a=live
INFO: [ app_init ] --START--
INFO: Run Behavior\BuildLiteBehavior [ RunTime:0.000032s ]
INFO: Run Common\Behavior\InitHookBehavior [ RunTime:0.001237s ]
INFO: [ app_init ] --END-- [ RunTime:0.001866s ]
INFO: [ app_begin ] --START--
INFO: Run Behavior\ReadHtmlCacheBehavior [ RunTime:0.000316s ]
INFO: Run Behavior\CheckLangBehavior [ RunTime:0.000448s ]
INFO: [ app_begin ] --END-- [ RunTime:0.000799s ]
INFO: [ view_parse ] --START--
INFO: [ template_filter ] --START--
INFO: Run Behavior\ContentReplaceBehavior [ RunTime:0.000055s ]
INFO: [ template_filter ] --END-- [ RunTime:0.000082s ]
NOTIC: [8] Undefined variable: user E:\phpstudy2018\PHPTutorial\WWW\tyxk\data\runtime\Cache\Home\2887505a2a50b3ad6f568df98b5669e9.php 第 37 行.
NOTIC: [8] Undefined index: islive E:\phpstudy2018\PHPTutorial\WWW\tyxk\data\runtime\Cache\Home\2887505a2a50b3ad6f568df98b5669e9.php 第 184 行.
NOTIC: [8] Undefined index: islive E:\phpstudy2018\PHPTutorial\WWW\tyxk\data\runtime\Cache\Home\2887505a2a50b3ad6f568df98b5669e9.php 第 184 行.
NOTIC: [8] Undefined index: islive E:\phpstudy2018\PHPTutorial\WWW\tyxk\data\runtime\Cache\Home\2887505a2a50b3ad6f568df98b5669e9.php 第 184 行.
NOTIC: [8] Undefined index: islive E:\phpstudy2018\PHPTutorial\WWW\tyxk\data\runtime\Cache\Home\2887505a2a50b3ad6f568df98b5669e9.php 第 184 行.
INFO: Run Behavior\ParseTemplateBehavior [ RunTime:0.006529s ]
INFO: [ view_parse ] --END-- [ RunTime:0.006560s ]
INFO: [ view_filter ] --START--
INFO: Run Behavior\WriteHtmlCacheBehavior [ RunTime:0.000166s ]
INFO: Run Common\Behavior\TmplStripSpaceBehavior [ RunTime:0.000148s ]
INFO: [ view_filter ] --END-- [ RunTime:0.000341s ]
INFO: [ app_end ] --START--
INFO: Run Behavior\ShowPageTraceBehavior [ RunTime:0.000316s ]
INFO: [ app_end ] --END-- [ RunTime:0.000337s ]

[ 2020-07-15T10:16:28+08:00 ] 127.0.0.1 /index.php?g=home&m=index&a=live
INFO: [ app_init ] --START--
INFO: Run Behavior\BuildLiteBehavior [ RunTime:0.000022s ]
INFO: Run Common\Behavior\InitHookBehavior [ RunTime:0.000956s ]
INFO: [ app_init ] --END-- [ RunTime:0.001588s ]
INFO: [ app_begin ] --START--
INFO: Run Behavior\ReadHtmlCacheBehavior [ RunTime:0.000312s ]
INFO: Run Behavior\CheckLangBehavior [ RunTime:0.000416s ]
INFO: [ app_begin ] --END-- [ RunTime:0.000762s ]
INFO: [ view_parse ] --START--
INFO: [ template_filter ] --START--
INFO: Run Behavior\ContentReplaceBehavior [ RunTime:0.000125s ]
INFO: [ template_filter ] --END-- [ RunTime:0.000212s ]
NOTIC: [8] Undefined variable: user E:\phpstudy2018\PHPTutorial\WWW\tyxk\data\runtime\Cache\Home\2887505a2a50b3ad6f568df98b5669e9.php 第 37 行.
NOTIC: [8] Undefined index: islive E:\phpstudy2018\PHPTutorial\WWW\tyxk\data\runtime\Cache\Home\2887505a2a50b3ad6f568df98b5669e9.php 第 184 行.
NOTIC: [8] Undefined index: islive E:\phpstudy2018\PHPTutorial\WWW\tyxk\data\runtime\Cache\Home\2887505a2a50b3ad6f568df98b5669e9.php 第 184 行.
NOTIC: [8] Undefined index: islive E:\phpstudy2018\PHPTutorial\WWW\tyxk\data\runtime\Cache\Home\2887505a2a50b3ad6f568df98b5669e9.php 第 184 行.
NOTIC: [8] Undefined index: islive E:\phpstudy2018\PHPTutorial\WWW\tyxk\data\runtime\Cache\Home\2887505a2a50b3ad6f568df98b5669e9.php 第 184 行.
INFO: Run Behavior\ParseTemplateBehavior [ RunTime:0.006971s ]
INFO: [ view_parse ] --END-- [ RunTime:0.006999s ]
INFO: [ view_filter ] --START--
INFO: Run Behavior\WriteHtmlCacheBehavior [ RunTime:0.000279s ]
INFO: Run Common\Behavior\TmplStripSpaceBehavior [ RunTime:0.000252s ]
INFO: [ view_filter ] --END-- [ RunTime:0.000591s ]
INFO: [ app_end ] --START--
INFO: Run Behavior\ShowPageTraceBehavior [ RunTime:0.000355s ]
INFO: [ app_end ] --END-- [ RunTime:0.000383s ]

[ 2020-07-15T10:16:30+08:00 ] 127.0.0.1 /
INFO: [ app_init ] --START--
INFO: Run Behavior\BuildLiteBehavior [ RunTime:0.000026s ]
INFO: Run Common\Behavior\InitHookBehavior [ RunTime:0.000880s ]
INFO: [ app_init ] --END-- [ RunTime:0.001579s ]
INFO: [ app_begin ] --START--
INFO: Run Behavior\ReadHtmlCacheBehavior [ RunTime:0.000359s ]
INFO: Run Behavior\CheckLangBehavior [ RunTime:0.000432s ]
INFO: [ app_begin ] --END-- [ RunTime:0.000830s ]
NOTIC: [8] Undefined index: game_switch E:\phpstudy2018\PHPTutorial\WWW\tyxk\application\Common\Common\function.php 第 1912 行.
NOTIC: [8] Undefined index: game_switch E:\phpstudy2018\PHPTutorial\WWW\tyxk\application\Common\Common\function.php 第 1912 行.
NOTIC: [8] Undefined variable: level_a E:\phpstudy2018\PHPTutorial\WWW\tyxk\application\Common\Common\function.php 第 1961 行.
NOTIC: [8] Undefined index: game_switch E:\phpstudy2018\PHPTutorial\WWW\tyxk\application\Common\Common\function.php 第 1912 行.
NOTIC: [8] Undefined index: game_switch E:\phpstudy2018\PHPTutorial\WWW\tyxk\application\Common\Common\function.php 第 1912 行.
NOTIC: [8] Undefined variable: level_a E:\phpstudy2018\PHPTutorial\WWW\tyxk\application\Common\Common\function.php 第 1984 行.
NOTIC: [8] Undefined index: game_switch E:\phpstudy2018\PHPTutorial\WWW\tyxk\application\Common\Common\function.php 第 1912 行.
NOTIC: [8] Undefined index: game_switch E:\phpstudy2018\PHPTutorial\WWW\tyxk\application\Common\Common\function.php 第 1912 行.
NOTIC: [8] Undefined variable: level_a E:\phpstudy2018\PHPTutorial\WWW\tyxk\application\Common\Common\function.php 第 1961 行.
NOTIC: [8] Undefined index: game_switch E:\phpstudy2018\PHPTutorial\WWW\tyxk\application\Common\Common\function.php 第 1912 行.
NOTIC: [8] Undefined index: game_switch E:\phpstudy2018\PHPTutorial\WWW\tyxk\application\Common\Common\function.php 第 1912 行.
NOTIC: [8] Undefined variable: level_a E:\phpstudy2018\PHPTutorial\WWW\tyxk\application\Common\Common\function.php 第 1984 行.
NOTIC: [8] Undefined index: game_switch E:\phpstudy2018\PHPTutorial\WWW\tyxk\application\Common\Common\function.php 第 1912 行.
NOTIC: [8] Undefined index: game_switch E:\phpstudy2018\PHPTutorial\WWW\tyxk\application\Common\Common\function.php 第 1912 行.
NOTIC: [8] Undefined variable: level_a E:\phpstudy2018\PHPTutorial\WWW\tyxk\application\Common\Common\function.php 第 1961 行.
NOTIC: [8] Undefined index: game_switch E:\phpstudy2018\PHPTutorial\WWW\tyxk\application\Common\Common\function.php 第 1912 行.
NOTIC: [8] Undefined index: game_switch E:\phpstudy2018\PHPTutorial\WWW\tyxk\application\Common\Common\function.php 第 1912 行.
NOTIC: [8] Undefined variable: level_a E:\phpstudy2018\PHPTutorial\WWW\tyxk\application\Common\Common\function.php 第 1984 行.
NOTIC: [8] Undefined index: game_switch E:\phpstudy2018\PHPTutorial\WWW\tyxk\application\Common\Common\function.php 第 1912 行.
NOTIC: [8] Undefined index: game_switch E:\phpstudy2018\PHPTutorial\WWW\tyxk\application\Common\Common\function.php 第 1912 行.
NOTIC: [8] Undefined variable: level_a E:\phpstudy2018\PHPTutorial\WWW\tyxk\application\Common\Common\function.php 第 1961 行.
NOTIC: [8] Undefined index: game_switch E:\phpstudy2018\PHPTutorial\WWW\tyxk\application\Common\Common\function.php 第 1912 行.
NOTIC: [8] Undefined index: game_switch E:\phpstudy2018\PHPTutorial\WWW\tyxk\application\Common\Common\function.php 第 1912 行.
NOTIC: [8] Undefined variable: level_a E:\phpstudy2018\PHPTutorial\WWW\tyxk\application\Common\Common\function.php 第 1984 行.
NOTIC: [8] Undefined index: game_switch E:\phpstudy2018\PHPTutorial\WWW\tyxk\application\Common\Common\function.php 第 1912 行.
NOTIC: [8] Undefined index: game_switch E:\phpstudy2018\PHPTutorial\WWW\tyxk\application\Common\Common\function.php 第 1912 行.
NOTIC: [8] Undefined variable: level_a E:\phpstudy2018\PHPTutorial\WWW\tyxk\application\Common\Common\function.php 第 1961 行.
NOTIC: [8] Undefined index: game_switch E:\phpstudy2018\PHPTutorial\WWW\tyxk\application\Common\Common\function.php 第 1912 行.
NOTIC: [8] Undefined index: game_switch E:\phpstudy2018\PHPTutorial\WWW\tyxk\application\Common\Common\function.php 第 1912 行.
NOTIC: [8] Undefined variable: level_a E:\phpstudy2018\PHPTutorial\WWW\tyxk\application\Common\Common\function.php 第 1984 行.
NOTIC: [8] Undefined index: game_switch E:\phpstudy2018\PHPTutorial\WWW\tyxk\application\Common\Common\function.php 第 1912 行.
NOTIC: [8] Undefined index: game_switch E:\phpstudy2018\PHPTutorial\WWW\tyxk\application\Common\Common\function.php 第 1912 行.
NOTIC: [8] Undefined variable: level_a E:\phpstudy2018\PHPTutorial\WWW\tyxk\application\Common\Common\function.php 第 1961 行.
NOTIC: [8] Undefined index: game_switch E:\phpstudy2018\PHPTutorial\WWW\tyxk\application\Common\Common\function.php 第 1912 行.
NOTIC: [8] Undefined index: game_switch E:\phpstudy2018\PHPTutorial\WWW\tyxk\application\Common\Common\function.php 第 1912 行.
NOTIC: [8] Undefined variable: level_a E:\phpstudy2018\PHPTutorial\WWW\tyxk\application\Common\Common\function.php 第 1984 行.
NOTIC: [8] Undefined index: game_switch E:\phpstudy2018\PHPTutorial\WWW\tyxk\application\Common\Common\function.php 第 1912 行.
NOTIC: [8] Undefined index: game_switch E:\phpstudy2018\PHPTutorial\WWW\tyxk\application\Common\Common\function.php 第 1912 行.
NOTIC: [8] Undefined variable: level_a E:\phpstudy2018\PHPTutorial\WWW\tyxk\application\Common\Common\function.php 第 1961 行.
NOTIC: [8] Undefined index: game_switch E:\phpstudy2018\PHPTutorial\WWW\tyxk\application\Common\Common\function.php 第 1912 行.
NOTIC: [8] Undefined index: game_switch E:\phpstudy2018\PHPTutorial\WWW\tyxk\application\Common\Common\function.php 第 1912 行.
NOTIC: [8] Undefined variable: level_a E:\phpstudy2018\PHPTutorial\WWW\tyxk\application\Common\Common\function.php 第 1984 行.
NOTIC: [8] Undefined index: game_switch E:\phpstudy2018\PHPTutorial\WWW\tyxk\application\Common\Common\function.php 第 1912 行.
NOTIC: [8] Undefined index: game_switch E:\phpstudy2018\PHPTutorial\WWW\tyxk\application\Common\Common\function.php 第 1912 行.
NOTIC: [8] Undefined variable: level_a E:\phpstudy2018\PHPTutorial\WWW\tyxk\application\Common\Common\function.php 第 1961 行.
NOTIC: [8] Undefined index: game_switch E:\phpstudy2018\PHPTutorial\WWW\tyxk\application\Common\Common\function.php 第 1912 行.
NOTIC: [8] Undefined index: game_switch E:\phpstudy2018\PHPTutorial\WWW\tyxk\application\Common\Common\function.php 第 1912 行.
NOTIC: [8] Undefined variable: level_a E:\phpstudy2018\PHPTutorial\WWW\tyxk\application\Common\Common\function.php 第 1984 行.
NOTIC: [8] Undefined index: game_switch E:\phpstudy2018\PHPTutorial\WWW\tyxk\application\Common\Common\function.php 第 1912 行.
NOTIC: [8] Undefined index: game_switch E:\phpstudy2018\PHPTutorial\WWW\tyxk\application\Common\Common\function.php 第 1912 行.
NOTIC: [8] Undefined variable: level_a E:\phpstudy2018\PHPTutorial\WWW\tyxk\application\Common\Common\function.php 第 1961 行.
NOTIC: [8] Undefined index: game_switch E:\phpstudy2018\PHPTutorial\WWW\tyxk\application\Common\Common\function.php 第 1912 行.
NOTIC: [8] Undefined index: game_switch E:\phpstudy2018\PHPTutorial\WWW\tyxk\application\Common\Common\function.php 第 1912 行.
NOTIC: [8] Undefined variable: level_a E:\phpstudy2018\PHPTutorial\WWW\tyxk\application\Common\Common\function.php 第 1984 行.
NOTIC: [8] Undefined index: game_switch E:\phpstudy2018\PHPTutorial\WWW\tyxk\application\Common\Common\function.php 第 1912 行.
NOTIC: [8] Undefined index: game_switch E:\phpstudy2018\PHPTutorial\WWW\tyxk\application\Common\Common\function.php 第 1912 行.
NOTIC: [8] Undefined variable: level_a E:\phpstudy2018\PHPTutorial\WWW\tyxk\application\Common\Common\function.php 第 1961 行.
NOTIC: [8] Undefined index: game_switch E:\phpstudy2018\PHPTutorial\WWW\tyxk\application\Common\Common\function.php 第 1912 行.
NOTIC: [8] Undefined index: game_switch E:\phpstudy2018\PHPTutorial\WWW\tyxk\application\Common\Common\function.php 第 1912 行.
NOTIC: [8] Undefined variable: level_a E:\phpstudy2018\PHPTutorial\WWW\tyxk\application\Common\Common\function.php 第 1984 行.
INFO: [ view_parse ] --START--
INFO: [ template_filter ] --START--
INFO: Run Behavior\ContentReplaceBehavior [ RunTime:0.000120s ]
INFO: [ template_filter ] --END-- [ RunTime:0.000197s ]
NOTIC: [8] Undefined variable: user E:\phpstudy2018\PHPTutorial\WWW\tyxk\data\runtime\Cache\Home\047d5c56b4cd647c06889306652120db.php 第 37 行.
NOTIC: [8] Undefined index: description E:\phpstudy2018\PHPTutorial\WWW\tyxk\data\runtime\Cache\Home\047d5c56b4cd647c06889306652120db.php 第 215 行.
NOTIC: [8] Undefined index: islive E:\phpstudy2018\PHPTutorial\WWW\tyxk\data\runtime\Cache\Home\047d5c56b4cd647c06889306652120db.php 第 224 行.
NOTIC: [8] Undefined index: islive E:\phpstudy2018\PHPTutorial\WWW\tyxk\data\runtime\Cache\Home\047d5c56b4cd647c06889306652120db.php 第 201 行.
NOTIC: [8] Undefined index: description E:\phpstudy2018\PHPTutorial\WWW\tyxk\data\runtime\Cache\Home\047d5c56b4cd647c06889306652120db.php 第 232 行.
NOTIC: [8] Undefined index: description E:\phpstudy2018\PHPTutorial\WWW\tyxk\data\runtime\Cache\Home\047d5c56b4cd647c06889306652120db.php 第 215 行.
NOTIC: [8] Undefined index: islive E:\phpstudy2018\PHPTutorial\WWW\tyxk\data\runtime\Cache\Home\047d5c56b4cd647c06889306652120db.php 第 224 行.
NOTIC: [8] Undefined index: islive E:\phpstudy2018\PHPTutorial\WWW\tyxk\data\runtime\Cache\Home\047d5c56b4cd647c06889306652120db.php 第 201 行.
NOTIC: [8] Undefined index: description E:\phpstudy2018\PHPTutorial\WWW\tyxk\data\runtime\Cache\Home\047d5c56b4cd647c06889306652120db.php 第 232 行.
INFO: Run Behavior\ParseTemplateBehavior [ RunTime:0.011205s ]
INFO: [ view_parse ] --END-- [ RunTime:0.011232s ]
INFO: [ view_filter ] --START--
INFO: Run Behavior\WriteHtmlCacheBehavior [ RunTime:0.000217s ]
INFO: Run Common\Behavior\TmplStripSpaceBehavior [ RunTime:0.000201s ]
INFO: [ view_filter ] --END-- [ RunTime:0.000451s ]
INFO: [ app_end ] --START--
INFO: Run Behavior\ShowPageTraceBehavior [ RunTime:0.000352s ]
INFO: [ app_end ] --END-- [ RunTime:0.000370s ]

[ 2020-07-15T10:16:56+08:00 ] 127.0.0.1 /
INFO: [ app_init ] --START--
INFO: Run Behavior\BuildLiteBehavior [ RunTime:0.000008s ]
INFO: Run Common\Behavior\InitHookBehavior [ RunTime:0.000837s ]
INFO: [ app_init ] --END-- [ RunTime:0.001053s ]
INFO: [ app_begin ] --START--
INFO: Run Behavior\ReadHtmlCacheBehavior [ RunTime:0.000354s ]
INFO: Run Behavior\CheckLangBehavior [ RunTime:0.000386s ]
INFO: [ app_begin ] --END-- [ RunTime:0.000779s ]
NOTIC: [8] Undefined index: game_switch E:\phpstudy2018\PHPTutorial\WWW\tyxk\application\Common\Common\function.php 第 1912 行.
NOTIC: [8] Undefined index: game_switch E:\phpstudy2018\PHPTutorial\WWW\tyxk\application\Common\Common\function.php 第 1912 行.
NOTIC: [8] Undefined variable: level_a E:\phpstudy2018\PHPTutorial\WWW\tyxk\application\Common\Common\function.php 第 1961 行.
NOTIC: [8] Undefined index: game_switch E:\phpstudy2018\PHPTutorial\WWW\tyxk\application\Common\Common\function.php 第 1912 行.
NOTIC: [8] Undefined index: game_switch E:\phpstudy2018\PHPTutorial\WWW\tyxk\application\Common\Common\function.php 第 1912 行.
NOTIC: [8] Undefined variable: level_a E:\phpstudy2018\PHPTutorial\WWW\tyxk\application\Common\Common\function.php 第 1984 行.
NOTIC: [8] Undefined index: game_switch E:\phpstudy2018\PHPTutorial\WWW\tyxk\application\Common\Common\function.php 第 1912 行.
NOTIC: [8] Undefined index: game_switch E:\phpstudy2018\PHPTutorial\WWW\tyxk\application\Common\Common\function.php 第 1912 行.
NOTIC: [8] Undefined variable: level_a E:\phpstudy2018\PHPTutorial\WWW\tyxk\application\Common\Common\function.php 第 1961 行.
NOTIC: [8] Undefined index: game_switch E:\phpstudy2018\PHPTutorial\WWW\tyxk\application\Common\Common\function.php 第 1912 行.
NOTIC: [8] Undefined index: game_switch E:\phpstudy2018\PHPTutorial\WWW\tyxk\application\Common\Common\function.php 第 1912 行.
NOTIC: [8] Undefined variable: level_a E:\phpstudy2018\PHPTutorial\WWW\tyxk\application\Common\Common\function.php 第 1984 行.
NOTIC: [8] Undefined index: game_switch E:\phpstudy2018\PHPTutorial\WWW\tyxk\application\Common\Common\function.php 第 1912 行.
NOTIC: [8] Undefined index: game_switch E:\phpstudy2018\PHPTutorial\WWW\tyxk\application\Common\Common\function.php 第 1912 行.
NOTIC: [8] Undefined variable: level_a E:\phpstudy2018\PHPTutorial\WWW\tyxk\application\Common\Common\function.php 第 1961 行.
NOTIC: [8] Undefined index: game_switch E:\phpstudy2018\PHPTutorial\WWW\tyxk\application\Common\Common\function.php 第 1912 行.
NOTIC: [8] Undefined index: game_switch E:\phpstudy2018\PHPTutorial\WWW\tyxk\application\Common\Common\function.php 第 1912 行.
NOTIC: [8] Undefined variable: level_a E:\phpstudy2018\PHPTutorial\WWW\tyxk\application\Common\Common\function.php 第 1984 行.
NOTIC: [8] Undefined index: game_switch E:\phpstudy2018\PHPTutorial\WWW\tyxk\application\Common\Common\function.php 第 1912 行.
NOTIC: [8] Undefined index: game_switch E:\phpstudy2018\PHPTutorial\WWW\tyxk\application\Common\Common\function.php 第 1912 行.
NOTIC: [8] Undefined variable: level_a E:\phpstudy2018\PHPTutorial\WWW\tyxk\application\Common\Common\function.php 第 1961 行.
NOTIC: [8] Undefined index: game_switch E:\phpstudy2018\PHPTutorial\WWW\tyxk\application\Common\Common\function.php 第 1912 行.
NOTIC: [8] Undefined index: game_switch E:\phpstudy2018\PHPTutorial\WWW\tyxk\application\Common\Common\function.php 第 1912 行.
NOTIC: [8] Undefined variable: level_a E:\phpstudy2018\PHPTutorial\WWW\tyxk\application\Common\Common\function.php 第 1984 行.
NOTIC: [8] Undefined index: game_switch E:\phpstudy2018\PHPTutorial\WWW\tyxk\application\Common\Common\function.php 第 1912 行.
NOTIC: [8] Undefined index: game_switch E:\phpstudy2018\PHPTutorial\WWW\tyxk\application\Common\Common\function.php 第 1912 行.
NOTIC: [8] Undefined variable: level_a E:\phpstudy2018\PHPTutorial\WWW\tyxk\application\Common\Common\function.php 第 1961 行.
NOTIC: [8] Undefined index: game_switch E:\phpstudy2018\PHPTutorial\WWW\tyxk\application\Common\Common\function.php 第 1912 行.
NOTIC: [8] Undefined index: game_switch E:\phpstudy2018\PHPTutorial\WWW\tyxk\application\Common\Common\function.php 第 1912 行.
NOTIC: [8] Undefined variable: level_a E:\phpstudy2018\PHPTutorial\WWW\tyxk\application\Common\Common\function.php 第 1984 行.
NOTIC: [8] Undefined index: game_switch E:\phpstudy2018\PHPTutorial\WWW\tyxk\application\Common\Common\function.php 第 1912 行.
NOTIC: [8] Undefined index: game_switch E:\phpstudy2018\PHPTutorial\WWW\tyxk\application\Common\Common\function.php 第 1912 行.
NOTIC: [8] Undefined variable: level_a E:\phpstudy2018\PHPTutorial\WWW\tyxk\application\Common\Common\function.php 第 1961 行.
NOTIC: [8] Undefined index: game_switch E:\phpstudy2018\PHPTutorial\WWW\tyxk\application\Common\Common\function.php 第 1912 行.
NOTIC: [8] Undefined index: game_switch E:\phpstudy2018\PHPTutorial\WWW\tyxk\application\Common\Common\function.php 第 1912 行.
NOTIC: [8] Undefined variable: level_a E:\phpstudy2018\PHPTutorial\WWW\tyxk\application\Common\Common\function.php 第 1984 行.
NOTIC: [8] Undefined index: game_switch E:\phpstudy2018\PHPTutorial\WWW\tyxk\application\Common\Common\function.php 第 1912 行.
NOTIC: [8] Undefined index: game_switch E:\phpstudy2018\PHPTutorial\WWW\tyxk\application\Common\Common\function.php 第 1912 行.
NOTIC: [8] Undefined variable: level_a E:\phpstudy2018\PHPTutorial\WWW\tyxk\application\Common\Common\function.php 第 1961 行.
NOTIC: [8] Undefined index: game_switch E:\phpstudy2018\PHPTutorial\WWW\tyxk\application\Common\Common\function.php 第 1912 行.
NOTIC: [8] Undefined index: game_switch E:\phpstudy2018\PHPTutorial\WWW\tyxk\application\Common\Common\function.php 第 1912 行.
NOTIC: [8] Undefined variable: level_a E:\phpstudy2018\PHPTutorial\WWW\tyxk\application\Common\Common\function.php 第 1984 行.
NOTIC: [8] Undefined index: game_switch E:\phpstudy2018\PHPTutorial\WWW\tyxk\application\Common\Common\function.php 第 1912 行.
NOTIC: [8] Undefined index: game_switch E:\phpstudy2018\PHPTutorial\WWW\tyxk\application\Common\Common\function.php 第 1912 行.
NOTIC: [8] Undefined variable: level_a E:\phpstudy2018\PHPTutorial\WWW\tyxk\application\Common\Common\function.php 第 1961 行.
NOTIC: [8] Undefined index: game_switch E:\phpstudy2018\PHPTutorial\WWW\tyxk\application\Common\Common\function.php 第 1912 行.
NOTIC: [8] Undefined index: game_switch E:\phpstudy2018\PHPTutorial\WWW\tyxk\application\Common\Common\function.php 第 1912 行.
NOTIC: [8] Undefined variable: level_a E:\phpstudy2018\PHPTutorial\WWW\tyxk\application\Common\Common\function.php 第 1984 行.
NOTIC: [8] Undefined index: game_switch E:\phpstudy2018\PHPTutorial\WWW\tyxk\application\Common\Common\function.php 第 1912 行.
NOTIC: [8] Undefined index: game_switch E:\phpstudy2018\PHPTutorial\WWW\tyxk\application\Common\Common\function.php 第 1912 行.
NOTIC: [8] Undefined variable: level_a E:\phpstudy2018\PHPTutorial\WWW\tyxk\application\Common\Common\function.php 第 1961 行.
NOTIC: [8] Undefined index: game_switch E:\phpstudy2018\PHPTutorial\WWW\tyxk\application\Common\Common\function.php 第 1912 行.
NOTIC: [8] Undefined index: game_switch E:\phpstudy2018\PHPTutorial\WWW\tyxk\application\Common\Common\function.php 第 1912 行.
NOTIC: [8] Undefined variable: level_a E:\phpstudy2018\PHPTutorial\WWW\tyxk\application\Common\Common\function.php 第 1984 行.
NOTIC: [8] Undefined index: game_switch E:\phpstudy2018\PHPTutorial\WWW\tyxk\application\Common\Common\function.php 第 1912 行.
NOTIC: [8] Undefined index: game_switch E:\phpstudy2018\PHPTutorial\WWW\tyxk\application\Common\Common\function.php 第 1912 行.
NOTIC: [8] Undefined variable: level_a E:\phpstudy2018\PHPTutorial\WWW\tyxk\application\Common\Common\function.php 第 1961 行.
NOTIC: [8] Undefined index: game_switch E:\phpstudy2018\PHPTutorial\WWW\tyxk\application\Common\Common\function.php 第 1912 行.
NOTIC: [8] Undefined index: game_switch E:\phpstudy2018\PHPTutorial\WWW\tyxk\application\Common\Common\function.php 第 1912 行.
NOTIC: [8] Undefined variable: level_a E:\phpstudy2018\PHPTutorial\WWW\tyxk\application\Common\Common\function.php 第 1984 行.
INFO: [ view_parse ] --START--
INFO: [ template_filter ] --START--
INFO: Run Behavior\ContentReplaceBehavior [ RunTime:0.000071s ]
INFO: [ template_filter ] --END-- [ RunTime:0.000096s ]
NOTIC: [8] Undefined variable: user E:\phpstudy2018\PHPTutorial\WWW\tyxk\data\runtime\Cache\Home\047d5c56b4cd647c06889306652120db.php 第 37 行.
NOTIC: [8] Undefined index: description E:\phpstudy2018\PHPTutorial\WWW\tyxk\data\runtime\Cache\Home\047d5c56b4cd647c06889306652120db.php 第 215 行.
NOTIC: [8] Undefined index: islive E:\phpstudy2018\PHPTutorial\WWW\tyxk\data\runtime\Cache\Home\047d5c56b4cd647c06889306652120db.php 第 224 行.
NOTIC: [8] Undefined index: islive E:\phpstudy2018\PHPTutorial\WWW\tyxk\data\runtime\Cache\Home\047d5c56b4cd647c06889306652120db.php 第 201 行.
NOTIC: [8] Undefined index: description E:\phpstudy2018\PHPTutorial\WWW\tyxk\data\runtime\Cache\Home\047d5c56b4cd647c06889306652120db.php 第 232 行.
NOTIC: [8] Undefined index: description E:\phpstudy2018\PHPTutorial\WWW\tyxk\data\runtime\Cache\Home\047d5c56b4cd647c06889306652120db.php 第 215 行.
NOTIC: [8] Undefined index: islive E:\phpstudy2018\PHPTutorial\WWW\tyxk\data\runtime\Cache\Home\047d5c56b4cd647c06889306652120db.php 第 224 行.
NOTIC: [8] Undefined index: islive E:\phpstudy2018\PHPTutorial\WWW\tyxk\data\runtime\Cache\Home\047d5c56b4cd647c06889306652120db.php 第 201 行.
NOTIC: [8] Undefined index: description E:\phpstudy2018\PHPTutorial\WWW\tyxk\data\runtime\Cache\Home\047d5c56b4cd647c06889306652120db.php 第 232 行.
INFO: Run Behavior\ParseTemplateBehavior [ RunTime:0.009444s ]
INFO: [ view_parse ] --END-- [ RunTime:0.009468s ]
INFO: [ view_filter ] --START--
INFO: Run Behavior\WriteHtmlCacheBehavior [ RunTime:0.000217s ]
INFO: Run Common\Behavior\TmplStripSpaceBehavior [ RunTime:0.000180s ]
INFO: [ view_filter ] --END-- [ RunTime:0.000424s ]
INFO: [ app_end ] --START--
INFO: Run Behavior\ShowPageTraceBehavior [ RunTime:0.000422s ]
INFO: [ app_end ] --END-- [ RunTime:0.000457s ]

[ 2020-07-15T10:17:23+08:00 ] 127.0.0.1 /
INFO: [ app_init ] --START--
INFO: Run Behavior\BuildLiteBehavior [ RunTime:0.000009s ]
INFO: Run Common\Behavior\InitHookBehavior [ RunTime:0.001184s ]
INFO: [ app_init ] --END-- [ RunTime:0.001485s ]
INFO: [ app_begin ] --START--
INFO: Run Behavior\ReadHtmlCacheBehavior [ RunTime:0.000339s ]
INFO: Run Behavior\CheckLangBehavior [ RunTime:0.000456s ]
INFO: [ app_begin ] --END-- [ RunTime:0.000847s ]
NOTIC: [8] Undefined index: game_switch E:\phpstudy2018\PHPTutorial\WWW\tyxk\application\Common\Common\function.php 第 1912 行.
NOTIC: [8] Undefined index: game_switch E:\phpstudy2018\PHPTutorial\WWW\tyxk\application\Common\Common\function.php 第 1912 行.
NOTIC: [8] Undefined variable: level_a E:\phpstudy2018\PHPTutorial\WWW\tyxk\application\Common\Common\function.php 第 1961 行.
NOTIC: [8] Undefined index: game_switch E:\phpstudy2018\PHPTutorial\WWW\tyxk\application\Common\Common\function.php 第 1912 行.
NOTIC: [8] Undefined index: game_switch E:\phpstudy2018\PHPTutorial\WWW\tyxk\application\Common\Common\function.php 第 1912 行.
NOTIC: [8] Undefined variable: level_a E:\phpstudy2018\PHPTutorial\WWW\tyxk\application\Common\Common\function.php 第 1984 行.
NOTIC: [8] Undefined index: game_switch E:\phpstudy2018\PHPTutorial\WWW\tyxk\application\Common\Common\function.php 第 1912 行.
NOTIC: [8] Undefined index: game_switch E:\phpstudy2018\PHPTutorial\WWW\tyxk\application\Common\Common\function.php 第 1912 行.
NOTIC: [8] Undefined variable: level_a E:\phpstudy2018\PHPTutorial\WWW\tyxk\application\Common\Common\function.php 第 1961 行.
NOTIC: [8] Undefined index: game_switch E:\phpstudy2018\PHPTutorial\WWW\tyxk\application\Common\Common\function.php 第 1912 行.
NOTIC: [8] Undefined index: game_switch E:\phpstudy2018\PHPTutorial\WWW\tyxk\application\Common\Common\function.php 第 1912 行.
NOTIC: [8] Undefined variable: level_a E:\phpstudy2018\PHPTutorial\WWW\tyxk\application\Common\Common\function.php 第 1984 行.
NOTIC: [8] Undefined index: game_switch E:\phpstudy2018\PHPTutorial\WWW\tyxk\application\Common\Common\function.php 第 1912 行.
NOTIC: [8] Undefined index: game_switch E:\phpstudy2018\PHPTutorial\WWW\tyxk\application\Common\Common\function.php 第 1912 行.
NOTIC: [8] Undefined variable: level_a E:\phpstudy2018\PHPTutorial\WWW\tyxk\application\Common\Common\function.php 第 1961 行.
NOTIC: [8] Undefined index: game_switch E:\phpstudy2018\PHPTutorial\WWW\tyxk\application\Common\Common\function.php 第 1912 行.
NOTIC: [8] Undefined index: game_switch E:\phpstudy2018\PHPTutorial\WWW\tyxk\application\Common\Common\function.php 第 1912 行.
NOTIC: [8] Undefined variable: level_a E:\phpstudy2018\PHPTutorial\WWW\tyxk\application\Common\Common\function.php 第 1984 行.
NOTIC: [8] Undefined index: game_switch E:\phpstudy2018\PHPTutorial\WWW\tyxk\application\Common\Common\function.php 第 1912 行.
NOTIC: [8] Undefined index: game_switch E:\phpstudy2018\PHPTutorial\WWW\tyxk\application\Common\Common\function.php 第 1912 行.
NOTIC: [8] Undefined variable: level_a E:\phpstudy2018\PHPTutorial\WWW\tyxk\application\Common\Common\function.php 第 1961 行.
NOTIC: [8] Undefined index: game_switch E:\phpstudy2018\PHPTutorial\WWW\tyxk\application\Common\Common\function.php 第 1912 行.
NOTIC: [8] Undefined index: game_switch E:\phpstudy2018\PHPTutorial\WWW\tyxk\application\Common\Common\function.php 第 1912 行.
NOTIC: [8] Undefined variable: level_a E:\phpstudy2018\PHPTutorial\WWW\tyxk\application\Common\Common\function.php 第 1984 行.
NOTIC: [8] Undefined index: game_switch E:\phpstudy2018\PHPTutorial\WWW\tyxk\application\Common\Common\function.php 第 1912 行.
NOTIC: [8] Undefined index: game_switch E:\phpstudy2018\PHPTutorial\WWW\tyxk\application\Common\Common\function.php 第 1912 行.
NOTIC: [8] Undefined variable: level_a E:\phpstudy2018\PHPTutorial\WWW\tyxk\application\Common\Common\function.php 第 1961 行.
NOTIC: [8] Undefined index: game_switch E:\phpstudy2018\PHPTutorial\WWW\tyxk\application\Common\Common\function.php 第 1912 行.
NOTIC: [8] Undefined index: game_switch E:\phpstudy2018\PHPTutorial\WWW\tyxk\application\Common\Common\function.php 第 1912 行.
NOTIC: [8] Undefined variable: level_a E:\phpstudy2018\PHPTutorial\WWW\tyxk\application\Common\Common\function.php 第 1984 行.
NOTIC: [8] Undefined index: game_switch E:\phpstudy2018\PHPTutorial\WWW\tyxk\application\Common\Common\function.php 第 1912 行.
NOTIC: [8] Undefined index: game_switch E:\phpstudy2018\PHPTutorial\WWW\tyxk\application\Common\Common\function.php 第 1912 行.
NOTIC: [8] Undefined variable: level_a E:\phpstudy2018\PHPTutorial\WWW\tyxk\application\Common\Common\function.php 第 1961 行.
NOTIC: [8] Undefined index: game_switch E:\phpstudy2018\PHPTutorial\WWW\tyxk\application\Common\Common\function.php 第 1912 行.
NOTIC: [8] Undefined index: game_switch E:\phpstudy2018\PHPTutorial\WWW\tyxk\application\Common\Common\function.php 第 1912 行.
NOTIC: [8] Undefined variable: level_a E:\phpstudy2018\PHPTutorial\WWW\tyxk\application\Common\Common\function.php 第 1984 行.
NOTIC: [8] Undefined index: game_switch E:\phpstudy2018\PHPTutorial\WWW\tyxk\application\Common\Common\function.php 第 1912 行.
NOTIC: [8] Undefined index: game_switch E:\phpstudy2018\PHPTutorial\WWW\tyxk\application\Common\Common\function.php 第 1912 行.
NOTIC: [8] Undefined variable: level_a E:\phpstudy2018\PHPTutorial\WWW\tyxk\application\Common\Common\function.php 第 1961 行.
NOTIC: [8] Undefined index: game_switch E:\phpstudy2018\PHPTutorial\WWW\tyxk\application\Common\Common\function.php 第 1912 行.
NOTIC: [8] Undefined index: game_switch E:\phpstudy2018\PHPTutorial\WWW\tyxk\application\Common\Common\function.php 第 1912 行.
NOTIC: [8] Undefined variable: level_a E:\phpstudy2018\PHPTutorial\WWW\tyxk\application\Common\Common\function.php 第 1984 行.
NOTIC: [8] Undefined index: game_switch E:\phpstudy2018\PHPTutorial\WWW\tyxk\application\Common\Common\function.php 第 1912 行.
NOTIC: [8] Undefined index: game_switch E:\phpstudy2018\PHPTutorial\WWW\tyxk\application\Common\Common\function.php 第 1912 行.
NOTIC: [8] Undefined variable: level_a E:\phpstudy2018\PHPTutorial\WWW\tyxk\application\Common\Common\function.php 第 1961 行.
NOTIC: [8] Undefined index: game_switch E:\phpstudy2018\PHPTutorial\WWW\tyxk\application\Common\Common\function.php 第 1912 行.
NOTIC: [8] Undefined index: game_switch E:\phpstudy2018\PHPTutorial\WWW\tyxk\application\Common\Common\function.php 第 1912 行.
NOTIC: [8] Undefined variable: level_a E:\phpstudy2018\PHPTutorial\WWW\tyxk\application\Common\Common\function.php 第 1984 行.
NOTIC: [8] Undefined index: game_switch E:\phpstudy2018\PHPTutorial\WWW\tyxk\application\Common\Common\function.php 第 1912 行.
NOTIC: [8] Undefined index: game_switch E:\phpstudy2018\PHPTutorial\WWW\tyxk\application\Common\Common\function.php 第 1912 行.
NOTIC: [8] Undefined variable: level_a E:\phpstudy2018\PHPTutorial\WWW\tyxk\application\Common\Common\function.php 第 1961 行.
NOTIC: [8] Undefined index: game_switch E:\phpstudy2018\PHPTutorial\WWW\tyxk\application\Common\Common\function.php 第 1912 行.
NOTIC: [8] Undefined index: game_switch E:\phpstudy2018\PHPTutorial\WWW\tyxk\application\Common\Common\function.php 第 1912 行.
NOTIC: [8] Undefined variable: level_a E:\phpstudy2018\PHPTutorial\WWW\tyxk\application\Common\Common\function.php 第 1984 行.
NOTIC: [8] Undefined index: game_switch E:\phpstudy2018\PHPTutorial\WWW\tyxk\application\Common\Common\function.php 第 1912 行.
NOTIC: [8] Undefined index: game_switch E:\phpstudy2018\PHPTutorial\WWW\tyxk\application\Common\Common\function.php 第 1912 行.
NOTIC: [8] Undefined variable: level_a E:\phpstudy2018\PHPTutorial\WWW\tyxk\application\Common\Common\function.php 第 1961 行.
NOTIC: [8] Undefined index: game_switch E:\phpstudy2018\PHPTutorial\WWW\tyxk\application\Common\Common\function.php 第 1912 行.
NOTIC: [8] Undefined index: game_switch E:\phpstudy2018\PHPTutorial\WWW\tyxk\application\Common\Common\function.php 第 1912 行.
NOTIC: [8] Undefined variable: level_a E:\phpstudy2018\PHPTutorial\WWW\tyxk\application\Common\Common\function.php 第 1984 行.
INFO: [ view_parse ] --START--
INFO: [ template_filter ] --START--
INFO: Run Behavior\ContentReplaceBehavior [ RunTime:0.000102s ]
INFO: [ template_filter ] --END-- [ RunTime:0.000132s ]
NOTIC: [8] Undefined variable: user E:\phpstudy2018\PHPTutorial\WWW\tyxk\data\runtime\Cache\Home\047d5c56b4cd647c06889306652120db.php 第 37 行.
NOTIC: [8] Undefined index: description E:\phpstudy2018\PHPTutorial\WWW\tyxk\data\runtime\Cache\Home\047d5c56b4cd647c06889306652120db.php 第 215 行.
NOTIC: [8] Undefined index: islive E:\phpstudy2018\PHPTutorial\WWW\tyxk\data\runtime\Cache\Home\047d5c56b4cd647c06889306652120db.php 第 224 行.
NOTIC: [8] Undefined index: islive E:\phpstudy2018\PHPTutorial\WWW\tyxk\data\runtime\Cache\Home\047d5c56b4cd647c06889306652120db.php 第 201 行.
NOTIC: [8] Undefined index: description E:\phpstudy2018\PHPTutorial\WWW\tyxk\data\runtime\Cache\Home\047d5c56b4cd647c06889306652120db.php 第 232 行.
NOTIC: [8] Undefined index: description E:\phpstudy2018\PHPTutorial\WWW\tyxk\data\runtime\Cache\Home\047d5c56b4cd647c06889306652120db.php 第 215 行.
NOTIC: [8] Undefined index: islive E:\phpstudy2018\PHPTutorial\WWW\tyxk\data\runtime\Cache\Home\047d5c56b4cd647c06889306652120db.php 第 224 行.
NOTIC: [8] Undefined index: islive E:\phpstudy2018\PHPTutorial\WWW\tyxk\data\runtime\Cache\Home\047d5c56b4cd647c06889306652120db.php 第 201 行.
NOTIC: [8] Undefined index: description E:\phpstudy2018\PHPTutorial\WWW\tyxk\data\runtime\Cache\Home\047d5c56b4cd647c06889306652120db.php 第 232 行.
INFO: Run Behavior\ParseTemplateBehavior [ RunTime:0.009083s ]
INFO: [ view_parse ] --END-- [ RunTime:0.009111s ]
INFO: [ view_filter ] --START--
INFO: Run Behavior\WriteHtmlCacheBehavior [ RunTime:0.000283s ]
INFO: Run Common\Behavior\TmplStripSpaceBehavior [ RunTime:0.000191s ]
INFO: [ view_filter ] --END-- [ RunTime:0.000517s ]
INFO: [ app_end ] --START--
INFO: Run Behavior\ShowPageTraceBehavior [ RunTime:0.000385s ]
INFO: [ app_end ] --END-- [ RunTime:0.000405s ]

[ 2020-07-15T10:17:27+08:00 ] 127.0.0.1 /index.php?g=home&m=index&a=live
INFO: [ app_init ] --START--
INFO: Run Behavior\BuildLiteBehavior [ RunTime:0.000006s ]
INFO: Run Common\Behavior\InitHookBehavior [ RunTime:0.000972s ]
INFO: [ app_init ] --END-- [ RunTime:0.001181s ]
INFO: [ app_begin ] --START--
INFO: Run Behavior\ReadHtmlCacheBehavior [ RunTime:0.000250s ]
INFO: Run Behavior\CheckLangBehavior [ RunTime:0.000330s ]
INFO: [ app_begin ] --END-- [ RunTime:0.000621s ]
INFO: [ view_parse ] --START--
INFO: [ template_filter ] --START--
INFO: Run Behavior\ContentReplaceBehavior [ RunTime:0.000054s ]
INFO: [ template_filter ] --END-- [ RunTime:0.000080s ]
NOTIC: [8] Undefined variable: user E:\phpstudy2018\PHPTutorial\WWW\tyxk\data\runtime\Cache\Home\2887505a2a50b3ad6f568df98b5669e9.php 第 37 行.
NOTIC: [8] Undefined index: islive E:\phpstudy2018\PHPTutorial\WWW\tyxk\data\runtime\Cache\Home\2887505a2a50b3ad6f568df98b5669e9.php 第 184 行.
NOTIC: [8] Undefined index: islive E:\phpstudy2018\PHPTutorial\WWW\tyxk\data\runtime\Cache\Home\2887505a2a50b3ad6f568df98b5669e9.php 第 184 行.
NOTIC: [8] Undefined index: islive E:\phpstudy2018\PHPTutorial\WWW\tyxk\data\runtime\Cache\Home\2887505a2a50b3ad6f568df98b5669e9.php 第 184 行.
NOTIC: [8] Undefined index: islive E:\phpstudy2018\PHPTutorial\WWW\tyxk\data\runtime\Cache\Home\2887505a2a50b3ad6f568df98b5669e9.php 第 184 行.
INFO: Run Behavior\ParseTemplateBehavior [ RunTime:0.007838s ]
INFO: [ view_parse ] --END-- [ RunTime:0.007867s ]
INFO: [ view_filter ] --START--
INFO: Run Behavior\WriteHtmlCacheBehavior [ RunTime:0.000410s ]
INFO: Run Common\Behavior\TmplStripSpaceBehavior [ RunTime:0.000310s ]
INFO: [ view_filter ] --END-- [ RunTime:0.000767s ]
INFO: [ app_end ] --START--
INFO: Run Behavior\ShowPageTraceBehavior [ RunTime:0.000347s ]
INFO: [ app_end ] --END-- [ RunTime:0.000370s ]

[ 2020-07-15T10:17:29+08:00 ] 127.0.0.1 /index.php?g=home&m=index&a=live
INFO: [ app_init ] --START--
INFO: Run Behavior\BuildLiteBehavior [ RunTime:0.000020s ]
INFO: Run Common\Behavior\InitHookBehavior [ RunTime:0.000969s ]
INFO: [ app_init ] --END-- [ RunTime:0.001493s ]
INFO: [ app_begin ] --START--
INFO: Run Behavior\ReadHtmlCacheBehavior [ RunTime:0.000223s ]
INFO: Run Behavior\CheckLangBehavior [ RunTime:0.000312s ]
INFO: [ app_begin ] --END-- [ RunTime:0.000569s ]
INFO: [ view_parse ] --START--
INFO: [ template_filter ] --START--
INFO: Run Behavior\ContentReplaceBehavior [ RunTime:0.000057s ]
INFO: [ template_filter ] --END-- [ RunTime:0.000100s ]
NOTIC: [8] Undefined variable: user E:\phpstudy2018\PHPTutorial\WWW\tyxk\data\runtime\Cache\Home\2887505a2a50b3ad6f568df98b5669e9.php 第 37 行.
NOTIC: [8] Undefined index: islive E:\phpstudy2018\PHPTutorial\WWW\tyxk\data\runtime\Cache\Home\2887505a2a50b3ad6f568df98b5669e9.php 第 184 行.
NOTIC: [8] Undefined index: islive E:\phpstudy2018\PHPTutorial\WWW\tyxk\data\runtime\Cache\Home\2887505a2a50b3ad6f568df98b5669e9.php 第 184 行.
NOTIC: [8] Undefined index: islive E:\phpstudy2018\PHPTutorial\WWW\tyxk\data\runtime\Cache\Home\2887505a2a50b3ad6f568df98b5669e9.php 第 184 行.
NOTIC: [8] Undefined index: islive E:\phpstudy2018\PHPTutorial\WWW\tyxk\data\runtime\Cache\Home\2887505a2a50b3ad6f568df98b5669e9.php 第 184 行.
INFO: Run Behavior\ParseTemplateBehavior [ RunTime:0.008865s ]
INFO: [ view_parse ] --END-- [ RunTime:0.008898s ]
INFO: [ view_filter ] --START--
INFO: Run Behavior\WriteHtmlCacheBehavior [ RunTime:0.000274s ]
INFO: Run Common\Behavior\TmplStripSpaceBehavior [ RunTime:0.000194s ]
INFO: [ view_filter ] --END-- [ RunTime:0.000502s ]
INFO: [ app_end ] --START--
INFO: Run Behavior\ShowPageTraceBehavior [ RunTime:0.000564s ]
INFO: [ app_end ] --END-- [ RunTime:0.000601s ]

[ 2020-07-15T10:17:48+08:00 ] 127.0.0.1 /index.php?g=home&m=index&a=live
INFO: [ app_init ] --START--
INFO: Run Behavior\BuildLiteBehavior [ RunTime:0.000006s ]
INFO: Run Common\Behavior\InitHookBehavior [ RunTime:1.012779s ]
INFO: [ app_init ] --END-- [ RunTime:1.013247s ]
INFO: [ app_begin ] --START--
INFO: Run Behavior\ReadHtmlCacheBehavior [ RunTime:0.000282s ]
INFO: Run Behavior\CheckLangBehavior [ RunTime:0.000316s ]
INFO: [ app_begin ] --END-- [ RunTime:0.000634s ]
INFO: [ view_parse ] --START--
INFO: [ template_filter ] --START--
INFO: Run Behavior\ContentReplaceBehavior [ RunTime:0.000054s ]
INFO: [ template_filter ] --END-- [ RunTime:0.000081s ]
NOTIC: [8] Undefined variable: user E:\phpstudy2018\PHPTutorial\WWW\tyxk\data\runtime\Cache\Home\2887505a2a50b3ad6f568df98b5669e9.php 第 37 行.
NOTIC: [8] Undefined index: islive E:\phpstudy2018\PHPTutorial\WWW\tyxk\data\runtime\Cache\Home\2887505a2a50b3ad6f568df98b5669e9.php 第 184 行.
NOTIC: [8] Undefined index: islive E:\phpstudy2018\PHPTutorial\WWW\tyxk\data\runtime\Cache\Home\2887505a2a50b3ad6f568df98b5669e9.php 第 184 行.
NOTIC: [8] Undefined index: islive E:\phpstudy2018\PHPTutorial\WWW\tyxk\data\runtime\Cache\Home\2887505a2a50b3ad6f568df98b5669e9.php 第 184 行.
NOTIC: [8] Undefined index: islive E:\phpstudy2018\PHPTutorial\WWW\tyxk\data\runtime\Cache\Home\2887505a2a50b3ad6f568df98b5669e9.php 第 184 行.
INFO: Run Behavior\ParseTemplateBehavior [ RunTime:0.008996s ]
INFO: [ view_parse ] --END-- [ RunTime:0.009022s ]
INFO: [ view_filter ] --START--
INFO: Run Behavior\WriteHtmlCacheBehavior [ RunTime:0.000308s ]
INFO: Run Common\Behavior\TmplStripSpaceBehavior [ RunTime:0.000241s ]
INFO: [ view_filter ] --END-- [ RunTime:0.000580s ]
INFO: [ app_end ] --START--
INFO: Run Behavior\ShowPageTraceBehavior [ RunTime:0.000533s ]
INFO: [ app_end ] --END-- [ RunTime:0.000562s ]

[ 2020-07-15T10:18:27+08:00 ] 127.0.0.1 /index.php?g=home&m=index&a=live
INFO: [ app_init ] --START--
INFO: Run Behavior\BuildLiteBehavior [ RunTime:0.000012s ]
INFO: Run Common\Behavior\InitHookBehavior [ RunTime:0.001364s ]
INFO: [ app_init ] --END-- [ RunTime:0.001764s ]
INFO: [ app_begin ] --START--
INFO: Run Behavior\ReadHtmlCacheBehavior [ RunTime:0.000325s ]
INFO: Run Behavior\CheckLangBehavior [ RunTime:0.000437s ]
INFO: [ app_begin ] --END-- [ RunTime:0.000812s ]
INFO: [ view_parse ] --START--
INFO: [ template_filter ] --START--
INFO: Run Behavior\ContentReplaceBehavior [ RunTime:0.000080s ]
INFO: [ template_filter ] --END-- [ RunTime:0.000115s ]
NOTIC: [8] Undefined variable: user E:\phpstudy2018\PHPTutorial\WWW\tyxk\data\runtime\Cache\Home\2887505a2a50b3ad6f568df98b5669e9.php 第 37 行.
NOTIC: [8] Undefined index: islive E:\phpstudy2018\PHPTutorial\WWW\tyxk\data\runtime\Cache\Home\2887505a2a50b3ad6f568df98b5669e9.php 第 184 行.
NOTIC: [8] Undefined index: islive E:\phpstudy2018\PHPTutorial\WWW\tyxk\data\runtime\Cache\Home\2887505a2a50b3ad6f568df98b5669e9.php 第 184 行.
NOTIC: [8] Undefined index: islive E:\phpstudy2018\PHPTutorial\WWW\tyxk\data\runtime\Cache\Home\2887505a2a50b3ad6f568df98b5669e9.php 第 184 行.
NOTIC: [8] Undefined index: islive E:\phpstudy2018\PHPTutorial\WWW\tyxk\data\runtime\Cache\Home\2887505a2a50b3ad6f568df98b5669e9.php 第 184 行.
INFO: Run Behavior\ParseTemplateBehavior [ RunTime:0.010121s ]
INFO: [ view_parse ] --END-- [ RunTime:0.010152s ]
INFO: [ view_filter ] --START--
INFO: Run Behavior\WriteHtmlCacheBehavior [ RunTime:0.000286s ]
INFO: Run Common\Behavior\TmplStripSpaceBehavior [ RunTime:0.000271s ]
INFO: [ view_filter ] --END-- [ RunTime:0.000598s ]
INFO: [ app_end ] --START--
INFO: Run Behavior\ShowPageTraceBehavior [ RunTime:0.000445s ]
INFO: [ app_end ] --END-- [ RunTime:0.000472s ]

[ 2020-07-15T10:18:32+08:00 ] 127.0.0.1 /
INFO: [ app_init ] --START--
INFO: Run Behavior\BuildLiteBehavior [ RunTime:0.000005s ]
INFO: Run Common\Behavior\InitHookBehavior [ RunTime:0.000730s ]
INFO: [ app_init ] --END-- [ RunTime:0.000916s ]
INFO: [ app_begin ] --START--
INFO: Run Behavior\ReadHtmlCacheBehavior [ RunTime:0.000303s ]
INFO: Run Behavior\CheckLangBehavior [ RunTime:0.000308s ]
INFO: [ app_begin ] --END-- [ RunTime:0.000647s ]
NOTIC: [8] Undefined index: game_switch E:\phpstudy2018\PHPTutorial\WWW\tyxk\application\Common\Common\function.php 第 1912 行.
NOTIC: [8] Undefined index: game_switch E:\phpstudy2018\PHPTutorial\WWW\tyxk\application\Common\Common\function.php 第 1912 行.
NOTIC: [8] Undefined variable: level_a E:\phpstudy2018\PHPTutorial\WWW\tyxk\application\Common\Common\function.php 第 1961 行.
NOTIC: [8] Undefined index: game_switch E:\phpstudy2018\PHPTutorial\WWW\tyxk\application\Common\Common\function.php 第 1912 行.
NOTIC: [8] Undefined index: game_switch E:\phpstudy2018\PHPTutorial\WWW\tyxk\application\Common\Common\function.php 第 1912 行.
NOTIC: [8] Undefined variable: level_a E:\phpstudy2018\PHPTutorial\WWW\tyxk\application\Common\Common\function.php 第 1984 行.
NOTIC: [8] Undefined index: game_switch E:\phpstudy2018\PHPTutorial\WWW\tyxk\application\Common\Common\function.php 第 1912 行.
NOTIC: [8] Undefined index: game_switch E:\phpstudy2018\PHPTutorial\WWW\tyxk\application\Common\Common\function.php 第 1912 行.
NOTIC: [8] Undefined variable: level_a E:\phpstudy2018\PHPTutorial\WWW\tyxk\application\Common\Common\function.php 第 1961 行.
NOTIC: [8] Undefined index: game_switch E:\phpstudy2018\PHPTutorial\WWW\tyxk\application\Common\Common\function.php 第 1912 行.
NOTIC: [8] Undefined index: game_switch E:\phpstudy2018\PHPTutorial\WWW\tyxk\application\Common\Common\function.php 第 1912 行.
NOTIC: [8] Undefined variable: level_a E:\phpstudy2018\PHPTutorial\WWW\tyxk\application\Common\Common\function.php 第 1984 行.
NOTIC: [8] Undefined index: game_switch E:\phpstudy2018\PHPTutorial\WWW\tyxk\application\Common\Common\function.php 第 1912 行.
NOTIC: [8] Undefined index: game_switch E:\phpstudy2018\PHPTutorial\WWW\tyxk\application\Common\Common\function.php 第 1912 行.
NOTIC: [8] Undefined variable: level_a E:\phpstudy2018\PHPTutorial\WWW\tyxk\application\Common\Common\function.php 第 1961 行.
NOTIC: [8] Undefined index: game_switch E:\phpstudy2018\PHPTutorial\WWW\tyxk\application\Common\Common\function.php 第 1912 行.
NOTIC: [8] Undefined index: game_switch E:\phpstudy2018\PHPTutorial\WWW\tyxk\application\Common\Common\function.php 第 1912 行.
NOTIC: [8] Undefined variable: level_a E:\phpstudy2018\PHPTutorial\WWW\tyxk\application\Common\Common\function.php 第 1984 行.
NOTIC: [8] Undefined index: game_switch E:\phpstudy2018\PHPTutorial\WWW\tyxk\application\Common\Common\function.php 第 1912 行.
NOTIC: [8] Undefined index: game_switch E:\phpstudy2018\PHPTutorial\WWW\tyxk\application\Common\Common\function.php 第 1912 行.
NOTIC: [8] Undefined variable: level_a E:\phpstudy2018\PHPTutorial\WWW\tyxk\application\Common\Common\function.php 第 1961 行.
NOTIC: [8] Undefined index: game_switch E:\phpstudy2018\PHPTutorial\WWW\tyxk\application\Common\Common\function.php 第 1912 行.
NOTIC: [8] Undefined index: game_switch E:\phpstudy2018\PHPTutorial\WWW\tyxk\application\Common\Common\function.php 第 1912 行.
NOTIC: [8] Undefined variable: level_a E:\phpstudy2018\PHPTutorial\WWW\tyxk\application\Common\Common\function.php 第 1984 行.
NOTIC: [8] Undefined index: game_switch E:\phpstudy2018\PHPTutorial\WWW\tyxk\application\Common\Common\function.php 第 1912 行.
NOTIC: [8] Undefined index: game_switch E:\phpstudy2018\PHPTutorial\WWW\tyxk\application\Common\Common\function.php 第 1912 行.
NOTIC: [8] Undefined variable: level_a E:\phpstudy2018\PHPTutorial\WWW\tyxk\application\Common\Common\function.php 第 1961 行.
NOTIC: [8] Undefined index: game_switch E:\phpstudy2018\PHPTutorial\WWW\tyxk\application\Common\Common\function.php 第 1912 行.
NOTIC: [8] Undefined index: game_switch E:\phpstudy2018\PHPTutorial\WWW\tyxk\application\Common\Common\function.php 第 1912 行.
NOTIC: [8] Undefined variable: level_a E:\phpstudy2018\PHPTutorial\WWW\tyxk\application\Common\Common\function.php 第 1984 行.
NOTIC: [8] Undefined index: game_switch E:\phpstudy2018\PHPTutorial\WWW\tyxk\application\Common\Common\function.php 第 1912 行.
NOTIC: [8] Undefined index: game_switch E:\phpstudy2018\PHPTutorial\WWW\tyxk\application\Common\Common\function.php 第 1912 行.
NOTIC: [8] Undefined variable: level_a E:\phpstudy2018\PHPTutorial\WWW\tyxk\application\Common\Common\function.php 第 1961 行.
NOTIC: [8] Undefined index: game_switch E:\phpstudy2018\PHPTutorial\WWW\tyxk\application\Common\Common\function.php 第 1912 行.
NOTIC: [8] Undefined index: game_switch E:\phpstudy2018\PHPTutorial\WWW\tyxk\application\Common\Common\function.php 第 1912 行.
NOTIC: [8] Undefined variable: level_a E:\phpstudy2018\PHPTutorial\WWW\tyxk\application\Common\Common\function.php 第 1984 行.
NOTIC: [8] Undefined index: game_switch E:\phpstudy2018\PHPTutorial\WWW\tyxk\application\Common\Common\function.php 第 1912 行.
NOTIC: [8] Undefined index: game_switch E:\phpstudy2018\PHPTutorial\WWW\tyxk\application\Common\Common\function.php 第 1912 行.
NOTIC: [8] Undefined variable: level_a E:\phpstudy2018\PHPTutorial\WWW\tyxk\application\Common\Common\function.php 第 1961 行.
NOTIC: [8] Undefined index: game_switch E:\phpstudy2018\PHPTutorial\WWW\tyxk\application\Common\Common\function.php 第 1912 行.
NOTIC: [8] Undefined index: game_switch E:\phpstudy2018\PHPTutorial\WWW\tyxk\application\Common\Common\function.php 第 1912 行.
NOTIC: [8] Undefined variable: level_a E:\phpstudy2018\PHPTutorial\WWW\tyxk\application\Common\Common\function.php 第 1984 行.
NOTIC: [8] Undefined index: game_switch E:\phpstudy2018\PHPTutorial\WWW\tyxk\application\Common\Common\function.php 第 1912 行.
NOTIC: [8] Undefined index: game_switch E:\phpstudy2018\PHPTutorial\WWW\tyxk\application\Common\Common\function.php 第 1912 行.
NOTIC: [8] Undefined variable: level_a E:\phpstudy2018\PHPTutorial\WWW\tyxk\application\Common\Common\function.php 第 1961 行.
NOTIC: [8] Undefined index: game_switch E:\phpstudy2018\PHPTutorial\WWW\tyxk\application\Common\Common\function.php 第 1912 行.
NOTIC: [8] Undefined index: game_switch E:\phpstudy2018\PHPTutorial\WWW\tyxk\application\Common\Common\function.php 第 1912 行.
NOTIC: [8] Undefined variable: level_a E:\phpstudy2018\PHPTutorial\WWW\tyxk\application\Common\Common\function.php 第 1984 行.
NOTIC: [8] Undefined index: game_switch E:\phpstudy2018\PHPTutorial\WWW\tyxk\application\Common\Common\function.php 第 1912 行.
NOTIC: [8] Undefined index: game_switch E:\phpstudy2018\PHPTutorial\WWW\tyxk\application\Common\Common\function.php 第 1912 行.
NOTIC: [8] Undefined variable: level_a E:\phpstudy2018\PHPTutorial\WWW\tyxk\application\Common\Common\function.php 第 1961 行.
NOTIC: [8] Undefined index: game_switch E:\phpstudy2018\PHPTutorial\WWW\tyxk\application\Common\Common\function.php 第 1912 行.
NOTIC: [8] Undefined index: game_switch E:\phpstudy2018\PHPTutorial\WWW\tyxk\application\Common\Common\function.php 第 1912 行.
NOTIC: [8] Undefined variable: level_a E:\phpstudy2018\PHPTutorial\WWW\tyxk\application\Common\Common\function.php 第 1984 行.
NOTIC: [8] Undefined index: game_switch E:\phpstudy2018\PHPTutorial\WWW\tyxk\application\Common\Common\function.php 第 1912 行.
NOTIC: [8] Undefined index: game_switch E:\phpstudy2018\PHPTutorial\WWW\tyxk\application\Common\Common\function.php 第 1912 行.
NOTIC: [8] Undefined variable: level_a E:\phpstudy2018\PHPTutorial\WWW\tyxk\application\Common\Common\function.php 第 1961 行.
NOTIC: [8] Undefined index: game_switch E:\phpstudy2018\PHPTutorial\WWW\tyxk\application\Common\Common\function.php 第 1912 行.
NOTIC: [8] Undefined index: game_switch E:\phpstudy2018\PHPTutorial\WWW\tyxk\application\Common\Common\function.php 第 1912 行.
NOTIC: [8] Undefined variable: level_a E:\phpstudy2018\PHPTutorial\WWW\tyxk\application\Common\Common\function.php 第 1984 行.
INFO: [ view_parse ] --START--
INFO: [ template_filter ] --START--
INFO: Run Behavior\ContentReplaceBehavior [ RunTime:0.000070s ]
INFO: [ template_filter ] --END-- [ RunTime:0.000095s ]
NOTIC: [8] Undefined variable: user E:\phpstudy2018\PHPTutorial\WWW\tyxk\data\runtime\Cache\Home\047d5c56b4cd647c06889306652120db.php 第 37 行.
NOTIC: [8] Undefined index: description E:\phpstudy2018\PHPTutorial\WWW\tyxk\data\runtime\Cache\Home\047d5c56b4cd647c06889306652120db.php 第 215 行.
NOTIC: [8] Undefined index: islive E:\phpstudy2018\PHPTutorial\WWW\tyxk\data\runtime\Cache\Home\047d5c56b4cd647c06889306652120db.php 第 224 行.
NOTIC: [8] Undefined index: islive E:\phpstudy2018\PHPTutorial\WWW\tyxk\data\runtime\Cache\Home\047d5c56b4cd647c06889306652120db.php 第 201 行.
NOTIC: [8] Undefined index: description E:\phpstudy2018\PHPTutorial\WWW\tyxk\data\runtime\Cache\Home\047d5c56b4cd647c06889306652120db.php 第 232 行.
NOTIC: [8] Undefined index: description E:\phpstudy2018\PHPTutorial\WWW\tyxk\data\runtime\Cache\Home\047d5c56b4cd647c06889306652120db.php 第 215 行.
NOTIC: [8] Undefined index: islive E:\phpstudy2018\PHPTutorial\WWW\tyxk\data\runtime\Cache\Home\047d5c56b4cd647c06889306652120db.php 第 224 行.
NOTIC: [8] Undefined index: islive E:\phpstudy2018\PHPTutorial\WWW\tyxk\data\runtime\Cache\Home\047d5c56b4cd647c06889306652120db.php 第 201 行.
NOTIC: [8] Undefined index: description E:\phpstudy2018\PHPTutorial\WWW\tyxk\data\runtime\Cache\Home\047d5c56b4cd647c06889306652120db.php 第 232 行.
INFO: Run Behavior\ParseTemplateBehavior [ RunTime:0.009736s ]
INFO: [ view_parse ] --END-- [ RunTime:0.009756s ]
INFO: [ view_filter ] --START--
INFO: Run Behavior\WriteHtmlCacheBehavior [ RunTime:0.000197s ]
INFO: Run Common\Behavior\TmplStripSpaceBehavior [ RunTime:0.000179s ]
INFO: [ view_filter ] --END-- [ RunTime:0.000402s ]
INFO: [ app_end ] --START--
INFO: Run Behavior\ShowPageTraceBehavior [ RunTime:0.000454s ]
INFO: [ app_end ] --END-- [ RunTime:0.000472s ]

