[ 2020-07-20T09:26:45+08:00 ] 127.0.0.1 /index.php?g=Portal&m=AdminPost&a=index&menuid=7
INFO: [ app_init ] --START--
INFO: Run Behavior\BuildLiteBehavior [ RunTime:0.000007s ]
INFO: Run Common\Behavior\InitHookBehavior [ RunTime:0.000773s ]
INFO: [ app_init ] --END-- [ RunTime:0.000981s ]
INFO: [ app_begin ] --START--
INFO: Run Behavior\ReadHtmlCacheBehavior [ RunTime:0.000349s ]
INFO: Run Behavior\CheckLangBehavior [ RunTime:0.000552s ]
INFO: [ app_begin ] --END-- [ RunTime:0.000944s ]
NOTIC: D方法实例化没找到模型类Portal\Model\PostsModel
INFO: [ view_parse ] --START--
INFO: [ template_filter ] --START--
INFO: Run Behavior\ContentReplaceBehavior [ RunTime:0.000217s ]
INFO: [ template_filter ] --END-- [ RunTime:0.000272s ]
NOTIC: [8] Undefined index: end_time E:\phpstudy2018\PHPTutorial\WWW\hcdf\data\runtime\Cache\Portal\9e8b2aead7c344b4e8f09dcbf8c108d1.php 第 65 行.
NOTIC: [8] Undefined index: keyword E:\phpstudy2018\PHPTutorial\WWW\hcdf\data\runtime\Cache\Portal\9e8b2aead7c344b4e8f09dcbf8c108d1.php 第 67 行.
INFO: Run Behavior\ParseTemplateBehavior [ RunTime:0.045689s ]
INFO: [ view_parse ] --END-- [ RunTime:0.045764s ]
INFO: [ view_filter ] --START--
INFO: Run Behavior\WriteHtmlCacheBehavior [ RunTime:0.000452s ]
INFO: Run Common\Behavior\TmplStripSpaceBehavior [ RunTime:0.000411s ]
INFO: [ view_filter ] --END-- [ RunTime:0.000932s ]
INFO: [ app_end ] --START--
INFO: Run Behavior\ShowPageTraceBehavior [ RunTime:0.000687s ]
INFO: [ app_end ] --END-- [ RunTime:0.000730s ]

[ 2020-07-20T09:26:51+08:00 ] 127.0.0.1 /index.php?g=Portal&m=AdminTerm&a=index&menuid=18
INFO: [ app_init ] --START--
INFO: Run Behavior\BuildLiteBehavior [ RunTime:0.000016s ]
INFO: Run Common\Behavior\InitHookBehavior [ RunTime:0.001046s ]
INFO: [ app_init ] --END-- [ RunTime:0.001482s ]
INFO: [ app_begin ] --START--
INFO: Run Behavior\ReadHtmlCacheBehavior [ RunTime:0.000296s ]
INFO: Run Behavior\CheckLangBehavior [ RunTime:0.001078s ]
INFO: [ app_begin ] --END-- [ RunTime:0.001414s ]
INFO: [ view_parse ] --START--
INFO: [ template_filter ] --START--
INFO: Run Behavior\ContentReplaceBehavior [ RunTime:0.000082s ]
INFO: [ template_filter ] --END-- [ RunTime:0.000137s ]
INFO: Run Behavior\ParseTemplateBehavior [ RunTime:0.021082s ]
INFO: [ view_parse ] --END-- [ RunTime:0.021192s ]
INFO: [ view_filter ] --START--
INFO: Run Behavior\WriteHtmlCacheBehavior [ RunTime:0.000487s ]
INFO: Run Common\Behavior\TmplStripSpaceBehavior [ RunTime:0.000424s ]
INFO: [ view_filter ] --END-- [ RunTime:0.001025s ]
INFO: [ app_end ] --START--
INFO: Run Behavior\ShowPageTraceBehavior [ RunTime:0.000691s ]
INFO: [ app_end ] --END-- [ RunTime:0.000734s ]

[ 2020-07-20T09:26:55+08:00 ] 127.0.0.1 /index.php?g=Portal&m=AdminTerm&a=add
INFO: [ app_init ] --START--
INFO: Run Behavior\BuildLiteBehavior [ RunTime:0.000006s ]
INFO: Run Common\Behavior\InitHookBehavior [ RunTime:0.000731s ]
INFO: [ app_init ] --END-- [ RunTime:0.000927s ]
INFO: [ app_begin ] --START--
INFO: Run Behavior\ReadHtmlCacheBehavior [ RunTime:0.000295s ]
INFO: Run Behavior\CheckLangBehavior [ RunTime:0.000484s ]
INFO: [ app_begin ] --END-- [ RunTime:0.000816s ]
INFO: [ view_parse ] --START--
INFO: [ template_filter ] --START--
INFO: Run Behavior\ContentReplaceBehavior [ RunTime:0.000224s ]
INFO: [ template_filter ] --END-- [ RunTime:0.000323s ]
INFO: Run Behavior\ParseTemplateBehavior [ RunTime:0.070597s ]
INFO: [ view_parse ] --END-- [ RunTime:0.070707s ]
INFO: [ view_filter ] --START--
INFO: Run Behavior\WriteHtmlCacheBehavior [ RunTime:0.000785s ]
INFO: Run Common\Behavior\TmplStripSpaceBehavior [ RunTime:0.000767s ]
INFO: [ view_filter ] --END-- [ RunTime:0.001676s ]
INFO: [ app_end ] --START--
INFO: Run Behavior\ShowPageTraceBehavior [ RunTime:0.001239s ]
INFO: [ app_end ] --END-- [ RunTime:0.001317s ]

[ 2020-07-20T09:27:01+08:00 ] 127.0.0.1 /index.php?g=Portal&m=AdminTerm&a=add_post
INFO: [ app_init ] --START--
INFO: Run Behavior\BuildLiteBehavior [ RunTime:0.000010s ]
INFO: Run Common\Behavior\InitHookBehavior [ RunTime:0.000942s ]
INFO: [ app_init ] --END-- [ RunTime:0.001234s ]
INFO: [ app_begin ] --START--
INFO: Run Behavior\ReadHtmlCacheBehavior [ RunTime:0.001126s ]
INFO: Run Behavior\CheckLangBehavior [ RunTime:0.000806s ]
INFO: [ app_begin ] --END-- [ RunTime:0.002093s ]
NOTIC: [8] Undefined index: validate E:\phpstudy2018\PHPTutorial\WWW\hcdf\simplewind\Core\Library\Think\Model.class.php 第 1185 行.
NOTIC: [8] Undefined index: auto E:\phpstudy2018\PHPTutorial\WWW\hcdf\simplewind\Core\Library\Think\Model.class.php 第 1128 行.

[ 2020-07-20T09:27:02+08:00 ] 127.0.0.1 /index.php?g=Portal&m=AdminTerm&a=index
INFO: [ app_init ] --START--
INFO: Run Behavior\BuildLiteBehavior [ RunTime:0.000006s ]
INFO: Run Common\Behavior\InitHookBehavior [ RunTime:0.000786s ]
INFO: [ app_init ] --END-- [ RunTime:0.001016s ]
INFO: [ app_begin ] --START--
INFO: Run Behavior\ReadHtmlCacheBehavior [ RunTime:0.000303s ]
INFO: Run Behavior\CheckLangBehavior [ RunTime:0.000542s ]
INFO: [ app_begin ] --END-- [ RunTime:0.000879s ]
INFO: [ view_parse ] --START--
INFO: [ template_filter ] --START--
INFO: Run Behavior\ContentReplaceBehavior [ RunTime:0.000095s ]
INFO: [ template_filter ] --END-- [ RunTime:0.000160s ]
INFO: Run Behavior\ParseTemplateBehavior [ RunTime:0.011975s ]
INFO: [ view_parse ] --END-- [ RunTime:0.012034s ]
INFO: [ view_filter ] --START--
INFO: Run Behavior\WriteHtmlCacheBehavior [ RunTime:0.000445s ]
INFO: Run Common\Behavior\TmplStripSpaceBehavior [ RunTime:0.000443s ]
INFO: [ view_filter ] --END-- [ RunTime:0.000960s ]
INFO: [ app_end ] --START--
INFO: Run Behavior\ShowPageTraceBehavior [ RunTime:0.000741s ]
INFO: [ app_end ] --END-- [ RunTime:0.000787s ]

[ 2020-07-20T09:27:03+08:00 ] 127.0.0.1 /index.php?g=Portal&m=AdminPost&a=index&menuid=7
INFO: [ app_init ] --START--
INFO: Run Behavior\BuildLiteBehavior [ RunTime:0.000005s ]
INFO: Run Common\Behavior\InitHookBehavior [ RunTime:0.000759s ]
INFO: [ app_init ] --END-- [ RunTime:0.000953s ]
INFO: [ app_begin ] --START--
INFO: Run Behavior\ReadHtmlCacheBehavior [ RunTime:0.000465s ]
INFO: Run Behavior\CheckLangBehavior [ RunTime:0.001200s ]
INFO: [ app_begin ] --END-- [ RunTime:0.001755s ]
NOTIC: D方法实例化没找到模型类Portal\Model\PostsModel
INFO: [ view_parse ] --START--
INFO: [ template_filter ] --START--
INFO: Run Behavior\ContentReplaceBehavior [ RunTime:0.000114s ]
INFO: [ template_filter ] --END-- [ RunTime:0.000146s ]
NOTIC: [8] Undefined index: end_time E:\phpstudy2018\PHPTutorial\WWW\hcdf\data\runtime\Cache\Portal\9e8b2aead7c344b4e8f09dcbf8c108d1.php 第 65 行.
NOTIC: [8] Undefined index: keyword E:\phpstudy2018\PHPTutorial\WWW\hcdf\data\runtime\Cache\Portal\9e8b2aead7c344b4e8f09dcbf8c108d1.php 第 67 行.
INFO: Run Behavior\ParseTemplateBehavior [ RunTime:0.009479s ]
INFO: [ view_parse ] --END-- [ RunTime:0.009508s ]
INFO: [ view_filter ] --START--
INFO: Run Behavior\WriteHtmlCacheBehavior [ RunTime:0.000248s ]
INFO: Run Common\Behavior\TmplStripSpaceBehavior [ RunTime:0.000240s ]
INFO: [ view_filter ] --END-- [ RunTime:0.000527s ]
INFO: [ app_end ] --START--
INFO: Run Behavior\ShowPageTraceBehavior [ RunTime:0.000409s ]
INFO: [ app_end ] --END-- [ RunTime:0.000434s ]

[ 2020-07-20T09:27:05+08:00 ] 127.0.0.1 /index.php?g=Portal&m=AdminPost&a=add&term=
INFO: [ app_init ] --START--
INFO: Run Behavior\BuildLiteBehavior [ RunTime:0.000005s ]
INFO: Run Common\Behavior\InitHookBehavior [ RunTime:0.000728s ]
INFO: [ app_init ] --END-- [ RunTime:0.000921s ]
INFO: [ app_begin ] --START--
INFO: Run Behavior\ReadHtmlCacheBehavior [ RunTime:0.000295s ]
INFO: Run Behavior\CheckLangBehavior [ RunTime:0.000471s ]
INFO: [ app_begin ] --END-- [ RunTime:0.000802s ]
NOTIC: D方法实例化没找到模型类Portal\Model\PostsModel
INFO: [ view_parse ] --START--
INFO: [ template_filter ] --START--
INFO: Run Behavior\ContentReplaceBehavior [ RunTime:0.000215s ]
INFO: [ template_filter ] --END-- [ RunTime:0.000275s ]
INFO: Run Behavior\ParseTemplateBehavior [ RunTime:0.030054s ]
INFO: [ view_parse ] --END-- [ RunTime:0.030125s ]
INFO: [ view_filter ] --START--
INFO: Run Behavior\WriteHtmlCacheBehavior [ RunTime:0.000491s ]
INFO: Run Common\Behavior\TmplStripSpaceBehavior [ RunTime:0.000581s ]
INFO: [ view_filter ] --END-- [ RunTime:0.001153s ]
INFO: [ app_end ] --START--
INFO: Run Behavior\ShowPageTraceBehavior [ RunTime:0.000821s ]
INFO: [ app_end ] --END-- [ RunTime:0.000874s ]

[ 2020-07-20T09:29:39+08:00 ] 127.0.0.1 /index.php?g=Portal&m=AdminPost&a=add_post
INFO: [ app_init ] --START--
INFO: Run Behavior\BuildLiteBehavior [ RunTime:0.000010s ]
INFO: Run Common\Behavior\InitHookBehavior [ RunTime:0.001114s ]
INFO: [ app_init ] --END-- [ RunTime:0.001387s ]
INFO: [ app_begin ] --START--
INFO: Run Behavior\ReadHtmlCacheBehavior [ RunTime:0.000269s ]
INFO: Run Behavior\CheckLangBehavior [ RunTime:0.000554s ]
INFO: [ app_begin ] --END-- [ RunTime:0.000857s ]
NOTIC: D方法实例化没找到模型类Portal\Model\PostsModel

[ 2020-07-20T09:29:42+08:00 ] 127.0.0.1 /index.php?g=Portal&m=AdminPost&a=index
INFO: [ app_init ] --START--
INFO: Run Behavior\BuildLiteBehavior [ RunTime:0.000006s ]
INFO: Run Common\Behavior\InitHookBehavior [ RunTime:0.000743s ]
INFO: [ app_init ] --END-- [ RunTime:0.000947s ]
INFO: [ app_begin ] --START--
INFO: Run Behavior\ReadHtmlCacheBehavior [ RunTime:0.000253s ]
INFO: Run Behavior\CheckLangBehavior [ RunTime:0.000364s ]
INFO: [ app_begin ] --END-- [ RunTime:0.000669s ]
NOTIC: D方法实例化没找到模型类Portal\Model\PostsModel
INFO: [ view_parse ] --START--
INFO: [ template_filter ] --START--
INFO: Run Behavior\ContentReplaceBehavior [ RunTime:0.000241s ]
INFO: [ template_filter ] --END-- [ RunTime:0.000296s ]
NOTIC: [8] Undefined index: end_time E:\phpstudy2018\PHPTutorial\WWW\hcdf\data\runtime\Cache\Portal\9e8b2aead7c344b4e8f09dcbf8c108d1.php 第 65 行.
NOTIC: [8] Undefined index: keyword E:\phpstudy2018\PHPTutorial\WWW\hcdf\data\runtime\Cache\Portal\9e8b2aead7c344b4e8f09dcbf8c108d1.php 第 67 行.
INFO: Run Behavior\ParseTemplateBehavior [ RunTime:0.019063s ]
INFO: [ view_parse ] --END-- [ RunTime:0.019115s ]
INFO: [ view_filter ] --START--
INFO: Run Behavior\WriteHtmlCacheBehavior [ RunTime:0.000428s ]
INFO: Run Common\Behavior\TmplStripSpaceBehavior [ RunTime:0.000424s ]
INFO: [ view_filter ] --END-- [ RunTime:0.000917s ]
INFO: [ app_end ] --START--
INFO: Run Behavior\ShowPageTraceBehavior [ RunTime:0.000697s ]
INFO: [ app_end ] --END-- [ RunTime:0.000741s ]

[ 2020-07-20T09:29:45+08:00 ] 127.0.0.1 /index.php?g=Portal&m=AdminPost&a=edit&term=&id=27
INFO: [ app_init ] --START--
INFO: Run Behavior\BuildLiteBehavior [ RunTime:0.000006s ]
INFO: Run Common\Behavior\InitHookBehavior [ RunTime:0.000730s ]
INFO: [ app_init ] --END-- [ RunTime:0.000921s ]
INFO: [ app_begin ] --START--
INFO: Run Behavior\ReadHtmlCacheBehavior [ RunTime:0.000264s ]
INFO: Run Behavior\CheckLangBehavior [ RunTime:0.000395s ]
INFO: [ app_begin ] --END-- [ RunTime:0.000698s ]
NOTIC: D方法实例化没找到模型类Portal\Model\PostsModel
INFO: [ view_parse ] --START--
INFO: [ template_filter ] --START--
INFO: Run Behavior\ContentReplaceBehavior [ RunTime:0.000417s ]
INFO: [ template_filter ] --END-- [ RunTime:0.000507s ]
NOTIC: [8] Undefined index: photo E:\phpstudy2018\PHPTutorial\WWW\hcdf\data\runtime\Cache\Portal\98f4bfd8ed6d924499508e4ab37dc2ca.php 第 116 行.
INFO: Run Behavior\ParseTemplateBehavior [ RunTime:0.097575s ]
INFO: [ view_parse ] --END-- [ RunTime:0.097651s ]
INFO: [ view_filter ] --START--
INFO: Run Behavior\WriteHtmlCacheBehavior [ RunTime:0.000814s ]
INFO: Run Common\Behavior\TmplStripSpaceBehavior [ RunTime:0.000766s ]
INFO: [ view_filter ] --END-- [ RunTime:0.001701s ]
INFO: [ app_end ] --START--
INFO: Run Behavior\ShowPageTraceBehavior [ RunTime:0.001350s ]
INFO: [ app_end ] --END-- [ RunTime:0.001456s ]

[ 2020-07-20T09:29:58+08:00 ] 127.0.0.1 /index.php?g=Portal&m=AdminPost&a=edit&term=&id=26
INFO: [ app_init ] --START--
INFO: Run Behavior\BuildLiteBehavior [ RunTime:0.000006s ]
INFO: Run Common\Behavior\InitHookBehavior [ RunTime:0.001063s ]
INFO: [ app_init ] --END-- [ RunTime:0.001260s ]
INFO: [ app_begin ] --START--
INFO: Run Behavior\ReadHtmlCacheBehavior [ RunTime:0.000245s ]
INFO: Run Behavior\CheckLangBehavior [ RunTime:0.000387s ]
INFO: [ app_begin ] --END-- [ RunTime:0.000668s ]
NOTIC: D方法实例化没找到模型类Portal\Model\PostsModel
INFO: [ view_parse ] --START--
INFO: [ template_filter ] --START--
INFO: Run Behavior\ContentReplaceBehavior [ RunTime:0.000228s ]
INFO: [ template_filter ] --END-- [ RunTime:0.000290s ]
NOTIC: [8] Undefined index: photo E:\phpstudy2018\PHPTutorial\WWW\hcdf\data\runtime\Cache\Portal\98f4bfd8ed6d924499508e4ab37dc2ca.php 第 116 行.
INFO: Run Behavior\ParseTemplateBehavior [ RunTime:0.012873s ]
INFO: [ view_parse ] --END-- [ RunTime:0.012919s ]
INFO: [ view_filter ] --START--
INFO: Run Behavior\WriteHtmlCacheBehavior [ RunTime:0.000407s ]
INFO: Run Common\Behavior\TmplStripSpaceBehavior [ RunTime:0.000402s ]
INFO: [ view_filter ] --END-- [ RunTime:0.000872s ]
INFO: [ app_end ] --START--
INFO: Run Behavior\ShowPageTraceBehavior [ RunTime:0.000710s ]
INFO: [ app_end ] --END-- [ RunTime:0.000765s ]

[ 2020-07-20T09:30:18+08:00 ] 127.0.0.1 /index.php?g=Portal&m=AdminPost&a=edit_post
INFO: [ app_init ] --START--
INFO: Run Behavior\BuildLiteBehavior [ RunTime:0.000006s ]
INFO: Run Common\Behavior\InitHookBehavior [ RunTime:0.000740s ]
INFO: [ app_init ] --END-- [ RunTime:0.000933s ]
INFO: [ app_begin ] --START--
INFO: Run Behavior\ReadHtmlCacheBehavior [ RunTime:0.000234s ]
INFO: Run Behavior\CheckLangBehavior [ RunTime:0.000383s ]
INFO: [ app_begin ] --END-- [ RunTime:0.000648s ]
NOTIC: D方法实例化没找到模型类Portal\Model\PostsModel

[ 2020-07-20T09:30:21+08:00 ] 127.0.0.1 /index.php?g=Portal&m=AdminPost&a=index
INFO: [ app_init ] --START--
INFO: Run Behavior\BuildLiteBehavior [ RunTime:0.000006s ]
INFO: Run Common\Behavior\InitHookBehavior [ RunTime:0.000742s ]
INFO: [ app_init ] --END-- [ RunTime:0.000939s ]
INFO: [ app_begin ] --START--
INFO: Run Behavior\ReadHtmlCacheBehavior [ RunTime:0.000245s ]
INFO: Run Behavior\CheckLangBehavior [ RunTime:0.000386s ]
INFO: [ app_begin ] --END-- [ RunTime:0.000666s ]
NOTIC: D方法实例化没找到模型类Portal\Model\PostsModel
INFO: [ view_parse ] --START--
INFO: [ template_filter ] --START--
INFO: Run Behavior\ContentReplaceBehavior [ RunTime:0.000234s ]
INFO: [ template_filter ] --END-- [ RunTime:0.000294s ]
NOTIC: [8] Undefined index: end_time E:\phpstudy2018\PHPTutorial\WWW\hcdf\data\runtime\Cache\Portal\9e8b2aead7c344b4e8f09dcbf8c108d1.php 第 65 行.
NOTIC: [8] Undefined index: keyword E:\phpstudy2018\PHPTutorial\WWW\hcdf\data\runtime\Cache\Portal\9e8b2aead7c344b4e8f09dcbf8c108d1.php 第 67 行.
INFO: Run Behavior\ParseTemplateBehavior [ RunTime:0.017981s ]
INFO: [ view_parse ] --END-- [ RunTime:0.018034s ]
INFO: [ view_filter ] --START--
INFO: Run Behavior\WriteHtmlCacheBehavior [ RunTime:0.000458s ]
INFO: Run Common\Behavior\TmplStripSpaceBehavior [ RunTime:0.000453s ]
INFO: [ view_filter ] --END-- [ RunTime:0.000982s ]
INFO: [ app_end ] --START--
INFO: Run Behavior\ShowPageTraceBehavior [ RunTime:0.000755s ]
INFO: [ app_end ] --END-- [ RunTime:0.000802s ]

[ 2020-07-20T09:30:24+08:00 ] 127.0.0.1 /index.php?g=Portal&m=AdminPost&a=edit&term=&id=26
INFO: [ app_init ] --START--
INFO: Run Behavior\BuildLiteBehavior [ RunTime:0.000005s ]
INFO: Run Common\Behavior\InitHookBehavior [ RunTime:0.000727s ]
INFO: [ app_init ] --END-- [ RunTime:0.000921s ]
INFO: [ app_begin ] --START--
INFO: Run Behavior\ReadHtmlCacheBehavior [ RunTime:0.000237s ]
INFO: Run Behavior\CheckLangBehavior [ RunTime:0.000385s ]
INFO: [ app_begin ] --END-- [ RunTime:0.000658s ]
NOTIC: D方法实例化没找到模型类Portal\Model\PostsModel
INFO: [ view_parse ] --START--
INFO: [ template_filter ] --START--
INFO: Run Behavior\ContentReplaceBehavior [ RunTime:0.000142s ]
INFO: [ template_filter ] --END-- [ RunTime:0.000176s ]
NOTIC: [8] Undefined index: photo E:\phpstudy2018\PHPTutorial\WWW\hcdf\data\runtime\Cache\Portal\98f4bfd8ed6d924499508e4ab37dc2ca.php 第 116 行.
INFO: Run Behavior\ParseTemplateBehavior [ RunTime:0.008982s ]
INFO: [ view_parse ] --END-- [ RunTime:0.009038s ]
INFO: [ view_filter ] --START--
INFO: Run Behavior\WriteHtmlCacheBehavior [ RunTime:0.000265s ]
INFO: Run Common\Behavior\TmplStripSpaceBehavior [ RunTime:0.000259s ]
INFO: [ view_filter ] --END-- [ RunTime:0.000566s ]
INFO: [ app_end ] --START--
INFO: Run Behavior\ShowPageTraceBehavior [ RunTime:0.000525s ]
INFO: [ app_end ] --END-- [ RunTime:0.000581s ]

[ 2020-07-20T09:30:29+08:00 ] 127.0.0.1 /index.php?g=Portal&m=AdminPost&a=edit&term=&id=25
INFO: [ app_init ] --START--
INFO: Run Behavior\BuildLiteBehavior [ RunTime:0.000006s ]
INFO: Run Common\Behavior\InitHookBehavior [ RunTime:0.000731s ]
INFO: [ app_init ] --END-- [ RunTime:0.000923s ]
INFO: [ app_begin ] --START--
INFO: Run Behavior\ReadHtmlCacheBehavior [ RunTime:0.000236s ]
INFO: Run Behavior\CheckLangBehavior [ RunTime:0.000381s ]
INFO: [ app_begin ] --END-- [ RunTime:0.000653s ]
NOTIC: D方法实例化没找到模型类Portal\Model\PostsModel
INFO: [ view_parse ] --START--
INFO: [ template_filter ] --START--
INFO: Run Behavior\ContentReplaceBehavior [ RunTime:0.000222s ]
INFO: [ template_filter ] --END-- [ RunTime:0.000275s ]
NOTIC: [8] Undefined index: photo E:\phpstudy2018\PHPTutorial\WWW\hcdf\data\runtime\Cache\Portal\98f4bfd8ed6d924499508e4ab37dc2ca.php 第 116 行.
INFO: Run Behavior\ParseTemplateBehavior [ RunTime:0.013825s ]
INFO: [ view_parse ] --END-- [ RunTime:0.013876s ]
INFO: [ view_filter ] --START--
INFO: Run Behavior\WriteHtmlCacheBehavior [ RunTime:0.000415s ]
INFO: Run Common\Behavior\TmplStripSpaceBehavior [ RunTime:0.000415s ]
INFO: [ view_filter ] --END-- [ RunTime:0.000896s ]
INFO: [ app_end ] --START--
INFO: Run Behavior\ShowPageTraceBehavior [ RunTime:0.000778s ]
INFO: [ app_end ] --END-- [ RunTime:0.000840s ]

[ 2020-07-20T09:30:43+08:00 ] 127.0.0.1 /index.php?g=Portal&m=AdminPost&a=edit_post
INFO: [ app_init ] --START--
INFO: Run Behavior\BuildLiteBehavior [ RunTime:0.000008s ]
INFO: Run Common\Behavior\InitHookBehavior [ RunTime:0.000898s ]
INFO: [ app_init ] --END-- [ RunTime:0.001196s ]
INFO: [ app_begin ] --START--
INFO: Run Behavior\ReadHtmlCacheBehavior [ RunTime:0.000252s ]
INFO: Run Behavior\CheckLangBehavior [ RunTime:0.000405s ]
INFO: [ app_begin ] --END-- [ RunTime:0.000691s ]
NOTIC: D方法实例化没找到模型类Portal\Model\PostsModel

[ 2020-07-20T09:30:45+08:00 ] 127.0.0.1 /index.php?g=Portal&m=AdminPost&a=index
INFO: [ app_init ] --START--
INFO: Run Behavior\BuildLiteBehavior [ RunTime:0.000006s ]
INFO: Run Common\Behavior\InitHookBehavior [ RunTime:0.000769s ]
INFO: [ app_init ] --END-- [ RunTime:0.000969s ]
INFO: [ app_begin ] --START--
INFO: Run Behavior\ReadHtmlCacheBehavior [ RunTime:0.000249s ]
INFO: Run Behavior\CheckLangBehavior [ RunTime:0.000393s ]
INFO: [ app_begin ] --END-- [ RunTime:0.000678s ]
NOTIC: D方法实例化没找到模型类Portal\Model\PostsModel
INFO: [ view_parse ] --START--
INFO: [ template_filter ] --START--
INFO: Run Behavior\ContentReplaceBehavior [ RunTime:0.000131s ]
INFO: [ template_filter ] --END-- [ RunTime:0.000165s ]
NOTIC: [8] Undefined index: end_time E:\phpstudy2018\PHPTutorial\WWW\hcdf\data\runtime\Cache\Portal\9e8b2aead7c344b4e8f09dcbf8c108d1.php 第 65 行.
NOTIC: [8] Undefined index: keyword E:\phpstudy2018\PHPTutorial\WWW\hcdf\data\runtime\Cache\Portal\9e8b2aead7c344b4e8f09dcbf8c108d1.php 第 67 行.
INFO: Run Behavior\ParseTemplateBehavior [ RunTime:0.013647s ]
INFO: [ view_parse ] --END-- [ RunTime:0.013686s ]
INFO: [ view_filter ] --START--
INFO: Run Behavior\WriteHtmlCacheBehavior [ RunTime:0.000259s ]
INFO: Run Common\Behavior\TmplStripSpaceBehavior [ RunTime:0.000258s ]
INFO: [ view_filter ] --END-- [ RunTime:0.000557s ]
INFO: [ app_end ] --START--
INFO: Run Behavior\ShowPageTraceBehavior [ RunTime:0.000434s ]
INFO: [ app_end ] --END-- [ RunTime:0.000460s ]

[ 2020-07-20T09:30:47+08:00 ] 127.0.0.1 /index.php?g=Portal&m=AdminTerm&a=index&menuid=18
INFO: [ app_init ] --START--
INFO: Run Behavior\BuildLiteBehavior [ RunTime:0.000006s ]
INFO: Run Common\Behavior\InitHookBehavior [ RunTime:0.000734s ]
INFO: [ app_init ] --END-- [ RunTime:0.000927s ]
INFO: [ app_begin ] --START--
INFO: Run Behavior\ReadHtmlCacheBehavior [ RunTime:0.000365s ]
INFO: Run Behavior\CheckLangBehavior [ RunTime:0.000532s ]
INFO: [ app_begin ] --END-- [ RunTime:0.000940s ]
INFO: [ view_parse ] --START--
INFO: [ template_filter ] --START--
INFO: Run Behavior\ContentReplaceBehavior [ RunTime:0.000094s ]
INFO: [ template_filter ] --END-- [ RunTime:0.000162s ]
INFO: Run Behavior\ParseTemplateBehavior [ RunTime:0.012503s ]
INFO: [ view_parse ] --END-- [ RunTime:0.012575s ]
INFO: [ view_filter ] --START--
INFO: Run Behavior\WriteHtmlCacheBehavior [ RunTime:0.000494s ]
INFO: Run Common\Behavior\TmplStripSpaceBehavior [ RunTime:0.000485s ]
INFO: [ view_filter ] --END-- [ RunTime:0.001056s ]
INFO: [ app_end ] --START--
INFO: Run Behavior\ShowPageTraceBehavior [ RunTime:0.000814s ]
INFO: [ app_end ] --END-- [ RunTime:0.000865s ]

[ 2020-07-20T09:30:48+08:00 ] 127.0.0.1 /index.php?g=Portal&m=AdminPage&a=index&menuid=25
INFO: [ app_init ] --START--
INFO: Run Behavior\BuildLiteBehavior [ RunTime:0.000107s ]
INFO: Run Common\Behavior\InitHookBehavior [ RunTime:0.002569s ]
INFO: [ app_init ] --END-- [ RunTime:0.003277s ]
INFO: [ app_begin ] --START--
INFO: Run Behavior\ReadHtmlCacheBehavior [ RunTime:0.000681s ]
INFO: Run Behavior\CheckLangBehavior [ RunTime:0.001556s ]
INFO: [ app_begin ] --END-- [ RunTime:0.002348s ]
NOTIC: D方法实例化没找到模型类Common\Model\PostsModel
INFO: [ view_parse ] --START--
INFO: [ template_filter ] --START--
INFO: Run Behavior\ContentReplaceBehavior [ RunTime:0.000135s ]
INFO: [ template_filter ] --END-- [ RunTime:0.000195s ]
NOTIC: [8] Undefined index: start_time E:\phpstudy2018\PHPTutorial\WWW\hcdf\data\runtime\Cache\Portal\5083009d27e056fc58a4f1c04fed0447.php 第 60 行.
NOTIC: [8] Undefined index: end_time E:\phpstudy2018\PHPTutorial\WWW\hcdf\data\runtime\Cache\Portal\5083009d27e056fc58a4f1c04fed0447.php 第 61 行.
NOTIC: [8] Undefined index: keyword E:\phpstudy2018\PHPTutorial\WWW\hcdf\data\runtime\Cache\Portal\5083009d27e056fc58a4f1c04fed0447.php 第 62 行.
INFO: Run Behavior\ParseTemplateBehavior [ RunTime:0.015902s ]
INFO: [ view_parse ] --END-- [ RunTime:0.015966s ]
INFO: [ view_filter ] --START--
INFO: Run Behavior\WriteHtmlCacheBehavior [ RunTime:0.000541s ]
INFO: Run Common\Behavior\TmplStripSpaceBehavior [ RunTime:0.000520s ]
INFO: [ view_filter ] --END-- [ RunTime:0.001140s ]
INFO: [ app_end ] --START--
INFO: Run Behavior\ShowPageTraceBehavior [ RunTime:0.000805s ]
INFO: [ app_end ] --END-- [ RunTime:0.000855s ]

[ 2020-07-20T09:30:51+08:00 ] 127.0.0.1 /index.php?g=Portal&m=AdminPage&a=edit&id=2
INFO: [ app_init ] --START--
INFO: Run Behavior\BuildLiteBehavior [ RunTime:0.000006s ]
INFO: Run Common\Behavior\InitHookBehavior [ RunTime:0.000724s ]
INFO: [ app_init ] --END-- [ RunTime:0.000925s ]
INFO: [ app_begin ] --START--
INFO: Run Behavior\ReadHtmlCacheBehavior [ RunTime:0.000238s ]
INFO: Run Behavior\CheckLangBehavior [ RunTime:0.000412s ]
INFO: [ app_begin ] --END-- [ RunTime:0.000684s ]
NOTIC: D方法实例化没找到模型类Common\Model\PostsModel
INFO: [ view_parse ] --START--
INFO: [ template_filter ] --START--
INFO: Run Behavior\ContentReplaceBehavior [ RunTime:0.000245s ]
INFO: [ template_filter ] --END-- [ RunTime:0.000324s ]
INFO: Run Behavior\ParseTemplateBehavior [ RunTime:0.034635s ]
INFO: [ view_parse ] --END-- [ RunTime:0.034701s ]
INFO: [ view_filter ] --START--
INFO: Run Behavior\WriteHtmlCacheBehavior [ RunTime:0.000518s ]
INFO: Run Common\Behavior\TmplStripSpaceBehavior [ RunTime:0.000485s ]
INFO: [ view_filter ] --END-- [ RunTime:0.001083s ]
INFO: [ app_end ] --START--
INFO: Run Behavior\ShowPageTraceBehavior [ RunTime:0.000803s ]
INFO: [ app_end ] --END-- [ RunTime:0.000855s ]

[ 2020-07-20T09:31:07+08:00 ] 127.0.0.1 /index.php?g=Portal&m=AdminPage&a=edit_post
INFO: [ app_init ] --START--
INFO: Run Behavior\BuildLiteBehavior [ RunTime:0.000006s ]
INFO: Run Common\Behavior\InitHookBehavior [ RunTime:0.000721s ]
INFO: [ app_init ] --END-- [ RunTime:0.000912s ]
INFO: [ app_begin ] --START--
INFO: Run Behavior\ReadHtmlCacheBehavior [ RunTime:0.000233s ]
INFO: Run Behavior\CheckLangBehavior [ RunTime:0.000453s ]
INFO: [ app_begin ] --END-- [ RunTime:0.000719s ]
NOTIC: D方法实例化没找到模型类Common\Model\PostsModel

[ 2020-07-20T09:31:08+08:00 ] 127.0.0.1 /index.php?g=Portal&m=AdminPost&a=index
INFO: [ app_init ] --START--
INFO: Run Behavior\BuildLiteBehavior [ RunTime:0.000024s ]
INFO: Run Common\Behavior\InitHookBehavior [ RunTime:0.002453s ]
INFO: [ app_init ] --END-- [ RunTime:0.003226s ]
INFO: [ app_begin ] --START--
INFO: Run Behavior\ReadHtmlCacheBehavior [ RunTime:0.000481s ]
INFO: Run Behavior\CheckLangBehavior [ RunTime:0.000737s ]
INFO: [ app_begin ] --END-- [ RunTime:0.001291s ]
NOTIC: D方法实例化没找到模型类Portal\Model\PostsModel
INFO: [ view_parse ] --START--
INFO: [ template_filter ] --START--
INFO: Run Behavior\ContentReplaceBehavior [ RunTime:0.000085s ]
INFO: [ template_filter ] --END-- [ RunTime:0.000107s ]
NOTIC: [8] Undefined index: end_time E:\phpstudy2018\PHPTutorial\WWW\hcdf\data\runtime\Cache\Portal\9e8b2aead7c344b4e8f09dcbf8c108d1.php 第 65 行.
NOTIC: [8] Undefined index: keyword E:\phpstudy2018\PHPTutorial\WWW\hcdf\data\runtime\Cache\Portal\9e8b2aead7c344b4e8f09dcbf8c108d1.php 第 67 行.
INFO: Run Behavior\ParseTemplateBehavior [ RunTime:0.006596s ]
INFO: [ view_parse ] --END-- [ RunTime:0.006622s ]
INFO: [ view_filter ] --START--
INFO: Run Behavior\WriteHtmlCacheBehavior [ RunTime:0.000301s ]
INFO: Run Common\Behavior\TmplStripSpaceBehavior [ RunTime:0.000172s ]
INFO: [ view_filter ] --END-- [ RunTime:0.000503s ]
INFO: [ app_end ] --START--
INFO: Run Behavior\ShowPageTraceBehavior [ RunTime:0.000290s ]
INFO: [ app_end ] --END-- [ RunTime:0.000307s ]

[ 2020-07-20T09:31:10+08:00 ] 127.0.0.1 /index.php?g=Portal&m=AdminPage&a=index&menuid=25
INFO: [ app_init ] --START--
INFO: Run Behavior\BuildLiteBehavior [ RunTime:0.000005s ]
INFO: Run Common\Behavior\InitHookBehavior [ RunTime:0.000729s ]
INFO: [ app_init ] --END-- [ RunTime:0.000920s ]
INFO: [ app_begin ] --START--
INFO: Run Behavior\ReadHtmlCacheBehavior [ RunTime:0.000524s ]
INFO: Run Behavior\CheckLangBehavior [ RunTime:0.000483s ]
INFO: [ app_begin ] --END-- [ RunTime:0.001052s ]
NOTIC: D方法实例化没找到模型类Common\Model\PostsModel
INFO: [ view_parse ] --START--
INFO: [ template_filter ] --START--
INFO: Run Behavior\ContentReplaceBehavior [ RunTime:0.000216s ]
INFO: [ template_filter ] --END-- [ RunTime:0.000307s ]
NOTIC: [8] Undefined index: start_time E:\phpstudy2018\PHPTutorial\WWW\hcdf\data\runtime\Cache\Portal\5083009d27e056fc58a4f1c04fed0447.php 第 60 行.
NOTIC: [8] Undefined index: end_time E:\phpstudy2018\PHPTutorial\WWW\hcdf\data\runtime\Cache\Portal\5083009d27e056fc58a4f1c04fed0447.php 第 61 行.
NOTIC: [8] Undefined index: keyword E:\phpstudy2018\PHPTutorial\WWW\hcdf\data\runtime\Cache\Portal\5083009d27e056fc58a4f1c04fed0447.php 第 62 行.
INFO: Run Behavior\ParseTemplateBehavior [ RunTime:0.023553s ]
INFO: [ view_parse ] --END-- [ RunTime:0.023657s ]
INFO: [ view_filter ] --START--
INFO: Run Behavior\WriteHtmlCacheBehavior [ RunTime:0.000848s ]
INFO: Run Common\Behavior\TmplStripSpaceBehavior [ RunTime:0.000757s ]
INFO: [ view_filter ] --END-- [ RunTime:0.001729s ]
INFO: [ app_end ] --START--
INFO: Run Behavior\ShowPageTraceBehavior [ RunTime:0.001240s ]
INFO: [ app_end ] --END-- [ RunTime:0.001318s ]

[ 2020-07-20T09:31:17+08:00 ] 127.0.0.1 /index.php?g=Portal&m=AdminPage&a=edit&id=3
INFO: [ app_init ] --START--
INFO: Run Behavior\BuildLiteBehavior [ RunTime:0.000005s ]
INFO: Run Common\Behavior\InitHookBehavior [ RunTime:0.000733s ]
INFO: [ app_init ] --END-- [ RunTime:0.000925s ]
INFO: [ app_begin ] --START--
INFO: Run Behavior\ReadHtmlCacheBehavior [ RunTime:0.000238s ]
INFO: Run Behavior\CheckLangBehavior [ RunTime:0.000441s ]
INFO: [ app_begin ] --END-- [ RunTime:0.000716s ]
NOTIC: D方法实例化没找到模型类Common\Model\PostsModel
INFO: [ view_parse ] --START--
INFO: [ template_filter ] --START--
INFO: Run Behavior\ContentReplaceBehavior [ RunTime:0.000200s ]
INFO: [ template_filter ] --END-- [ RunTime:0.000255s ]
INFO: Run Behavior\ParseTemplateBehavior [ RunTime:0.015591s ]
INFO: [ view_parse ] --END-- [ RunTime:0.015653s ]
INFO: [ view_filter ] --START--
INFO: Run Behavior\WriteHtmlCacheBehavior [ RunTime:0.000454s ]
INFO: Run Common\Behavior\TmplStripSpaceBehavior [ RunTime:0.000458s ]
INFO: [ view_filter ] --END-- [ RunTime:0.000988s ]
INFO: [ app_end ] --START--
INFO: Run Behavior\ShowPageTraceBehavior [ RunTime:0.000875s ]
INFO: [ app_end ] --END-- [ RunTime:0.000946s ]

[ 2020-07-20T09:31:33+08:00 ] 127.0.0.1 /index.php?g=Portal&m=AdminPage&a=index&menuid=25
INFO: [ app_init ] --START--
INFO: Run Behavior\BuildLiteBehavior [ RunTime:0.000005s ]
INFO: Run Common\Behavior\InitHookBehavior [ RunTime:0.000739s ]
INFO: [ app_init ] --END-- [ RunTime:0.000930s ]
INFO: [ app_begin ] --START--
INFO: Run Behavior\ReadHtmlCacheBehavior [ RunTime:0.000235s ]
INFO: Run Behavior\CheckLangBehavior [ RunTime:0.000454s ]
INFO: [ app_begin ] --END-- [ RunTime:0.000724s ]
NOTIC: D方法实例化没找到模型类Common\Model\PostsModel
INFO: [ view_parse ] --START--
INFO: [ template_filter ] --START--
INFO: Run Behavior\ContentReplaceBehavior [ RunTime:0.000134s ]
INFO: [ template_filter ] --END-- [ RunTime:0.000195s ]
NOTIC: [8] Undefined index: start_time E:\phpstudy2018\PHPTutorial\WWW\hcdf\data\runtime\Cache\Portal\5083009d27e056fc58a4f1c04fed0447.php 第 60 行.
NOTIC: [8] Undefined index: end_time E:\phpstudy2018\PHPTutorial\WWW\hcdf\data\runtime\Cache\Portal\5083009d27e056fc58a4f1c04fed0447.php 第 61 行.
NOTIC: [8] Undefined index: keyword E:\phpstudy2018\PHPTutorial\WWW\hcdf\data\runtime\Cache\Portal\5083009d27e056fc58a4f1c04fed0447.php 第 62 行.
INFO: Run Behavior\ParseTemplateBehavior [ RunTime:0.014876s ]
INFO: [ view_parse ] --END-- [ RunTime:0.014936s ]
INFO: [ view_filter ] --START--
INFO: Run Behavior\WriteHtmlCacheBehavior [ RunTime:0.000478s ]
INFO: Run Common\Behavior\TmplStripSpaceBehavior [ RunTime:0.000480s ]
INFO: [ view_filter ] --END-- [ RunTime:0.001035s ]
INFO: [ app_end ] --START--
INFO: Run Behavior\ShowPageTraceBehavior [ RunTime:0.000956s ]
INFO: [ app_end ] --END-- [ RunTime:0.001016s ]

[ 2020-07-20T09:31:36+08:00 ] 127.0.0.1 /index.php?g=Portal&m=AdminPage&a=edit&id=4
INFO: [ app_init ] --START--
INFO: Run Behavior\BuildLiteBehavior [ RunTime:0.000007s ]
INFO: Run Common\Behavior\InitHookBehavior [ RunTime:0.000777s ]
INFO: [ app_init ] --END-- [ RunTime:0.001031s ]
INFO: [ app_begin ] --START--
INFO: Run Behavior\ReadHtmlCacheBehavior [ RunTime:0.000237s ]
INFO: Run Behavior\CheckLangBehavior [ RunTime:0.000413s ]
INFO: [ app_begin ] --END-- [ RunTime:0.000686s ]
NOTIC: D方法实例化没找到模型类Common\Model\PostsModel
INFO: [ view_parse ] --START--
INFO: [ template_filter ] --START--
INFO: Run Behavior\ContentReplaceBehavior [ RunTime:0.000346s ]
INFO: [ template_filter ] --END-- [ RunTime:0.000435s ]
INFO: Run Behavior\ParseTemplateBehavior [ RunTime:0.026338s ]
INFO: [ view_parse ] --END-- [ RunTime:0.026438s ]
INFO: [ view_filter ] --START--
INFO: Run Behavior\WriteHtmlCacheBehavior [ RunTime:0.000879s ]
INFO: Run Common\Behavior\TmplStripSpaceBehavior [ RunTime:0.000881s ]
INFO: [ view_filter ] --END-- [ RunTime:0.001948s ]
INFO: [ app_end ] --START--
INFO: Run Behavior\ShowPageTraceBehavior [ RunTime:0.001545s ]
INFO: [ app_end ] --END-- [ RunTime:0.001638s ]

[ 2020-07-20T09:41:30+08:00 ] 127.0.0.1 /index.php?g=Portal&m=AdminPost&a=index&menuid=7
INFO: [ app_init ] --START--
INFO: Run Behavior\BuildLiteBehavior [ RunTime:0.000007s ]
INFO: Run Common\Behavior\InitHookBehavior [ RunTime:0.001218s ]
INFO: [ app_init ] --END-- [ RunTime:0.001536s ]
INFO: [ app_begin ] --START--
INFO: Run Behavior\ReadHtmlCacheBehavior [ RunTime:0.000360s ]
INFO: Run Behavior\CheckLangBehavior [ RunTime:0.000963s ]
INFO: [ app_begin ] --END-- [ RunTime:0.001406s ]
NOTIC: D方法实例化没找到模型类Portal\Model\PostsModel
INFO: [ view_parse ] --START--
INFO: [ template_filter ] --START--
INFO: Run Behavior\ContentReplaceBehavior [ RunTime:0.000088s ]
INFO: [ template_filter ] --END-- [ RunTime:0.000114s ]
NOTIC: [8] Undefined index: end_time E:\phpstudy2018\PHPTutorial\WWW\hcdf\data\runtime\Cache\Portal\9e8b2aead7c344b4e8f09dcbf8c108d1.php 第 65 行.
NOTIC: [8] Undefined index: keyword E:\phpstudy2018\PHPTutorial\WWW\hcdf\data\runtime\Cache\Portal\9e8b2aead7c344b4e8f09dcbf8c108d1.php 第 67 行.
INFO: Run Behavior\ParseTemplateBehavior [ RunTime:0.008462s ]
INFO: [ view_parse ] --END-- [ RunTime:0.008483s ]
INFO: [ view_filter ] --START--
INFO: Run Behavior\WriteHtmlCacheBehavior [ RunTime:0.000200s ]
INFO: Run Common\Behavior\TmplStripSpaceBehavior [ RunTime:0.000198s ]
INFO: [ view_filter ] --END-- [ RunTime:0.000426s ]
INFO: [ app_end ] --START--
INFO: Run Behavior\ShowPageTraceBehavior [ RunTime:0.000345s ]
INFO: [ app_end ] --END-- [ RunTime:0.000363s ]

[ 2020-07-20T09:41:34+08:00 ] 127.0.0.1 /index.php?g=Portal&m=AdminPost&a=edit&term=&id=28
INFO: [ app_init ] --START--
INFO: Run Behavior\BuildLiteBehavior [ RunTime:0.000005s ]
INFO: Run Common\Behavior\InitHookBehavior [ RunTime:0.000769s ]
INFO: [ app_init ] --END-- [ RunTime:0.000958s ]
INFO: [ app_begin ] --START--
INFO: Run Behavior\ReadHtmlCacheBehavior [ RunTime:0.000394s ]
INFO: Run Behavior\CheckLangBehavior [ RunTime:0.000616s ]
INFO: [ app_begin ] --END-- [ RunTime:0.001059s ]
NOTIC: D方法实例化没找到模型类Portal\Model\PostsModel
INFO: [ view_parse ] --START--
INFO: [ template_filter ] --START--
INFO: Run Behavior\ContentReplaceBehavior [ RunTime:0.000088s ]
INFO: [ template_filter ] --END-- [ RunTime:0.000110s ]
NOTIC: [8] Undefined index: photo E:\phpstudy2018\PHPTutorial\WWW\hcdf\data\runtime\Cache\Portal\98f4bfd8ed6d924499508e4ab37dc2ca.php 第 116 行.
INFO: Run Behavior\ParseTemplateBehavior [ RunTime:0.006690s ]
INFO: [ view_parse ] --END-- [ RunTime:0.006728s ]
INFO: [ view_filter ] --START--
INFO: Run Behavior\WriteHtmlCacheBehavior [ RunTime:0.000367s ]
INFO: Run Common\Behavior\TmplStripSpaceBehavior [ RunTime:0.000304s ]
INFO: [ view_filter ] --END-- [ RunTime:0.000704s ]
INFO: [ app_end ] --START--
INFO: Run Behavior\ShowPageTraceBehavior [ RunTime:0.000377s ]
INFO: [ app_end ] --END-- [ RunTime:0.000397s ]

[ 2020-07-20T09:41:39+08:00 ] 127.0.0.1 /index.php?g=Portal&m=AdminPost&a=edit_post
INFO: [ app_init ] --START--
INFO: Run Behavior\BuildLiteBehavior [ RunTime:0.000006s ]
INFO: Run Common\Behavior\InitHookBehavior [ RunTime:0.000755s ]
INFO: [ app_init ] --END-- [ RunTime:0.000986s ]
INFO: [ app_begin ] --START--
INFO: Run Behavior\ReadHtmlCacheBehavior [ RunTime:0.000297s ]
INFO: Run Behavior\CheckLangBehavior [ RunTime:0.000622s ]
INFO: [ app_begin ] --END-- [ RunTime:0.000966s ]
NOTIC: D方法实例化没找到模型类Portal\Model\PostsModel

[ 2020-07-20T09:41:47+08:00 ] 127.0.0.1 /index.php?g=Portal&m=AdminPost&a=index
INFO: [ app_init ] --START--
INFO: Run Behavior\BuildLiteBehavior [ RunTime:0.000006s ]
INFO: Run Common\Behavior\InitHookBehavior [ RunTime:0.000844s ]
INFO: [ app_init ] --END-- [ RunTime:0.001057s ]
INFO: [ app_begin ] --START--
INFO: Run Behavior\ReadHtmlCacheBehavior [ RunTime:0.000324s ]
INFO: Run Behavior\CheckLangBehavior [ RunTime:0.000534s ]
INFO: [ app_begin ] --END-- [ RunTime:0.000908s ]
NOTIC: D方法实例化没找到模型类Portal\Model\PostsModel
INFO: [ view_parse ] --START--
INFO: [ template_filter ] --START--
INFO: Run Behavior\ContentReplaceBehavior [ RunTime:0.000112s ]
INFO: [ template_filter ] --END-- [ RunTime:0.000139s ]
NOTIC: [8] Undefined index: end_time E:\phpstudy2018\PHPTutorial\WWW\hcdf\data\runtime\Cache\Portal\9e8b2aead7c344b4e8f09dcbf8c108d1.php 第 65 行.
NOTIC: [8] Undefined index: keyword E:\phpstudy2018\PHPTutorial\WWW\hcdf\data\runtime\Cache\Portal\9e8b2aead7c344b4e8f09dcbf8c108d1.php 第 67 行.
INFO: Run Behavior\ParseTemplateBehavior [ RunTime:0.011138s ]
INFO: [ view_parse ] --END-- [ RunTime:0.011163s ]
INFO: [ view_filter ] --START--
INFO: Run Behavior\WriteHtmlCacheBehavior [ RunTime:0.000321s ]
INFO: Run Common\Behavior\TmplStripSpaceBehavior [ RunTime:0.000399s ]
INFO: [ view_filter ] --END-- [ RunTime:0.000754s ]
INFO: [ app_end ] --START--
INFO: Run Behavior\ShowPageTraceBehavior [ RunTime:0.000399s ]
INFO: [ app_end ] --END-- [ RunTime:0.000421s ]

[ 2020-07-20T09:43:52+08:00 ] 127.0.0.1 /index.php?g=portal&m=page&a=record&id=11955
INFO: [ app_init ] --START--
INFO: Run Behavior\BuildLiteBehavior [ RunTime:0.000009s ]
INFO: Run Common\Behavior\InitHookBehavior [ RunTime:0.002157s ]
INFO: [ app_init ] --END-- [ RunTime:0.002598s ]
INFO: [ app_begin ] --START--
INFO: Run Behavior\ReadHtmlCacheBehavior [ RunTime:0.000379s ]
INFO: Run Behavior\CheckLangBehavior [ RunTime:0.000497s ]
INFO: [ app_begin ] --END-- [ RunTime:0.000922s ]
NOTIC: [8] Undefined index: game_switch E:\phpstudy2018\PHPTutorial\WWW\hcdf\application\Common\Common\function.php 第 1912 行.
NOTIC: [8] Undefined index: game_switch E:\phpstudy2018\PHPTutorial\WWW\hcdf\application\Common\Common\function.php 第 1912 行.
NOTIC: [8] Undefined variable: level_a E:\phpstudy2018\PHPTutorial\WWW\hcdf\application\Common\Common\function.php 第 1961 行.
NOTIC: [8] Undefined index: game_switch E:\phpstudy2018\PHPTutorial\WWW\hcdf\application\Common\Common\function.php 第 1912 行.
NOTIC: [8] Undefined index: game_switch E:\phpstudy2018\PHPTutorial\WWW\hcdf\application\Common\Common\function.php 第 1912 行.
NOTIC: [8] Undefined variable: level_a E:\phpstudy2018\PHPTutorial\WWW\hcdf\application\Common\Common\function.php 第 1984 行.
INFO: [ view_parse ] --START--
INFO: [ template_filter ] --START--
INFO: Run Behavior\ContentReplaceBehavior [ RunTime:0.000073s ]
INFO: [ template_filter ] --END-- [ RunTime:0.000099s ]
NOTIC: [8] Undefined variable: user E:\phpstudy2018\PHPTutorial\WWW\hcdf\data\runtime\Cache\Portal\c29f16e7f301980deb585a441f8730f0.php 第 34 行.
NOTIC: [8] Undefined variable: user E:\phpstudy2018\PHPTutorial\WWW\hcdf\data\runtime\Cache\Portal\c29f16e7f301980deb585a441f8730f0.php 第 178 行.
INFO: Run Behavior\ParseTemplateBehavior [ RunTime:0.026959s ]
INFO: [ view_parse ] --END-- [ RunTime:0.026993s ]
INFO: [ view_filter ] --START--
INFO: Run Behavior\WriteHtmlCacheBehavior [ RunTime:0.000394s ]
INFO: Run Common\Behavior\TmplStripSpaceBehavior [ RunTime:0.000510s ]
INFO: [ view_filter ] --END-- [ RunTime:0.001001s ]
INFO: [ app_end ] --START--
INFO: Run Behavior\ShowPageTraceBehavior [ RunTime:0.000401s ]
INFO: [ app_end ] --END-- [ RunTime:0.000424s ]

[ 2020-07-20T09:44:52+08:00 ] 127.0.0.1 /index.php?g=portal&m=page&a=record&id=11955
INFO: [ app_init ] --START--
INFO: Run Behavior\BuildLiteBehavior [ RunTime:0.000005s ]
INFO: Run Common\Behavior\InitHookBehavior [ RunTime:0.000752s ]
INFO: [ app_init ] --END-- [ RunTime:0.001043s ]
INFO: [ app_begin ] --START--
INFO: Run Behavior\ReadHtmlCacheBehavior [ RunTime:0.000815s ]
INFO: Run Behavior\CheckLangBehavior [ RunTime:0.000802s ]
INFO: [ app_begin ] --END-- [ RunTime:0.001681s ]
NOTIC: [8] Undefined index: game_switch E:\phpstudy2018\PHPTutorial\WWW\hcdf\application\Common\Common\function.php 第 1912 行.
NOTIC: [8] Undefined index: game_switch E:\phpstudy2018\PHPTutorial\WWW\hcdf\application\Common\Common\function.php 第 1912 行.
NOTIC: [8] Undefined variable: level_a E:\phpstudy2018\PHPTutorial\WWW\hcdf\application\Common\Common\function.php 第 1961 行.
NOTIC: [8] Undefined index: game_switch E:\phpstudy2018\PHPTutorial\WWW\hcdf\application\Common\Common\function.php 第 1912 行.
NOTIC: [8] Undefined index: game_switch E:\phpstudy2018\PHPTutorial\WWW\hcdf\application\Common\Common\function.php 第 1912 行.
NOTIC: [8] Undefined variable: level_a E:\phpstudy2018\PHPTutorial\WWW\hcdf\application\Common\Common\function.php 第 1984 行.
INFO: [ view_parse ] --START--
INFO: [ template_filter ] --START--
INFO: Run Behavior\ContentReplaceBehavior [ RunTime:0.000071s ]
INFO: [ template_filter ] --END-- [ RunTime:0.000104s ]
NOTIC: [8] Undefined variable: user E:\phpstudy2018\PHPTutorial\WWW\hcdf\data\runtime\Cache\Portal\c29f16e7f301980deb585a441f8730f0.php 第 34 行.
NOTIC: [8] Undefined variable: user E:\phpstudy2018\PHPTutorial\WWW\hcdf\data\runtime\Cache\Portal\c29f16e7f301980deb585a441f8730f0.php 第 178 行.
INFO: Run Behavior\ParseTemplateBehavior [ RunTime:0.009124s ]
INFO: [ view_parse ] --END-- [ RunTime:0.009156s ]
INFO: [ view_filter ] --START--
INFO: Run Behavior\WriteHtmlCacheBehavior [ RunTime:0.000267s ]
INFO: Run Common\Behavior\TmplStripSpaceBehavior [ RunTime:0.000267s ]
INFO: [ view_filter ] --END-- [ RunTime:0.000571s ]
INFO: [ app_end ] --START--
INFO: Run Behavior\ShowPageTraceBehavior [ RunTime:0.000461s ]
INFO: [ app_end ] --END-- [ RunTime:0.000488s ]

[ 2020-07-20T09:46:33+08:00 ] 127.0.0.1 /index.php?g=portal&m=page&a=record&id=11958
INFO: [ app_init ] --START--
INFO: Run Behavior\BuildLiteBehavior [ RunTime:0.000048s ]
INFO: Run Common\Behavior\InitHookBehavior [ RunTime:0.001459s ]
INFO: [ app_init ] --END-- [ RunTime:0.002250s ]
INFO: [ app_begin ] --START--
INFO: Run Behavior\ReadHtmlCacheBehavior [ RunTime:0.000264s ]
INFO: Run Behavior\CheckLangBehavior [ RunTime:0.000346s ]
INFO: [ app_begin ] --END-- [ RunTime:0.000649s ]
NOTIC: [8] Undefined index: game_switch E:\phpstudy2018\PHPTutorial\WWW\hcdf\application\Common\Common\function.php 第 1912 行.
NOTIC: [8] Undefined index: game_switch E:\phpstudy2018\PHPTutorial\WWW\hcdf\application\Common\Common\function.php 第 1912 行.
NOTIC: [8] Undefined variable: level_a E:\phpstudy2018\PHPTutorial\WWW\hcdf\application\Common\Common\function.php 第 1961 行.
NOTIC: [8] Undefined index: game_switch E:\phpstudy2018\PHPTutorial\WWW\hcdf\application\Common\Common\function.php 第 1912 行.
NOTIC: [8] Undefined index: game_switch E:\phpstudy2018\PHPTutorial\WWW\hcdf\application\Common\Common\function.php 第 1912 行.
NOTIC: [8] Undefined variable: level_a E:\phpstudy2018\PHPTutorial\WWW\hcdf\application\Common\Common\function.php 第 1984 行.
INFO: [ view_parse ] --START--
INFO: [ template_filter ] --START--
INFO: Run Behavior\ContentReplaceBehavior [ RunTime:0.000066s ]
INFO: [ template_filter ] --END-- [ RunTime:0.000091s ]
NOTIC: [8] Undefined variable: user E:\phpstudy2018\PHPTutorial\WWW\hcdf\data\runtime\Cache\Portal\c29f16e7f301980deb585a441f8730f0.php 第 34 行.
NOTIC: [8] Undefined variable: user E:\phpstudy2018\PHPTutorial\WWW\hcdf\data\runtime\Cache\Portal\c29f16e7f301980deb585a441f8730f0.php 第 178 行.
INFO: Run Behavior\ParseTemplateBehavior [ RunTime:0.007698s ]
INFO: [ view_parse ] --END-- [ RunTime:0.007721s ]
INFO: [ view_filter ] --START--
INFO: Run Behavior\WriteHtmlCacheBehavior [ RunTime:0.000197s ]
INFO: Run Common\Behavior\TmplStripSpaceBehavior [ RunTime:0.000196s ]
INFO: [ view_filter ] --END-- [ RunTime:0.000418s ]
INFO: [ app_end ] --START--
INFO: Run Behavior\ShowPageTraceBehavior [ RunTime:0.000387s ]
INFO: [ app_end ] --END-- [ RunTime:0.000405s ]

[ 2020-07-20T09:46:51+08:00 ] 127.0.0.1 /index.php?g=portal&m=page&a=record&id=11958
INFO: [ app_init ] --START--
INFO: Run Behavior\BuildLiteBehavior [ RunTime:0.000005s ]
INFO: Run Common\Behavior\InitHookBehavior [ RunTime:0.000804s ]
INFO: [ app_init ] --END-- [ RunTime:0.001002s ]
INFO: [ app_begin ] --START--
INFO: Run Behavior\ReadHtmlCacheBehavior [ RunTime:0.000793s ]
INFO: Run Behavior\CheckLangBehavior [ RunTime:0.001166s ]
INFO: [ app_begin ] --END-- [ RunTime:0.002072s ]
NOTIC: [8] Undefined index: game_switch E:\phpstudy2018\PHPTutorial\WWW\hcdf\application\Common\Common\function.php 第 1912 行.
NOTIC: [8] Undefined index: game_switch E:\phpstudy2018\PHPTutorial\WWW\hcdf\application\Common\Common\function.php 第 1912 行.
NOTIC: [8] Undefined variable: level_a E:\phpstudy2018\PHPTutorial\WWW\hcdf\application\Common\Common\function.php 第 1961 行.
NOTIC: [8] Undefined index: game_switch E:\phpstudy2018\PHPTutorial\WWW\hcdf\application\Common\Common\function.php 第 1912 行.
NOTIC: [8] Undefined index: game_switch E:\phpstudy2018\PHPTutorial\WWW\hcdf\application\Common\Common\function.php 第 1912 行.
NOTIC: [8] Undefined variable: level_a E:\phpstudy2018\PHPTutorial\WWW\hcdf\application\Common\Common\function.php 第 1984 行.
INFO: [ view_parse ] --START--
INFO: [ template_filter ] --START--
INFO: Run Behavior\ContentReplaceBehavior [ RunTime:0.000053s ]
INFO: [ template_filter ] --END-- [ RunTime:0.000076s ]
NOTIC: [8] Undefined variable: user E:\phpstudy2018\PHPTutorial\WWW\hcdf\data\runtime\Cache\Portal\c29f16e7f301980deb585a441f8730f0.php 第 34 行.
NOTIC: [8] Undefined variable: user E:\phpstudy2018\PHPTutorial\WWW\hcdf\data\runtime\Cache\Portal\c29f16e7f301980deb585a441f8730f0.php 第 178 行.
INFO: Run Behavior\ParseTemplateBehavior [ RunTime:0.006843s ]
INFO: [ view_parse ] --END-- [ RunTime:0.006870s ]
INFO: [ view_filter ] --START--
INFO: Run Behavior\WriteHtmlCacheBehavior [ RunTime:0.000216s ]
INFO: Run Common\Behavior\TmplStripSpaceBehavior [ RunTime:0.000229s ]
INFO: [ view_filter ] --END-- [ RunTime:0.000473s ]
INFO: [ app_end ] --START--
INFO: Run Behavior\ShowPageTraceBehavior [ RunTime:0.000550s ]
INFO: [ app_end ] --END-- [ RunTime:0.000568s ]

[ 2020-07-20T09:48:45+08:00 ] 127.0.0.1 /index.php?g=portal&m=page&a=record&id=11959
INFO: [ app_init ] --START--
INFO: Run Behavior\BuildLiteBehavior [ RunTime:0.000007s ]
INFO: Run Common\Behavior\InitHookBehavior [ RunTime:0.000821s ]
INFO: [ app_init ] --END-- [ RunTime:0.001036s ]
INFO: [ app_begin ] --START--
INFO: Run Behavior\ReadHtmlCacheBehavior [ RunTime:0.000254s ]
INFO: Run Behavior\CheckLangBehavior [ RunTime:0.000341s ]
INFO: [ app_begin ] --END-- [ RunTime:0.000631s ]
NOTIC: [8] Undefined index: game_switch E:\phpstudy2018\PHPTutorial\WWW\hcdf\application\Common\Common\function.php 第 1912 行.
NOTIC: [8] Undefined index: game_switch E:\phpstudy2018\PHPTutorial\WWW\hcdf\application\Common\Common\function.php 第 1912 行.
NOTIC: [8] Undefined variable: level_a E:\phpstudy2018\PHPTutorial\WWW\hcdf\application\Common\Common\function.php 第 1961 行.
NOTIC: [8] Undefined index: game_switch E:\phpstudy2018\PHPTutorial\WWW\hcdf\application\Common\Common\function.php 第 1912 行.
NOTIC: [8] Undefined index: game_switch E:\phpstudy2018\PHPTutorial\WWW\hcdf\application\Common\Common\function.php 第 1912 行.
NOTIC: [8] Undefined variable: level_a E:\phpstudy2018\PHPTutorial\WWW\hcdf\application\Common\Common\function.php 第 1984 行.
INFO: [ view_parse ] --START--
INFO: [ template_filter ] --START--
INFO: Run Behavior\ContentReplaceBehavior [ RunTime:0.000058s ]
INFO: [ template_filter ] --END-- [ RunTime:0.000086s ]
NOTIC: [8] Undefined variable: user E:\phpstudy2018\PHPTutorial\WWW\hcdf\data\runtime\Cache\Portal\c29f16e7f301980deb585a441f8730f0.php 第 34 行.
NOTIC: [8] Undefined variable: user E:\phpstudy2018\PHPTutorial\WWW\hcdf\data\runtime\Cache\Portal\c29f16e7f301980deb585a441f8730f0.php 第 178 行.
INFO: Run Behavior\ParseTemplateBehavior [ RunTime:0.007446s ]
INFO: [ view_parse ] --END-- [ RunTime:0.007471s ]
INFO: [ view_filter ] --START--
INFO: Run Behavior\WriteHtmlCacheBehavior [ RunTime:0.000223s ]
INFO: Run Common\Behavior\TmplStripSpaceBehavior [ RunTime:0.000217s ]
INFO: [ view_filter ] --END-- [ RunTime:0.000468s ]
INFO: [ app_end ] --START--
INFO: Run Behavior\ShowPageTraceBehavior [ RunTime:0.000374s ]
INFO: [ app_end ] --END-- [ RunTime:0.000395s ]

[ 2020-07-20T09:50:26+08:00 ] 127.0.0.1 /index.php?g=portal&m=page&a=record&id=11960
INFO: [ app_init ] --START--
INFO: Run Behavior\BuildLiteBehavior [ RunTime:0.000006s ]
INFO: Run Common\Behavior\InitHookBehavior [ RunTime:0.000769s ]
INFO: [ app_init ] --END-- [ RunTime:0.000966s ]
INFO: [ app_begin ] --START--
INFO: Run Behavior\ReadHtmlCacheBehavior [ RunTime:0.000447s ]
INFO: Run Behavior\CheckLangBehavior [ RunTime:0.000920s ]
INFO: [ app_begin ] --END-- [ RunTime:0.001459s ]
NOTIC: [8] Undefined index: game_switch E:\phpstudy2018\PHPTutorial\WWW\hcdf\application\Common\Common\function.php 第 1912 行.
NOTIC: [8] Undefined index: game_switch E:\phpstudy2018\PHPTutorial\WWW\hcdf\application\Common\Common\function.php 第 1912 行.
NOTIC: [8] Undefined variable: level_a E:\phpstudy2018\PHPTutorial\WWW\hcdf\application\Common\Common\function.php 第 1961 行.
NOTIC: [8] Undefined index: game_switch E:\phpstudy2018\PHPTutorial\WWW\hcdf\application\Common\Common\function.php 第 1912 行.
NOTIC: [8] Undefined index: game_switch E:\phpstudy2018\PHPTutorial\WWW\hcdf\application\Common\Common\function.php 第 1912 行.
NOTIC: [8] Undefined variable: level_a E:\phpstudy2018\PHPTutorial\WWW\hcdf\application\Common\Common\function.php 第 1984 行.
INFO: [ view_parse ] --START--
INFO: [ template_filter ] --START--
INFO: Run Behavior\ContentReplaceBehavior [ RunTime:0.000054s ]
INFO: [ template_filter ] --END-- [ RunTime:0.000079s ]
NOTIC: [8] Undefined variable: user E:\phpstudy2018\PHPTutorial\WWW\hcdf\data\runtime\Cache\Portal\c29f16e7f301980deb585a441f8730f0.php 第 34 行.
NOTIC: [8] Undefined variable: user E:\phpstudy2018\PHPTutorial\WWW\hcdf\data\runtime\Cache\Portal\c29f16e7f301980deb585a441f8730f0.php 第 178 行.
INFO: Run Behavior\ParseTemplateBehavior [ RunTime:0.007390s ]
INFO: [ view_parse ] --END-- [ RunTime:0.007445s ]
INFO: [ view_filter ] --START--
INFO: Run Behavior\WriteHtmlCacheBehavior [ RunTime:0.000402s ]
INFO: Run Common\Behavior\TmplStripSpaceBehavior [ RunTime:0.000525s ]
INFO: [ view_filter ] --END-- [ RunTime:0.001066s ]
INFO: [ app_end ] --START--
INFO: Run Behavior\ShowPageTraceBehavior [ RunTime:0.000883s ]
INFO: [ app_end ] --END-- [ RunTime:0.000915s ]

[ 2020-07-20T09:50:44+08:00 ] 127.0.0.1 /index.php?g=portal&m=page&a=record&id=11960
INFO: [ app_init ] --START--
INFO: Run Behavior\BuildLiteBehavior [ RunTime:0.000032s ]
INFO: Run Common\Behavior\InitHookBehavior [ RunTime:0.002639s ]
INFO: [ app_init ] --END-- [ RunTime:0.003486s ]
INFO: [ app_begin ] --START--
INFO: Run Behavior\ReadHtmlCacheBehavior [ RunTime:0.000436s ]
INFO: Run Behavior\CheckLangBehavior [ RunTime:0.000521s ]
INFO: [ app_begin ] --END-- [ RunTime:0.001006s ]
NOTIC: [8] Undefined index: game_switch E:\phpstudy2018\PHPTutorial\WWW\hcdf\application\Common\Common\function.php 第 1912 行.
NOTIC: [8] Undefined index: game_switch E:\phpstudy2018\PHPTutorial\WWW\hcdf\application\Common\Common\function.php 第 1912 行.
NOTIC: [8] Undefined variable: level_a E:\phpstudy2018\PHPTutorial\WWW\hcdf\application\Common\Common\function.php 第 1961 行.
NOTIC: [8] Undefined index: game_switch E:\phpstudy2018\PHPTutorial\WWW\hcdf\application\Common\Common\function.php 第 1912 行.
NOTIC: [8] Undefined index: game_switch E:\phpstudy2018\PHPTutorial\WWW\hcdf\application\Common\Common\function.php 第 1912 行.
NOTIC: [8] Undefined variable: level_a E:\phpstudy2018\PHPTutorial\WWW\hcdf\application\Common\Common\function.php 第 1984 行.
INFO: [ view_parse ] --START--
INFO: [ template_filter ] --START--
INFO: Run Behavior\ContentReplaceBehavior [ RunTime:0.000054s ]
INFO: [ template_filter ] --END-- [ RunTime:0.000078s ]
NOTIC: [8] Undefined variable: user E:\phpstudy2018\PHPTutorial\WWW\hcdf\data\runtime\Cache\Portal\c29f16e7f301980deb585a441f8730f0.php 第 34 行.
NOTIC: [8] Undefined variable: user E:\phpstudy2018\PHPTutorial\WWW\hcdf\data\runtime\Cache\Portal\c29f16e7f301980deb585a441f8730f0.php 第 178 行.
INFO: Run Behavior\ParseTemplateBehavior [ RunTime:0.007535s ]
INFO: [ view_parse ] --END-- [ RunTime:0.007574s ]
INFO: [ view_filter ] --START--
INFO: Run Behavior\WriteHtmlCacheBehavior [ RunTime:0.000213s ]
INFO: Run Common\Behavior\TmplStripSpaceBehavior [ RunTime:0.000216s ]
INFO: [ view_filter ] --END-- [ RunTime:0.000471s ]
INFO: [ app_end ] --START--
INFO: Run Behavior\ShowPageTraceBehavior [ RunTime:0.000529s ]
INFO: [ app_end ] --END-- [ RunTime:0.000548s ]

[ 2020-07-20T09:53:52+08:00 ] 127.0.0.1 /index.php?g=portal&m=page&a=record&id=11958
INFO: [ app_init ] --START--
INFO: Run Behavior\BuildLiteBehavior [ RunTime:0.000022s ]
INFO: Run Common\Behavior\InitHookBehavior [ RunTime:0.000910s ]
INFO: [ app_init ] --END-- [ RunTime:0.001622s ]
INFO: [ app_begin ] --START--
INFO: Run Behavior\ReadHtmlCacheBehavior [ RunTime:0.000250s ]
INFO: Run Behavior\CheckLangBehavior [ RunTime:0.000414s ]
INFO: [ app_begin ] --END-- [ RunTime:0.000701s ]
NOTIC: [8] Undefined index: game_switch E:\phpstudy2018\PHPTutorial\WWW\hcdf\application\Common\Common\function.php 第 1912 行.
NOTIC: [8] Undefined index: game_switch E:\phpstudy2018\PHPTutorial\WWW\hcdf\application\Common\Common\function.php 第 1912 行.
NOTIC: [8] Undefined variable: level_a E:\phpstudy2018\PHPTutorial\WWW\hcdf\application\Common\Common\function.php 第 1961 行.
NOTIC: [8] Undefined index: game_switch E:\phpstudy2018\PHPTutorial\WWW\hcdf\application\Common\Common\function.php 第 1912 行.
NOTIC: [8] Undefined index: game_switch E:\phpstudy2018\PHPTutorial\WWW\hcdf\application\Common\Common\function.php 第 1912 行.
NOTIC: [8] Undefined variable: level_a E:\phpstudy2018\PHPTutorial\WWW\hcdf\application\Common\Common\function.php 第 1984 行.
INFO: [ view_parse ] --START--
INFO: [ template_filter ] --START--
INFO: Run Behavior\ContentReplaceBehavior [ RunTime:0.000054s ]
INFO: [ template_filter ] --END-- [ RunTime:0.000077s ]
NOTIC: [8] Undefined variable: user E:\phpstudy2018\PHPTutorial\WWW\hcdf\data\runtime\Cache\Portal\c29f16e7f301980deb585a441f8730f0.php 第 35 行.
NOTIC: [8] Undefined variable: user E:\phpstudy2018\PHPTutorial\WWW\hcdf\data\runtime\Cache\Portal\c29f16e7f301980deb585a441f8730f0.php 第 179 行.
INFO: Run Behavior\ParseTemplateBehavior [ RunTime:0.006947s ]
INFO: [ view_parse ] --END-- [ RunTime:0.006970s ]
INFO: [ view_filter ] --START--
INFO: Run Behavior\WriteHtmlCacheBehavior [ RunTime:0.000207s ]
INFO: Run Common\Behavior\TmplStripSpaceBehavior [ RunTime:0.000206s ]
INFO: [ view_filter ] --END-- [ RunTime:0.000440s ]
INFO: [ app_end ] --START--
INFO: Run Behavior\ShowPageTraceBehavior [ RunTime:0.000861s ]
INFO: [ app_end ] --END-- [ RunTime:0.000883s ]

[ 2020-07-20T09:53:55+08:00 ] 127.0.0.1 /index.php?g=portal&m=page&a=record&id=11959
INFO: [ app_init ] --START--
INFO: Run Behavior\BuildLiteBehavior [ RunTime:0.000008s ]
INFO: Run Common\Behavior\InitHookBehavior [ RunTime:0.001202s ]
INFO: [ app_init ] --END-- [ RunTime:0.001495s ]
INFO: [ app_begin ] --START--
INFO: Run Behavior\ReadHtmlCacheBehavior [ RunTime:0.000318s ]
INFO: Run Behavior\CheckLangBehavior [ RunTime:0.000447s ]
INFO: [ app_begin ] --END-- [ RunTime:0.000813s ]
NOTIC: [8] Undefined index: game_switch E:\phpstudy2018\PHPTutorial\WWW\hcdf\application\Common\Common\function.php 第 1912 行.
NOTIC: [8] Undefined index: game_switch E:\phpstudy2018\PHPTutorial\WWW\hcdf\application\Common\Common\function.php 第 1912 行.
NOTIC: [8] Undefined variable: level_a E:\phpstudy2018\PHPTutorial\WWW\hcdf\application\Common\Common\function.php 第 1961 行.
NOTIC: [8] Undefined index: game_switch E:\phpstudy2018\PHPTutorial\WWW\hcdf\application\Common\Common\function.php 第 1912 行.
NOTIC: [8] Undefined index: game_switch E:\phpstudy2018\PHPTutorial\WWW\hcdf\application\Common\Common\function.php 第 1912 行.
NOTIC: [8] Undefined variable: level_a E:\phpstudy2018\PHPTutorial\WWW\hcdf\application\Common\Common\function.php 第 1984 行.
INFO: [ view_parse ] --START--
INFO: [ template_filter ] --START--
INFO: Run Behavior\ContentReplaceBehavior [ RunTime:0.000056s ]
INFO: [ template_filter ] --END-- [ RunTime:0.000080s ]
NOTIC: [8] Undefined variable: user E:\phpstudy2018\PHPTutorial\WWW\hcdf\data\runtime\Cache\Portal\c29f16e7f301980deb585a441f8730f0.php 第 35 行.
NOTIC: [8] Undefined variable: user E:\phpstudy2018\PHPTutorial\WWW\hcdf\data\runtime\Cache\Portal\c29f16e7f301980deb585a441f8730f0.php 第 179 行.
INFO: Run Behavior\ParseTemplateBehavior [ RunTime:0.008236s ]
INFO: [ view_parse ] --END-- [ RunTime:0.008311s ]
INFO: [ view_filter ] --START--
INFO: Run Behavior\WriteHtmlCacheBehavior [ RunTime:0.000217s ]
INFO: Run Common\Behavior\TmplStripSpaceBehavior [ RunTime:0.000210s ]
INFO: [ view_filter ] --END-- [ RunTime:0.000455s ]
INFO: [ app_end ] --START--
INFO: Run Behavior\ShowPageTraceBehavior [ RunTime:0.000362s ]
INFO: [ app_end ] --END-- [ RunTime:0.000380s ]

[ 2020-07-20T09:53:58+08:00 ] 127.0.0.1 /index.php?g=portal&m=page&a=record&id=11960
INFO: [ app_init ] --START--
INFO: Run Behavior\BuildLiteBehavior [ RunTime:0.000006s ]
INFO: Run Common\Behavior\InitHookBehavior [ RunTime:0.001778s ]
INFO: [ app_init ] --END-- [ RunTime:0.002088s ]
INFO: [ app_begin ] --START--
INFO: Run Behavior\ReadHtmlCacheBehavior [ RunTime:0.000259s ]
INFO: Run Behavior\CheckLangBehavior [ RunTime:0.000397s ]
INFO: [ app_begin ] --END-- [ RunTime:0.000695s ]
NOTIC: [8] Undefined index: game_switch E:\phpstudy2018\PHPTutorial\WWW\hcdf\application\Common\Common\function.php 第 1912 行.
NOTIC: [8] Undefined index: game_switch E:\phpstudy2018\PHPTutorial\WWW\hcdf\application\Common\Common\function.php 第 1912 行.
NOTIC: [8] Undefined variable: level_a E:\phpstudy2018\PHPTutorial\WWW\hcdf\application\Common\Common\function.php 第 1961 行.
NOTIC: [8] Undefined index: game_switch E:\phpstudy2018\PHPTutorial\WWW\hcdf\application\Common\Common\function.php 第 1912 行.
NOTIC: [8] Undefined index: game_switch E:\phpstudy2018\PHPTutorial\WWW\hcdf\application\Common\Common\function.php 第 1912 行.
NOTIC: [8] Undefined variable: level_a E:\phpstudy2018\PHPTutorial\WWW\hcdf\application\Common\Common\function.php 第 1984 行.
INFO: [ view_parse ] --START--
INFO: [ template_filter ] --START--
INFO: Run Behavior\ContentReplaceBehavior [ RunTime:0.000058s ]
INFO: [ template_filter ] --END-- [ RunTime:0.000082s ]
NOTIC: [8] Undefined variable: user E:\phpstudy2018\PHPTutorial\WWW\hcdf\data\runtime\Cache\Portal\c29f16e7f301980deb585a441f8730f0.php 第 35 行.
NOTIC: [8] Undefined variable: user E:\phpstudy2018\PHPTutorial\WWW\hcdf\data\runtime\Cache\Portal\c29f16e7f301980deb585a441f8730f0.php 第 179 行.
INFO: Run Behavior\ParseTemplateBehavior [ RunTime:0.007740s ]
INFO: [ view_parse ] --END-- [ RunTime:0.007761s ]
INFO: [ view_filter ] --START--
INFO: Run Behavior\WriteHtmlCacheBehavior [ RunTime:0.000224s ]
INFO: Run Common\Behavior\TmplStripSpaceBehavior [ RunTime:0.000223s ]
INFO: [ view_filter ] --END-- [ RunTime:0.000473s ]
INFO: [ app_end ] --START--
INFO: Run Behavior\ShowPageTraceBehavior [ RunTime:0.000334s ]
INFO: [ app_end ] --END-- [ RunTime:0.000354s ]

[ 2020-07-20T09:54:02+08:00 ] 127.0.0.1 /index.php?g=portal&m=page&a=record&id=11955
INFO: [ app_init ] --START--
INFO: Run Behavior\BuildLiteBehavior [ RunTime:0.000011s ]
INFO: Run Common\Behavior\InitHookBehavior [ RunTime:0.001882s ]
INFO: [ app_init ] --END-- [ RunTime:0.002691s ]
INFO: [ app_begin ] --START--
INFO: Run Behavior\ReadHtmlCacheBehavior [ RunTime:0.000252s ]
INFO: Run Behavior\CheckLangBehavior [ RunTime:0.000403s ]
INFO: [ app_begin ] --END-- [ RunTime:0.000690s ]
NOTIC: [8] Undefined index: game_switch E:\phpstudy2018\PHPTutorial\WWW\hcdf\application\Common\Common\function.php 第 1912 行.
NOTIC: [8] Undefined index: game_switch E:\phpstudy2018\PHPTutorial\WWW\hcdf\application\Common\Common\function.php 第 1912 行.
NOTIC: [8] Undefined variable: level_a E:\phpstudy2018\PHPTutorial\WWW\hcdf\application\Common\Common\function.php 第 1961 行.
NOTIC: [8] Undefined index: game_switch E:\phpstudy2018\PHPTutorial\WWW\hcdf\application\Common\Common\function.php 第 1912 行.
NOTIC: [8] Undefined index: game_switch E:\phpstudy2018\PHPTutorial\WWW\hcdf\application\Common\Common\function.php 第 1912 行.
NOTIC: [8] Undefined variable: level_a E:\phpstudy2018\PHPTutorial\WWW\hcdf\application\Common\Common\function.php 第 1984 行.
INFO: [ view_parse ] --START--
INFO: [ template_filter ] --START--
INFO: Run Behavior\ContentReplaceBehavior [ RunTime:0.000056s ]
INFO: [ template_filter ] --END-- [ RunTime:0.000081s ]
NOTIC: [8] Undefined variable: user E:\phpstudy2018\PHPTutorial\WWW\hcdf\data\runtime\Cache\Portal\c29f16e7f301980deb585a441f8730f0.php 第 35 行.
NOTIC: [8] Undefined variable: user E:\phpstudy2018\PHPTutorial\WWW\hcdf\data\runtime\Cache\Portal\c29f16e7f301980deb585a441f8730f0.php 第 179 行.
INFO: Run Behavior\ParseTemplateBehavior [ RunTime:0.009148s ]
INFO: [ view_parse ] --END-- [ RunTime:0.009170s ]
INFO: [ view_filter ] --START--
INFO: Run Behavior\WriteHtmlCacheBehavior [ RunTime:0.000217s ]
INFO: Run Common\Behavior\TmplStripSpaceBehavior [ RunTime:0.000224s ]
INFO: [ view_filter ] --END-- [ RunTime:0.000467s ]
INFO: [ app_end ] --START--
INFO: Run Behavior\ShowPageTraceBehavior [ RunTime:0.000361s ]
INFO: [ app_end ] --END-- [ RunTime:0.000379s ]

