[ 2020-07-16T16:16:44+08:00 ] 127.0.0.1 /index.php?g=Portal&m=AdminPost&a=index&menuid=7
INFO: [ app_init ] --START--
INFO: Run Behavior\BuildLiteBehavior [ RunTime:0.000007s ]
INFO: Run Common\Behavior\InitHookBehavior [ RunTime:0.000821s ]
INFO: [ app_init ] --END-- [ RunTime:0.001044s ]
INFO: [ app_begin ] --START--
INFO: Run Behavior\ReadHtmlCacheBehavior [ RunTime:0.000288s ]
INFO: Run Behavior\CheckLangBehavior [ RunTime:0.000523s ]
INFO: [ app_begin ] --END-- [ RunTime:0.000852s ]
NOTIC: D方法实例化没找到模型类Portal\Model\PostsModel
INFO: [ view_parse ] --START--
INFO: [ template_filter ] --START--
INFO: Run Behavior\ContentReplaceBehavior [ RunTime:0.000093s ]
INFO: [ template_filter ] --END-- [ RunTime:0.000119s ]
NOTIC: [8] Undefined index: end_time E:\phpstudy2018\PHPTutorial\WWW\hcdf\data\runtime\Cache\Portal\9e8b2aead7c344b4e8f09dcbf8c108d1.php 第 65 行.
NOTIC: [8] Undefined index: keyword E:\phpstudy2018\PHPTutorial\WWW\hcdf\data\runtime\Cache\Portal\9e8b2aead7c344b4e8f09dcbf8c108d1.php 第 67 行.
INFO: Run Behavior\ParseTemplateBehavior [ RunTime:0.088111s ]
INFO: [ view_parse ] --END-- [ RunTime:0.088154s ]
INFO: [ view_filter ] --START--
INFO: Run Behavior\WriteHtmlCacheBehavior [ RunTime:0.000508s ]
INFO: Run Common\Behavior\TmplStripSpaceBehavior [ RunTime:0.000199s ]
INFO: [ view_filter ] --END-- [ RunTime:0.000758s ]
INFO: [ app_end ] --START--
INFO: Run Behavior\ShowPageTraceBehavior [ RunTime:0.000495s ]
INFO: [ app_end ] --END-- [ RunTime:0.000529s ]

[ 2020-07-16T16:16:53+08:00 ] 127.0.0.1 /index.php?g=Portal&m=AdminPage&a=index&menuid=25
INFO: [ app_init ] --START--
INFO: Run Behavior\BuildLiteBehavior [ RunTime:0.000008s ]
INFO: Run Common\Behavior\InitHookBehavior [ RunTime:0.000945s ]
INFO: [ app_init ] --END-- [ RunTime:0.001170s ]
INFO: [ app_begin ] --START--
INFO: Run Behavior\ReadHtmlCacheBehavior [ RunTime:0.000273s ]
INFO: Run Behavior\CheckLangBehavior [ RunTime:0.000797s ]
INFO: [ app_begin ] --END-- [ RunTime:0.001143s ]
NOTIC: D方法实例化没找到模型类Common\Model\PostsModel
INFO: [ view_parse ] --START--
INFO: [ template_filter ] --START--
INFO: Run Behavior\ContentReplaceBehavior [ RunTime:0.000056s ]
INFO: [ template_filter ] --END-- [ RunTime:0.000081s ]
NOTIC: [8] Undefined index: start_time E:\phpstudy2018\PHPTutorial\WWW\hcdf\data\runtime\Cache\Portal\5083009d27e056fc58a4f1c04fed0447.php 第 60 行.
NOTIC: [8] Undefined index: end_time E:\phpstudy2018\PHPTutorial\WWW\hcdf\data\runtime\Cache\Portal\5083009d27e056fc58a4f1c04fed0447.php 第 61 行.
NOTIC: [8] Undefined index: keyword E:\phpstudy2018\PHPTutorial\WWW\hcdf\data\runtime\Cache\Portal\5083009d27e056fc58a4f1c04fed0447.php 第 62 行.
INFO: Run Behavior\ParseTemplateBehavior [ RunTime:0.006961s ]
INFO: [ view_parse ] --END-- [ RunTime:0.006985s ]
INFO: [ view_filter ] --START--
INFO: Run Behavior\WriteHtmlCacheBehavior [ RunTime:0.000185s ]
INFO: Run Common\Behavior\TmplStripSpaceBehavior [ RunTime:0.000180s ]
INFO: [ view_filter ] --END-- [ RunTime:0.000393s ]
INFO: [ app_end ] --START--
INFO: Run Behavior\ShowPageTraceBehavior [ RunTime:0.000308s ]
INFO: [ app_end ] --END-- [ RunTime:0.000327s ]

[ 2020-07-16T16:16:57+08:00 ] 127.0.0.1 /index.php?g=Portal&m=AdminPage&a=edit&id=3
INFO: [ app_init ] --START--
INFO: Run Behavior\BuildLiteBehavior [ RunTime:0.000005s ]
INFO: Run Common\Behavior\InitHookBehavior [ RunTime:0.000690s ]
INFO: [ app_init ] --END-- [ RunTime:0.000871s ]
INFO: [ app_begin ] --START--
INFO: Run Behavior\ReadHtmlCacheBehavior [ RunTime:0.000253s ]
INFO: Run Behavior\CheckLangBehavior [ RunTime:0.000935s ]
INFO: [ app_begin ] --END-- [ RunTime:0.001243s ]
NOTIC: D方法实例化没找到模型类Common\Model\PostsModel
INFO: [ view_parse ] --START--
INFO: [ template_filter ] --START--
INFO: Run Behavior\ContentReplaceBehavior [ RunTime:0.000080s ]
INFO: [ template_filter ] --END-- [ RunTime:0.000103s ]
INFO: Run Behavior\ParseTemplateBehavior [ RunTime:0.049174s ]
INFO: [ view_parse ] --END-- [ RunTime:0.049204s ]
INFO: [ view_filter ] --START--
INFO: Run Behavior\WriteHtmlCacheBehavior [ RunTime:0.000231s ]
INFO: Run Common\Behavior\TmplStripSpaceBehavior [ RunTime:0.000192s ]
INFO: [ view_filter ] --END-- [ RunTime:0.000451s ]
INFO: [ app_end ] --START--
INFO: Run Behavior\ShowPageTraceBehavior [ RunTime:0.000444s ]
INFO: [ app_end ] --END-- [ RunTime:0.000464s ]

[ 2020-07-16T16:19:08+08:00 ] 127.0.0.1 /index.php?g=Portal&m=AdminPage&a=edit_post
INFO: [ app_init ] --START--
INFO: Run Behavior\BuildLiteBehavior [ RunTime:0.000007s ]
INFO: Run Common\Behavior\InitHookBehavior [ RunTime:0.001066s ]
INFO: [ app_init ] --END-- [ RunTime:0.001322s ]
INFO: [ app_begin ] --START--
INFO: Run Behavior\ReadHtmlCacheBehavior [ RunTime:0.000297s ]
INFO: Run Behavior\CheckLangBehavior [ RunTime:0.000578s ]
INFO: [ app_begin ] --END-- [ RunTime:0.000909s ]
NOTIC: D方法实例化没找到模型类Common\Model\PostsModel

[ 2020-07-16T16:19:09+08:00 ] 127.0.0.1 /index.php?g=Portal&m=AdminPost&a=index&menuid=7
INFO: [ app_init ] --START--
INFO: Run Behavior\BuildLiteBehavior [ RunTime:0.000005s ]
INFO: Run Common\Behavior\InitHookBehavior [ RunTime:0.000681s ]
INFO: [ app_init ] --END-- [ RunTime:0.000894s ]
INFO: [ app_begin ] --START--
INFO: Run Behavior\ReadHtmlCacheBehavior [ RunTime:0.000289s ]
INFO: Run Behavior\CheckLangBehavior [ RunTime:0.000449s ]
INFO: [ app_begin ] --END-- [ RunTime:0.000771s ]
NOTIC: D方法实例化没找到模型类Portal\Model\PostsModel
INFO: [ view_parse ] --START--
INFO: [ template_filter ] --START--
INFO: Run Behavior\ContentReplaceBehavior [ RunTime:0.000091s ]
INFO: [ template_filter ] --END-- [ RunTime:0.000115s ]
NOTIC: [8] Undefined index: end_time E:\phpstudy2018\PHPTutorial\WWW\hcdf\data\runtime\Cache\Portal\9e8b2aead7c344b4e8f09dcbf8c108d1.php 第 65 行.
NOTIC: [8] Undefined index: keyword E:\phpstudy2018\PHPTutorial\WWW\hcdf\data\runtime\Cache\Portal\9e8b2aead7c344b4e8f09dcbf8c108d1.php 第 67 行.
INFO: Run Behavior\ParseTemplateBehavior [ RunTime:0.007866s ]
INFO: [ view_parse ] --END-- [ RunTime:0.007894s ]
INFO: [ view_filter ] --START--
INFO: Run Behavior\WriteHtmlCacheBehavior [ RunTime:0.000242s ]
INFO: Run Common\Behavior\TmplStripSpaceBehavior [ RunTime:0.000178s ]
INFO: [ view_filter ] --END-- [ RunTime:0.000448s ]
INFO: [ app_end ] --START--
INFO: Run Behavior\ShowPageTraceBehavior [ RunTime:0.000317s ]
INFO: [ app_end ] --END-- [ RunTime:0.000337s ]

[ 2020-07-16T16:19:16+08:00 ] 127.0.0.1 /index.php?g=Portal&m=AdminPage&a=index&menuid=25
INFO: [ app_init ] --START--
INFO: Run Behavior\BuildLiteBehavior [ RunTime:0.000005s ]
INFO: Run Common\Behavior\InitHookBehavior [ RunTime:0.000741s ]
INFO: [ app_init ] --END-- [ RunTime:0.000937s ]
INFO: [ app_begin ] --START--
INFO: Run Behavior\ReadHtmlCacheBehavior [ RunTime:0.000300s ]
INFO: Run Behavior\CheckLangBehavior [ RunTime:0.000487s ]
INFO: [ app_begin ] --END-- [ RunTime:0.000824s ]
NOTIC: D方法实例化没找到模型类Common\Model\PostsModel
INFO: [ view_parse ] --START--
INFO: [ template_filter ] --START--
INFO: Run Behavior\ContentReplaceBehavior [ RunTime:0.000089s ]
INFO: [ template_filter ] --END-- [ RunTime:0.000130s ]
NOTIC: [8] Undefined index: start_time E:\phpstudy2018\PHPTutorial\WWW\hcdf\data\runtime\Cache\Portal\5083009d27e056fc58a4f1c04fed0447.php 第 60 行.
NOTIC: [8] Undefined index: end_time E:\phpstudy2018\PHPTutorial\WWW\hcdf\data\runtime\Cache\Portal\5083009d27e056fc58a4f1c04fed0447.php 第 61 行.
NOTIC: [8] Undefined index: keyword E:\phpstudy2018\PHPTutorial\WWW\hcdf\data\runtime\Cache\Portal\5083009d27e056fc58a4f1c04fed0447.php 第 62 行.
INFO: Run Behavior\ParseTemplateBehavior [ RunTime:0.010000s ]
INFO: [ view_parse ] --END-- [ RunTime:0.010038s ]
INFO: [ view_filter ] --START--
INFO: Run Behavior\WriteHtmlCacheBehavior [ RunTime:0.000330s ]
INFO: Run Common\Behavior\TmplStripSpaceBehavior [ RunTime:0.000324s ]
INFO: [ view_filter ] --END-- [ RunTime:0.000704s ]
INFO: [ app_end ] --START--
INFO: Run Behavior\ShowPageTraceBehavior [ RunTime:0.000537s ]
INFO: [ app_end ] --END-- [ RunTime:0.000570s ]

[ 2020-07-16T16:19:18+08:00 ] 127.0.0.1 /index.php?g=Portal&m=AdminPage&a=edit&id=3
INFO: [ app_init ] --START--
INFO: Run Behavior\BuildLiteBehavior [ RunTime:0.000006s ]
INFO: Run Common\Behavior\InitHookBehavior [ RunTime:0.000749s ]
INFO: [ app_init ] --END-- [ RunTime:0.000949s ]
INFO: [ app_begin ] --START--
INFO: Run Behavior\ReadHtmlCacheBehavior [ RunTime:0.000301s ]
INFO: Run Behavior\CheckLangBehavior [ RunTime:0.000489s ]
INFO: [ app_begin ] --END-- [ RunTime:0.000827s ]
NOTIC: D方法实例化没找到模型类Common\Model\PostsModel
INFO: [ view_parse ] --START--
INFO: [ template_filter ] --START--
INFO: Run Behavior\ContentReplaceBehavior [ RunTime:0.000080s ]
INFO: [ template_filter ] --END-- [ RunTime:0.000103s ]
INFO: Run Behavior\ParseTemplateBehavior [ RunTime:0.007281s ]
INFO: [ view_parse ] --END-- [ RunTime:0.007315s ]
INFO: [ view_filter ] --START--
INFO: Run Behavior\WriteHtmlCacheBehavior [ RunTime:0.000226s ]
INFO: Run Common\Behavior\TmplStripSpaceBehavior [ RunTime:0.000321s ]
INFO: [ view_filter ] --END-- [ RunTime:0.000600s ]
INFO: [ app_end ] --START--
INFO: Run Behavior\ShowPageTraceBehavior [ RunTime:0.000404s ]
INFO: [ app_end ] --END-- [ RunTime:0.000431s ]

[ 2020-07-16T16:19:27+08:00 ] 127.0.0.1 /index.php?g=Portal&m=AdminPage&a=index&menuid=25
INFO: [ app_init ] --START--
INFO: Run Behavior\BuildLiteBehavior [ RunTime:0.000007s ]
INFO: Run Common\Behavior\InitHookBehavior [ RunTime:0.000711s ]
INFO: [ app_init ] --END-- [ RunTime:0.000909s ]
INFO: [ app_begin ] --START--
INFO: Run Behavior\ReadHtmlCacheBehavior [ RunTime:0.000291s ]
INFO: Run Behavior\CheckLangBehavior [ RunTime:0.000468s ]
INFO: [ app_begin ] --END-- [ RunTime:0.000793s ]
NOTIC: D方法实例化没找到模型类Common\Model\PostsModel
INFO: [ view_parse ] --START--
INFO: [ template_filter ] --START--
INFO: Run Behavior\ContentReplaceBehavior [ RunTime:0.000064s ]
INFO: [ template_filter ] --END-- [ RunTime:0.000094s ]
NOTIC: [8] Undefined index: start_time E:\phpstudy2018\PHPTutorial\WWW\hcdf\data\runtime\Cache\Portal\5083009d27e056fc58a4f1c04fed0447.php 第 60 行.
NOTIC: [8] Undefined index: end_time E:\phpstudy2018\PHPTutorial\WWW\hcdf\data\runtime\Cache\Portal\5083009d27e056fc58a4f1c04fed0447.php 第 61 行.
NOTIC: [8] Undefined index: keyword E:\phpstudy2018\PHPTutorial\WWW\hcdf\data\runtime\Cache\Portal\5083009d27e056fc58a4f1c04fed0447.php 第 62 行.
INFO: Run Behavior\ParseTemplateBehavior [ RunTime:0.009932s ]
INFO: [ view_parse ] --END-- [ RunTime:0.009966s ]
INFO: [ view_filter ] --START--
INFO: Run Behavior\WriteHtmlCacheBehavior [ RunTime:0.000228s ]
INFO: Run Common\Behavior\TmplStripSpaceBehavior [ RunTime:0.000221s ]
INFO: [ view_filter ] --END-- [ RunTime:0.000484s ]
INFO: [ app_end ] --START--
INFO: Run Behavior\ShowPageTraceBehavior [ RunTime:0.000410s ]
INFO: [ app_end ] --END-- [ RunTime:0.000437s ]

[ 2020-07-16T16:19:30+08:00 ] 127.0.0.1 /index.php?g=Portal&m=AdminPage&a=edit&id=4
INFO: [ app_init ] --START--
INFO: Run Behavior\BuildLiteBehavior [ RunTime:0.000005s ]
INFO: Run Common\Behavior\InitHookBehavior [ RunTime:0.000686s ]
INFO: [ app_init ] --END-- [ RunTime:0.000872s ]
INFO: [ app_begin ] --START--
INFO: Run Behavior\ReadHtmlCacheBehavior [ RunTime:0.000388s ]
INFO: Run Behavior\CheckLangBehavior [ RunTime:0.000613s ]
INFO: [ app_begin ] --END-- [ RunTime:0.001067s ]
NOTIC: D方法实例化没找到模型类Common\Model\PostsModel
INFO: [ view_parse ] --START--
INFO: [ template_filter ] --START--
INFO: Run Behavior\ContentReplaceBehavior [ RunTime:0.000080s ]
INFO: [ template_filter ] --END-- [ RunTime:0.000104s ]
INFO: Run Behavior\ParseTemplateBehavior [ RunTime:0.007655s ]
INFO: [ view_parse ] --END-- [ RunTime:0.007681s ]
INFO: [ view_filter ] --START--
INFO: Run Behavior\WriteHtmlCacheBehavior [ RunTime:0.000182s ]
INFO: Run Common\Behavior\TmplStripSpaceBehavior [ RunTime:0.000171s ]
INFO: [ view_filter ] --END-- [ RunTime:0.000380s ]
INFO: [ app_end ] --START--
INFO: Run Behavior\ShowPageTraceBehavior [ RunTime:0.000490s ]
INFO: [ app_end ] --END-- [ RunTime:0.000524s ]

[ 2020-07-16T16:19:38+08:00 ] 127.0.0.1 /index.php?g=Portal&m=AdminPost&a=index&menuid=7
INFO: [ app_init ] --START--
INFO: Run Behavior\BuildLiteBehavior [ RunTime:0.000007s ]
INFO: Run Common\Behavior\InitHookBehavior [ RunTime:0.001027s ]
INFO: [ app_init ] --END-- [ RunTime:0.001245s ]
INFO: [ app_begin ] --START--
INFO: Run Behavior\ReadHtmlCacheBehavior [ RunTime:0.000369s ]
INFO: Run Behavior\CheckLangBehavior [ RunTime:0.000806s ]
INFO: [ app_begin ] --END-- [ RunTime:0.001237s ]
NOTIC: D方法实例化没找到模型类Portal\Model\PostsModel
INFO: [ view_parse ] --START--
INFO: [ template_filter ] --START--
INFO: Run Behavior\ContentReplaceBehavior [ RunTime:0.000096s ]
INFO: [ template_filter ] --END-- [ RunTime:0.000122s ]
NOTIC: [8] Undefined index: end_time E:\phpstudy2018\PHPTutorial\WWW\hcdf\data\runtime\Cache\Portal\9e8b2aead7c344b4e8f09dcbf8c108d1.php 第 65 行.
NOTIC: [8] Undefined index: keyword E:\phpstudy2018\PHPTutorial\WWW\hcdf\data\runtime\Cache\Portal\9e8b2aead7c344b4e8f09dcbf8c108d1.php 第 67 行.
INFO: Run Behavior\ParseTemplateBehavior [ RunTime:0.007214s ]
INFO: [ view_parse ] --END-- [ RunTime:0.007237s ]
INFO: [ view_filter ] --START--
INFO: Run Behavior\WriteHtmlCacheBehavior [ RunTime:0.000187s ]
INFO: Run Common\Behavior\TmplStripSpaceBehavior [ RunTime:0.000194s ]
INFO: [ view_filter ] --END-- [ RunTime:0.000411s ]
INFO: [ app_end ] --START--
INFO: Run Behavior\ShowPageTraceBehavior [ RunTime:0.000486s ]
INFO: [ app_end ] --END-- [ RunTime:0.000510s ]

