[ 2019-10-25T20:00:59+08:00 ] 39.149.247.113 /index.php?g=User&m=Indexadmin&a=index&menuid=134
INFO: [ app_init ] --START--
INFO: Run Behavior\BuildLiteBehavior [ RunTime:0.000008s ]
INFO: Run Common\Behavior\InitHookBehavior [ RunTime:0.000121s ]
INFO: [ app_init ] --END-- [ RunTime:0.000175s ]
INFO: [ app_begin ] --START--
INFO: Run Behavior\ReadHtmlCacheBehavior [ RunTime:0.000016s ]
INFO: Run Behavior\CheckLangBehavior [ RunTime:0.000192s ]
INFO: [ app_begin ] --END-- [ RunTime:0.000230s ]
NOTIC: [8] Undefined index: iszombie /data/wwwroot/ybzb/application/User/Controller/IndexadminController.class.php 第 32 行.
NOTIC: [8] Undefined index: isban /data/wwwroot/ybzb/application/User/Controller/IndexadminController.class.php 第 37 行.
NOTIC: [8] Undefined index: issuper /data/wwwroot/ybzb/application/User/Controller/IndexadminController.class.php 第 42 行.
NOTIC: [8] Undefined index: ishot /data/wwwroot/ybzb/application/User/Controller/IndexadminController.class.php 第 49 行.
NOTIC: [8] Undefined index: iszombiep /data/wwwroot/ybzb/application/User/Controller/IndexadminController.class.php 第 54 行.
NOTIC: [8] Undefined index: start_time /data/wwwroot/ybzb/application/User/Controller/IndexadminController.class.php 第 59 行.
NOTIC: [8] Undefined index: end_time /data/wwwroot/ybzb/application/User/Controller/IndexadminController.class.php 第 64 行.
NOTIC: [8] Undefined index: start_time /data/wwwroot/ybzb/application/User/Controller/IndexadminController.class.php 第 68 行.
NOTIC: [8] Undefined index: keyword /data/wwwroot/ybzb/application/User/Controller/IndexadminController.class.php 第 74 行.
NOTIC: [8] Undefined variable: pList /data/wwwroot/ybzb/simplewind/Lib/Util/Page.class.php 第 226 行.
NOTIC: [8] Undefined variable: pListStart /data/wwwroot/ybzb/simplewind/Lib/Util/Page.class.php 第 335 行.
NOTIC: [8] Undefined variable: pListEnd /data/wwwroot/ybzb/simplewind/Lib/Util/Page.class.php 第 335 行.
NOTIC: [8] Undefined variable: pFirst /data/wwwroot/ybzb/simplewind/Lib/Util/Page.class.php 第 335 行.
NOTIC: [8] Undefined variable: pPrev /data/wwwroot/ybzb/simplewind/Lib/Util/Page.class.php 第 335 行.
INFO: [ view_parse ] --START--
INFO: [ template_filter ] --START--
INFO: Run Behavior\ContentReplaceBehavior [ RunTime:0.000111s ]
INFO: [ template_filter ] --END-- [ RunTime:0.000148s ]
NOTIC: [8] Undefined index: iszombie /data/wwwroot/ybzb/data/runtime/Cache/User/a348394835ede61f1587cc69a78f0b8c.php 第 62 行.
NOTIC: [8] Undefined index: iszombie /data/wwwroot/ybzb/data/runtime/Cache/User/a348394835ede61f1587cc69a78f0b8c.php 第 63 行.
NOTIC: [8] Undefined index: iszombiep /data/wwwroot/ybzb/data/runtime/Cache/User/a348394835ede61f1587cc69a78f0b8c.php 第 68 行.
NOTIC: [8] Undefined index: iszombiep /data/wwwroot/ybzb/data/runtime/Cache/User/a348394835ede61f1587cc69a78f0b8c.php 第 69 行.
NOTIC: [8] Undefined index: isban /data/wwwroot/ybzb/data/runtime/Cache/User/a348394835ede61f1587cc69a78f0b8c.php 第 75 行.
NOTIC: [8] Undefined index: isban /data/wwwroot/ybzb/data/runtime/Cache/User/a348394835ede61f1587cc69a78f0b8c.php 第 76 行.
NOTIC: [8] Undefined index: ishot /data/wwwroot/ybzb/data/runtime/Cache/User/a348394835ede61f1587cc69a78f0b8c.php 第 81 行.
NOTIC: [8] Undefined index: ishot /data/wwwroot/ybzb/data/runtime/Cache/User/a348394835ede61f1587cc69a78f0b8c.php 第 82 行.
NOTIC: [8] Undefined index: issuper /data/wwwroot/ybzb/data/runtime/Cache/User/a348394835ede61f1587cc69a78f0b8c.php 第 87 行.
NOTIC: [8] Undefined index: issuper /data/wwwroot/ybzb/data/runtime/Cache/User/a348394835ede61f1587cc69a78f0b8c.php 第 88 行.
NOTIC: [8] Undefined index: start_time /data/wwwroot/ybzb/data/runtime/Cache/User/a348394835ede61f1587cc69a78f0b8c.php 第 91 行.
NOTIC: [8] Undefined index: end_time /data/wwwroot/ybzb/data/runtime/Cache/User/a348394835ede61f1587cc69a78f0b8c.php 第 92 行.
NOTIC: [8] Undefined index: keyword /data/wwwroot/ybzb/data/runtime/Cache/User/a348394835ede61f1587cc69a78f0b8c.php 第 94 行.
INFO: Run Behavior\ParseTemplateBehavior [ RunTime:0.005591s ]
INFO: [ view_parse ] --END-- [ RunTime:0.005619s ]
INFO: [ view_filter ] --START--
INFO: Run Behavior\WriteHtmlCacheBehavior [ RunTime:0.000035s ]
INFO: Run Common\Behavior\TmplStripSpaceBehavior [ RunTime:0.000020s ]
INFO: [ view_filter ] --END-- [ RunTime:0.000069s ]
INFO: [ app_end ] --START--
INFO: Run Behavior\ShowPageTraceBehavior [ RunTime:0.000016s ]
INFO: [ app_end ] --END-- [ RunTime:0.000023s ]

[ 2019-10-25T20:01:15+08:00 ] 39.149.247.113 /index.php?g=User&m=indexadmin&a=index
INFO: [ app_init ] --START--
INFO: Run Behavior\BuildLiteBehavior [ RunTime:0.000007s ]
INFO: Run Common\Behavior\InitHookBehavior [ RunTime:0.000136s ]
INFO: [ app_init ] --END-- [ RunTime:0.000183s ]
INFO: [ app_begin ] --START--
INFO: Run Behavior\ReadHtmlCacheBehavior [ RunTime:0.000013s ]
INFO: Run Behavior\CheckLangBehavior [ RunTime:0.000050s ]
INFO: [ app_begin ] --END-- [ RunTime:0.000078s ]
INFO: [ view_parse ] --START--
INFO: [ template_filter ] --START--
INFO: Run Behavior\ContentReplaceBehavior [ RunTime:0.000148s ]
INFO: [ template_filter ] --END-- [ RunTime:0.000193s ]
NOTIC: [8] Undefined index: iszombie /data/wwwroot/ybzb/data/runtime/Cache/User/a348394835ede61f1587cc69a78f0b8c.php 第 62 行.
NOTIC: [8] Undefined index: iszombie /data/wwwroot/ybzb/data/runtime/Cache/User/a348394835ede61f1587cc69a78f0b8c.php 第 63 行.
NOTIC: [8] Undefined index: iszombiep /data/wwwroot/ybzb/data/runtime/Cache/User/a348394835ede61f1587cc69a78f0b8c.php 第 68 行.
NOTIC: [8] Undefined index: iszombiep /data/wwwroot/ybzb/data/runtime/Cache/User/a348394835ede61f1587cc69a78f0b8c.php 第 69 行.
NOTIC: [8] Undefined index: isban /data/wwwroot/ybzb/data/runtime/Cache/User/a348394835ede61f1587cc69a78f0b8c.php 第 75 行.
NOTIC: [8] Undefined index: isban /data/wwwroot/ybzb/data/runtime/Cache/User/a348394835ede61f1587cc69a78f0b8c.php 第 76 行.
NOTIC: [8] Undefined index: ishot /data/wwwroot/ybzb/data/runtime/Cache/User/a348394835ede61f1587cc69a78f0b8c.php 第 81 行.
NOTIC: [8] Undefined index: ishot /data/wwwroot/ybzb/data/runtime/Cache/User/a348394835ede61f1587cc69a78f0b8c.php 第 82 行.
NOTIC: [8] Undefined index: issuper /data/wwwroot/ybzb/data/runtime/Cache/User/a348394835ede61f1587cc69a78f0b8c.php 第 87 行.
NOTIC: [8] Undefined index: issuper /data/wwwroot/ybzb/data/runtime/Cache/User/a348394835ede61f1587cc69a78f0b8c.php 第 88 行.
NOTIC: [8] Undefined index: start_time /data/wwwroot/ybzb/data/runtime/Cache/User/a348394835ede61f1587cc69a78f0b8c.php 第 91 行.
NOTIC: [8] Undefined index: end_time /data/wwwroot/ybzb/data/runtime/Cache/User/a348394835ede61f1587cc69a78f0b8c.php 第 92 行.
INFO: Run Behavior\ParseTemplateBehavior [ RunTime:0.005368s ]
INFO: [ view_parse ] --END-- [ RunTime:0.005423s ]
INFO: [ view_filter ] --START--
INFO: Run Behavior\WriteHtmlCacheBehavior [ RunTime:0.000035s ]
INFO: Run Common\Behavior\TmplStripSpaceBehavior [ RunTime:0.000026s ]
INFO: [ view_filter ] --END-- [ RunTime:0.000084s ]
INFO: [ app_end ] --START--
INFO: Run Behavior\ShowPageTraceBehavior [ RunTime:0.000018s ]
INFO: [ app_end ] --END-- [ RunTime:0.000033s ]

[ 2019-10-25T20:01:17+08:00 ] 39.149.247.113 /index.php?g=User&m=indexadmin&a=edit&id=11827
INFO: [ app_init ] --START--
INFO: Run Behavior\BuildLiteBehavior [ RunTime:0.000007s ]
INFO: Run Common\Behavior\InitHookBehavior [ RunTime:0.000148s ]
INFO: [ app_init ] --END-- [ RunTime:0.000201s ]
INFO: [ app_begin ] --START--
INFO: Run Behavior\ReadHtmlCacheBehavior [ RunTime:0.000017s ]
INFO: Run Behavior\CheckLangBehavior [ RunTime:0.000049s ]
INFO: [ app_begin ] --END-- [ RunTime:0.000085s ]
INFO: [ view_parse ] --START--
INFO: [ template_filter ] --START--
INFO: Run Behavior\ContentReplaceBehavior [ RunTime:0.000086s ]
INFO: [ template_filter ] --END-- [ RunTime:0.000111s ]
INFO: Run Behavior\ParseTemplateBehavior [ RunTime:0.002218s ]
INFO: [ view_parse ] --END-- [ RunTime:0.002249s ]
INFO: [ view_filter ] --START--
INFO: Run Behavior\WriteHtmlCacheBehavior [ RunTime:0.000025s ]
INFO: Run Common\Behavior\TmplStripSpaceBehavior [ RunTime:0.000018s ]
INFO: [ view_filter ] --END-- [ RunTime:0.000056s ]
INFO: [ app_end ] --START--
INFO: Run Behavior\ShowPageTraceBehavior [ RunTime:0.000013s ]
INFO: [ app_end ] --END-- [ RunTime:0.000021s ]

[ 2019-10-25T20:01:26+08:00 ] 39.149.247.113 /index.php?g=User&m=indexadmin&a=edit_post
INFO: [ app_init ] --START--
INFO: Run Behavior\BuildLiteBehavior [ RunTime:0.000009s ]
INFO: Run Common\Behavior\InitHookBehavior [ RunTime:0.000161s ]
INFO: [ app_init ] --END-- [ RunTime:0.000252s ]
INFO: [ app_begin ] --START--
INFO: Run Behavior\ReadHtmlCacheBehavior [ RunTime:0.000018s ]
INFO: Run Behavior\CheckLangBehavior [ RunTime:0.000063s ]
INFO: [ app_begin ] --END-- [ RunTime:0.000100s ]
NOTIC: [8] Undefined index: validate /data/wwwroot/ybzb/simplewind/Core/Library/Think/Model.class.php 第 1185 行.
NOTIC: [8] Undefined index: auto /data/wwwroot/ybzb/simplewind/Core/Library/Think/Model.class.php 第 1128 行.

[ 2019-10-25T20:01:36+08:00 ] 39.149.247.113 /index.php?g=User&m=indexadmin&a=edit&id=11827
INFO: [ app_init ] --START--
INFO: Run Behavior\BuildLiteBehavior [ RunTime:0.000007s ]
INFO: Run Common\Behavior\InitHookBehavior [ RunTime:0.000116s ]
INFO: [ app_init ] --END-- [ RunTime:0.000168s ]
INFO: [ app_begin ] --START--
INFO: Run Behavior\ReadHtmlCacheBehavior [ RunTime:0.000015s ]
INFO: Run Behavior\CheckLangBehavior [ RunTime:0.000051s ]
INFO: [ app_begin ] --END-- [ RunTime:0.000084s ]
INFO: [ view_parse ] --START--
INFO: [ template_filter ] --START--
INFO: Run Behavior\ContentReplaceBehavior [ RunTime:0.000095s ]
INFO: [ template_filter ] --END-- [ RunTime:0.000129s ]
INFO: Run Behavior\ParseTemplateBehavior [ RunTime:0.002417s ]
INFO: [ view_parse ] --END-- [ RunTime:0.002449s ]
INFO: [ view_filter ] --START--
INFO: Run Behavior\WriteHtmlCacheBehavior [ RunTime:0.000026s ]
INFO: Run Common\Behavior\TmplStripSpaceBehavior [ RunTime:0.000022s ]
INFO: [ view_filter ] --END-- [ RunTime:0.000065s ]
INFO: [ app_end ] --START--
INFO: Run Behavior\ShowPageTraceBehavior [ RunTime:0.000016s ]
INFO: [ app_end ] --END-- [ RunTime:0.000026s ]

[ 2019-10-25T20:05:48+08:00 ] 39.149.247.113 /index.php?g=User&m=Indexadmin&a=index&menuid=134
INFO: [ app_init ] --START--
INFO: Run Behavior\BuildLiteBehavior [ RunTime:0.000007s ]
INFO: Run Common\Behavior\InitHookBehavior [ RunTime:0.000138s ]
INFO: [ app_init ] --END-- [ RunTime:0.000191s ]
INFO: [ app_begin ] --START--
INFO: Run Behavior\ReadHtmlCacheBehavior [ RunTime:0.000020s ]
INFO: Run Behavior\CheckLangBehavior [ RunTime:0.000066s ]
INFO: [ app_begin ] --END-- [ RunTime:0.000102s ]
NOTIC: [8] Undefined index: iszombie /data/wwwroot/ybzb/application/User/Controller/IndexadminController.class.php 第 32 行.
NOTIC: [8] Undefined index: isban /data/wwwroot/ybzb/application/User/Controller/IndexadminController.class.php 第 37 行.
NOTIC: [8] Undefined index: issuper /data/wwwroot/ybzb/application/User/Controller/IndexadminController.class.php 第 42 行.
NOTIC: [8] Undefined index: ishot /data/wwwroot/ybzb/application/User/Controller/IndexadminController.class.php 第 49 行.
NOTIC: [8] Undefined index: iszombiep /data/wwwroot/ybzb/application/User/Controller/IndexadminController.class.php 第 54 行.
NOTIC: [8] Undefined index: start_time /data/wwwroot/ybzb/application/User/Controller/IndexadminController.class.php 第 59 行.
NOTIC: [8] Undefined index: end_time /data/wwwroot/ybzb/application/User/Controller/IndexadminController.class.php 第 64 行.
NOTIC: [8] Undefined index: start_time /data/wwwroot/ybzb/application/User/Controller/IndexadminController.class.php 第 68 行.
NOTIC: [8] Undefined index: keyword /data/wwwroot/ybzb/application/User/Controller/IndexadminController.class.php 第 74 行.
NOTIC: [8] Undefined variable: pList /data/wwwroot/ybzb/simplewind/Lib/Util/Page.class.php 第 226 行.
NOTIC: [8] Undefined variable: pListStart /data/wwwroot/ybzb/simplewind/Lib/Util/Page.class.php 第 335 行.
NOTIC: [8] Undefined variable: pListEnd /data/wwwroot/ybzb/simplewind/Lib/Util/Page.class.php 第 335 行.
NOTIC: [8] Undefined variable: pFirst /data/wwwroot/ybzb/simplewind/Lib/Util/Page.class.php 第 335 行.
NOTIC: [8] Undefined variable: pPrev /data/wwwroot/ybzb/simplewind/Lib/Util/Page.class.php 第 335 行.
INFO: [ view_parse ] --START--
INFO: [ template_filter ] --START--
INFO: Run Behavior\ContentReplaceBehavior [ RunTime:0.000117s ]
INFO: [ template_filter ] --END-- [ RunTime:0.000149s ]
NOTIC: [8] Undefined index: iszombie /data/wwwroot/ybzb/data/runtime/Cache/User/a348394835ede61f1587cc69a78f0b8c.php 第 62 行.
NOTIC: [8] Undefined index: iszombie /data/wwwroot/ybzb/data/runtime/Cache/User/a348394835ede61f1587cc69a78f0b8c.php 第 63 行.
NOTIC: [8] Undefined index: iszombiep /data/wwwroot/ybzb/data/runtime/Cache/User/a348394835ede61f1587cc69a78f0b8c.php 第 68 行.
NOTIC: [8] Undefined index: iszombiep /data/wwwroot/ybzb/data/runtime/Cache/User/a348394835ede61f1587cc69a78f0b8c.php 第 69 行.
NOTIC: [8] Undefined index: isban /data/wwwroot/ybzb/data/runtime/Cache/User/a348394835ede61f1587cc69a78f0b8c.php 第 75 行.
NOTIC: [8] Undefined index: isban /data/wwwroot/ybzb/data/runtime/Cache/User/a348394835ede61f1587cc69a78f0b8c.php 第 76 行.
NOTIC: [8] Undefined index: ishot /data/wwwroot/ybzb/data/runtime/Cache/User/a348394835ede61f1587cc69a78f0b8c.php 第 81 行.
NOTIC: [8] Undefined index: ishot /data/wwwroot/ybzb/data/runtime/Cache/User/a348394835ede61f1587cc69a78f0b8c.php 第 82 行.
NOTIC: [8] Undefined index: issuper /data/wwwroot/ybzb/data/runtime/Cache/User/a348394835ede61f1587cc69a78f0b8c.php 第 87 行.
NOTIC: [8] Undefined index: issuper /data/wwwroot/ybzb/data/runtime/Cache/User/a348394835ede61f1587cc69a78f0b8c.php 第 88 行.
NOTIC: [8] Undefined index: start_time /data/wwwroot/ybzb/data/runtime/Cache/User/a348394835ede61f1587cc69a78f0b8c.php 第 91 行.
NOTIC: [8] Undefined index: end_time /data/wwwroot/ybzb/data/runtime/Cache/User/a348394835ede61f1587cc69a78f0b8c.php 第 92 行.
NOTIC: [8] Undefined index: keyword /data/wwwroot/ybzb/data/runtime/Cache/User/a348394835ede61f1587cc69a78f0b8c.php 第 94 行.
INFO: Run Behavior\ParseTemplateBehavior [ RunTime:0.004880s ]
INFO: [ view_parse ] --END-- [ RunTime:0.004918s ]
INFO: [ view_filter ] --START--
INFO: Run Behavior\WriteHtmlCacheBehavior [ RunTime:0.000042s ]
INFO: Run Common\Behavior\TmplStripSpaceBehavior [ RunTime:0.000026s ]
INFO: [ view_filter ] --END-- [ RunTime:0.000091s ]
INFO: [ app_end ] --START--
INFO: Run Behavior\ShowPageTraceBehavior [ RunTime:0.000020s ]
INFO: [ app_end ] --END-- [ RunTime:0.000028s ]

[ 2019-10-25T20:05:52+08:00 ] 39.149.247.113 /index.php?g=User&m=indexadmin&a=index
INFO: [ app_init ] --START--
INFO: Run Behavior\BuildLiteBehavior [ RunTime:0.000008s ]
INFO: Run Common\Behavior\InitHookBehavior [ RunTime:0.000121s ]
INFO: [ app_init ] --END-- [ RunTime:0.000173s ]
INFO: [ app_begin ] --START--
INFO: Run Behavior\ReadHtmlCacheBehavior [ RunTime:0.000015s ]
INFO: Run Behavior\CheckLangBehavior [ RunTime:0.000051s ]
INFO: [ app_begin ] --END-- [ RunTime:0.000084s ]
INFO: [ view_parse ] --START--
INFO: [ template_filter ] --START--
INFO: Run Behavior\ContentReplaceBehavior [ RunTime:0.000105s ]
INFO: [ template_filter ] --END-- [ RunTime:0.000139s ]
NOTIC: [8] Undefined index: iszombie /data/wwwroot/ybzb/data/runtime/Cache/User/a348394835ede61f1587cc69a78f0b8c.php 第 62 行.
NOTIC: [8] Undefined index: iszombie /data/wwwroot/ybzb/data/runtime/Cache/User/a348394835ede61f1587cc69a78f0b8c.php 第 63 行.
NOTIC: [8] Undefined index: iszombiep /data/wwwroot/ybzb/data/runtime/Cache/User/a348394835ede61f1587cc69a78f0b8c.php 第 68 行.
NOTIC: [8] Undefined index: iszombiep /data/wwwroot/ybzb/data/runtime/Cache/User/a348394835ede61f1587cc69a78f0b8c.php 第 69 行.
NOTIC: [8] Undefined index: isban /data/wwwroot/ybzb/data/runtime/Cache/User/a348394835ede61f1587cc69a78f0b8c.php 第 75 行.
NOTIC: [8] Undefined index: isban /data/wwwroot/ybzb/data/runtime/Cache/User/a348394835ede61f1587cc69a78f0b8c.php 第 76 行.
NOTIC: [8] Undefined index: ishot /data/wwwroot/ybzb/data/runtime/Cache/User/a348394835ede61f1587cc69a78f0b8c.php 第 81 行.
NOTIC: [8] Undefined index: ishot /data/wwwroot/ybzb/data/runtime/Cache/User/a348394835ede61f1587cc69a78f0b8c.php 第 82 行.
NOTIC: [8] Undefined index: issuper /data/wwwroot/ybzb/data/runtime/Cache/User/a348394835ede61f1587cc69a78f0b8c.php 第 87 行.
NOTIC: [8] Undefined index: issuper /data/wwwroot/ybzb/data/runtime/Cache/User/a348394835ede61f1587cc69a78f0b8c.php 第 88 行.
NOTIC: [8] Undefined index: start_time /data/wwwroot/ybzb/data/runtime/Cache/User/a348394835ede61f1587cc69a78f0b8c.php 第 91 行.
NOTIC: [8] Undefined index: end_time /data/wwwroot/ybzb/data/runtime/Cache/User/a348394835ede61f1587cc69a78f0b8c.php 第 92 行.
INFO: Run Behavior\ParseTemplateBehavior [ RunTime:0.004200s ]
INFO: [ view_parse ] --END-- [ RunTime:0.004232s ]
INFO: [ view_filter ] --START--
INFO: Run Behavior\WriteHtmlCacheBehavior [ RunTime:0.000042s ]
INFO: Run Common\Behavior\TmplStripSpaceBehavior [ RunTime:0.000026s ]
INFO: [ view_filter ] --END-- [ RunTime:0.000087s ]
INFO: [ app_end ] --START--
INFO: Run Behavior\ShowPageTraceBehavior [ RunTime:0.000021s ]
INFO: [ app_end ] --END-- [ RunTime:0.000034s ]

[ 2019-10-25T20:06:01+08:00 ] 39.149.247.113 /index.php?g=User&m=indexadmin&a=edit&id=11828
INFO: [ app_init ] --START--
INFO: Run Behavior\BuildLiteBehavior [ RunTime:0.000009s ]
INFO: Run Common\Behavior\InitHookBehavior [ RunTime:0.000157s ]
INFO: [ app_init ] --END-- [ RunTime:0.000218s ]
INFO: [ app_begin ] --START--
INFO: Run Behavior\ReadHtmlCacheBehavior [ RunTime:0.000020s ]
INFO: Run Behavior\CheckLangBehavior [ RunTime:0.000070s ]
INFO: [ app_begin ] --END-- [ RunTime:0.000116s ]
INFO: [ view_parse ] --START--
INFO: [ template_filter ] --START--
INFO: Run Behavior\ContentReplaceBehavior [ RunTime:0.000104s ]
INFO: [ template_filter ] --END-- [ RunTime:0.000136s ]
INFO: Run Behavior\ParseTemplateBehavior [ RunTime:0.002478s ]
INFO: [ view_parse ] --END-- [ RunTime:0.002515s ]
INFO: [ view_filter ] --START--
INFO: Run Behavior\WriteHtmlCacheBehavior [ RunTime:0.000022s ]
INFO: Run Common\Behavior\TmplStripSpaceBehavior [ RunTime:0.000018s ]
INFO: [ view_filter ] --END-- [ RunTime:0.000055s ]
INFO: [ app_end ] --START--
INFO: Run Behavior\ShowPageTraceBehavior [ RunTime:0.000013s ]
INFO: [ app_end ] --END-- [ RunTime:0.000021s ]

[ 2019-10-25T20:06:07+08:00 ] 39.149.247.113 /index.php?g=User&m=indexadmin&a=edit&id=11828
INFO: [ app_init ] --START--
INFO: Run Behavior\BuildLiteBehavior [ RunTime:0.000009s ]
INFO: Run Common\Behavior\InitHookBehavior [ RunTime:0.000117s ]
INFO: [ app_init ] --END-- [ RunTime:0.000183s ]
INFO: [ app_begin ] --START--
INFO: Run Behavior\ReadHtmlCacheBehavior [ RunTime:0.000030s ]
INFO: Run Behavior\CheckLangBehavior [ RunTime:0.000050s ]
INFO: [ app_begin ] --END-- [ RunTime:0.000096s ]
INFO: [ view_parse ] --START--
INFO: [ template_filter ] --START--
INFO: Run Behavior\ContentReplaceBehavior [ RunTime:0.000097s ]
INFO: [ template_filter ] --END-- [ RunTime:0.000132s ]
INFO: Run Behavior\ParseTemplateBehavior [ RunTime:0.002322s ]
INFO: [ view_parse ] --END-- [ RunTime:0.002372s ]
INFO: [ view_filter ] --START--
INFO: Run Behavior\WriteHtmlCacheBehavior [ RunTime:0.000023s ]
INFO: Run Common\Behavior\TmplStripSpaceBehavior [ RunTime:0.000019s ]
INFO: [ view_filter ] --END-- [ RunTime:0.000054s ]
INFO: [ app_end ] --START--
INFO: Run Behavior\ShowPageTraceBehavior [ RunTime:0.000017s ]
INFO: [ app_end ] --END-- [ RunTime:0.000028s ]

[ 2019-10-25T20:06:11+08:00 ] 39.149.247.113 /index.php?g=User&m=indexadmin&a=edit_post
INFO: [ app_init ] --START--
INFO: Run Behavior\BuildLiteBehavior [ RunTime:0.000009s ]
INFO: Run Common\Behavior\InitHookBehavior [ RunTime:0.000127s ]
INFO: [ app_init ] --END-- [ RunTime:0.000188s ]
INFO: [ app_begin ] --START--
INFO: Run Behavior\ReadHtmlCacheBehavior [ RunTime:0.000013s ]
INFO: Run Behavior\CheckLangBehavior [ RunTime:0.000047s ]
INFO: [ app_begin ] --END-- [ RunTime:0.000075s ]
NOTIC: [8] Undefined index: validate /data/wwwroot/ybzb/simplewind/Core/Library/Think/Model.class.php 第 1185 行.
NOTIC: [8] Undefined index: auto /data/wwwroot/ybzb/simplewind/Core/Library/Think/Model.class.php 第 1128 行.

[ 2019-10-25T20:06:11+08:00 ] 39.149.247.113 /index.php?g=User&m=indexadmin&a=edit&id=11828
INFO: [ app_init ] --START--
INFO: Run Behavior\BuildLiteBehavior [ RunTime:0.000007s ]
INFO: Run Common\Behavior\InitHookBehavior [ RunTime:0.000132s ]
INFO: [ app_init ] --END-- [ RunTime:0.000183s ]
INFO: [ app_begin ] --START--
INFO: Run Behavior\ReadHtmlCacheBehavior [ RunTime:0.000016s ]
INFO: Run Behavior\CheckLangBehavior [ RunTime:0.000063s ]
INFO: [ app_begin ] --END-- [ RunTime:0.000098s ]
INFO: [ view_parse ] --START--
INFO: [ template_filter ] --START--
INFO: Run Behavior\ContentReplaceBehavior [ RunTime:0.000085s ]
INFO: [ template_filter ] --END-- [ RunTime:0.000112s ]
INFO: Run Behavior\ParseTemplateBehavior [ RunTime:0.002133s ]
INFO: [ view_parse ] --END-- [ RunTime:0.002160s ]
INFO: [ view_filter ] --START--
INFO: Run Behavior\WriteHtmlCacheBehavior [ RunTime:0.000023s ]
INFO: Run Common\Behavior\TmplStripSpaceBehavior [ RunTime:0.000017s ]
INFO: [ view_filter ] --END-- [ RunTime:0.000053s ]
INFO: [ app_end ] --START--
INFO: Run Behavior\ShowPageTraceBehavior [ RunTime:0.000014s ]
INFO: [ app_end ] --END-- [ RunTime:0.000022s ]

[ 2019-10-25T20:06:12+08:00 ] 39.149.247.113 /index.php?g=User&m=Indexadmin&a=index&menuid=134
INFO: [ app_init ] --START--
INFO: Run Behavior\BuildLiteBehavior [ RunTime:0.000008s ]
INFO: Run Common\Behavior\InitHookBehavior [ RunTime:0.000129s ]
INFO: [ app_init ] --END-- [ RunTime:0.000186s ]
INFO: [ app_begin ] --START--
INFO: Run Behavior\ReadHtmlCacheBehavior [ RunTime:0.000017s ]
INFO: Run Behavior\CheckLangBehavior [ RunTime:0.000050s ]
INFO: [ app_begin ] --END-- [ RunTime:0.000087s ]
NOTIC: [8] Undefined index: iszombie /data/wwwroot/ybzb/application/User/Controller/IndexadminController.class.php 第 32 行.
NOTIC: [8] Undefined index: isban /data/wwwroot/ybzb/application/User/Controller/IndexadminController.class.php 第 37 行.
NOTIC: [8] Undefined index: issuper /data/wwwroot/ybzb/application/User/Controller/IndexadminController.class.php 第 42 行.
NOTIC: [8] Undefined index: ishot /data/wwwroot/ybzb/application/User/Controller/IndexadminController.class.php 第 49 行.
NOTIC: [8] Undefined index: iszombiep /data/wwwroot/ybzb/application/User/Controller/IndexadminController.class.php 第 54 行.
NOTIC: [8] Undefined index: start_time /data/wwwroot/ybzb/application/User/Controller/IndexadminController.class.php 第 59 行.
NOTIC: [8] Undefined index: end_time /data/wwwroot/ybzb/application/User/Controller/IndexadminController.class.php 第 64 行.
NOTIC: [8] Undefined index: start_time /data/wwwroot/ybzb/application/User/Controller/IndexadminController.class.php 第 68 行.
NOTIC: [8] Undefined index: keyword /data/wwwroot/ybzb/application/User/Controller/IndexadminController.class.php 第 74 行.
NOTIC: [8] Undefined variable: pList /data/wwwroot/ybzb/simplewind/Lib/Util/Page.class.php 第 226 行.
NOTIC: [8] Undefined variable: pListStart /data/wwwroot/ybzb/simplewind/Lib/Util/Page.class.php 第 335 行.
NOTIC: [8] Undefined variable: pListEnd /data/wwwroot/ybzb/simplewind/Lib/Util/Page.class.php 第 335 行.
NOTIC: [8] Undefined variable: pFirst /data/wwwroot/ybzb/simplewind/Lib/Util/Page.class.php 第 335 行.
NOTIC: [8] Undefined variable: pPrev /data/wwwroot/ybzb/simplewind/Lib/Util/Page.class.php 第 335 行.
INFO: [ view_parse ] --START--
INFO: [ template_filter ] --START--
INFO: Run Behavior\ContentReplaceBehavior [ RunTime:0.000141s ]
INFO: [ template_filter ] --END-- [ RunTime:0.000203s ]
NOTIC: [8] Undefined index: iszombie /data/wwwroot/ybzb/data/runtime/Cache/User/a348394835ede61f1587cc69a78f0b8c.php 第 62 行.
NOTIC: [8] Undefined index: iszombie /data/wwwroot/ybzb/data/runtime/Cache/User/a348394835ede61f1587cc69a78f0b8c.php 第 63 行.
NOTIC: [8] Undefined index: iszombiep /data/wwwroot/ybzb/data/runtime/Cache/User/a348394835ede61f1587cc69a78f0b8c.php 第 68 行.
NOTIC: [8] Undefined index: iszombiep /data/wwwroot/ybzb/data/runtime/Cache/User/a348394835ede61f1587cc69a78f0b8c.php 第 69 行.
NOTIC: [8] Undefined index: isban /data/wwwroot/ybzb/data/runtime/Cache/User/a348394835ede61f1587cc69a78f0b8c.php 第 75 行.
NOTIC: [8] Undefined index: isban /data/wwwroot/ybzb/data/runtime/Cache/User/a348394835ede61f1587cc69a78f0b8c.php 第 76 行.
NOTIC: [8] Undefined index: ishot /data/wwwroot/ybzb/data/runtime/Cache/User/a348394835ede61f1587cc69a78f0b8c.php 第 81 行.
NOTIC: [8] Undefined index: ishot /data/wwwroot/ybzb/data/runtime/Cache/User/a348394835ede61f1587cc69a78f0b8c.php 第 82 行.
NOTIC: [8] Undefined index: issuper /data/wwwroot/ybzb/data/runtime/Cache/User/a348394835ede61f1587cc69a78f0b8c.php 第 87 行.
NOTIC: [8] Undefined index: issuper /data/wwwroot/ybzb/data/runtime/Cache/User/a348394835ede61f1587cc69a78f0b8c.php 第 88 行.
NOTIC: [8] Undefined index: start_time /data/wwwroot/ybzb/data/runtime/Cache/User/a348394835ede61f1587cc69a78f0b8c.php 第 91 行.
NOTIC: [8] Undefined index: end_time /data/wwwroot/ybzb/data/runtime/Cache/User/a348394835ede61f1587cc69a78f0b8c.php 第 92 行.
NOTIC: [8] Undefined index: keyword /data/wwwroot/ybzb/data/runtime/Cache/User/a348394835ede61f1587cc69a78f0b8c.php 第 94 行.
INFO: Run Behavior\ParseTemplateBehavior [ RunTime:0.006170s ]
INFO: [ view_parse ] --END-- [ RunTime:0.006201s ]
INFO: [ view_filter ] --START--
INFO: Run Behavior\WriteHtmlCacheBehavior [ RunTime:0.000035s ]
INFO: Run Common\Behavior\TmplStripSpaceBehavior [ RunTime:0.000020s ]
INFO: [ view_filter ] --END-- [ RunTime:0.000070s ]
INFO: [ app_end ] --START--
INFO: Run Behavior\ShowPageTraceBehavior [ RunTime:0.000018s ]
INFO: [ app_end ] --END-- [ RunTime:0.000030s ]

[ 2019-10-25T20:06:15+08:00 ] 39.149.247.113 /index.php?g=User&m=indexadmin&a=index
INFO: [ app_init ] --START--
INFO: Run Behavior\BuildLiteBehavior [ RunTime:0.000007s ]
INFO: Run Common\Behavior\InitHookBehavior [ RunTime:0.000154s ]
INFO: [ app_init ] --END-- [ RunTime:0.000204s ]
INFO: [ app_begin ] --START--
INFO: Run Behavior\ReadHtmlCacheBehavior [ RunTime:0.000017s ]
INFO: Run Behavior\CheckLangBehavior [ RunTime:0.000047s ]
INFO: [ app_begin ] --END-- [ RunTime:0.000083s ]
INFO: [ view_parse ] --START--
INFO: [ template_filter ] --START--
INFO: Run Behavior\ContentReplaceBehavior [ RunTime:0.000104s ]
INFO: [ template_filter ] --END-- [ RunTime:0.000135s ]
NOTIC: [8] Undefined index: iszombie /data/wwwroot/ybzb/data/runtime/Cache/User/a348394835ede61f1587cc69a78f0b8c.php 第 62 行.
NOTIC: [8] Undefined index: iszombie /data/wwwroot/ybzb/data/runtime/Cache/User/a348394835ede61f1587cc69a78f0b8c.php 第 63 行.
NOTIC: [8] Undefined index: iszombiep /data/wwwroot/ybzb/data/runtime/Cache/User/a348394835ede61f1587cc69a78f0b8c.php 第 68 行.
NOTIC: [8] Undefined index: iszombiep /data/wwwroot/ybzb/data/runtime/Cache/User/a348394835ede61f1587cc69a78f0b8c.php 第 69 行.
NOTIC: [8] Undefined index: isban /data/wwwroot/ybzb/data/runtime/Cache/User/a348394835ede61f1587cc69a78f0b8c.php 第 75 行.
NOTIC: [8] Undefined index: isban /data/wwwroot/ybzb/data/runtime/Cache/User/a348394835ede61f1587cc69a78f0b8c.php 第 76 行.
NOTIC: [8] Undefined index: ishot /data/wwwroot/ybzb/data/runtime/Cache/User/a348394835ede61f1587cc69a78f0b8c.php 第 81 行.
NOTIC: [8] Undefined index: ishot /data/wwwroot/ybzb/data/runtime/Cache/User/a348394835ede61f1587cc69a78f0b8c.php 第 82 行.
NOTIC: [8] Undefined index: issuper /data/wwwroot/ybzb/data/runtime/Cache/User/a348394835ede61f1587cc69a78f0b8c.php 第 87 行.
NOTIC: [8] Undefined index: issuper /data/wwwroot/ybzb/data/runtime/Cache/User/a348394835ede61f1587cc69a78f0b8c.php 第 88 行.
NOTIC: [8] Undefined index: start_time /data/wwwroot/ybzb/data/runtime/Cache/User/a348394835ede61f1587cc69a78f0b8c.php 第 91 行.
NOTIC: [8] Undefined index: end_time /data/wwwroot/ybzb/data/runtime/Cache/User/a348394835ede61f1587cc69a78f0b8c.php 第 92 行.
INFO: Run Behavior\ParseTemplateBehavior [ RunTime:0.004299s ]
INFO: [ view_parse ] --END-- [ RunTime:0.004328s ]
INFO: [ view_filter ] --START--
INFO: Run Behavior\WriteHtmlCacheBehavior [ RunTime:0.000029s ]
INFO: Run Common\Behavior\TmplStripSpaceBehavior [ RunTime:0.000023s ]
INFO: [ view_filter ] --END-- [ RunTime:0.000068s ]
INFO: [ app_end ] --START--
INFO: Run Behavior\ShowPageTraceBehavior [ RunTime:0.000015s ]
INFO: [ app_end ] --END-- [ RunTime:0.000025s ]

[ 2019-10-25T20:06:17+08:00 ] 39.149.247.113 /index.php?g=User&m=indexadmin&a=edit&id=11829
INFO: [ app_init ] --START--
INFO: Run Behavior\BuildLiteBehavior [ RunTime:0.000008s ]
INFO: Run Common\Behavior\InitHookBehavior [ RunTime:0.000124s ]
INFO: [ app_init ] --END-- [ RunTime:0.000174s ]
INFO: [ app_begin ] --START--
INFO: Run Behavior\ReadHtmlCacheBehavior [ RunTime:0.000017s ]
INFO: Run Behavior\CheckLangBehavior [ RunTime:0.000072s ]
INFO: [ app_begin ] --END-- [ RunTime:0.000110s ]
INFO: [ view_parse ] --START--
INFO: [ template_filter ] --START--
INFO: Run Behavior\ContentReplaceBehavior [ RunTime:0.000112s ]
INFO: [ template_filter ] --END-- [ RunTime:0.000150s ]
INFO: Run Behavior\ParseTemplateBehavior [ RunTime:0.002522s ]
INFO: [ view_parse ] --END-- [ RunTime:0.002574s ]
INFO: [ view_filter ] --START--
INFO: Run Behavior\WriteHtmlCacheBehavior [ RunTime:0.000024s ]
INFO: Run Common\Behavior\TmplStripSpaceBehavior [ RunTime:0.000019s ]
INFO: [ view_filter ] --END-- [ RunTime:0.000058s ]
INFO: [ app_end ] --START--
INFO: Run Behavior\ShowPageTraceBehavior [ RunTime:0.000015s ]
INFO: [ app_end ] --END-- [ RunTime:0.000024s ]

[ 2019-10-25T20:06:32+08:00 ] 39.149.247.113 /index.php?g=User&m=indexadmin&a=edit_post
INFO: [ app_init ] --START--
INFO: Run Behavior\BuildLiteBehavior [ RunTime:0.000010s ]
INFO: Run Common\Behavior\InitHookBehavior [ RunTime:0.000164s ]
INFO: [ app_init ] --END-- [ RunTime:0.000241s ]
INFO: [ app_begin ] --START--
INFO: Run Behavior\ReadHtmlCacheBehavior [ RunTime:0.000020s ]
INFO: Run Behavior\CheckLangBehavior [ RunTime:0.000067s ]
INFO: [ app_begin ] --END-- [ RunTime:0.000113s ]
NOTIC: [8] Undefined index: validate /data/wwwroot/ybzb/simplewind/Core/Library/Think/Model.class.php 第 1185 行.
NOTIC: [8] Undefined index: auto /data/wwwroot/ybzb/simplewind/Core/Library/Think/Model.class.php 第 1128 行.

[ 2019-10-25T20:06:32+08:00 ] 39.149.247.113 /index.php?g=User&m=indexadmin&a=edit&id=11829
INFO: [ app_init ] --START--
INFO: Run Behavior\BuildLiteBehavior [ RunTime:0.000012s ]
INFO: Run Common\Behavior\InitHookBehavior [ RunTime:0.000140s ]
INFO: [ app_init ] --END-- [ RunTime:0.000212s ]
INFO: [ app_begin ] --START--
INFO: Run Behavior\ReadHtmlCacheBehavior [ RunTime:0.000020s ]
INFO: Run Behavior\CheckLangBehavior [ RunTime:0.000069s ]
INFO: [ app_begin ] --END-- [ RunTime:0.000110s ]
INFO: [ view_parse ] --START--
INFO: [ template_filter ] --START--
INFO: Run Behavior\ContentReplaceBehavior [ RunTime:0.000088s ]
INFO: [ template_filter ] --END-- [ RunTime:0.000123s ]
INFO: Run Behavior\ParseTemplateBehavior [ RunTime:0.002402s ]
INFO: [ view_parse ] --END-- [ RunTime:0.002434s ]
INFO: [ view_filter ] --START--
INFO: Run Behavior\WriteHtmlCacheBehavior [ RunTime:0.000023s ]
INFO: Run Common\Behavior\TmplStripSpaceBehavior [ RunTime:0.000018s ]
INFO: [ view_filter ] --END-- [ RunTime:0.000056s ]
INFO: [ app_end ] --START--
INFO: Run Behavior\ShowPageTraceBehavior [ RunTime:0.000017s ]
INFO: [ app_end ] --END-- [ RunTime:0.000028s ]

[ 2019-10-25T20:22:37+08:00 ] 39.149.247.113 /index.php?g=User&m=Indexadmin&a=index&menuid=134
INFO: [ app_init ] --START--
INFO: Run Behavior\BuildLiteBehavior [ RunTime:0.000007s ]
INFO: Run Common\Behavior\InitHookBehavior [ RunTime:0.000113s ]
INFO: [ app_init ] --END-- [ RunTime:0.000162s ]
INFO: [ app_begin ] --START--
INFO: Run Behavior\ReadHtmlCacheBehavior [ RunTime:0.000015s ]
INFO: Run Behavior\CheckLangBehavior [ RunTime:0.000059s ]
INFO: [ app_begin ] --END-- [ RunTime:0.000091s ]
NOTIC: [8] Undefined index: iszombie /data/wwwroot/ybzb/application/User/Controller/IndexadminController.class.php 第 32 行.
NOTIC: [8] Undefined index: isban /data/wwwroot/ybzb/application/User/Controller/IndexadminController.class.php 第 37 行.
NOTIC: [8] Undefined index: issuper /data/wwwroot/ybzb/application/User/Controller/IndexadminController.class.php 第 42 行.
NOTIC: [8] Undefined index: ishot /data/wwwroot/ybzb/application/User/Controller/IndexadminController.class.php 第 49 行.
NOTIC: [8] Undefined index: iszombiep /data/wwwroot/ybzb/application/User/Controller/IndexadminController.class.php 第 54 行.
NOTIC: [8] Undefined index: start_time /data/wwwroot/ybzb/application/User/Controller/IndexadminController.class.php 第 59 行.
NOTIC: [8] Undefined index: end_time /data/wwwroot/ybzb/application/User/Controller/IndexadminController.class.php 第 64 行.
NOTIC: [8] Undefined index: start_time /data/wwwroot/ybzb/application/User/Controller/IndexadminController.class.php 第 68 行.
NOTIC: [8] Undefined index: keyword /data/wwwroot/ybzb/application/User/Controller/IndexadminController.class.php 第 74 行.
NOTIC: [8] Undefined variable: pList /data/wwwroot/ybzb/simplewind/Lib/Util/Page.class.php 第 226 行.
NOTIC: [8] Undefined variable: pListStart /data/wwwroot/ybzb/simplewind/Lib/Util/Page.class.php 第 335 行.
NOTIC: [8] Undefined variable: pListEnd /data/wwwroot/ybzb/simplewind/Lib/Util/Page.class.php 第 335 行.
NOTIC: [8] Undefined variable: pFirst /data/wwwroot/ybzb/simplewind/Lib/Util/Page.class.php 第 335 行.
NOTIC: [8] Undefined variable: pPrev /data/wwwroot/ybzb/simplewind/Lib/Util/Page.class.php 第 335 行.
INFO: [ view_parse ] --START--
INFO: [ template_filter ] --START--
INFO: Run Behavior\ContentReplaceBehavior [ RunTime:0.000144s ]
INFO: [ template_filter ] --END-- [ RunTime:0.000180s ]
NOTIC: [8] Undefined index: iszombie /data/wwwroot/ybzb/data/runtime/Cache/User/a348394835ede61f1587cc69a78f0b8c.php 第 62 行.
NOTIC: [8] Undefined index: iszombie /data/wwwroot/ybzb/data/runtime/Cache/User/a348394835ede61f1587cc69a78f0b8c.php 第 63 行.
NOTIC: [8] Undefined index: iszombiep /data/wwwroot/ybzb/data/runtime/Cache/User/a348394835ede61f1587cc69a78f0b8c.php 第 68 行.
NOTIC: [8] Undefined index: iszombiep /data/wwwroot/ybzb/data/runtime/Cache/User/a348394835ede61f1587cc69a78f0b8c.php 第 69 行.
NOTIC: [8] Undefined index: isban /data/wwwroot/ybzb/data/runtime/Cache/User/a348394835ede61f1587cc69a78f0b8c.php 第 75 行.
NOTIC: [8] Undefined index: isban /data/wwwroot/ybzb/data/runtime/Cache/User/a348394835ede61f1587cc69a78f0b8c.php 第 76 行.
NOTIC: [8] Undefined index: ishot /data/wwwroot/ybzb/data/runtime/Cache/User/a348394835ede61f1587cc69a78f0b8c.php 第 81 行.
NOTIC: [8] Undefined index: ishot /data/wwwroot/ybzb/data/runtime/Cache/User/a348394835ede61f1587cc69a78f0b8c.php 第 82 行.
NOTIC: [8] Undefined index: issuper /data/wwwroot/ybzb/data/runtime/Cache/User/a348394835ede61f1587cc69a78f0b8c.php 第 87 行.
NOTIC: [8] Undefined index: issuper /data/wwwroot/ybzb/data/runtime/Cache/User/a348394835ede61f1587cc69a78f0b8c.php 第 88 行.
NOTIC: [8] Undefined index: start_time /data/wwwroot/ybzb/data/runtime/Cache/User/a348394835ede61f1587cc69a78f0b8c.php 第 91 行.
NOTIC: [8] Undefined index: end_time /data/wwwroot/ybzb/data/runtime/Cache/User/a348394835ede61f1587cc69a78f0b8c.php 第 92 行.
NOTIC: [8] Undefined index: keyword /data/wwwroot/ybzb/data/runtime/Cache/User/a348394835ede61f1587cc69a78f0b8c.php 第 94 行.
INFO: Run Behavior\ParseTemplateBehavior [ RunTime:0.005170s ]
INFO: [ view_parse ] --END-- [ RunTime:0.005201s ]
INFO: [ view_filter ] --START--
INFO: Run Behavior\WriteHtmlCacheBehavior [ RunTime:0.000033s ]
INFO: Run Common\Behavior\TmplStripSpaceBehavior [ RunTime:0.000021s ]
INFO: [ view_filter ] --END-- [ RunTime:0.000068s ]
INFO: [ app_end ] --START--
INFO: Run Behavior\ShowPageTraceBehavior [ RunTime:0.000015s ]
INFO: [ app_end ] --END-- [ RunTime:0.000023s ]

[ 2019-10-25T20:22:43+08:00 ] 39.149.247.113 /index.php?g=User&m=indexadmin&a=index
INFO: [ app_init ] --START--
INFO: Run Behavior\BuildLiteBehavior [ RunTime:0.000006s ]
INFO: Run Common\Behavior\InitHookBehavior [ RunTime:0.000114s ]
INFO: [ app_init ] --END-- [ RunTime:0.000180s ]
INFO: [ app_begin ] --START--
INFO: Run Behavior\ReadHtmlCacheBehavior [ RunTime:0.000014s ]
INFO: Run Behavior\CheckLangBehavior [ RunTime:0.000048s ]
INFO: [ app_begin ] --END-- [ RunTime:0.000076s ]
INFO: [ view_parse ] --START--
INFO: [ template_filter ] --START--
INFO: Run Behavior\ContentReplaceBehavior [ RunTime:0.000117s ]
INFO: [ template_filter ] --END-- [ RunTime:0.000148s ]
NOTIC: [8] Undefined index: iszombie /data/wwwroot/ybzb/data/runtime/Cache/User/a348394835ede61f1587cc69a78f0b8c.php 第 62 行.
NOTIC: [8] Undefined index: iszombie /data/wwwroot/ybzb/data/runtime/Cache/User/a348394835ede61f1587cc69a78f0b8c.php 第 63 行.
NOTIC: [8] Undefined index: iszombiep /data/wwwroot/ybzb/data/runtime/Cache/User/a348394835ede61f1587cc69a78f0b8c.php 第 68 行.
NOTIC: [8] Undefined index: iszombiep /data/wwwroot/ybzb/data/runtime/Cache/User/a348394835ede61f1587cc69a78f0b8c.php 第 69 行.
NOTIC: [8] Undefined index: isban /data/wwwroot/ybzb/data/runtime/Cache/User/a348394835ede61f1587cc69a78f0b8c.php 第 75 行.
NOTIC: [8] Undefined index: isban /data/wwwroot/ybzb/data/runtime/Cache/User/a348394835ede61f1587cc69a78f0b8c.php 第 76 行.
NOTIC: [8] Undefined index: ishot /data/wwwroot/ybzb/data/runtime/Cache/User/a348394835ede61f1587cc69a78f0b8c.php 第 81 行.
NOTIC: [8] Undefined index: ishot /data/wwwroot/ybzb/data/runtime/Cache/User/a348394835ede61f1587cc69a78f0b8c.php 第 82 行.
NOTIC: [8] Undefined index: issuper /data/wwwroot/ybzb/data/runtime/Cache/User/a348394835ede61f1587cc69a78f0b8c.php 第 87 行.
NOTIC: [8] Undefined index: issuper /data/wwwroot/ybzb/data/runtime/Cache/User/a348394835ede61f1587cc69a78f0b8c.php 第 88 行.
NOTIC: [8] Undefined index: start_time /data/wwwroot/ybzb/data/runtime/Cache/User/a348394835ede61f1587cc69a78f0b8c.php 第 91 行.
NOTIC: [8] Undefined index: end_time /data/wwwroot/ybzb/data/runtime/Cache/User/a348394835ede61f1587cc69a78f0b8c.php 第 92 行.
INFO: Run Behavior\ParseTemplateBehavior [ RunTime:0.003857s ]
INFO: [ view_parse ] --END-- [ RunTime:0.003892s ]
INFO: [ view_filter ] --START--
INFO: Run Behavior\WriteHtmlCacheBehavior [ RunTime:0.000027s ]
INFO: Run Common\Behavior\TmplStripSpaceBehavior [ RunTime:0.000019s ]
INFO: [ view_filter ] --END-- [ RunTime:0.000059s ]
INFO: [ app_end ] --START--
INFO: Run Behavior\ShowPageTraceBehavior [ RunTime:0.000013s ]
INFO: [ app_end ] --END-- [ RunTime:0.000020s ]

[ 2019-10-25T20:22:45+08:00 ] 39.149.247.113 /index.php?g=User&m=indexadmin&a=edit&id=11958
INFO: [ app_init ] --START--
INFO: Run Behavior\BuildLiteBehavior [ RunTime:0.000007s ]
INFO: Run Common\Behavior\InitHookBehavior [ RunTime:0.000131s ]
INFO: [ app_init ] --END-- [ RunTime:0.000178s ]
INFO: [ app_begin ] --START--
INFO: Run Behavior\ReadHtmlCacheBehavior [ RunTime:0.000013s ]
INFO: Run Behavior\CheckLangBehavior [ RunTime:0.000049s ]
INFO: [ app_begin ] --END-- [ RunTime:0.000079s ]
INFO: [ view_parse ] --START--
INFO: [ template_filter ] --START--
INFO: Run Behavior\ContentReplaceBehavior [ RunTime:0.000094s ]
INFO: [ template_filter ] --END-- [ RunTime:0.000153s ]
INFO: Run Behavior\ParseTemplateBehavior [ RunTime:0.002409s ]
INFO: [ view_parse ] --END-- [ RunTime:0.002437s ]
INFO: [ view_filter ] --START--
INFO: Run Behavior\WriteHtmlCacheBehavior [ RunTime:0.000023s ]
INFO: Run Common\Behavior\TmplStripSpaceBehavior [ RunTime:0.000017s ]
INFO: [ view_filter ] --END-- [ RunTime:0.000055s ]
INFO: [ app_end ] --START--
INFO: Run Behavior\ShowPageTraceBehavior [ RunTime:0.000015s ]
INFO: [ app_end ] --END-- [ RunTime:0.000025s ]

[ 2019-10-25T20:22:53+08:00 ] 39.149.247.113 /index.php?g=User&m=indexadmin&a=edit_post
INFO: [ app_init ] --START--
INFO: Run Behavior\BuildLiteBehavior [ RunTime:0.000007s ]
INFO: Run Common\Behavior\InitHookBehavior [ RunTime:0.000150s ]
INFO: [ app_init ] --END-- [ RunTime:0.000208s ]
INFO: [ app_begin ] --START--
INFO: Run Behavior\ReadHtmlCacheBehavior [ RunTime:0.000015s ]
INFO: Run Behavior\CheckLangBehavior [ RunTime:0.000050s ]
INFO: [ app_begin ] --END-- [ RunTime:0.000083s ]
NOTIC: [8] Undefined index: validate /data/wwwroot/ybzb/simplewind/Core/Library/Think/Model.class.php 第 1185 行.
NOTIC: [8] Undefined index: auto /data/wwwroot/ybzb/simplewind/Core/Library/Think/Model.class.php 第 1128 行.

[ 2019-10-25T20:22:59+08:00 ] 39.149.247.113 /index.php?g=User&m=indexadmin&a=edit&id=11958
INFO: [ app_init ] --START--
INFO: Run Behavior\BuildLiteBehavior [ RunTime:0.000007s ]
INFO: Run Common\Behavior\InitHookBehavior [ RunTime:0.000119s ]
INFO: [ app_init ] --END-- [ RunTime:0.000167s ]
INFO: [ app_begin ] --START--
INFO: Run Behavior\ReadHtmlCacheBehavior [ RunTime:0.000015s ]
INFO: Run Behavior\CheckLangBehavior [ RunTime:0.000087s ]
INFO: [ app_begin ] --END-- [ RunTime:0.000123s ]
INFO: [ view_parse ] --START--
INFO: [ template_filter ] --START--
INFO: Run Behavior\ContentReplaceBehavior [ RunTime:0.000096s ]
INFO: [ template_filter ] --END-- [ RunTime:0.000128s ]
INFO: Run Behavior\ParseTemplateBehavior [ RunTime:0.002281s ]
INFO: [ view_parse ] --END-- [ RunTime:0.002308s ]
INFO: [ view_filter ] --START--
INFO: Run Behavior\WriteHtmlCacheBehavior [ RunTime:0.000022s ]
INFO: Run Common\Behavior\TmplStripSpaceBehavior [ RunTime:0.000018s ]
INFO: [ view_filter ] --END-- [ RunTime:0.000052s ]
INFO: [ app_end ] --START--
INFO: Run Behavior\ShowPageTraceBehavior [ RunTime:0.000012s ]
INFO: [ app_end ] --END-- [ RunTime:0.000019s ]

[ 2019-10-25T20:23:29+08:00 ] 39.149.247.113 /index.php?g=User&m=Indexadmin&a=index&menuid=134
INFO: [ app_init ] --START--
INFO: Run Behavior\BuildLiteBehavior [ RunTime:0.000008s ]
INFO: Run Common\Behavior\InitHookBehavior [ RunTime:0.000129s ]
INFO: [ app_init ] --END-- [ RunTime:0.000192s ]
INFO: [ app_begin ] --START--
INFO: Run Behavior\ReadHtmlCacheBehavior [ RunTime:0.000014s ]
INFO: Run Behavior\CheckLangBehavior [ RunTime:0.000052s ]
INFO: [ app_begin ] --END-- [ RunTime:0.000085s ]
NOTIC: [8] Undefined index: iszombie /data/wwwroot/ybzb/application/User/Controller/IndexadminController.class.php 第 32 行.
NOTIC: [8] Undefined index: isban /data/wwwroot/ybzb/application/User/Controller/IndexadminController.class.php 第 37 行.
NOTIC: [8] Undefined index: issuper /data/wwwroot/ybzb/application/User/Controller/IndexadminController.class.php 第 42 行.
NOTIC: [8] Undefined index: ishot /data/wwwroot/ybzb/application/User/Controller/IndexadminController.class.php 第 49 行.
NOTIC: [8] Undefined index: iszombiep /data/wwwroot/ybzb/application/User/Controller/IndexadminController.class.php 第 54 行.
NOTIC: [8] Undefined index: start_time /data/wwwroot/ybzb/application/User/Controller/IndexadminController.class.php 第 59 行.
NOTIC: [8] Undefined index: end_time /data/wwwroot/ybzb/application/User/Controller/IndexadminController.class.php 第 64 行.
NOTIC: [8] Undefined index: start_time /data/wwwroot/ybzb/application/User/Controller/IndexadminController.class.php 第 68 行.
NOTIC: [8] Undefined index: keyword /data/wwwroot/ybzb/application/User/Controller/IndexadminController.class.php 第 74 行.
NOTIC: [8] Undefined variable: pList /data/wwwroot/ybzb/simplewind/Lib/Util/Page.class.php 第 226 行.
NOTIC: [8] Undefined variable: pListStart /data/wwwroot/ybzb/simplewind/Lib/Util/Page.class.php 第 335 行.
NOTIC: [8] Undefined variable: pListEnd /data/wwwroot/ybzb/simplewind/Lib/Util/Page.class.php 第 335 行.
NOTIC: [8] Undefined variable: pFirst /data/wwwroot/ybzb/simplewind/Lib/Util/Page.class.php 第 335 行.
NOTIC: [8] Undefined variable: pPrev /data/wwwroot/ybzb/simplewind/Lib/Util/Page.class.php 第 335 行.
INFO: [ view_parse ] --START--
INFO: [ template_filter ] --START--
INFO: Run Behavior\ContentReplaceBehavior [ RunTime:0.000104s ]
INFO: [ template_filter ] --END-- [ RunTime:0.000132s ]
NOTIC: [8] Undefined index: iszombie /data/wwwroot/ybzb/data/runtime/Cache/User/a348394835ede61f1587cc69a78f0b8c.php 第 62 行.
NOTIC: [8] Undefined index: iszombie /data/wwwroot/ybzb/data/runtime/Cache/User/a348394835ede61f1587cc69a78f0b8c.php 第 63 行.
NOTIC: [8] Undefined index: iszombiep /data/wwwroot/ybzb/data/runtime/Cache/User/a348394835ede61f1587cc69a78f0b8c.php 第 68 行.
NOTIC: [8] Undefined index: iszombiep /data/wwwroot/ybzb/data/runtime/Cache/User/a348394835ede61f1587cc69a78f0b8c.php 第 69 行.
NOTIC: [8] Undefined index: isban /data/wwwroot/ybzb/data/runtime/Cache/User/a348394835ede61f1587cc69a78f0b8c.php 第 75 行.
NOTIC: [8] Undefined index: isban /data/wwwroot/ybzb/data/runtime/Cache/User/a348394835ede61f1587cc69a78f0b8c.php 第 76 行.
NOTIC: [8] Undefined index: ishot /data/wwwroot/ybzb/data/runtime/Cache/User/a348394835ede61f1587cc69a78f0b8c.php 第 81 行.
NOTIC: [8] Undefined index: ishot /data/wwwroot/ybzb/data/runtime/Cache/User/a348394835ede61f1587cc69a78f0b8c.php 第 82 行.
NOTIC: [8] Undefined index: issuper /data/wwwroot/ybzb/data/runtime/Cache/User/a348394835ede61f1587cc69a78f0b8c.php 第 87 行.
NOTIC: [8] Undefined index: issuper /data/wwwroot/ybzb/data/runtime/Cache/User/a348394835ede61f1587cc69a78f0b8c.php 第 88 行.
NOTIC: [8] Undefined index: start_time /data/wwwroot/ybzb/data/runtime/Cache/User/a348394835ede61f1587cc69a78f0b8c.php 第 91 行.
NOTIC: [8] Undefined index: end_time /data/wwwroot/ybzb/data/runtime/Cache/User/a348394835ede61f1587cc69a78f0b8c.php 第 92 行.
NOTIC: [8] Undefined index: keyword /data/wwwroot/ybzb/data/runtime/Cache/User/a348394835ede61f1587cc69a78f0b8c.php 第 94 行.
INFO: Run Behavior\ParseTemplateBehavior [ RunTime:0.005177s ]
INFO: [ view_parse ] --END-- [ RunTime:0.005203s ]
INFO: [ view_filter ] --START--
INFO: Run Behavior\WriteHtmlCacheBehavior [ RunTime:0.000046s ]
INFO: Run Common\Behavior\TmplStripSpaceBehavior [ RunTime:0.000021s ]
INFO: [ view_filter ] --END-- [ RunTime:0.000083s ]
INFO: [ app_end ] --START--
INFO: Run Behavior\ShowPageTraceBehavior [ RunTime:0.000016s ]
INFO: [ app_end ] --END-- [ RunTime:0.000027s ]

[ 2019-10-25T20:23:33+08:00 ] 39.149.247.113 /index.php?g=User&m=indexadmin&a=index
INFO: [ app_init ] --START--
INFO: Run Behavior\BuildLiteBehavior [ RunTime:0.000013s ]
INFO: Run Common\Behavior\InitHookBehavior [ RunTime:0.000172s ]
INFO: [ app_init ] --END-- [ RunTime:0.000242s ]
INFO: [ app_begin ] --START--
INFO: Run Behavior\ReadHtmlCacheBehavior [ RunTime:0.000020s ]
INFO: Run Behavior\CheckLangBehavior [ RunTime:0.000069s ]
INFO: [ app_begin ] --END-- [ RunTime:0.000114s ]
INFO: [ view_parse ] --START--
INFO: [ template_filter ] --START--
INFO: Run Behavior\ContentReplaceBehavior [ RunTime:0.000110s ]
INFO: [ template_filter ] --END-- [ RunTime:0.000143s ]
NOTIC: [8] Undefined index: iszombie /data/wwwroot/ybzb/data/runtime/Cache/User/a348394835ede61f1587cc69a78f0b8c.php 第 62 行.
NOTIC: [8] Undefined index: iszombie /data/wwwroot/ybzb/data/runtime/Cache/User/a348394835ede61f1587cc69a78f0b8c.php 第 63 行.
NOTIC: [8] Undefined index: iszombiep /data/wwwroot/ybzb/data/runtime/Cache/User/a348394835ede61f1587cc69a78f0b8c.php 第 68 行.
NOTIC: [8] Undefined index: iszombiep /data/wwwroot/ybzb/data/runtime/Cache/User/a348394835ede61f1587cc69a78f0b8c.php 第 69 行.
NOTIC: [8] Undefined index: isban /data/wwwroot/ybzb/data/runtime/Cache/User/a348394835ede61f1587cc69a78f0b8c.php 第 75 行.
NOTIC: [8] Undefined index: isban /data/wwwroot/ybzb/data/runtime/Cache/User/a348394835ede61f1587cc69a78f0b8c.php 第 76 行.
NOTIC: [8] Undefined index: ishot /data/wwwroot/ybzb/data/runtime/Cache/User/a348394835ede61f1587cc69a78f0b8c.php 第 81 行.
NOTIC: [8] Undefined index: ishot /data/wwwroot/ybzb/data/runtime/Cache/User/a348394835ede61f1587cc69a78f0b8c.php 第 82 行.
NOTIC: [8] Undefined index: issuper /data/wwwroot/ybzb/data/runtime/Cache/User/a348394835ede61f1587cc69a78f0b8c.php 第 87 行.
NOTIC: [8] Undefined index: issuper /data/wwwroot/ybzb/data/runtime/Cache/User/a348394835ede61f1587cc69a78f0b8c.php 第 88 行.
NOTIC: [8] Undefined index: start_time /data/wwwroot/ybzb/data/runtime/Cache/User/a348394835ede61f1587cc69a78f0b8c.php 第 91 行.
NOTIC: [8] Undefined index: end_time /data/wwwroot/ybzb/data/runtime/Cache/User/a348394835ede61f1587cc69a78f0b8c.php 第 92 行.
INFO: Run Behavior\ParseTemplateBehavior [ RunTime:0.004525s ]
INFO: [ view_parse ] --END-- [ RunTime:0.004558s ]
INFO: [ view_filter ] --START--
INFO: Run Behavior\WriteHtmlCacheBehavior [ RunTime:0.000028s ]
INFO: Run Common\Behavior\TmplStripSpaceBehavior [ RunTime:0.000022s ]
INFO: [ view_filter ] --END-- [ RunTime:0.000065s ]
INFO: [ app_end ] --START--
INFO: Run Behavior\ShowPageTraceBehavior [ RunTime:0.000018s ]
INFO: [ app_end ] --END-- [ RunTime:0.000028s ]

[ 2019-10-25T20:23:35+08:00 ] 39.149.247.113 /index.php?g=User&m=indexadmin&a=edit&id=11959
INFO: [ app_init ] --START--
INFO: Run Behavior\BuildLiteBehavior [ RunTime:0.000007s ]
INFO: Run Common\Behavior\InitHookBehavior [ RunTime:0.000199s ]
INFO: [ app_init ] --END-- [ RunTime:0.000255s ]
INFO: [ app_begin ] --START--
INFO: Run Behavior\ReadHtmlCacheBehavior [ RunTime:0.000016s ]
INFO: Run Behavior\CheckLangBehavior [ RunTime:0.000048s ]
INFO: [ app_begin ] --END-- [ RunTime:0.000082s ]
INFO: [ view_parse ] --START--
INFO: [ template_filter ] --START--
INFO: Run Behavior\ContentReplaceBehavior [ RunTime:0.000088s ]
INFO: [ template_filter ] --END-- [ RunTime:0.000130s ]
INFO: Run Behavior\ParseTemplateBehavior [ RunTime:0.002544s ]
INFO: [ view_parse ] --END-- [ RunTime:0.002582s ]
INFO: [ view_filter ] --START--
INFO: Run Behavior\WriteHtmlCacheBehavior [ RunTime:0.000025s ]
INFO: Run Common\Behavior\TmplStripSpaceBehavior [ RunTime:0.000019s ]
INFO: [ view_filter ] --END-- [ RunTime:0.000057s ]
INFO: [ app_end ] --START--
INFO: Run Behavior\ShowPageTraceBehavior [ RunTime:0.000014s ]
INFO: [ app_end ] --END-- [ RunTime:0.000022s ]

[ 2019-10-25T20:23:38+08:00 ] 39.149.247.113 /index.php?g=User&m=indexadmin&a=edit_post
INFO: [ app_init ] --START--
INFO: Run Behavior\BuildLiteBehavior [ RunTime:0.000007s ]
INFO: Run Common\Behavior\InitHookBehavior [ RunTime:0.000110s ]
INFO: [ app_init ] --END-- [ RunTime:0.000157s ]
INFO: [ app_begin ] --START--
INFO: Run Behavior\ReadHtmlCacheBehavior [ RunTime:0.000012s ]
INFO: Run Behavior\CheckLangBehavior [ RunTime:0.000049s ]
INFO: [ app_begin ] --END-- [ RunTime:0.000076s ]
NOTIC: [8] Undefined index: validate /data/wwwroot/ybzb/simplewind/Core/Library/Think/Model.class.php 第 1185 行.
NOTIC: [8] Undefined index: auto /data/wwwroot/ybzb/simplewind/Core/Library/Think/Model.class.php 第 1128 行.

[ 2019-10-25T20:23:38+08:00 ] 39.149.247.113 /index.php?g=User&m=indexadmin&a=edit&id=11959
INFO: [ app_init ] --START--
INFO: Run Behavior\BuildLiteBehavior [ RunTime:0.000008s ]
INFO: Run Common\Behavior\InitHookBehavior [ RunTime:0.000128s ]
INFO: [ app_init ] --END-- [ RunTime:0.000189s ]
INFO: [ app_begin ] --START--
INFO: Run Behavior\ReadHtmlCacheBehavior [ RunTime:0.000017s ]
INFO: Run Behavior\CheckLangBehavior [ RunTime:0.000053s ]
INFO: [ app_begin ] --END-- [ RunTime:0.000088s ]
INFO: [ view_parse ] --START--
INFO: [ template_filter ] --START--
INFO: Run Behavior\ContentReplaceBehavior [ RunTime:0.000085s ]
INFO: [ template_filter ] --END-- [ RunTime:0.000112s ]
INFO: Run Behavior\ParseTemplateBehavior [ RunTime:0.002188s ]
INFO: [ view_parse ] --END-- [ RunTime:0.002219s ]
INFO: [ view_filter ] --START--
INFO: Run Behavior\WriteHtmlCacheBehavior [ RunTime:0.000033s ]
INFO: Run Common\Behavior\TmplStripSpaceBehavior [ RunTime:0.000019s ]
INFO: [ view_filter ] --END-- [ RunTime:0.000065s ]
INFO: [ app_end ] --START--
INFO: Run Behavior\ShowPageTraceBehavior [ RunTime:0.000014s ]
INFO: [ app_end ] --END-- [ RunTime:0.000021s ]

[ 2019-10-25T20:23:39+08:00 ] 39.149.247.113 /index.php?g=User&m=Indexadmin&a=index&menuid=134
INFO: [ app_init ] --START--
INFO: Run Behavior\BuildLiteBehavior [ RunTime:0.000007s ]
INFO: Run Common\Behavior\InitHookBehavior [ RunTime:0.000121s ]
INFO: [ app_init ] --END-- [ RunTime:0.000171s ]
INFO: [ app_begin ] --START--
INFO: Run Behavior\ReadHtmlCacheBehavior [ RunTime:0.000020s ]
INFO: Run Behavior\CheckLangBehavior [ RunTime:0.000046s ]
INFO: [ app_begin ] --END-- [ RunTime:0.000087s ]
NOTIC: [8] Undefined index: iszombie /data/wwwroot/ybzb/application/User/Controller/IndexadminController.class.php 第 32 行.
NOTIC: [8] Undefined index: isban /data/wwwroot/ybzb/application/User/Controller/IndexadminController.class.php 第 37 行.
NOTIC: [8] Undefined index: issuper /data/wwwroot/ybzb/application/User/Controller/IndexadminController.class.php 第 42 行.
NOTIC: [8] Undefined index: ishot /data/wwwroot/ybzb/application/User/Controller/IndexadminController.class.php 第 49 行.
NOTIC: [8] Undefined index: iszombiep /data/wwwroot/ybzb/application/User/Controller/IndexadminController.class.php 第 54 行.
NOTIC: [8] Undefined index: start_time /data/wwwroot/ybzb/application/User/Controller/IndexadminController.class.php 第 59 行.
NOTIC: [8] Undefined index: end_time /data/wwwroot/ybzb/application/User/Controller/IndexadminController.class.php 第 64 行.
NOTIC: [8] Undefined index: start_time /data/wwwroot/ybzb/application/User/Controller/IndexadminController.class.php 第 68 行.
NOTIC: [8] Undefined index: keyword /data/wwwroot/ybzb/application/User/Controller/IndexadminController.class.php 第 74 行.
NOTIC: [8] Undefined variable: pList /data/wwwroot/ybzb/simplewind/Lib/Util/Page.class.php 第 226 行.
NOTIC: [8] Undefined variable: pListStart /data/wwwroot/ybzb/simplewind/Lib/Util/Page.class.php 第 335 行.
NOTIC: [8] Undefined variable: pListEnd /data/wwwroot/ybzb/simplewind/Lib/Util/Page.class.php 第 335 行.
NOTIC: [8] Undefined variable: pFirst /data/wwwroot/ybzb/simplewind/Lib/Util/Page.class.php 第 335 行.
NOTIC: [8] Undefined variable: pPrev /data/wwwroot/ybzb/simplewind/Lib/Util/Page.class.php 第 335 行.
INFO: [ view_parse ] --START--
INFO: [ template_filter ] --START--
INFO: Run Behavior\ContentReplaceBehavior [ RunTime:0.000100s ]
INFO: [ template_filter ] --END-- [ RunTime:0.000127s ]
NOTIC: [8] Undefined index: iszombie /data/wwwroot/ybzb/data/runtime/Cache/User/a348394835ede61f1587cc69a78f0b8c.php 第 62 行.
NOTIC: [8] Undefined index: iszombie /data/wwwroot/ybzb/data/runtime/Cache/User/a348394835ede61f1587cc69a78f0b8c.php 第 63 行.
NOTIC: [8] Undefined index: iszombiep /data/wwwroot/ybzb/data/runtime/Cache/User/a348394835ede61f1587cc69a78f0b8c.php 第 68 行.
NOTIC: [8] Undefined index: iszombiep /data/wwwroot/ybzb/data/runtime/Cache/User/a348394835ede61f1587cc69a78f0b8c.php 第 69 行.
NOTIC: [8] Undefined index: isban /data/wwwroot/ybzb/data/runtime/Cache/User/a348394835ede61f1587cc69a78f0b8c.php 第 75 行.
NOTIC: [8] Undefined index: isban /data/wwwroot/ybzb/data/runtime/Cache/User/a348394835ede61f1587cc69a78f0b8c.php 第 76 行.
NOTIC: [8] Undefined index: ishot /data/wwwroot/ybzb/data/runtime/Cache/User/a348394835ede61f1587cc69a78f0b8c.php 第 81 行.
NOTIC: [8] Undefined index: ishot /data/wwwroot/ybzb/data/runtime/Cache/User/a348394835ede61f1587cc69a78f0b8c.php 第 82 行.
NOTIC: [8] Undefined index: issuper /data/wwwroot/ybzb/data/runtime/Cache/User/a348394835ede61f1587cc69a78f0b8c.php 第 87 行.
NOTIC: [8] Undefined index: issuper /data/wwwroot/ybzb/data/runtime/Cache/User/a348394835ede61f1587cc69a78f0b8c.php 第 88 行.
NOTIC: [8] Undefined index: start_time /data/wwwroot/ybzb/data/runtime/Cache/User/a348394835ede61f1587cc69a78f0b8c.php 第 91 行.
NOTIC: [8] Undefined index: end_time /data/wwwroot/ybzb/data/runtime/Cache/User/a348394835ede61f1587cc69a78f0b8c.php 第 92 行.
NOTIC: [8] Undefined index: keyword /data/wwwroot/ybzb/data/runtime/Cache/User/a348394835ede61f1587cc69a78f0b8c.php 第 94 行.
INFO: Run Behavior\ParseTemplateBehavior [ RunTime:0.004955s ]
INFO: [ view_parse ] --END-- [ RunTime:0.004985s ]
INFO: [ view_filter ] --START--
INFO: Run Behavior\WriteHtmlCacheBehavior [ RunTime:0.000044s ]
INFO: Run Common\Behavior\TmplStripSpaceBehavior [ RunTime:0.000025s ]
INFO: [ view_filter ] --END-- [ RunTime:0.000087s ]
INFO: [ app_end ] --START--
INFO: Run Behavior\ShowPageTraceBehavior [ RunTime:0.000021s ]
INFO: [ app_end ] --END-- [ RunTime:0.000035s ]

[ 2019-10-25T20:23:42+08:00 ] 39.149.247.113 /index.php?g=User&m=indexadmin&a=index
INFO: [ app_init ] --START--
INFO: Run Behavior\BuildLiteBehavior [ RunTime:0.000007s ]
INFO: Run Common\Behavior\InitHookBehavior [ RunTime:0.000152s ]
INFO: [ app_init ] --END-- [ RunTime:0.000203s ]
INFO: [ app_begin ] --START--
INFO: Run Behavior\ReadHtmlCacheBehavior [ RunTime:0.000027s ]
INFO: Run Behavior\CheckLangBehavior [ RunTime:0.000051s ]
INFO: [ app_begin ] --END-- [ RunTime:0.000094s ]
INFO: [ view_parse ] --START--
INFO: [ template_filter ] --START--
INFO: Run Behavior\ContentReplaceBehavior [ RunTime:0.000138s ]
INFO: [ template_filter ] --END-- [ RunTime:0.000173s ]
NOTIC: [8] Undefined index: iszombie /data/wwwroot/ybzb/data/runtime/Cache/User/a348394835ede61f1587cc69a78f0b8c.php 第 62 行.
NOTIC: [8] Undefined index: iszombie /data/wwwroot/ybzb/data/runtime/Cache/User/a348394835ede61f1587cc69a78f0b8c.php 第 63 行.
NOTIC: [8] Undefined index: iszombiep /data/wwwroot/ybzb/data/runtime/Cache/User/a348394835ede61f1587cc69a78f0b8c.php 第 68 行.
NOTIC: [8] Undefined index: iszombiep /data/wwwroot/ybzb/data/runtime/Cache/User/a348394835ede61f1587cc69a78f0b8c.php 第 69 行.
NOTIC: [8] Undefined index: isban /data/wwwroot/ybzb/data/runtime/Cache/User/a348394835ede61f1587cc69a78f0b8c.php 第 75 行.
NOTIC: [8] Undefined index: isban /data/wwwroot/ybzb/data/runtime/Cache/User/a348394835ede61f1587cc69a78f0b8c.php 第 76 行.
NOTIC: [8] Undefined index: ishot /data/wwwroot/ybzb/data/runtime/Cache/User/a348394835ede61f1587cc69a78f0b8c.php 第 81 行.
NOTIC: [8] Undefined index: ishot /data/wwwroot/ybzb/data/runtime/Cache/User/a348394835ede61f1587cc69a78f0b8c.php 第 82 行.
NOTIC: [8] Undefined index: issuper /data/wwwroot/ybzb/data/runtime/Cache/User/a348394835ede61f1587cc69a78f0b8c.php 第 87 行.
NOTIC: [8] Undefined index: issuper /data/wwwroot/ybzb/data/runtime/Cache/User/a348394835ede61f1587cc69a78f0b8c.php 第 88 行.
NOTIC: [8] Undefined index: start_time /data/wwwroot/ybzb/data/runtime/Cache/User/a348394835ede61f1587cc69a78f0b8c.php 第 91 行.
NOTIC: [8] Undefined index: end_time /data/wwwroot/ybzb/data/runtime/Cache/User/a348394835ede61f1587cc69a78f0b8c.php 第 92 行.
INFO: Run Behavior\ParseTemplateBehavior [ RunTime:0.004295s ]
INFO: [ view_parse ] --END-- [ RunTime:0.004327s ]
INFO: [ view_filter ] --START--
INFO: Run Behavior\WriteHtmlCacheBehavior [ RunTime:0.000027s ]
INFO: Run Common\Behavior\TmplStripSpaceBehavior [ RunTime:0.000020s ]
INFO: [ view_filter ] --END-- [ RunTime:0.000060s ]
INFO: [ app_end ] --START--
INFO: Run Behavior\ShowPageTraceBehavior [ RunTime:0.000014s ]
INFO: [ app_end ] --END-- [ RunTime:0.000021s ]

[ 2019-10-25T20:23:48+08:00 ] 39.149.247.113 /index.php?g=User&m=indexadmin&a=edit&id=11960
INFO: [ app_init ] --START--
INFO: Run Behavior\BuildLiteBehavior [ RunTime:0.000008s ]
INFO: Run Common\Behavior\InitHookBehavior [ RunTime:0.000122s ]
INFO: [ app_init ] --END-- [ RunTime:0.000181s ]
INFO: [ app_begin ] --START--
INFO: Run Behavior\ReadHtmlCacheBehavior [ RunTime:0.000020s ]
INFO: Run Behavior\CheckLangBehavior [ RunTime:0.000057s ]
INFO: [ app_begin ] --END-- [ RunTime:0.000098s ]
INFO: [ view_parse ] --START--
INFO: [ template_filter ] --START--
INFO: Run Behavior\ContentReplaceBehavior [ RunTime:0.000100s ]
INFO: [ template_filter ] --END-- [ RunTime:0.000135s ]
INFO: Run Behavior\ParseTemplateBehavior [ RunTime:0.002524s ]
INFO: [ view_parse ] --END-- [ RunTime:0.002558s ]
INFO: [ view_filter ] --START--
INFO: Run Behavior\WriteHtmlCacheBehavior [ RunTime:0.000022s ]
INFO: Run Common\Behavior\TmplStripSpaceBehavior [ RunTime:0.000028s ]
INFO: [ view_filter ] --END-- [ RunTime:0.000063s ]
INFO: [ app_end ] --START--
INFO: Run Behavior\ShowPageTraceBehavior [ RunTime:0.000018s ]
INFO: [ app_end ] --END-- [ RunTime:0.000030s ]

[ 2019-10-25T20:23:52+08:00 ] 39.149.247.113 /index.php?g=User&m=indexadmin&a=edit&id=11960
INFO: [ app_init ] --START--
INFO: Run Behavior\BuildLiteBehavior [ RunTime:0.000008s ]
INFO: Run Common\Behavior\InitHookBehavior [ RunTime:0.000135s ]
INFO: [ app_init ] --END-- [ RunTime:0.000219s ]
INFO: [ app_begin ] --START--
INFO: Run Behavior\ReadHtmlCacheBehavior [ RunTime:0.000013s ]
INFO: Run Behavior\CheckLangBehavior [ RunTime:0.000043s ]
INFO: [ app_begin ] --END-- [ RunTime:0.000073s ]
INFO: [ view_parse ] --START--
INFO: [ template_filter ] --START--
INFO: Run Behavior\ContentReplaceBehavior [ RunTime:0.000085s ]
INFO: [ template_filter ] --END-- [ RunTime:0.000112s ]
INFO: Run Behavior\ParseTemplateBehavior [ RunTime:0.002203s ]
INFO: [ view_parse ] --END-- [ RunTime:0.002231s ]
INFO: [ view_filter ] --START--
INFO: Run Behavior\WriteHtmlCacheBehavior [ RunTime:0.000022s ]
INFO: Run Common\Behavior\TmplStripSpaceBehavior [ RunTime:0.000022s ]
INFO: [ view_filter ] --END-- [ RunTime:0.000061s ]
INFO: [ app_end ] --START--
INFO: Run Behavior\ShowPageTraceBehavior [ RunTime:0.000018s ]
INFO: [ app_end ] --END-- [ RunTime:0.000028s ]

[ 2019-10-25T20:23:59+08:00 ] 39.149.247.113 /index.php?g=User&m=indexadmin&a=edit_post
INFO: [ app_init ] --START--
INFO: Run Behavior\BuildLiteBehavior [ RunTime:0.000007s ]
INFO: Run Common\Behavior\InitHookBehavior [ RunTime:0.000114s ]
INFO: [ app_init ] --END-- [ RunTime:0.000165s ]
INFO: [ app_begin ] --START--
INFO: Run Behavior\ReadHtmlCacheBehavior [ RunTime:0.000014s ]
INFO: Run Behavior\CheckLangBehavior [ RunTime:0.000042s ]
INFO: [ app_begin ] --END-- [ RunTime:0.000070s ]
NOTIC: [8] Undefined index: validate /data/wwwroot/ybzb/simplewind/Core/Library/Think/Model.class.php 第 1185 行.
NOTIC: [8] Undefined index: auto /data/wwwroot/ybzb/simplewind/Core/Library/Think/Model.class.php 第 1128 行.

[ 2019-10-25T20:24:00+08:00 ] 39.149.247.113 /index.php?g=User&m=indexadmin&a=edit&id=11960
INFO: [ app_init ] --START--
INFO: Run Behavior\BuildLiteBehavior [ RunTime:0.000010s ]
INFO: Run Common\Behavior\InitHookBehavior [ RunTime:0.000156s ]
INFO: [ app_init ] --END-- [ RunTime:0.000217s ]
INFO: [ app_begin ] --START--
INFO: Run Behavior\ReadHtmlCacheBehavior [ RunTime:0.000022s ]
INFO: Run Behavior\CheckLangBehavior [ RunTime:0.000060s ]
INFO: [ app_begin ] --END-- [ RunTime:0.000106s ]
INFO: [ view_parse ] --START--
INFO: [ template_filter ] --START--
INFO: Run Behavior\ContentReplaceBehavior [ RunTime:0.000101s ]
INFO: [ template_filter ] --END-- [ RunTime:0.000137s ]
INFO: Run Behavior\ParseTemplateBehavior [ RunTime:0.002389s ]
INFO: [ view_parse ] --END-- [ RunTime:0.002420s ]
INFO: [ view_filter ] --START--
INFO: Run Behavior\WriteHtmlCacheBehavior [ RunTime:0.000023s ]
INFO: Run Common\Behavior\TmplStripSpaceBehavior [ RunTime:0.000018s ]
INFO: [ view_filter ] --END-- [ RunTime:0.000053s ]
INFO: [ app_end ] --START--
INFO: Run Behavior\ShowPageTraceBehavior [ RunTime:0.000014s ]
INFO: [ app_end ] --END-- [ RunTime:0.000021s ]

