[ 2019-10-28T15:42:46+08:00 ] 123.15.49.66 /index.php?g=User&m=Indexadmin&a=index&menuid=134
INFO: [ app_init ] --START--
INFO: Run Behavior\BuildLiteBehavior [ RunTime:0.000007s ]
INFO: Run Common\Behavior\InitHookBehavior [ RunTime:0.000116s ]
INFO: [ app_init ] --END-- [ RunTime:0.000164s ]
INFO: [ app_begin ] --START--
INFO: Run Behavior\ReadHtmlCacheBehavior [ RunTime:0.000013s ]
INFO: Run Behavior\CheckLangBehavior [ RunTime:0.000057s ]
INFO: [ app_begin ] --END-- [ RunTime:0.000085s ]
NOTIC: [8] Undefined index: iszombie /data/wwwroot/ybzb/application/User/Controller/IndexadminController.class.php 第 32 行.
NOTIC: [8] Undefined index: isban /data/wwwroot/ybzb/application/User/Controller/IndexadminController.class.php 第 37 行.
NOTIC: [8] Undefined index: issuper /data/wwwroot/ybzb/application/User/Controller/IndexadminController.class.php 第 42 行.
NOTIC: [8] Undefined index: ishot /data/wwwroot/ybzb/application/User/Controller/IndexadminController.class.php 第 49 行.
NOTIC: [8] Undefined index: iszombiep /data/wwwroot/ybzb/application/User/Controller/IndexadminController.class.php 第 54 行.
NOTIC: [8] Undefined index: start_time /data/wwwroot/ybzb/application/User/Controller/IndexadminController.class.php 第 59 行.
NOTIC: [8] Undefined index: end_time /data/wwwroot/ybzb/application/User/Controller/IndexadminController.class.php 第 64 行.
NOTIC: [8] Undefined index: start_time /data/wwwroot/ybzb/application/User/Controller/IndexadminController.class.php 第 68 行.
NOTIC: [8] Undefined index: keyword /data/wwwroot/ybzb/application/User/Controller/IndexadminController.class.php 第 74 行.
NOTIC: [8] Undefined variable: pList /data/wwwroot/ybzb/simplewind/Lib/Util/Page.class.php 第 226 行.
NOTIC: [8] Undefined variable: pListStart /data/wwwroot/ybzb/simplewind/Lib/Util/Page.class.php 第 335 行.
NOTIC: [8] Undefined variable: pListEnd /data/wwwroot/ybzb/simplewind/Lib/Util/Page.class.php 第 335 行.
NOTIC: [8] Undefined variable: pFirst /data/wwwroot/ybzb/simplewind/Lib/Util/Page.class.php 第 335 行.
NOTIC: [8] Undefined variable: pPrev /data/wwwroot/ybzb/simplewind/Lib/Util/Page.class.php 第 335 行.
INFO: [ view_parse ] --START--
INFO: [ template_filter ] --START--
INFO: Run Behavior\ContentReplaceBehavior [ RunTime:0.000110s ]
INFO: [ template_filter ] --END-- [ RunTime:0.000135s ]
NOTIC: [8] Undefined index: iszombie /data/wwwroot/ybzb/data/runtime/Cache/User/a348394835ede61f1587cc69a78f0b8c.php 第 62 行.
NOTIC: [8] Undefined index: iszombie /data/wwwroot/ybzb/data/runtime/Cache/User/a348394835ede61f1587cc69a78f0b8c.php 第 63 行.
NOTIC: [8] Undefined index: iszombiep /data/wwwroot/ybzb/data/runtime/Cache/User/a348394835ede61f1587cc69a78f0b8c.php 第 68 行.
NOTIC: [8] Undefined index: iszombiep /data/wwwroot/ybzb/data/runtime/Cache/User/a348394835ede61f1587cc69a78f0b8c.php 第 69 行.
NOTIC: [8] Undefined index: isban /data/wwwroot/ybzb/data/runtime/Cache/User/a348394835ede61f1587cc69a78f0b8c.php 第 75 行.
NOTIC: [8] Undefined index: isban /data/wwwroot/ybzb/data/runtime/Cache/User/a348394835ede61f1587cc69a78f0b8c.php 第 76 行.
NOTIC: [8] Undefined index: ishot /data/wwwroot/ybzb/data/runtime/Cache/User/a348394835ede61f1587cc69a78f0b8c.php 第 81 行.
NOTIC: [8] Undefined index: ishot /data/wwwroot/ybzb/data/runtime/Cache/User/a348394835ede61f1587cc69a78f0b8c.php 第 82 行.
NOTIC: [8] Undefined index: issuper /data/wwwroot/ybzb/data/runtime/Cache/User/a348394835ede61f1587cc69a78f0b8c.php 第 87 行.
NOTIC: [8] Undefined index: issuper /data/wwwroot/ybzb/data/runtime/Cache/User/a348394835ede61f1587cc69a78f0b8c.php 第 88 行.
NOTIC: [8] Undefined index: start_time /data/wwwroot/ybzb/data/runtime/Cache/User/a348394835ede61f1587cc69a78f0b8c.php 第 91 行.
NOTIC: [8] Undefined index: end_time /data/wwwroot/ybzb/data/runtime/Cache/User/a348394835ede61f1587cc69a78f0b8c.php 第 92 行.
NOTIC: [8] Undefined index: keyword /data/wwwroot/ybzb/data/runtime/Cache/User/a348394835ede61f1587cc69a78f0b8c.php 第 94 行.
INFO: Run Behavior\ParseTemplateBehavior [ RunTime:0.005249s ]
INFO: [ view_parse ] --END-- [ RunTime:0.005278s ]
INFO: [ view_filter ] --START--
INFO: Run Behavior\WriteHtmlCacheBehavior [ RunTime:0.000038s ]
INFO: Run Common\Behavior\TmplStripSpaceBehavior [ RunTime:0.000024s ]
INFO: [ view_filter ] --END-- [ RunTime:0.000080s ]
INFO: [ app_end ] --START--
INFO: Run Behavior\ShowPageTraceBehavior [ RunTime:0.000019s ]
INFO: [ app_end ] --END-- [ RunTime:0.000042s ]

[ 2019-10-28T15:42:48+08:00 ] 123.15.49.66 /index.php?g=User&m=indexadmin&a=index
INFO: [ app_init ] --START--
INFO: Run Behavior\BuildLiteBehavior [ RunTime:0.000007s ]
INFO: Run Common\Behavior\InitHookBehavior [ RunTime:0.000119s ]
INFO: [ app_init ] --END-- [ RunTime:0.000172s ]
INFO: [ app_begin ] --START--
INFO: Run Behavior\ReadHtmlCacheBehavior [ RunTime:0.000013s ]
INFO: Run Behavior\CheckLangBehavior [ RunTime:0.000040s ]
INFO: [ app_begin ] --END-- [ RunTime:0.000067s ]
INFO: [ view_parse ] --START--
INFO: [ template_filter ] --START--
INFO: Run Behavior\ContentReplaceBehavior [ RunTime:0.000101s ]
INFO: [ template_filter ] --END-- [ RunTime:0.000127s ]
NOTIC: [8] Undefined index: iszombie /data/wwwroot/ybzb/data/runtime/Cache/User/a348394835ede61f1587cc69a78f0b8c.php 第 62 行.
NOTIC: [8] Undefined index: iszombie /data/wwwroot/ybzb/data/runtime/Cache/User/a348394835ede61f1587cc69a78f0b8c.php 第 63 行.
NOTIC: [8] Undefined index: iszombiep /data/wwwroot/ybzb/data/runtime/Cache/User/a348394835ede61f1587cc69a78f0b8c.php 第 68 行.
NOTIC: [8] Undefined index: iszombiep /data/wwwroot/ybzb/data/runtime/Cache/User/a348394835ede61f1587cc69a78f0b8c.php 第 69 行.
NOTIC: [8] Undefined index: isban /data/wwwroot/ybzb/data/runtime/Cache/User/a348394835ede61f1587cc69a78f0b8c.php 第 75 行.
NOTIC: [8] Undefined index: isban /data/wwwroot/ybzb/data/runtime/Cache/User/a348394835ede61f1587cc69a78f0b8c.php 第 76 行.
NOTIC: [8] Undefined index: ishot /data/wwwroot/ybzb/data/runtime/Cache/User/a348394835ede61f1587cc69a78f0b8c.php 第 81 行.
NOTIC: [8] Undefined index: ishot /data/wwwroot/ybzb/data/runtime/Cache/User/a348394835ede61f1587cc69a78f0b8c.php 第 82 行.
NOTIC: [8] Undefined index: issuper /data/wwwroot/ybzb/data/runtime/Cache/User/a348394835ede61f1587cc69a78f0b8c.php 第 87 行.
NOTIC: [8] Undefined index: issuper /data/wwwroot/ybzb/data/runtime/Cache/User/a348394835ede61f1587cc69a78f0b8c.php 第 88 行.
NOTIC: [8] Undefined index: start_time /data/wwwroot/ybzb/data/runtime/Cache/User/a348394835ede61f1587cc69a78f0b8c.php 第 91 行.
NOTIC: [8] Undefined index: end_time /data/wwwroot/ybzb/data/runtime/Cache/User/a348394835ede61f1587cc69a78f0b8c.php 第 92 行.
INFO: Run Behavior\ParseTemplateBehavior [ RunTime:0.003768s ]
INFO: [ view_parse ] --END-- [ RunTime:0.003791s ]
INFO: [ view_filter ] --START--
INFO: Run Behavior\WriteHtmlCacheBehavior [ RunTime:0.000022s ]
INFO: Run Common\Behavior\TmplStripSpaceBehavior [ RunTime:0.000018s ]
INFO: [ view_filter ] --END-- [ RunTime:0.000052s ]
INFO: [ app_end ] --START--
INFO: Run Behavior\ShowPageTraceBehavior [ RunTime:0.000012s ]
INFO: [ app_end ] --END-- [ RunTime:0.000019s ]

[ 2019-10-28T15:42:50+08:00 ] 123.15.49.66 /index.php?g=User&m=indexadmin&a=edit&id=11961
INFO: [ app_init ] --START--
INFO: Run Behavior\BuildLiteBehavior [ RunTime:0.000007s ]
INFO: Run Common\Behavior\InitHookBehavior [ RunTime:0.000168s ]
INFO: [ app_init ] --END-- [ RunTime:0.000225s ]
INFO: [ app_begin ] --START--
INFO: Run Behavior\ReadHtmlCacheBehavior [ RunTime:0.000015s ]
INFO: Run Behavior\CheckLangBehavior [ RunTime:0.000044s ]
INFO: [ app_begin ] --END-- [ RunTime:0.000073s ]
INFO: [ view_parse ] --START--
INFO: [ template_filter ] --START--
INFO: Run Behavior\ContentReplaceBehavior [ RunTime:0.000087s ]
INFO: [ template_filter ] --END-- [ RunTime:0.000115s ]
INFO: Run Behavior\ParseTemplateBehavior [ RunTime:0.002193s ]
INFO: [ view_parse ] --END-- [ RunTime:0.002219s ]
INFO: [ view_filter ] --START--
INFO: Run Behavior\WriteHtmlCacheBehavior [ RunTime:0.000023s ]
INFO: Run Common\Behavior\TmplStripSpaceBehavior [ RunTime:0.000018s ]
INFO: [ view_filter ] --END-- [ RunTime:0.000053s ]
INFO: [ app_end ] --START--
INFO: Run Behavior\ShowPageTraceBehavior [ RunTime:0.000013s ]
INFO: [ app_end ] --END-- [ RunTime:0.000020s ]

[ 2019-10-28T15:42:58+08:00 ] 123.15.49.66 /index.php?g=User&m=indexadmin&a=edit_post
INFO: [ app_init ] --START--
INFO: Run Behavior\BuildLiteBehavior [ RunTime:0.000009s ]
INFO: Run Common\Behavior\InitHookBehavior [ RunTime:0.000162s ]
INFO: [ app_init ] --END-- [ RunTime:0.000223s ]
INFO: [ app_begin ] --START--
INFO: Run Behavior\ReadHtmlCacheBehavior [ RunTime:0.000020s ]
INFO: Run Behavior\CheckLangBehavior [ RunTime:0.000066s ]
INFO: [ app_begin ] --END-- [ RunTime:0.000107s ]
NOTIC: [8] Undefined index: validate /data/wwwroot/ybzb/simplewind/Core/Library/Think/Model.class.php 第 1185 行.
NOTIC: [8] Undefined index: auto /data/wwwroot/ybzb/simplewind/Core/Library/Think/Model.class.php 第 1128 行.

[ 2019-10-28T15:42:58+08:00 ] 123.15.49.66 /index.php?g=User&m=indexadmin&a=edit&id=11961
INFO: [ app_init ] --START--
INFO: Run Behavior\BuildLiteBehavior [ RunTime:0.000007s ]
INFO: Run Common\Behavior\InitHookBehavior [ RunTime:0.000139s ]
INFO: [ app_init ] --END-- [ RunTime:0.000188s ]
INFO: [ app_begin ] --START--
INFO: Run Behavior\ReadHtmlCacheBehavior [ RunTime:0.000016s ]
INFO: Run Behavior\CheckLangBehavior [ RunTime:0.000059s ]
INFO: [ app_begin ] --END-- [ RunTime:0.000096s ]
INFO: [ view_parse ] --START--
INFO: [ template_filter ] --START--
INFO: Run Behavior\ContentReplaceBehavior [ RunTime:0.000098s ]
INFO: [ template_filter ] --END-- [ RunTime:0.000136s ]
INFO: Run Behavior\ParseTemplateBehavior [ RunTime:0.002525s ]
INFO: [ view_parse ] --END-- [ RunTime:0.002557s ]
INFO: [ view_filter ] --START--
INFO: Run Behavior\WriteHtmlCacheBehavior [ RunTime:0.000021s ]
INFO: Run Common\Behavior\TmplStripSpaceBehavior [ RunTime:0.000018s ]
INFO: [ view_filter ] --END-- [ RunTime:0.000054s ]
INFO: [ app_end ] --START--
INFO: Run Behavior\ShowPageTraceBehavior [ RunTime:0.000018s ]
INFO: [ app_end ] --END-- [ RunTime:0.000029s ]

[ 2019-10-28T15:42:59+08:00 ] 123.15.49.66 /index.php?g=User&m=Indexadmin&a=index&menuid=134
INFO: [ app_init ] --START--
INFO: Run Behavior\BuildLiteBehavior [ RunTime:0.000007s ]
INFO: Run Common\Behavior\InitHookBehavior [ RunTime:0.000118s ]
INFO: [ app_init ] --END-- [ RunTime:0.000164s ]
INFO: [ app_begin ] --START--
INFO: Run Behavior\ReadHtmlCacheBehavior [ RunTime:0.000019s ]
INFO: Run Behavior\CheckLangBehavior [ RunTime:0.000061s ]
INFO: [ app_begin ] --END-- [ RunTime:0.000103s ]
NOTIC: [8] Undefined index: iszombie /data/wwwroot/ybzb/application/User/Controller/IndexadminController.class.php 第 32 行.
NOTIC: [8] Undefined index: isban /data/wwwroot/ybzb/application/User/Controller/IndexadminController.class.php 第 37 行.
NOTIC: [8] Undefined index: issuper /data/wwwroot/ybzb/application/User/Controller/IndexadminController.class.php 第 42 行.
NOTIC: [8] Undefined index: ishot /data/wwwroot/ybzb/application/User/Controller/IndexadminController.class.php 第 49 行.
NOTIC: [8] Undefined index: iszombiep /data/wwwroot/ybzb/application/User/Controller/IndexadminController.class.php 第 54 行.
NOTIC: [8] Undefined index: start_time /data/wwwroot/ybzb/application/User/Controller/IndexadminController.class.php 第 59 行.
NOTIC: [8] Undefined index: end_time /data/wwwroot/ybzb/application/User/Controller/IndexadminController.class.php 第 64 行.
NOTIC: [8] Undefined index: start_time /data/wwwroot/ybzb/application/User/Controller/IndexadminController.class.php 第 68 行.
NOTIC: [8] Undefined index: keyword /data/wwwroot/ybzb/application/User/Controller/IndexadminController.class.php 第 74 行.
NOTIC: [8] Undefined variable: pList /data/wwwroot/ybzb/simplewind/Lib/Util/Page.class.php 第 226 行.
NOTIC: [8] Undefined variable: pListStart /data/wwwroot/ybzb/simplewind/Lib/Util/Page.class.php 第 335 行.
NOTIC: [8] Undefined variable: pListEnd /data/wwwroot/ybzb/simplewind/Lib/Util/Page.class.php 第 335 行.
NOTIC: [8] Undefined variable: pFirst /data/wwwroot/ybzb/simplewind/Lib/Util/Page.class.php 第 335 行.
NOTIC: [8] Undefined variable: pPrev /data/wwwroot/ybzb/simplewind/Lib/Util/Page.class.php 第 335 行.
INFO: [ view_parse ] --START--
INFO: [ template_filter ] --START--
INFO: Run Behavior\ContentReplaceBehavior [ RunTime:0.000104s ]
INFO: [ template_filter ] --END-- [ RunTime:0.000133s ]
NOTIC: [8] Undefined index: iszombie /data/wwwroot/ybzb/data/runtime/Cache/User/a348394835ede61f1587cc69a78f0b8c.php 第 62 行.
NOTIC: [8] Undefined index: iszombie /data/wwwroot/ybzb/data/runtime/Cache/User/a348394835ede61f1587cc69a78f0b8c.php 第 63 行.
NOTIC: [8] Undefined index: iszombiep /data/wwwroot/ybzb/data/runtime/Cache/User/a348394835ede61f1587cc69a78f0b8c.php 第 68 行.
NOTIC: [8] Undefined index: iszombiep /data/wwwroot/ybzb/data/runtime/Cache/User/a348394835ede61f1587cc69a78f0b8c.php 第 69 行.
NOTIC: [8] Undefined index: isban /data/wwwroot/ybzb/data/runtime/Cache/User/a348394835ede61f1587cc69a78f0b8c.php 第 75 行.
NOTIC: [8] Undefined index: isban /data/wwwroot/ybzb/data/runtime/Cache/User/a348394835ede61f1587cc69a78f0b8c.php 第 76 行.
NOTIC: [8] Undefined index: ishot /data/wwwroot/ybzb/data/runtime/Cache/User/a348394835ede61f1587cc69a78f0b8c.php 第 81 行.
NOTIC: [8] Undefined index: ishot /data/wwwroot/ybzb/data/runtime/Cache/User/a348394835ede61f1587cc69a78f0b8c.php 第 82 行.
NOTIC: [8] Undefined index: issuper /data/wwwroot/ybzb/data/runtime/Cache/User/a348394835ede61f1587cc69a78f0b8c.php 第 87 行.
NOTIC: [8] Undefined index: issuper /data/wwwroot/ybzb/data/runtime/Cache/User/a348394835ede61f1587cc69a78f0b8c.php 第 88 行.
NOTIC: [8] Undefined index: start_time /data/wwwroot/ybzb/data/runtime/Cache/User/a348394835ede61f1587cc69a78f0b8c.php 第 91 行.
NOTIC: [8] Undefined index: end_time /data/wwwroot/ybzb/data/runtime/Cache/User/a348394835ede61f1587cc69a78f0b8c.php 第 92 行.
NOTIC: [8] Undefined index: keyword /data/wwwroot/ybzb/data/runtime/Cache/User/a348394835ede61f1587cc69a78f0b8c.php 第 94 行.
INFO: Run Behavior\ParseTemplateBehavior [ RunTime:0.005159s ]
INFO: [ view_parse ] --END-- [ RunTime:0.005190s ]
INFO: [ view_filter ] --START--
INFO: Run Behavior\WriteHtmlCacheBehavior [ RunTime:0.000036s ]
INFO: Run Common\Behavior\TmplStripSpaceBehavior [ RunTime:0.000021s ]
INFO: [ view_filter ] --END-- [ RunTime:0.000072s ]
INFO: [ app_end ] --START--
INFO: Run Behavior\ShowPageTraceBehavior [ RunTime:0.000014s ]
INFO: [ app_end ] --END-- [ RunTime:0.000024s ]

[ 2019-10-28T15:43:02+08:00 ] 123.15.49.66 /index.php?g=User&m=indexadmin&a=index
INFO: [ app_init ] --START--
INFO: Run Behavior\BuildLiteBehavior [ RunTime:0.000010s ]
INFO: Run Common\Behavior\InitHookBehavior [ RunTime:0.000139s ]
INFO: [ app_init ] --END-- [ RunTime:0.000207s ]
INFO: [ app_begin ] --START--
INFO: Run Behavior\ReadHtmlCacheBehavior [ RunTime:0.000015s ]
INFO: Run Behavior\CheckLangBehavior [ RunTime:0.000051s ]
INFO: [ app_begin ] --END-- [ RunTime:0.000084s ]
INFO: [ view_parse ] --START--
INFO: [ template_filter ] --START--
INFO: Run Behavior\ContentReplaceBehavior [ RunTime:0.000102s ]
INFO: [ template_filter ] --END-- [ RunTime:0.000131s ]
NOTIC: [8] Undefined index: iszombie /data/wwwroot/ybzb/data/runtime/Cache/User/a348394835ede61f1587cc69a78f0b8c.php 第 62 行.
NOTIC: [8] Undefined index: iszombie /data/wwwroot/ybzb/data/runtime/Cache/User/a348394835ede61f1587cc69a78f0b8c.php 第 63 行.
NOTIC: [8] Undefined index: iszombiep /data/wwwroot/ybzb/data/runtime/Cache/User/a348394835ede61f1587cc69a78f0b8c.php 第 68 行.
NOTIC: [8] Undefined index: iszombiep /data/wwwroot/ybzb/data/runtime/Cache/User/a348394835ede61f1587cc69a78f0b8c.php 第 69 行.
NOTIC: [8] Undefined index: isban /data/wwwroot/ybzb/data/runtime/Cache/User/a348394835ede61f1587cc69a78f0b8c.php 第 75 行.
NOTIC: [8] Undefined index: isban /data/wwwroot/ybzb/data/runtime/Cache/User/a348394835ede61f1587cc69a78f0b8c.php 第 76 行.
NOTIC: [8] Undefined index: ishot /data/wwwroot/ybzb/data/runtime/Cache/User/a348394835ede61f1587cc69a78f0b8c.php 第 81 行.
NOTIC: [8] Undefined index: ishot /data/wwwroot/ybzb/data/runtime/Cache/User/a348394835ede61f1587cc69a78f0b8c.php 第 82 行.
NOTIC: [8] Undefined index: issuper /data/wwwroot/ybzb/data/runtime/Cache/User/a348394835ede61f1587cc69a78f0b8c.php 第 87 行.
NOTIC: [8] Undefined index: issuper /data/wwwroot/ybzb/data/runtime/Cache/User/a348394835ede61f1587cc69a78f0b8c.php 第 88 行.
NOTIC: [8] Undefined index: start_time /data/wwwroot/ybzb/data/runtime/Cache/User/a348394835ede61f1587cc69a78f0b8c.php 第 91 行.
NOTIC: [8] Undefined index: end_time /data/wwwroot/ybzb/data/runtime/Cache/User/a348394835ede61f1587cc69a78f0b8c.php 第 92 行.
INFO: Run Behavior\ParseTemplateBehavior [ RunTime:0.004012s ]
INFO: [ view_parse ] --END-- [ RunTime:0.004042s ]
INFO: [ view_filter ] --START--
INFO: Run Behavior\WriteHtmlCacheBehavior [ RunTime:0.000023s ]
INFO: Run Common\Behavior\TmplStripSpaceBehavior [ RunTime:0.000020s ]
INFO: [ view_filter ] --END-- [ RunTime:0.000056s ]
INFO: [ app_end ] --START--
INFO: Run Behavior\ShowPageTraceBehavior [ RunTime:0.000013s ]
INFO: [ app_end ] --END-- [ RunTime:0.000020s ]

[ 2019-10-28T15:43:03+08:00 ] 123.15.49.66 /index.php?g=User&m=indexadmin&a=edit&id=11961
INFO: [ app_init ] --START--
INFO: Run Behavior\BuildLiteBehavior [ RunTime:0.000008s ]
INFO: Run Common\Behavior\InitHookBehavior [ RunTime:0.000141s ]
INFO: [ app_init ] --END-- [ RunTime:0.000197s ]
INFO: [ app_begin ] --START--
INFO: Run Behavior\ReadHtmlCacheBehavior [ RunTime:0.000015s ]
INFO: Run Behavior\CheckLangBehavior [ RunTime:0.000050s ]
INFO: [ app_begin ] --END-- [ RunTime:0.000080s ]
INFO: [ view_parse ] --START--
INFO: [ template_filter ] --START--
INFO: Run Behavior\ContentReplaceBehavior [ RunTime:0.000101s ]
INFO: [ template_filter ] --END-- [ RunTime:0.000138s ]
INFO: Run Behavior\ParseTemplateBehavior [ RunTime:0.002663s ]
INFO: [ view_parse ] --END-- [ RunTime:0.002702s ]
INFO: [ view_filter ] --START--
INFO: Run Behavior\WriteHtmlCacheBehavior [ RunTime:0.000022s ]
INFO: Run Common\Behavior\TmplStripSpaceBehavior [ RunTime:0.000018s ]
INFO: [ view_filter ] --END-- [ RunTime:0.000053s ]
INFO: [ app_end ] --START--
INFO: Run Behavior\ShowPageTraceBehavior [ RunTime:0.000014s ]
INFO: [ app_end ] --END-- [ RunTime:0.000022s ]

[ 2019-10-28T15:43:07+08:00 ] 123.15.49.66 /index.php?g=User&m=indexadmin&a=edit_post
INFO: [ app_init ] --START--
INFO: Run Behavior\BuildLiteBehavior [ RunTime:0.000007s ]
INFO: Run Common\Behavior\InitHookBehavior [ RunTime:0.000170s ]
INFO: [ app_init ] --END-- [ RunTime:0.000225s ]
INFO: [ app_begin ] --START--
INFO: Run Behavior\ReadHtmlCacheBehavior [ RunTime:0.000020s ]
INFO: Run Behavior\CheckLangBehavior [ RunTime:0.000059s ]
INFO: [ app_begin ] --END-- [ RunTime:0.000099s ]
NOTIC: [8] Undefined index: validate /data/wwwroot/ybzb/simplewind/Core/Library/Think/Model.class.php 第 1185 行.
NOTIC: [8] Undefined index: auto /data/wwwroot/ybzb/simplewind/Core/Library/Think/Model.class.php 第 1128 行.

[ 2019-10-28T15:43:07+08:00 ] 123.15.49.66 /index.php?g=User&m=indexadmin&a=edit&id=11961
INFO: [ app_init ] --START--
INFO: Run Behavior\BuildLiteBehavior [ RunTime:0.000006s ]
INFO: Run Common\Behavior\InitHookBehavior [ RunTime:0.000142s ]
INFO: [ app_init ] --END-- [ RunTime:0.000190s ]
INFO: [ app_begin ] --START--
INFO: Run Behavior\ReadHtmlCacheBehavior [ RunTime:0.000030s ]
INFO: Run Behavior\CheckLangBehavior [ RunTime:0.000060s ]
INFO: [ app_begin ] --END-- [ RunTime:0.000113s ]
INFO: [ view_parse ] --START--
INFO: [ template_filter ] --START--
INFO: Run Behavior\ContentReplaceBehavior [ RunTime:0.000085s ]
INFO: [ template_filter ] --END-- [ RunTime:0.000115s ]
INFO: Run Behavior\ParseTemplateBehavior [ RunTime:0.002411s ]
INFO: [ view_parse ] --END-- [ RunTime:0.002440s ]
INFO: [ view_filter ] --START--
INFO: Run Behavior\WriteHtmlCacheBehavior [ RunTime:0.000020s ]
INFO: Run Common\Behavior\TmplStripSpaceBehavior [ RunTime:0.000018s ]
INFO: [ view_filter ] --END-- [ RunTime:0.000051s ]
INFO: [ app_end ] --START--
INFO: Run Behavior\ShowPageTraceBehavior [ RunTime:0.000013s ]
INFO: [ app_end ] --END-- [ RunTime:0.000020s ]

[ 2019-10-28T15:43:22+08:00 ] 123.15.49.66 /index.php?g=User&m=Indexadmin&a=index&menuid=134
INFO: [ app_init ] --START--
INFO: Run Behavior\BuildLiteBehavior [ RunTime:0.000007s ]
INFO: Run Common\Behavior\InitHookBehavior [ RunTime:0.000129s ]
INFO: [ app_init ] --END-- [ RunTime:0.000191s ]
INFO: [ app_begin ] --START--
INFO: Run Behavior\ReadHtmlCacheBehavior [ RunTime:0.000014s ]
INFO: Run Behavior\CheckLangBehavior [ RunTime:0.000045s ]
INFO: [ app_begin ] --END-- [ RunTime:0.000074s ]
NOTIC: [8] Undefined index: iszombie /data/wwwroot/ybzb/application/User/Controller/IndexadminController.class.php 第 32 行.
NOTIC: [8] Undefined index: isban /data/wwwroot/ybzb/application/User/Controller/IndexadminController.class.php 第 37 行.
NOTIC: [8] Undefined index: issuper /data/wwwroot/ybzb/application/User/Controller/IndexadminController.class.php 第 42 行.
NOTIC: [8] Undefined index: ishot /data/wwwroot/ybzb/application/User/Controller/IndexadminController.class.php 第 49 行.
NOTIC: [8] Undefined index: iszombiep /data/wwwroot/ybzb/application/User/Controller/IndexadminController.class.php 第 54 行.
NOTIC: [8] Undefined index: start_time /data/wwwroot/ybzb/application/User/Controller/IndexadminController.class.php 第 59 行.
NOTIC: [8] Undefined index: end_time /data/wwwroot/ybzb/application/User/Controller/IndexadminController.class.php 第 64 行.
NOTIC: [8] Undefined index: start_time /data/wwwroot/ybzb/application/User/Controller/IndexadminController.class.php 第 68 行.
NOTIC: [8] Undefined index: keyword /data/wwwroot/ybzb/application/User/Controller/IndexadminController.class.php 第 74 行.
NOTIC: [8] Undefined variable: pList /data/wwwroot/ybzb/simplewind/Lib/Util/Page.class.php 第 226 行.
NOTIC: [8] Undefined variable: pListStart /data/wwwroot/ybzb/simplewind/Lib/Util/Page.class.php 第 335 行.
NOTIC: [8] Undefined variable: pListEnd /data/wwwroot/ybzb/simplewind/Lib/Util/Page.class.php 第 335 行.
NOTIC: [8] Undefined variable: pFirst /data/wwwroot/ybzb/simplewind/Lib/Util/Page.class.php 第 335 行.
NOTIC: [8] Undefined variable: pPrev /data/wwwroot/ybzb/simplewind/Lib/Util/Page.class.php 第 335 行.
INFO: [ view_parse ] --START--
INFO: [ template_filter ] --START--
INFO: Run Behavior\ContentReplaceBehavior [ RunTime:0.000114s ]
INFO: [ template_filter ] --END-- [ RunTime:0.000147s ]
NOTIC: [8] Undefined index: iszombie /data/wwwroot/ybzb/data/runtime/Cache/User/a348394835ede61f1587cc69a78f0b8c.php 第 62 行.
NOTIC: [8] Undefined index: iszombie /data/wwwroot/ybzb/data/runtime/Cache/User/a348394835ede61f1587cc69a78f0b8c.php 第 63 行.
NOTIC: [8] Undefined index: iszombiep /data/wwwroot/ybzb/data/runtime/Cache/User/a348394835ede61f1587cc69a78f0b8c.php 第 68 行.
NOTIC: [8] Undefined index: iszombiep /data/wwwroot/ybzb/data/runtime/Cache/User/a348394835ede61f1587cc69a78f0b8c.php 第 69 行.
NOTIC: [8] Undefined index: isban /data/wwwroot/ybzb/data/runtime/Cache/User/a348394835ede61f1587cc69a78f0b8c.php 第 75 行.
NOTIC: [8] Undefined index: isban /data/wwwroot/ybzb/data/runtime/Cache/User/a348394835ede61f1587cc69a78f0b8c.php 第 76 行.
NOTIC: [8] Undefined index: ishot /data/wwwroot/ybzb/data/runtime/Cache/User/a348394835ede61f1587cc69a78f0b8c.php 第 81 行.
NOTIC: [8] Undefined index: ishot /data/wwwroot/ybzb/data/runtime/Cache/User/a348394835ede61f1587cc69a78f0b8c.php 第 82 行.
NOTIC: [8] Undefined index: issuper /data/wwwroot/ybzb/data/runtime/Cache/User/a348394835ede61f1587cc69a78f0b8c.php 第 87 行.
NOTIC: [8] Undefined index: issuper /data/wwwroot/ybzb/data/runtime/Cache/User/a348394835ede61f1587cc69a78f0b8c.php 第 88 行.
NOTIC: [8] Undefined index: start_time /data/wwwroot/ybzb/data/runtime/Cache/User/a348394835ede61f1587cc69a78f0b8c.php 第 91 行.
NOTIC: [8] Undefined index: end_time /data/wwwroot/ybzb/data/runtime/Cache/User/a348394835ede61f1587cc69a78f0b8c.php 第 92 行.
NOTIC: [8] Undefined index: keyword /data/wwwroot/ybzb/data/runtime/Cache/User/a348394835ede61f1587cc69a78f0b8c.php 第 94 行.
INFO: Run Behavior\ParseTemplateBehavior [ RunTime:0.005652s ]
INFO: [ view_parse ] --END-- [ RunTime:0.005683s ]
INFO: [ view_filter ] --START--
INFO: Run Behavior\WriteHtmlCacheBehavior [ RunTime:0.000042s ]
INFO: Run Common\Behavior\TmplStripSpaceBehavior [ RunTime:0.000027s ]
INFO: [ view_filter ] --END-- [ RunTime:0.000087s ]
INFO: [ app_end ] --START--
INFO: Run Behavior\ShowPageTraceBehavior [ RunTime:0.000017s ]
INFO: [ app_end ] --END-- [ RunTime:0.000025s ]

[ 2019-10-28T15:43:25+08:00 ] 123.15.49.66 /index.php?g=User&m=indexadmin&a=index
INFO: [ app_init ] --START--
INFO: Run Behavior\BuildLiteBehavior [ RunTime:0.000007s ]
INFO: Run Common\Behavior\InitHookBehavior [ RunTime:0.000128s ]
INFO: [ app_init ] --END-- [ RunTime:0.000189s ]
INFO: [ app_begin ] --START--
INFO: Run Behavior\ReadHtmlCacheBehavior [ RunTime:0.000014s ]
INFO: Run Behavior\CheckLangBehavior [ RunTime:0.000041s ]
INFO: [ app_begin ] --END-- [ RunTime:0.000071s ]
INFO: [ view_parse ] --START--
INFO: [ template_filter ] --START--
INFO: Run Behavior\ContentReplaceBehavior [ RunTime:0.000110s ]
INFO: [ template_filter ] --END-- [ RunTime:0.000149s ]
NOTIC: [8] Undefined index: iszombie /data/wwwroot/ybzb/data/runtime/Cache/User/a348394835ede61f1587cc69a78f0b8c.php 第 62 行.
NOTIC: [8] Undefined index: iszombie /data/wwwroot/ybzb/data/runtime/Cache/User/a348394835ede61f1587cc69a78f0b8c.php 第 63 行.
NOTIC: [8] Undefined index: iszombiep /data/wwwroot/ybzb/data/runtime/Cache/User/a348394835ede61f1587cc69a78f0b8c.php 第 68 行.
NOTIC: [8] Undefined index: iszombiep /data/wwwroot/ybzb/data/runtime/Cache/User/a348394835ede61f1587cc69a78f0b8c.php 第 69 行.
NOTIC: [8] Undefined index: isban /data/wwwroot/ybzb/data/runtime/Cache/User/a348394835ede61f1587cc69a78f0b8c.php 第 75 行.
NOTIC: [8] Undefined index: isban /data/wwwroot/ybzb/data/runtime/Cache/User/a348394835ede61f1587cc69a78f0b8c.php 第 76 行.
NOTIC: [8] Undefined index: ishot /data/wwwroot/ybzb/data/runtime/Cache/User/a348394835ede61f1587cc69a78f0b8c.php 第 81 行.
NOTIC: [8] Undefined index: ishot /data/wwwroot/ybzb/data/runtime/Cache/User/a348394835ede61f1587cc69a78f0b8c.php 第 82 行.
NOTIC: [8] Undefined index: issuper /data/wwwroot/ybzb/data/runtime/Cache/User/a348394835ede61f1587cc69a78f0b8c.php 第 87 行.
NOTIC: [8] Undefined index: issuper /data/wwwroot/ybzb/data/runtime/Cache/User/a348394835ede61f1587cc69a78f0b8c.php 第 88 行.
NOTIC: [8] Undefined index: start_time /data/wwwroot/ybzb/data/runtime/Cache/User/a348394835ede61f1587cc69a78f0b8c.php 第 91 行.
NOTIC: [8] Undefined index: end_time /data/wwwroot/ybzb/data/runtime/Cache/User/a348394835ede61f1587cc69a78f0b8c.php 第 92 行.
INFO: Run Behavior\ParseTemplateBehavior [ RunTime:0.004393s ]
INFO: [ view_parse ] --END-- [ RunTime:0.004427s ]
INFO: [ view_filter ] --START--
INFO: Run Behavior\WriteHtmlCacheBehavior [ RunTime:0.000029s ]
INFO: Run Common\Behavior\TmplStripSpaceBehavior [ RunTime:0.000022s ]
INFO: [ view_filter ] --END-- [ RunTime:0.000065s ]
INFO: [ app_end ] --START--
INFO: Run Behavior\ShowPageTraceBehavior [ RunTime:0.000015s ]
INFO: [ app_end ] --END-- [ RunTime:0.000023s ]

[ 2019-10-28T15:43:28+08:00 ] 123.15.49.66 /index.php?g=User&m=indexadmin&a=edit&id=11830
INFO: [ app_init ] --START--
INFO: Run Behavior\BuildLiteBehavior [ RunTime:0.000009s ]
INFO: Run Common\Behavior\InitHookBehavior [ RunTime:0.000123s ]
INFO: [ app_init ] --END-- [ RunTime:0.000178s ]
INFO: [ app_begin ] --START--
INFO: Run Behavior\ReadHtmlCacheBehavior [ RunTime:0.000016s ]
INFO: Run Behavior\CheckLangBehavior [ RunTime:0.000046s ]
INFO: [ app_begin ] --END-- [ RunTime:0.000078s ]
INFO: [ view_parse ] --START--
INFO: [ template_filter ] --START--
INFO: Run Behavior\ContentReplaceBehavior [ RunTime:0.000093s ]
INFO: [ template_filter ] --END-- [ RunTime:0.000126s ]
INFO: Run Behavior\ParseTemplateBehavior [ RunTime:0.002317s ]
INFO: [ view_parse ] --END-- [ RunTime:0.002356s ]
INFO: [ view_filter ] --START--
INFO: Run Behavior\WriteHtmlCacheBehavior [ RunTime:0.000026s ]
INFO: Run Common\Behavior\TmplStripSpaceBehavior [ RunTime:0.000022s ]
INFO: [ view_filter ] --END-- [ RunTime:0.000065s ]
INFO: [ app_end ] --START--
INFO: Run Behavior\ShowPageTraceBehavior [ RunTime:0.000013s ]
INFO: [ app_end ] --END-- [ RunTime:0.000020s ]

[ 2019-10-28T15:43:30+08:00 ] 123.15.49.66 /index.php?g=User&m=indexadmin&a=edit_post
INFO: [ app_init ] --START--
INFO: Run Behavior\BuildLiteBehavior [ RunTime:0.000007s ]
INFO: Run Common\Behavior\InitHookBehavior [ RunTime:0.000174s ]
INFO: [ app_init ] --END-- [ RunTime:0.000223s ]
INFO: [ app_begin ] --START--
INFO: Run Behavior\ReadHtmlCacheBehavior [ RunTime:0.000013s ]
INFO: Run Behavior\CheckLangBehavior [ RunTime:0.000055s ]
INFO: [ app_begin ] --END-- [ RunTime:0.000085s ]
NOTIC: [8] Undefined index: validate /data/wwwroot/ybzb/simplewind/Core/Library/Think/Model.class.php 第 1185 行.
NOTIC: [8] Undefined index: auto /data/wwwroot/ybzb/simplewind/Core/Library/Think/Model.class.php 第 1128 行.

[ 2019-10-28T15:43:30+08:00 ] 123.15.49.66 /index.php?g=User&m=indexadmin&a=edit&id=11830
INFO: [ app_init ] --START--
INFO: Run Behavior\BuildLiteBehavior [ RunTime:0.000007s ]
INFO: Run Common\Behavior\InitHookBehavior [ RunTime:0.000129s ]
INFO: [ app_init ] --END-- [ RunTime:0.000182s ]
INFO: [ app_begin ] --START--
INFO: Run Behavior\ReadHtmlCacheBehavior [ RunTime:0.000018s ]
INFO: Run Behavior\CheckLangBehavior [ RunTime:0.000042s ]
INFO: [ app_begin ] --END-- [ RunTime:0.000080s ]
INFO: [ view_parse ] --START--
INFO: [ template_filter ] --START--
INFO: Run Behavior\ContentReplaceBehavior [ RunTime:0.000085s ]
INFO: [ template_filter ] --END-- [ RunTime:0.000125s ]
INFO: Run Behavior\ParseTemplateBehavior [ RunTime:0.002337s ]
INFO: [ view_parse ] --END-- [ RunTime:0.002369s ]
INFO: [ view_filter ] --START--
INFO: Run Behavior\WriteHtmlCacheBehavior [ RunTime:0.000026s ]
INFO: Run Common\Behavior\TmplStripSpaceBehavior [ RunTime:0.000022s ]
INFO: [ view_filter ] --END-- [ RunTime:0.000065s ]
INFO: [ app_end ] --START--
INFO: Run Behavior\ShowPageTraceBehavior [ RunTime:0.000014s ]
INFO: [ app_end ] --END-- [ RunTime:0.000024s ]

