[ 2019-11-17T17:48:07+08:00 ] 111.198.242.212 /index.php?g=User&m=Indexadmin&a=index&menuid=134
INFO: [ app_init ] --START--
INFO: Run Behavior\BuildLiteBehavior [ RunTime:0.000007s ]
INFO: Run Common\Behavior\InitHookBehavior [ RunTime:0.000116s ]
INFO: [ app_init ] --END-- [ RunTime:0.000168s ]
INFO: [ app_begin ] --START--
INFO: Run Behavior\ReadHtmlCacheBehavior [ RunTime:0.000013s ]
INFO: Run Behavior\CheckLangBehavior [ RunTime:0.000052s ]
INFO: [ app_begin ] --END-- [ RunTime:0.000081s ]
NOTIC: [8] Undefined index: iszombie /data/wwwroot/ybzb/application/User/Controller/IndexadminController.class.php 第 32 行.
NOTIC: [8] Undefined index: isban /data/wwwroot/ybzb/application/User/Controller/IndexadminController.class.php 第 37 行.
NOTIC: [8] Undefined index: issuper /data/wwwroot/ybzb/application/User/Controller/IndexadminController.class.php 第 42 行.
NOTIC: [8] Undefined index: ishot /data/wwwroot/ybzb/application/User/Controller/IndexadminController.class.php 第 49 行.
NOTIC: [8] Undefined index: iszombiep /data/wwwroot/ybzb/application/User/Controller/IndexadminController.class.php 第 54 行.
NOTIC: [8] Undefined index: start_time /data/wwwroot/ybzb/application/User/Controller/IndexadminController.class.php 第 59 行.
NOTIC: [8] Undefined index: end_time /data/wwwroot/ybzb/application/User/Controller/IndexadminController.class.php 第 64 行.
NOTIC: [8] Undefined index: start_time /data/wwwroot/ybzb/application/User/Controller/IndexadminController.class.php 第 68 行.
NOTIC: [8] Undefined index: keyword /data/wwwroot/ybzb/application/User/Controller/IndexadminController.class.php 第 74 行.
NOTIC: [8] Undefined variable: pList /data/wwwroot/ybzb/simplewind/Lib/Util/Page.class.php 第 226 行.
NOTIC: [8] Undefined variable: pListStart /data/wwwroot/ybzb/simplewind/Lib/Util/Page.class.php 第 335 行.
NOTIC: [8] Undefined variable: pListEnd /data/wwwroot/ybzb/simplewind/Lib/Util/Page.class.php 第 335 行.
NOTIC: [8] Undefined variable: pFirst /data/wwwroot/ybzb/simplewind/Lib/Util/Page.class.php 第 335 行.
NOTIC: [8] Undefined variable: pPrev /data/wwwroot/ybzb/simplewind/Lib/Util/Page.class.php 第 335 行.
INFO: [ view_parse ] --START--
INFO: [ template_filter ] --START--
INFO: Run Behavior\ContentReplaceBehavior [ RunTime:0.000111s ]
INFO: [ template_filter ] --END-- [ RunTime:0.000154s ]
NOTIC: [8] Undefined index: iszombie /data/wwwroot/ybzb/data/runtime/Cache/User/a348394835ede61f1587cc69a78f0b8c.php 第 62 行.
NOTIC: [8] Undefined index: iszombie /data/wwwroot/ybzb/data/runtime/Cache/User/a348394835ede61f1587cc69a78f0b8c.php 第 63 行.
NOTIC: [8] Undefined index: iszombiep /data/wwwroot/ybzb/data/runtime/Cache/User/a348394835ede61f1587cc69a78f0b8c.php 第 68 行.
NOTIC: [8] Undefined index: iszombiep /data/wwwroot/ybzb/data/runtime/Cache/User/a348394835ede61f1587cc69a78f0b8c.php 第 69 行.
NOTIC: [8] Undefined index: isban /data/wwwroot/ybzb/data/runtime/Cache/User/a348394835ede61f1587cc69a78f0b8c.php 第 75 行.
NOTIC: [8] Undefined index: isban /data/wwwroot/ybzb/data/runtime/Cache/User/a348394835ede61f1587cc69a78f0b8c.php 第 76 行.
NOTIC: [8] Undefined index: ishot /data/wwwroot/ybzb/data/runtime/Cache/User/a348394835ede61f1587cc69a78f0b8c.php 第 81 行.
NOTIC: [8] Undefined index: ishot /data/wwwroot/ybzb/data/runtime/Cache/User/a348394835ede61f1587cc69a78f0b8c.php 第 82 行.
NOTIC: [8] Undefined index: issuper /data/wwwroot/ybzb/data/runtime/Cache/User/a348394835ede61f1587cc69a78f0b8c.php 第 87 行.
NOTIC: [8] Undefined index: issuper /data/wwwroot/ybzb/data/runtime/Cache/User/a348394835ede61f1587cc69a78f0b8c.php 第 88 行.
NOTIC: [8] Undefined index: start_time /data/wwwroot/ybzb/data/runtime/Cache/User/a348394835ede61f1587cc69a78f0b8c.php 第 91 行.
NOTIC: [8] Undefined index: end_time /data/wwwroot/ybzb/data/runtime/Cache/User/a348394835ede61f1587cc69a78f0b8c.php 第 92 行.
NOTIC: [8] Undefined index: keyword /data/wwwroot/ybzb/data/runtime/Cache/User/a348394835ede61f1587cc69a78f0b8c.php 第 94 行.
INFO: Run Behavior\ParseTemplateBehavior [ RunTime:0.005191s ]
INFO: [ view_parse ] --END-- [ RunTime:0.005217s ]
INFO: [ view_filter ] --START--
INFO: Run Behavior\WriteHtmlCacheBehavior [ RunTime:0.000039s ]
INFO: Run Common\Behavior\TmplStripSpaceBehavior [ RunTime:0.000020s ]
INFO: [ view_filter ] --END-- [ RunTime:0.000076s ]
INFO: [ app_end ] --START--
INFO: Run Behavior\ShowPageTraceBehavior [ RunTime:0.000013s ]
INFO: [ app_end ] --END-- [ RunTime:0.000022s ]

[ 2019-11-17T17:48:15+08:00 ] 111.198.242.212 /index.php?g=User&m=Indexadmin&a=index&menuid=134
INFO: [ app_init ] --START--
INFO: Run Behavior\BuildLiteBehavior [ RunTime:0.000007s ]
INFO: Run Common\Behavior\InitHookBehavior [ RunTime:0.000142s ]
INFO: [ app_init ] --END-- [ RunTime:0.000191s ]
INFO: [ app_begin ] --START--
INFO: Run Behavior\ReadHtmlCacheBehavior [ RunTime:0.000020s ]
INFO: Run Behavior\CheckLangBehavior [ RunTime:0.000047s ]
INFO: [ app_begin ] --END-- [ RunTime:0.000087s ]
NOTIC: [8] Undefined index: iszombie /data/wwwroot/ybzb/application/User/Controller/IndexadminController.class.php 第 32 行.
NOTIC: [8] Undefined index: isban /data/wwwroot/ybzb/application/User/Controller/IndexadminController.class.php 第 37 行.
NOTIC: [8] Undefined index: issuper /data/wwwroot/ybzb/application/User/Controller/IndexadminController.class.php 第 42 行.
NOTIC: [8] Undefined index: ishot /data/wwwroot/ybzb/application/User/Controller/IndexadminController.class.php 第 49 行.
NOTIC: [8] Undefined index: iszombiep /data/wwwroot/ybzb/application/User/Controller/IndexadminController.class.php 第 54 行.
NOTIC: [8] Undefined index: start_time /data/wwwroot/ybzb/application/User/Controller/IndexadminController.class.php 第 59 行.
NOTIC: [8] Undefined index: end_time /data/wwwroot/ybzb/application/User/Controller/IndexadminController.class.php 第 64 行.
NOTIC: [8] Undefined index: start_time /data/wwwroot/ybzb/application/User/Controller/IndexadminController.class.php 第 68 行.
NOTIC: [8] Undefined index: keyword /data/wwwroot/ybzb/application/User/Controller/IndexadminController.class.php 第 74 行.
NOTIC: [8] Undefined variable: pList /data/wwwroot/ybzb/simplewind/Lib/Util/Page.class.php 第 226 行.
NOTIC: [8] Undefined variable: pListStart /data/wwwroot/ybzb/simplewind/Lib/Util/Page.class.php 第 335 行.
NOTIC: [8] Undefined variable: pListEnd /data/wwwroot/ybzb/simplewind/Lib/Util/Page.class.php 第 335 行.
NOTIC: [8] Undefined variable: pFirst /data/wwwroot/ybzb/simplewind/Lib/Util/Page.class.php 第 335 行.
NOTIC: [8] Undefined variable: pPrev /data/wwwroot/ybzb/simplewind/Lib/Util/Page.class.php 第 335 行.
INFO: [ view_parse ] --START--
INFO: [ template_filter ] --START--
INFO: Run Behavior\ContentReplaceBehavior [ RunTime:0.000135s ]
INFO: [ template_filter ] --END-- [ RunTime:0.000171s ]
NOTIC: [8] Undefined index: iszombie /data/wwwroot/ybzb/data/runtime/Cache/User/a348394835ede61f1587cc69a78f0b8c.php 第 62 行.
NOTIC: [8] Undefined index: iszombie /data/wwwroot/ybzb/data/runtime/Cache/User/a348394835ede61f1587cc69a78f0b8c.php 第 63 行.
NOTIC: [8] Undefined index: iszombiep /data/wwwroot/ybzb/data/runtime/Cache/User/a348394835ede61f1587cc69a78f0b8c.php 第 68 行.
NOTIC: [8] Undefined index: iszombiep /data/wwwroot/ybzb/data/runtime/Cache/User/a348394835ede61f1587cc69a78f0b8c.php 第 69 行.
NOTIC: [8] Undefined index: isban /data/wwwroot/ybzb/data/runtime/Cache/User/a348394835ede61f1587cc69a78f0b8c.php 第 75 行.
NOTIC: [8] Undefined index: isban /data/wwwroot/ybzb/data/runtime/Cache/User/a348394835ede61f1587cc69a78f0b8c.php 第 76 行.
NOTIC: [8] Undefined index: ishot /data/wwwroot/ybzb/data/runtime/Cache/User/a348394835ede61f1587cc69a78f0b8c.php 第 81 行.
NOTIC: [8] Undefined index: ishot /data/wwwroot/ybzb/data/runtime/Cache/User/a348394835ede61f1587cc69a78f0b8c.php 第 82 行.
NOTIC: [8] Undefined index: issuper /data/wwwroot/ybzb/data/runtime/Cache/User/a348394835ede61f1587cc69a78f0b8c.php 第 87 行.
NOTIC: [8] Undefined index: issuper /data/wwwroot/ybzb/data/runtime/Cache/User/a348394835ede61f1587cc69a78f0b8c.php 第 88 行.
NOTIC: [8] Undefined index: start_time /data/wwwroot/ybzb/data/runtime/Cache/User/a348394835ede61f1587cc69a78f0b8c.php 第 91 行.
NOTIC: [8] Undefined index: end_time /data/wwwroot/ybzb/data/runtime/Cache/User/a348394835ede61f1587cc69a78f0b8c.php 第 92 行.
NOTIC: [8] Undefined index: keyword /data/wwwroot/ybzb/data/runtime/Cache/User/a348394835ede61f1587cc69a78f0b8c.php 第 94 行.
INFO: Run Behavior\ParseTemplateBehavior [ RunTime:0.006978s ]
INFO: [ view_parse ] --END-- [ RunTime:0.007016s ]
INFO: [ view_filter ] --START--
INFO: Run Behavior\WriteHtmlCacheBehavior [ RunTime:0.000044s ]
INFO: Run Common\Behavior\TmplStripSpaceBehavior [ RunTime:0.000028s ]
INFO: [ view_filter ] --END-- [ RunTime:0.000093s ]
INFO: [ app_end ] --START--
INFO: Run Behavior\ShowPageTraceBehavior [ RunTime:0.000019s ]
INFO: [ app_end ] --END-- [ RunTime:0.000031s ]

[ 2019-11-17T17:48:45+08:00 ] 111.198.242.212 /index.php?g=User&m=indexadmin&a=index
INFO: [ app_init ] --START--
INFO: Run Behavior\BuildLiteBehavior [ RunTime:0.000006s ]
INFO: Run Common\Behavior\InitHookBehavior [ RunTime:0.000114s ]
INFO: [ app_init ] --END-- [ RunTime:0.000161s ]
INFO: [ app_begin ] --START--
INFO: Run Behavior\ReadHtmlCacheBehavior [ RunTime:0.000013s ]
INFO: Run Behavior\CheckLangBehavior [ RunTime:0.000043s ]
INFO: [ app_begin ] --END-- [ RunTime:0.000072s ]
INFO: [ view_parse ] --START--
INFO: [ template_filter ] --START--
INFO: Run Behavior\ContentReplaceBehavior [ RunTime:0.000113s ]
INFO: [ template_filter ] --END-- [ RunTime:0.000166s ]
NOTIC: [8] Undefined index: iszombie /data/wwwroot/ybzb/data/runtime/Cache/User/a348394835ede61f1587cc69a78f0b8c.php 第 62 行.
NOTIC: [8] Undefined index: iszombie /data/wwwroot/ybzb/data/runtime/Cache/User/a348394835ede61f1587cc69a78f0b8c.php 第 63 行.
NOTIC: [8] Undefined index: iszombiep /data/wwwroot/ybzb/data/runtime/Cache/User/a348394835ede61f1587cc69a78f0b8c.php 第 68 行.
NOTIC: [8] Undefined index: iszombiep /data/wwwroot/ybzb/data/runtime/Cache/User/a348394835ede61f1587cc69a78f0b8c.php 第 69 行.
NOTIC: [8] Undefined index: isban /data/wwwroot/ybzb/data/runtime/Cache/User/a348394835ede61f1587cc69a78f0b8c.php 第 75 行.
NOTIC: [8] Undefined index: isban /data/wwwroot/ybzb/data/runtime/Cache/User/a348394835ede61f1587cc69a78f0b8c.php 第 76 行.
NOTIC: [8] Undefined index: ishot /data/wwwroot/ybzb/data/runtime/Cache/User/a348394835ede61f1587cc69a78f0b8c.php 第 81 行.
NOTIC: [8] Undefined index: ishot /data/wwwroot/ybzb/data/runtime/Cache/User/a348394835ede61f1587cc69a78f0b8c.php 第 82 行.
NOTIC: [8] Undefined index: issuper /data/wwwroot/ybzb/data/runtime/Cache/User/a348394835ede61f1587cc69a78f0b8c.php 第 87 行.
NOTIC: [8] Undefined index: issuper /data/wwwroot/ybzb/data/runtime/Cache/User/a348394835ede61f1587cc69a78f0b8c.php 第 88 行.
NOTIC: [8] Undefined index: start_time /data/wwwroot/ybzb/data/runtime/Cache/User/a348394835ede61f1587cc69a78f0b8c.php 第 91 行.
NOTIC: [8] Undefined index: end_time /data/wwwroot/ybzb/data/runtime/Cache/User/a348394835ede61f1587cc69a78f0b8c.php 第 92 行.
INFO: Run Behavior\ParseTemplateBehavior [ RunTime:0.004844s ]
INFO: [ view_parse ] --END-- [ RunTime:0.004896s ]
INFO: [ view_filter ] --START--
INFO: Run Behavior\WriteHtmlCacheBehavior [ RunTime:0.000030s ]
INFO: Run Common\Behavior\TmplStripSpaceBehavior [ RunTime:0.000023s ]
INFO: [ view_filter ] --END-- [ RunTime:0.000072s ]
INFO: [ app_end ] --START--
INFO: Run Behavior\ShowPageTraceBehavior [ RunTime:0.000017s ]
INFO: [ app_end ] --END-- [ RunTime:0.000029s ]

[ 2019-11-17T17:48:54+08:00 ] 111.198.242.212 /index.php?g=User&m=indexadmin&a=edit&id=11828
INFO: [ app_init ] --START--
INFO: Run Behavior\BuildLiteBehavior [ RunTime:0.000008s ]
INFO: Run Common\Behavior\InitHookBehavior [ RunTime:0.000125s ]
INFO: [ app_init ] --END-- [ RunTime:0.000177s ]
INFO: [ app_begin ] --START--
INFO: Run Behavior\ReadHtmlCacheBehavior [ RunTime:0.000019s ]
INFO: Run Behavior\CheckLangBehavior [ RunTime:0.000055s ]
INFO: [ app_begin ] --END-- [ RunTime:0.000095s ]
INFO: [ view_parse ] --START--
INFO: [ template_filter ] --START--
INFO: Run Behavior\ContentReplaceBehavior [ RunTime:0.000083s ]
INFO: [ template_filter ] --END-- [ RunTime:0.000106s ]
INFO: Run Behavior\ParseTemplateBehavior [ RunTime:0.002203s ]
INFO: [ view_parse ] --END-- [ RunTime:0.002229s ]
INFO: [ view_filter ] --START--
INFO: Run Behavior\WriteHtmlCacheBehavior [ RunTime:0.000020s ]
INFO: Run Common\Behavior\TmplStripSpaceBehavior [ RunTime:0.000021s ]
INFO: [ view_filter ] --END-- [ RunTime:0.000057s ]
INFO: [ app_end ] --START--
INFO: Run Behavior\ShowPageTraceBehavior [ RunTime:0.000017s ]
INFO: [ app_end ] --END-- [ RunTime:0.000026s ]

[ 2019-11-17T17:49:03+08:00 ] 111.198.242.212 /index.php?g=User&m=indexadmin&a=edit&id=11959
INFO: [ app_init ] --START--
INFO: Run Behavior\BuildLiteBehavior [ RunTime:0.000007s ]
INFO: Run Common\Behavior\InitHookBehavior [ RunTime:0.000126s ]
INFO: [ app_init ] --END-- [ RunTime:0.000211s ]
INFO: [ app_begin ] --START--
INFO: Run Behavior\ReadHtmlCacheBehavior [ RunTime:0.000014s ]
INFO: Run Behavior\CheckLangBehavior [ RunTime:0.000044s ]
INFO: [ app_begin ] --END-- [ RunTime:0.000085s ]
INFO: [ view_parse ] --START--
INFO: [ template_filter ] --START--
INFO: Run Behavior\ContentReplaceBehavior [ RunTime:0.000085s ]
INFO: [ template_filter ] --END-- [ RunTime:0.000113s ]
INFO: Run Behavior\ParseTemplateBehavior [ RunTime:0.002278s ]
INFO: [ view_parse ] --END-- [ RunTime:0.002305s ]
INFO: [ view_filter ] --START--
INFO: Run Behavior\WriteHtmlCacheBehavior [ RunTime:0.000020s ]
INFO: Run Common\Behavior\TmplStripSpaceBehavior [ RunTime:0.000017s ]
INFO: [ view_filter ] --END-- [ RunTime:0.000051s ]
INFO: [ app_end ] --START--
INFO: Run Behavior\ShowPageTraceBehavior [ RunTime:0.000013s ]
INFO: [ app_end ] --END-- [ RunTime:0.000020s ]

[ 2019-11-17T17:49:10+08:00 ] 111.198.242.212 /index.php?g=User&m=Indexadmin&a=index&menuid=134
INFO: [ app_init ] --START--
INFO: Run Behavior\BuildLiteBehavior [ RunTime:0.000007s ]
INFO: Run Common\Behavior\InitHookBehavior [ RunTime:0.000143s ]
INFO: [ app_init ] --END-- [ RunTime:0.000191s ]
INFO: [ app_begin ] --START--
INFO: Run Behavior\ReadHtmlCacheBehavior [ RunTime:0.000020s ]
INFO: Run Behavior\CheckLangBehavior [ RunTime:0.000073s ]
INFO: [ app_begin ] --END-- [ RunTime:0.000111s ]
NOTIC: [8] Undefined index: iszombie /data/wwwroot/ybzb/application/User/Controller/IndexadminController.class.php 第 32 行.
NOTIC: [8] Undefined index: isban /data/wwwroot/ybzb/application/User/Controller/IndexadminController.class.php 第 37 行.
NOTIC: [8] Undefined index: issuper /data/wwwroot/ybzb/application/User/Controller/IndexadminController.class.php 第 42 行.
NOTIC: [8] Undefined index: ishot /data/wwwroot/ybzb/application/User/Controller/IndexadminController.class.php 第 49 行.
NOTIC: [8] Undefined index: iszombiep /data/wwwroot/ybzb/application/User/Controller/IndexadminController.class.php 第 54 行.
NOTIC: [8] Undefined index: start_time /data/wwwroot/ybzb/application/User/Controller/IndexadminController.class.php 第 59 行.
NOTIC: [8] Undefined index: end_time /data/wwwroot/ybzb/application/User/Controller/IndexadminController.class.php 第 64 行.
NOTIC: [8] Undefined index: start_time /data/wwwroot/ybzb/application/User/Controller/IndexadminController.class.php 第 68 行.
NOTIC: [8] Undefined index: keyword /data/wwwroot/ybzb/application/User/Controller/IndexadminController.class.php 第 74 行.
NOTIC: [8] Undefined variable: pList /data/wwwroot/ybzb/simplewind/Lib/Util/Page.class.php 第 226 行.
NOTIC: [8] Undefined variable: pListStart /data/wwwroot/ybzb/simplewind/Lib/Util/Page.class.php 第 335 行.
NOTIC: [8] Undefined variable: pListEnd /data/wwwroot/ybzb/simplewind/Lib/Util/Page.class.php 第 335 行.
NOTIC: [8] Undefined variable: pFirst /data/wwwroot/ybzb/simplewind/Lib/Util/Page.class.php 第 335 行.
NOTIC: [8] Undefined variable: pPrev /data/wwwroot/ybzb/simplewind/Lib/Util/Page.class.php 第 335 行.
INFO: [ view_parse ] --START--
INFO: [ template_filter ] --START--
INFO: Run Behavior\ContentReplaceBehavior [ RunTime:0.000109s ]
INFO: [ template_filter ] --END-- [ RunTime:0.000140s ]
NOTIC: [8] Undefined index: iszombie /data/wwwroot/ybzb/data/runtime/Cache/User/a348394835ede61f1587cc69a78f0b8c.php 第 62 行.
NOTIC: [8] Undefined index: iszombie /data/wwwroot/ybzb/data/runtime/Cache/User/a348394835ede61f1587cc69a78f0b8c.php 第 63 行.
NOTIC: [8] Undefined index: iszombiep /data/wwwroot/ybzb/data/runtime/Cache/User/a348394835ede61f1587cc69a78f0b8c.php 第 68 行.
NOTIC: [8] Undefined index: iszombiep /data/wwwroot/ybzb/data/runtime/Cache/User/a348394835ede61f1587cc69a78f0b8c.php 第 69 行.
NOTIC: [8] Undefined index: isban /data/wwwroot/ybzb/data/runtime/Cache/User/a348394835ede61f1587cc69a78f0b8c.php 第 75 行.
NOTIC: [8] Undefined index: isban /data/wwwroot/ybzb/data/runtime/Cache/User/a348394835ede61f1587cc69a78f0b8c.php 第 76 行.
NOTIC: [8] Undefined index: ishot /data/wwwroot/ybzb/data/runtime/Cache/User/a348394835ede61f1587cc69a78f0b8c.php 第 81 行.
NOTIC: [8] Undefined index: ishot /data/wwwroot/ybzb/data/runtime/Cache/User/a348394835ede61f1587cc69a78f0b8c.php 第 82 行.
NOTIC: [8] Undefined index: issuper /data/wwwroot/ybzb/data/runtime/Cache/User/a348394835ede61f1587cc69a78f0b8c.php 第 87 行.
NOTIC: [8] Undefined index: issuper /data/wwwroot/ybzb/data/runtime/Cache/User/a348394835ede61f1587cc69a78f0b8c.php 第 88 行.
NOTIC: [8] Undefined index: start_time /data/wwwroot/ybzb/data/runtime/Cache/User/a348394835ede61f1587cc69a78f0b8c.php 第 91 行.
NOTIC: [8] Undefined index: end_time /data/wwwroot/ybzb/data/runtime/Cache/User/a348394835ede61f1587cc69a78f0b8c.php 第 92 行.
NOTIC: [8] Undefined index: keyword /data/wwwroot/ybzb/data/runtime/Cache/User/a348394835ede61f1587cc69a78f0b8c.php 第 94 行.
INFO: Run Behavior\ParseTemplateBehavior [ RunTime:0.004831s ]
INFO: [ view_parse ] --END-- [ RunTime:0.004854s ]
INFO: [ view_filter ] --START--
INFO: Run Behavior\WriteHtmlCacheBehavior [ RunTime:0.000033s ]
INFO: Run Common\Behavior\TmplStripSpaceBehavior [ RunTime:0.000019s ]
INFO: [ view_filter ] --END-- [ RunTime:0.000066s ]
INFO: [ app_end ] --START--
INFO: Run Behavior\ShowPageTraceBehavior [ RunTime:0.000014s ]
INFO: [ app_end ] --END-- [ RunTime:0.000023s ]

[ 2019-11-17T17:49:32+08:00 ] 111.198.242.212 /index.php?g=User&m=indexadmin&a=index
INFO: [ app_init ] --START--
INFO: Run Behavior\BuildLiteBehavior [ RunTime:0.000008s ]
INFO: Run Common\Behavior\InitHookBehavior [ RunTime:0.000141s ]
INFO: [ app_init ] --END-- [ RunTime:0.000193s ]
INFO: [ app_begin ] --START--
INFO: Run Behavior\ReadHtmlCacheBehavior [ RunTime:0.000018s ]
INFO: Run Behavior\CheckLangBehavior [ RunTime:0.000054s ]
INFO: [ app_begin ] --END-- [ RunTime:0.000088s ]
INFO: [ view_parse ] --START--
INFO: [ template_filter ] --START--
INFO: Run Behavior\ContentReplaceBehavior [ RunTime:0.000103s ]
INFO: [ template_filter ] --END-- [ RunTime:0.000128s ]
NOTIC: [8] Undefined index: iszombie /data/wwwroot/ybzb/data/runtime/Cache/User/a348394835ede61f1587cc69a78f0b8c.php 第 62 行.
NOTIC: [8] Undefined index: iszombie /data/wwwroot/ybzb/data/runtime/Cache/User/a348394835ede61f1587cc69a78f0b8c.php 第 63 行.
NOTIC: [8] Undefined index: iszombiep /data/wwwroot/ybzb/data/runtime/Cache/User/a348394835ede61f1587cc69a78f0b8c.php 第 68 行.
NOTIC: [8] Undefined index: iszombiep /data/wwwroot/ybzb/data/runtime/Cache/User/a348394835ede61f1587cc69a78f0b8c.php 第 69 行.
NOTIC: [8] Undefined index: isban /data/wwwroot/ybzb/data/runtime/Cache/User/a348394835ede61f1587cc69a78f0b8c.php 第 75 行.
NOTIC: [8] Undefined index: isban /data/wwwroot/ybzb/data/runtime/Cache/User/a348394835ede61f1587cc69a78f0b8c.php 第 76 行.
NOTIC: [8] Undefined index: ishot /data/wwwroot/ybzb/data/runtime/Cache/User/a348394835ede61f1587cc69a78f0b8c.php 第 81 行.
NOTIC: [8] Undefined index: ishot /data/wwwroot/ybzb/data/runtime/Cache/User/a348394835ede61f1587cc69a78f0b8c.php 第 82 行.
NOTIC: [8] Undefined index: issuper /data/wwwroot/ybzb/data/runtime/Cache/User/a348394835ede61f1587cc69a78f0b8c.php 第 87 行.
NOTIC: [8] Undefined index: issuper /data/wwwroot/ybzb/data/runtime/Cache/User/a348394835ede61f1587cc69a78f0b8c.php 第 88 行.
NOTIC: [8] Undefined index: start_time /data/wwwroot/ybzb/data/runtime/Cache/User/a348394835ede61f1587cc69a78f0b8c.php 第 91 行.
NOTIC: [8] Undefined index: end_time /data/wwwroot/ybzb/data/runtime/Cache/User/a348394835ede61f1587cc69a78f0b8c.php 第 92 行.
INFO: Run Behavior\ParseTemplateBehavior [ RunTime:0.003873s ]
INFO: [ view_parse ] --END-- [ RunTime:0.003903s ]
INFO: [ view_filter ] --START--
INFO: Run Behavior\WriteHtmlCacheBehavior [ RunTime:0.000030s ]
INFO: Run Common\Behavior\TmplStripSpaceBehavior [ RunTime:0.000023s ]
INFO: [ view_filter ] --END-- [ RunTime:0.000066s ]
INFO: [ app_end ] --START--
INFO: Run Behavior\ShowPageTraceBehavior [ RunTime:0.000018s ]
INFO: [ app_end ] --END-- [ RunTime:0.000027s ]

[ 2019-11-17T17:49:34+08:00 ] 111.198.242.212 /index.php?g=User&m=indexadmin&a=edit&id=11828
INFO: [ app_init ] --START--
INFO: Run Behavior\BuildLiteBehavior [ RunTime:0.000007s ]
INFO: Run Common\Behavior\InitHookBehavior [ RunTime:0.000141s ]
INFO: [ app_init ] --END-- [ RunTime:0.000191s ]
INFO: [ app_begin ] --START--
INFO: Run Behavior\ReadHtmlCacheBehavior [ RunTime:0.000019s ]
INFO: Run Behavior\CheckLangBehavior [ RunTime:0.000044s ]
INFO: [ app_begin ] --END-- [ RunTime:0.000082s ]
INFO: [ view_parse ] --START--
INFO: [ template_filter ] --START--
INFO: Run Behavior\ContentReplaceBehavior [ RunTime:0.000101s ]
INFO: [ template_filter ] --END-- [ RunTime:0.000140s ]
INFO: Run Behavior\ParseTemplateBehavior [ RunTime:0.002734s ]
INFO: [ view_parse ] --END-- [ RunTime:0.002772s ]
INFO: [ view_filter ] --START--
INFO: Run Behavior\WriteHtmlCacheBehavior [ RunTime:0.000028s ]
INFO: Run Common\Behavior\TmplStripSpaceBehavior [ RunTime:0.000024s ]
INFO: [ view_filter ] --END-- [ RunTime:0.000072s ]
INFO: [ app_end ] --START--
INFO: Run Behavior\ShowPageTraceBehavior [ RunTime:0.000017s ]
INFO: [ app_end ] --END-- [ RunTime:0.000029s ]

[ 2019-11-17T17:50:00+08:00 ] 111.198.242.212 /index.php?g=User&m=indexadmin&a=edit_post
INFO: [ app_init ] --START--
INFO: Run Behavior\BuildLiteBehavior [ RunTime:0.000007s ]
INFO: Run Common\Behavior\InitHookBehavior [ RunTime:0.000120s ]
INFO: [ app_init ] --END-- [ RunTime:0.000168s ]
INFO: [ app_begin ] --START--
INFO: Run Behavior\ReadHtmlCacheBehavior [ RunTime:0.000013s ]
INFO: Run Behavior\CheckLangBehavior [ RunTime:0.000051s ]
INFO: [ app_begin ] --END-- [ RunTime:0.000081s ]
NOTIC: [8] Undefined index: validate /data/wwwroot/ybzb/simplewind/Core/Library/Think/Model.class.php 第 1185 行.
NOTIC: [8] Undefined index: auto /data/wwwroot/ybzb/simplewind/Core/Library/Think/Model.class.php 第 1128 行.

[ 2019-11-17T17:50:00+08:00 ] 111.198.242.212 /index.php?g=User&m=indexadmin&a=edit&id=11828
INFO: [ app_init ] --START--
INFO: Run Behavior\BuildLiteBehavior [ RunTime:0.000007s ]
INFO: Run Common\Behavior\InitHookBehavior [ RunTime:0.000146s ]
INFO: [ app_init ] --END-- [ RunTime:0.000197s ]
INFO: [ app_begin ] --START--
INFO: Run Behavior\ReadHtmlCacheBehavior [ RunTime:0.000016s ]
INFO: Run Behavior\CheckLangBehavior [ RunTime:0.000045s ]
INFO: [ app_begin ] --END-- [ RunTime:0.000078s ]
INFO: [ view_parse ] --START--
INFO: [ template_filter ] --START--
INFO: Run Behavior\ContentReplaceBehavior [ RunTime:0.000088s ]
INFO: [ template_filter ] --END-- [ RunTime:0.000118s ]
INFO: Run Behavior\ParseTemplateBehavior [ RunTime:0.002425s ]
INFO: [ view_parse ] --END-- [ RunTime:0.002459s ]
INFO: [ view_filter ] --START--
INFO: Run Behavior\WriteHtmlCacheBehavior [ RunTime:0.000027s ]
INFO: Run Common\Behavior\TmplStripSpaceBehavior [ RunTime:0.000023s ]
INFO: [ view_filter ] --END-- [ RunTime:0.000069s ]
INFO: [ app_end ] --START--
INFO: Run Behavior\ShowPageTraceBehavior [ RunTime:0.000019s ]
INFO: [ app_end ] --END-- [ RunTime:0.000031s ]

[ 2019-11-17T17:50:28+08:00 ] 111.198.242.212 /index.php?g=User&m=indexadmin&a=edit_post
INFO: [ app_init ] --START--
INFO: Run Behavior\BuildLiteBehavior [ RunTime:0.000008s ]
INFO: Run Common\Behavior\InitHookBehavior [ RunTime:0.000142s ]
INFO: [ app_init ] --END-- [ RunTime:0.000199s ]
INFO: [ app_begin ] --START--
INFO: Run Behavior\ReadHtmlCacheBehavior [ RunTime:0.000018s ]
INFO: Run Behavior\CheckLangBehavior [ RunTime:0.000064s ]
INFO: [ app_begin ] --END-- [ RunTime:0.000100s ]
NOTIC: [8] Undefined index: validate /data/wwwroot/ybzb/simplewind/Core/Library/Think/Model.class.php 第 1185 行.
NOTIC: [8] Undefined index: auto /data/wwwroot/ybzb/simplewind/Core/Library/Think/Model.class.php 第 1128 行.

[ 2019-11-17T17:50:28+08:00 ] 111.198.242.212 /index.php?g=User&m=indexadmin&a=edit&id=11828
INFO: [ app_init ] --START--
INFO: Run Behavior\BuildLiteBehavior [ RunTime:0.000007s ]
INFO: Run Common\Behavior\InitHookBehavior [ RunTime:0.000135s ]
INFO: [ app_init ] --END-- [ RunTime:0.000191s ]
INFO: [ app_begin ] --START--
INFO: Run Behavior\ReadHtmlCacheBehavior [ RunTime:0.000015s ]
INFO: Run Behavior\CheckLangBehavior [ RunTime:0.000064s ]
INFO: [ app_begin ] --END-- [ RunTime:0.000096s ]
INFO: [ view_parse ] --START--
INFO: [ template_filter ] --START--
INFO: Run Behavior\ContentReplaceBehavior [ RunTime:0.000110s ]
INFO: [ template_filter ] --END-- [ RunTime:0.000145s ]
INFO: Run Behavior\ParseTemplateBehavior [ RunTime:0.002455s ]
INFO: [ view_parse ] --END-- [ RunTime:0.002490s ]
INFO: [ view_filter ] --START--
INFO: Run Behavior\WriteHtmlCacheBehavior [ RunTime:0.000023s ]
INFO: Run Common\Behavior\TmplStripSpaceBehavior [ RunTime:0.000019s ]
INFO: [ view_filter ] --END-- [ RunTime:0.000055s ]
INFO: [ app_end ] --START--
INFO: Run Behavior\ShowPageTraceBehavior [ RunTime:0.000014s ]
INFO: [ app_end ] --END-- [ RunTime:0.000022s ]

[ 2019-11-17T17:50:29+08:00 ] 111.198.242.212 /index.php?g=User&m=indexadmin&a=edit_post
INFO: [ app_init ] --START--
INFO: Run Behavior\BuildLiteBehavior [ RunTime:0.000009s ]
INFO: Run Common\Behavior\InitHookBehavior [ RunTime:0.000150s ]
INFO: [ app_init ] --END-- [ RunTime:0.000210s ]
INFO: [ app_begin ] --START--
INFO: Run Behavior\ReadHtmlCacheBehavior [ RunTime:0.000019s ]
INFO: Run Behavior\CheckLangBehavior [ RunTime:0.000059s ]
INFO: [ app_begin ] --END-- [ RunTime:0.000098s ]
NOTIC: [8] Undefined index: validate /data/wwwroot/ybzb/simplewind/Core/Library/Think/Model.class.php 第 1185 行.
NOTIC: [8] Undefined index: auto /data/wwwroot/ybzb/simplewind/Core/Library/Think/Model.class.php 第 1128 行.

[ 2019-11-17T17:50:29+08:00 ] 111.198.242.212 /index.php?g=User&m=indexadmin&a=edit&id=11828
INFO: [ app_init ] --START--
INFO: Run Behavior\BuildLiteBehavior [ RunTime:0.000008s ]
INFO: Run Common\Behavior\InitHookBehavior [ RunTime:0.000128s ]
INFO: [ app_init ] --END-- [ RunTime:0.000183s ]
INFO: [ app_begin ] --START--
INFO: Run Behavior\ReadHtmlCacheBehavior [ RunTime:0.000015s ]
INFO: Run Behavior\CheckLangBehavior [ RunTime:0.000043s ]
INFO: [ app_begin ] --END-- [ RunTime:0.000073s ]
INFO: [ view_parse ] --START--
INFO: [ template_filter ] --START--
INFO: Run Behavior\ContentReplaceBehavior [ RunTime:0.000085s ]
INFO: [ template_filter ] --END-- [ RunTime:0.000113s ]
INFO: Run Behavior\ParseTemplateBehavior [ RunTime:0.002452s ]
INFO: [ view_parse ] --END-- [ RunTime:0.002486s ]
INFO: [ view_filter ] --START--
INFO: Run Behavior\WriteHtmlCacheBehavior [ RunTime:0.000022s ]
INFO: Run Common\Behavior\TmplStripSpaceBehavior [ RunTime:0.000021s ]
INFO: [ view_filter ] --END-- [ RunTime:0.000059s ]
INFO: [ app_end ] --START--
INFO: Run Behavior\ShowPageTraceBehavior [ RunTime:0.000017s ]
INFO: [ app_end ] --END-- [ RunTime:0.000029s ]

[ 2019-11-17T17:50:30+08:00 ] 111.198.242.212 /index.php?g=User&m=indexadmin&a=edit_post
INFO: [ app_init ] --START--
INFO: Run Behavior\BuildLiteBehavior [ RunTime:0.000006s ]
INFO: Run Common\Behavior\InitHookBehavior [ RunTime:0.000174s ]
INFO: [ app_init ] --END-- [ RunTime:0.000224s ]
INFO: [ app_begin ] --START--
INFO: Run Behavior\ReadHtmlCacheBehavior [ RunTime:0.000014s ]
INFO: Run Behavior\CheckLangBehavior [ RunTime:0.000048s ]
INFO: [ app_begin ] --END-- [ RunTime:0.000079s ]
NOTIC: [8] Undefined index: validate /data/wwwroot/ybzb/simplewind/Core/Library/Think/Model.class.php 第 1185 行.
NOTIC: [8] Undefined index: auto /data/wwwroot/ybzb/simplewind/Core/Library/Think/Model.class.php 第 1128 行.

[ 2019-11-17T17:50:30+08:00 ] 111.198.242.212 /index.php?g=User&m=indexadmin&a=edit&id=11828
INFO: [ app_init ] --START--
INFO: Run Behavior\BuildLiteBehavior [ RunTime:0.000007s ]
INFO: Run Common\Behavior\InitHookBehavior [ RunTime:0.000116s ]
INFO: [ app_init ] --END-- [ RunTime:0.000169s ]
INFO: [ app_begin ] --START--
INFO: Run Behavior\ReadHtmlCacheBehavior [ RunTime:0.000015s ]
INFO: Run Behavior\CheckLangBehavior [ RunTime:0.000043s ]
INFO: [ app_begin ] --END-- [ RunTime:0.000073s ]
INFO: [ view_parse ] --START--
INFO: [ template_filter ] --START--
INFO: Run Behavior\ContentReplaceBehavior [ RunTime:0.000105s ]
INFO: [ template_filter ] --END-- [ RunTime:0.000137s ]
INFO: Run Behavior\ParseTemplateBehavior [ RunTime:0.002438s ]
INFO: [ view_parse ] --END-- [ RunTime:0.002468s ]
INFO: [ view_filter ] --START--
INFO: Run Behavior\WriteHtmlCacheBehavior [ RunTime:0.000024s ]
INFO: Run Common\Behavior\TmplStripSpaceBehavior [ RunTime:0.000017s ]
INFO: [ view_filter ] --END-- [ RunTime:0.000055s ]
INFO: [ app_end ] --START--
INFO: Run Behavior\ShowPageTraceBehavior [ RunTime:0.000013s ]
INFO: [ app_end ] --END-- [ RunTime:0.000020s ]

[ 2019-11-17T17:50:30+08:00 ] 111.198.242.212 /index.php?g=User&m=indexadmin&a=edit_post
INFO: [ app_init ] --START--
INFO: Run Behavior\BuildLiteBehavior [ RunTime:0.000010s ]
INFO: Run Common\Behavior\InitHookBehavior [ RunTime:0.000153s ]
INFO: [ app_init ] --END-- [ RunTime:0.000220s ]
INFO: [ app_begin ] --START--
INFO: Run Behavior\ReadHtmlCacheBehavior [ RunTime:0.000016s ]
INFO: Run Behavior\CheckLangBehavior [ RunTime:0.000051s ]
INFO: [ app_begin ] --END-- [ RunTime:0.000085s ]
NOTIC: [8] Undefined index: validate /data/wwwroot/ybzb/simplewind/Core/Library/Think/Model.class.php 第 1185 行.
NOTIC: [8] Undefined index: auto /data/wwwroot/ybzb/simplewind/Core/Library/Think/Model.class.php 第 1128 行.

[ 2019-11-17T17:50:30+08:00 ] 111.198.242.212 /index.php?g=User&m=indexadmin&a=edit&id=11828
INFO: [ app_init ] --START--
INFO: Run Behavior\BuildLiteBehavior [ RunTime:0.000007s ]
INFO: Run Common\Behavior\InitHookBehavior [ RunTime:0.000129s ]
INFO: [ app_init ] --END-- [ RunTime:0.000179s ]
INFO: [ app_begin ] --START--
INFO: Run Behavior\ReadHtmlCacheBehavior [ RunTime:0.000019s ]
INFO: Run Behavior\CheckLangBehavior [ RunTime:0.000049s ]
INFO: [ app_begin ] --END-- [ RunTime:0.000113s ]
INFO: [ view_parse ] --START--
INFO: [ template_filter ] --START--
INFO: Run Behavior\ContentReplaceBehavior [ RunTime:0.000084s ]
INFO: [ template_filter ] --END-- [ RunTime:0.000111s ]
INFO: Run Behavior\ParseTemplateBehavior [ RunTime:0.002089s ]
INFO: [ view_parse ] --END-- [ RunTime:0.002113s ]
INFO: [ view_filter ] --START--
INFO: Run Behavior\WriteHtmlCacheBehavior [ RunTime:0.000023s ]
INFO: Run Common\Behavior\TmplStripSpaceBehavior [ RunTime:0.000017s ]
INFO: [ view_filter ] --END-- [ RunTime:0.000052s ]
INFO: [ app_end ] --START--
INFO: Run Behavior\ShowPageTraceBehavior [ RunTime:0.000012s ]
INFO: [ app_end ] --END-- [ RunTime:0.000020s ]

[ 2019-11-17T17:50:43+08:00 ] 111.198.242.212 /index.php?g=User&m=indexadmin&a=edit_post
INFO: [ app_init ] --START--
INFO: Run Behavior\BuildLiteBehavior [ RunTime:0.000009s ]
INFO: Run Common\Behavior\InitHookBehavior [ RunTime:0.000174s ]
INFO: [ app_init ] --END-- [ RunTime:0.000242s ]
INFO: [ app_begin ] --START--
INFO: Run Behavior\ReadHtmlCacheBehavior [ RunTime:0.000022s ]
INFO: Run Behavior\CheckLangBehavior [ RunTime:0.000072s ]
INFO: [ app_begin ] --END-- [ RunTime:0.000134s ]
NOTIC: [8] Undefined index: validate /data/wwwroot/ybzb/simplewind/Core/Library/Think/Model.class.php 第 1185 行.
NOTIC: [8] Undefined index: auto /data/wwwroot/ybzb/simplewind/Core/Library/Think/Model.class.php 第 1128 行.

[ 2019-11-17T17:50:43+08:00 ] 111.198.242.212 /index.php?g=User&m=indexadmin&a=edit&id=11828
INFO: [ app_init ] --START--
INFO: Run Behavior\BuildLiteBehavior [ RunTime:0.000008s ]
INFO: Run Common\Behavior\InitHookBehavior [ RunTime:0.000124s ]
INFO: [ app_init ] --END-- [ RunTime:0.000217s ]
INFO: [ app_begin ] --START--
INFO: Run Behavior\ReadHtmlCacheBehavior [ RunTime:0.000015s ]
INFO: Run Behavior\CheckLangBehavior [ RunTime:0.000046s ]
INFO: [ app_begin ] --END-- [ RunTime:0.000077s ]
INFO: [ view_parse ] --START--
INFO: [ template_filter ] --START--
INFO: Run Behavior\ContentReplaceBehavior [ RunTime:0.000098s ]
INFO: [ template_filter ] --END-- [ RunTime:0.000129s ]
INFO: Run Behavior\ParseTemplateBehavior [ RunTime:0.002412s ]
INFO: [ view_parse ] --END-- [ RunTime:0.002443s ]
INFO: [ view_filter ] --START--
INFO: Run Behavior\WriteHtmlCacheBehavior [ RunTime:0.000029s ]
INFO: Run Common\Behavior\TmplStripSpaceBehavior [ RunTime:0.000029s ]
INFO: [ view_filter ] --END-- [ RunTime:0.000075s ]
INFO: [ app_end ] --START--
INFO: Run Behavior\ShowPageTraceBehavior [ RunTime:0.000023s ]
INFO: [ app_end ] --END-- [ RunTime:0.000034s ]

[ 2019-11-17T17:50:45+08:00 ] 111.198.242.212 /index.php?g=User&m=indexadmin&a=edit_post
INFO: [ app_init ] --START--
INFO: Run Behavior\BuildLiteBehavior [ RunTime:0.000009s ]
INFO: Run Common\Behavior\InitHookBehavior [ RunTime:0.000147s ]
INFO: [ app_init ] --END-- [ RunTime:0.000203s ]
INFO: [ app_begin ] --START--
INFO: Run Behavior\ReadHtmlCacheBehavior [ RunTime:0.000014s ]
INFO: Run Behavior\CheckLangBehavior [ RunTime:0.000045s ]
INFO: [ app_begin ] --END-- [ RunTime:0.000079s ]
NOTIC: [8] Undefined index: validate /data/wwwroot/ybzb/simplewind/Core/Library/Think/Model.class.php 第 1185 行.
NOTIC: [8] Undefined index: auto /data/wwwroot/ybzb/simplewind/Core/Library/Think/Model.class.php 第 1128 行.

[ 2019-11-17T17:50:45+08:00 ] 111.198.242.212 /index.php?g=User&m=indexadmin&a=edit&id=11828
INFO: [ app_init ] --START--
INFO: Run Behavior\BuildLiteBehavior [ RunTime:0.000006s ]
INFO: Run Common\Behavior\InitHookBehavior [ RunTime:0.000115s ]
INFO: [ app_init ] --END-- [ RunTime:0.000159s ]
INFO: [ app_begin ] --START--
INFO: Run Behavior\ReadHtmlCacheBehavior [ RunTime:0.000013s ]
INFO: Run Behavior\CheckLangBehavior [ RunTime:0.000041s ]
INFO: [ app_begin ] --END-- [ RunTime:0.000070s ]
INFO: [ view_parse ] --START--
INFO: [ template_filter ] --START--
INFO: Run Behavior\ContentReplaceBehavior [ RunTime:0.000084s ]
INFO: [ template_filter ] --END-- [ RunTime:0.000109s ]
INFO: Run Behavior\ParseTemplateBehavior [ RunTime:0.002233s ]
INFO: [ view_parse ] --END-- [ RunTime:0.002263s ]
INFO: [ view_filter ] --START--
INFO: Run Behavior\WriteHtmlCacheBehavior [ RunTime:0.000020s ]
INFO: Run Common\Behavior\TmplStripSpaceBehavior [ RunTime:0.000018s ]
INFO: [ view_filter ] --END-- [ RunTime:0.000052s ]
INFO: [ app_end ] --START--
INFO: Run Behavior\ShowPageTraceBehavior [ RunTime:0.000012s ]
INFO: [ app_end ] --END-- [ RunTime:0.000020s ]

[ 2019-11-17T17:51:07+08:00 ] 111.198.242.212 /index.php?g=User&m=indexadmin&a=edit_post
INFO: [ app_init ] --START--
INFO: Run Behavior\BuildLiteBehavior [ RunTime:0.000006s ]
INFO: Run Common\Behavior\InitHookBehavior [ RunTime:0.000134s ]
INFO: [ app_init ] --END-- [ RunTime:0.000181s ]
INFO: [ app_begin ] --START--
INFO: Run Behavior\ReadHtmlCacheBehavior [ RunTime:0.000013s ]
INFO: Run Behavior\CheckLangBehavior [ RunTime:0.000042s ]
INFO: [ app_begin ] --END-- [ RunTime:0.000071s ]
NOTIC: [8] Undefined index: validate /data/wwwroot/ybzb/simplewind/Core/Library/Think/Model.class.php 第 1185 行.
NOTIC: [8] Undefined index: auto /data/wwwroot/ybzb/simplewind/Core/Library/Think/Model.class.php 第 1128 行.

[ 2019-11-17T17:51:07+08:00 ] 111.198.242.212 /index.php?g=User&m=indexadmin&a=edit&id=11828
INFO: [ app_init ] --START--
INFO: Run Behavior\BuildLiteBehavior [ RunTime:0.000009s ]
INFO: Run Common\Behavior\InitHookBehavior [ RunTime:0.000146s ]
INFO: [ app_init ] --END-- [ RunTime:0.000207s ]
INFO: [ app_begin ] --START--
INFO: Run Behavior\ReadHtmlCacheBehavior [ RunTime:0.000018s ]
INFO: Run Behavior\CheckLangBehavior [ RunTime:0.000053s ]
INFO: [ app_begin ] --END-- [ RunTime:0.000091s ]
INFO: [ view_parse ] --START--
INFO: [ template_filter ] --START--
INFO: Run Behavior\ContentReplaceBehavior [ RunTime:0.000085s ]
INFO: [ template_filter ] --END-- [ RunTime:0.000112s ]
INFO: Run Behavior\ParseTemplateBehavior [ RunTime:0.002372s ]
INFO: [ view_parse ] --END-- [ RunTime:0.002409s ]
INFO: [ view_filter ] --START--
INFO: Run Behavior\WriteHtmlCacheBehavior [ RunTime:0.000022s ]
INFO: Run Common\Behavior\TmplStripSpaceBehavior [ RunTime:0.000018s ]
INFO: [ view_filter ] --END-- [ RunTime:0.000052s ]
INFO: [ app_end ] --START--
INFO: Run Behavior\ShowPageTraceBehavior [ RunTime:0.000013s ]
INFO: [ app_end ] --END-- [ RunTime:0.000021s ]

[ 2019-11-17T17:51:09+08:00 ] 111.198.242.212 /index.php?g=User&m=indexadmin&a=edit_post
INFO: [ app_init ] --START--
INFO: Run Behavior\BuildLiteBehavior [ RunTime:0.000008s ]
INFO: Run Common\Behavior\InitHookBehavior [ RunTime:0.000112s ]
INFO: [ app_init ] --END-- [ RunTime:0.000162s ]
INFO: [ app_begin ] --START--
INFO: Run Behavior\ReadHtmlCacheBehavior [ RunTime:0.000012s ]
INFO: Run Behavior\CheckLangBehavior [ RunTime:0.000042s ]
INFO: [ app_begin ] --END-- [ RunTime:0.000067s ]
NOTIC: [8] Undefined index: validate /data/wwwroot/ybzb/simplewind/Core/Library/Think/Model.class.php 第 1185 行.
NOTIC: [8] Undefined index: auto /data/wwwroot/ybzb/simplewind/Core/Library/Think/Model.class.php 第 1128 行.

[ 2019-11-17T17:51:09+08:00 ] 111.198.242.212 /index.php?g=User&m=indexadmin&a=edit&id=11828
INFO: [ app_init ] --START--
INFO: Run Behavior\BuildLiteBehavior [ RunTime:0.000007s ]
INFO: Run Common\Behavior\InitHookBehavior [ RunTime:0.000114s ]
INFO: [ app_init ] --END-- [ RunTime:0.000165s ]
INFO: [ app_begin ] --START--
INFO: Run Behavior\ReadHtmlCacheBehavior [ RunTime:0.000016s ]
INFO: Run Behavior\CheckLangBehavior [ RunTime:0.000045s ]
INFO: [ app_begin ] --END-- [ RunTime:0.000080s ]
INFO: [ view_parse ] --START--
INFO: [ template_filter ] --START--
INFO: Run Behavior\ContentReplaceBehavior [ RunTime:0.000084s ]
INFO: [ template_filter ] --END-- [ RunTime:0.000118s ]
INFO: Run Behavior\ParseTemplateBehavior [ RunTime:0.002314s ]
INFO: [ view_parse ] --END-- [ RunTime:0.002342s ]
INFO: [ view_filter ] --START--
INFO: Run Behavior\WriteHtmlCacheBehavior [ RunTime:0.000055s ]
INFO: Run Common\Behavior\TmplStripSpaceBehavior [ RunTime:0.000021s ]
INFO: [ view_filter ] --END-- [ RunTime:0.000092s ]
INFO: [ app_end ] --START--
INFO: Run Behavior\ShowPageTraceBehavior [ RunTime:0.000014s ]
INFO: [ app_end ] --END-- [ RunTime:0.000022s ]

[ 2019-11-17T17:52:59+08:00 ] 111.198.242.212 /index.php?g=User&m=Indexadmin&a=index&menuid=134
INFO: [ app_init ] --START--
INFO: Run Behavior\BuildLiteBehavior [ RunTime:0.000007s ]
INFO: Run Common\Behavior\InitHookBehavior [ RunTime:0.000157s ]
INFO: [ app_init ] --END-- [ RunTime:0.000209s ]
INFO: [ app_begin ] --START--
INFO: Run Behavior\ReadHtmlCacheBehavior [ RunTime:0.000015s ]
INFO: Run Behavior\CheckLangBehavior [ RunTime:0.000052s ]
INFO: [ app_begin ] --END-- [ RunTime:0.000084s ]
NOTIC: [8] Undefined index: iszombie /data/wwwroot/ybzb/application/User/Controller/IndexadminController.class.php 第 32 行.
NOTIC: [8] Undefined index: isban /data/wwwroot/ybzb/application/User/Controller/IndexadminController.class.php 第 37 行.
NOTIC: [8] Undefined index: issuper /data/wwwroot/ybzb/application/User/Controller/IndexadminController.class.php 第 42 行.
NOTIC: [8] Undefined index: ishot /data/wwwroot/ybzb/application/User/Controller/IndexadminController.class.php 第 49 行.
NOTIC: [8] Undefined index: iszombiep /data/wwwroot/ybzb/application/User/Controller/IndexadminController.class.php 第 54 行.
NOTIC: [8] Undefined index: start_time /data/wwwroot/ybzb/application/User/Controller/IndexadminController.class.php 第 59 行.
NOTIC: [8] Undefined index: end_time /data/wwwroot/ybzb/application/User/Controller/IndexadminController.class.php 第 64 行.
NOTIC: [8] Undefined index: start_time /data/wwwroot/ybzb/application/User/Controller/IndexadminController.class.php 第 68 行.
NOTIC: [8] Undefined index: keyword /data/wwwroot/ybzb/application/User/Controller/IndexadminController.class.php 第 74 行.
NOTIC: [8] Undefined variable: pList /data/wwwroot/ybzb/simplewind/Lib/Util/Page.class.php 第 226 行.
NOTIC: [8] Undefined variable: pListStart /data/wwwroot/ybzb/simplewind/Lib/Util/Page.class.php 第 335 行.
NOTIC: [8] Undefined variable: pListEnd /data/wwwroot/ybzb/simplewind/Lib/Util/Page.class.php 第 335 行.
NOTIC: [8] Undefined variable: pFirst /data/wwwroot/ybzb/simplewind/Lib/Util/Page.class.php 第 335 行.
NOTIC: [8] Undefined variable: pPrev /data/wwwroot/ybzb/simplewind/Lib/Util/Page.class.php 第 335 行.
INFO: [ view_parse ] --START--
INFO: [ template_filter ] --START--
INFO: Run Behavior\ContentReplaceBehavior [ RunTime:0.000108s ]
INFO: [ template_filter ] --END-- [ RunTime:0.000140s ]
NOTIC: [8] Undefined index: iszombie /data/wwwroot/ybzb/data/runtime/Cache/User/a348394835ede61f1587cc69a78f0b8c.php 第 62 行.
NOTIC: [8] Undefined index: iszombie /data/wwwroot/ybzb/data/runtime/Cache/User/a348394835ede61f1587cc69a78f0b8c.php 第 63 行.
NOTIC: [8] Undefined index: iszombiep /data/wwwroot/ybzb/data/runtime/Cache/User/a348394835ede61f1587cc69a78f0b8c.php 第 68 行.
NOTIC: [8] Undefined index: iszombiep /data/wwwroot/ybzb/data/runtime/Cache/User/a348394835ede61f1587cc69a78f0b8c.php 第 69 行.
NOTIC: [8] Undefined index: isban /data/wwwroot/ybzb/data/runtime/Cache/User/a348394835ede61f1587cc69a78f0b8c.php 第 75 行.
NOTIC: [8] Undefined index: isban /data/wwwroot/ybzb/data/runtime/Cache/User/a348394835ede61f1587cc69a78f0b8c.php 第 76 行.
NOTIC: [8] Undefined index: ishot /data/wwwroot/ybzb/data/runtime/Cache/User/a348394835ede61f1587cc69a78f0b8c.php 第 81 行.
NOTIC: [8] Undefined index: ishot /data/wwwroot/ybzb/data/runtime/Cache/User/a348394835ede61f1587cc69a78f0b8c.php 第 82 行.
NOTIC: [8] Undefined index: issuper /data/wwwroot/ybzb/data/runtime/Cache/User/a348394835ede61f1587cc69a78f0b8c.php 第 87 行.
NOTIC: [8] Undefined index: issuper /data/wwwroot/ybzb/data/runtime/Cache/User/a348394835ede61f1587cc69a78f0b8c.php 第 88 行.
NOTIC: [8] Undefined index: start_time /data/wwwroot/ybzb/data/runtime/Cache/User/a348394835ede61f1587cc69a78f0b8c.php 第 91 行.
NOTIC: [8] Undefined index: end_time /data/wwwroot/ybzb/data/runtime/Cache/User/a348394835ede61f1587cc69a78f0b8c.php 第 92 行.
NOTIC: [8] Undefined index: keyword /data/wwwroot/ybzb/data/runtime/Cache/User/a348394835ede61f1587cc69a78f0b8c.php 第 94 行.
INFO: Run Behavior\ParseTemplateBehavior [ RunTime:0.005337s ]
INFO: [ view_parse ] --END-- [ RunTime:0.005363s ]
INFO: [ view_filter ] --START--
INFO: Run Behavior\WriteHtmlCacheBehavior [ RunTime:0.000036s ]
INFO: Run Common\Behavior\TmplStripSpaceBehavior [ RunTime:0.000021s ]
INFO: [ view_filter ] --END-- [ RunTime:0.000074s ]
INFO: [ app_end ] --START--
INFO: Run Behavior\ShowPageTraceBehavior [ RunTime:0.000016s ]
INFO: [ app_end ] --END-- [ RunTime:0.000038s ]

[ 2019-11-17T17:53:05+08:00 ] 111.198.242.212 /index.php?g=User&m=indexadmin&a=index
INFO: [ app_init ] --START--
INFO: Run Behavior\BuildLiteBehavior [ RunTime:0.000009s ]
INFO: Run Common\Behavior\InitHookBehavior [ RunTime:0.000134s ]
INFO: [ app_init ] --END-- [ RunTime:0.000219s ]
INFO: [ app_begin ] --START--
INFO: Run Behavior\ReadHtmlCacheBehavior [ RunTime:0.000013s ]
INFO: Run Behavior\CheckLangBehavior [ RunTime:0.000045s ]
INFO: [ app_begin ] --END-- [ RunTime:0.000074s ]
INFO: [ view_parse ] --START--
INFO: [ template_filter ] --START--
INFO: Run Behavior\ContentReplaceBehavior [ RunTime:0.000100s ]
INFO: [ template_filter ] --END-- [ RunTime:0.000127s ]
NOTIC: [8] Undefined index: iszombie /data/wwwroot/ybzb/data/runtime/Cache/User/a348394835ede61f1587cc69a78f0b8c.php 第 62 行.
NOTIC: [8] Undefined index: iszombie /data/wwwroot/ybzb/data/runtime/Cache/User/a348394835ede61f1587cc69a78f0b8c.php 第 63 行.
NOTIC: [8] Undefined index: iszombiep /data/wwwroot/ybzb/data/runtime/Cache/User/a348394835ede61f1587cc69a78f0b8c.php 第 68 行.
NOTIC: [8] Undefined index: iszombiep /data/wwwroot/ybzb/data/runtime/Cache/User/a348394835ede61f1587cc69a78f0b8c.php 第 69 行.
NOTIC: [8] Undefined index: isban /data/wwwroot/ybzb/data/runtime/Cache/User/a348394835ede61f1587cc69a78f0b8c.php 第 75 行.
NOTIC: [8] Undefined index: isban /data/wwwroot/ybzb/data/runtime/Cache/User/a348394835ede61f1587cc69a78f0b8c.php 第 76 行.
NOTIC: [8] Undefined index: ishot /data/wwwroot/ybzb/data/runtime/Cache/User/a348394835ede61f1587cc69a78f0b8c.php 第 81 行.
NOTIC: [8] Undefined index: ishot /data/wwwroot/ybzb/data/runtime/Cache/User/a348394835ede61f1587cc69a78f0b8c.php 第 82 行.
NOTIC: [8] Undefined index: issuper /data/wwwroot/ybzb/data/runtime/Cache/User/a348394835ede61f1587cc69a78f0b8c.php 第 87 行.
NOTIC: [8] Undefined index: issuper /data/wwwroot/ybzb/data/runtime/Cache/User/a348394835ede61f1587cc69a78f0b8c.php 第 88 行.
NOTIC: [8] Undefined index: start_time /data/wwwroot/ybzb/data/runtime/Cache/User/a348394835ede61f1587cc69a78f0b8c.php 第 91 行.
NOTIC: [8] Undefined index: end_time /data/wwwroot/ybzb/data/runtime/Cache/User/a348394835ede61f1587cc69a78f0b8c.php 第 92 行.
INFO: Run Behavior\ParseTemplateBehavior [ RunTime:0.003968s ]
INFO: [ view_parse ] --END-- [ RunTime:0.003993s ]
INFO: [ view_filter ] --START--
INFO: Run Behavior\WriteHtmlCacheBehavior [ RunTime:0.000021s ]
INFO: Run Common\Behavior\TmplStripSpaceBehavior [ RunTime:0.000017s ]
INFO: [ view_filter ] --END-- [ RunTime:0.000052s ]
INFO: [ app_end ] --START--
INFO: Run Behavior\ShowPageTraceBehavior [ RunTime:0.000011s ]
INFO: [ app_end ] --END-- [ RunTime:0.000019s ]

[ 2019-11-17T17:53:08+08:00 ] 111.198.242.212 /index.php?g=User&m=indexadmin&a=edit&id=11831
INFO: [ app_init ] --START--
INFO: Run Behavior\BuildLiteBehavior [ RunTime:0.000007s ]
INFO: Run Common\Behavior\InitHookBehavior [ RunTime:0.000132s ]
INFO: [ app_init ] --END-- [ RunTime:0.000185s ]
INFO: [ app_begin ] --START--
INFO: Run Behavior\ReadHtmlCacheBehavior [ RunTime:0.000014s ]
INFO: Run Behavior\CheckLangBehavior [ RunTime:0.000044s ]
INFO: [ app_begin ] --END-- [ RunTime:0.000073s ]
INFO: [ view_parse ] --START--
INFO: [ template_filter ] --START--
INFO: Run Behavior\ContentReplaceBehavior [ RunTime:0.000087s ]
INFO: [ template_filter ] --END-- [ RunTime:0.000120s ]
INFO: Run Behavior\ParseTemplateBehavior [ RunTime:0.002431s ]
INFO: [ view_parse ] --END-- [ RunTime:0.002468s ]
INFO: [ view_filter ] --START--
INFO: Run Behavior\WriteHtmlCacheBehavior [ RunTime:0.000026s ]
INFO: Run Common\Behavior\TmplStripSpaceBehavior [ RunTime:0.000023s ]
INFO: [ view_filter ] --END-- [ RunTime:0.000067s ]
INFO: [ app_end ] --START--
INFO: Run Behavior\ShowPageTraceBehavior [ RunTime:0.000017s ]
INFO: [ app_end ] --END-- [ RunTime:0.000027s ]

[ 2019-11-17T17:53:48+08:00 ] 111.198.242.212 /index.php?g=User&m=indexadmin&a=edit_post
INFO: [ app_init ] --START--
INFO: Run Behavior\BuildLiteBehavior [ RunTime:0.000036s ]
INFO: Run Common\Behavior\InitHookBehavior [ RunTime:0.000133s ]
INFO: [ app_init ] --END-- [ RunTime:0.000214s ]
INFO: [ app_begin ] --START--
INFO: Run Behavior\ReadHtmlCacheBehavior [ RunTime:0.000014s ]
INFO: Run Behavior\CheckLangBehavior [ RunTime:0.000043s ]
INFO: [ app_begin ] --END-- [ RunTime:0.000072s ]
NOTIC: [8] Undefined index: validate /data/wwwroot/ybzb/simplewind/Core/Library/Think/Model.class.php 第 1185 行.
NOTIC: [8] Undefined index: auto /data/wwwroot/ybzb/simplewind/Core/Library/Think/Model.class.php 第 1128 行.

[ 2019-11-17T17:53:48+08:00 ] 111.198.242.212 /index.php?g=User&m=indexadmin&a=edit&id=11831
INFO: [ app_init ] --START--
INFO: Run Behavior\BuildLiteBehavior [ RunTime:0.000007s ]
INFO: Run Common\Behavior\InitHookBehavior [ RunTime:0.000149s ]
INFO: [ app_init ] --END-- [ RunTime:0.000205s ]
INFO: [ app_begin ] --START--
INFO: Run Behavior\ReadHtmlCacheBehavior [ RunTime:0.000018s ]
INFO: Run Behavior\CheckLangBehavior [ RunTime:0.000044s ]
INFO: [ app_begin ] --END-- [ RunTime:0.000081s ]
INFO: [ view_parse ] --START--
INFO: [ template_filter ] --START--
INFO: Run Behavior\ContentReplaceBehavior [ RunTime:0.000096s ]
INFO: [ template_filter ] --END-- [ RunTime:0.000133s ]
INFO: Run Behavior\ParseTemplateBehavior [ RunTime:0.002497s ]
INFO: [ view_parse ] --END-- [ RunTime:0.002530s ]
INFO: [ view_filter ] --START--
INFO: Run Behavior\WriteHtmlCacheBehavior [ RunTime:0.000024s ]
INFO: Run Common\Behavior\TmplStripSpaceBehavior [ RunTime:0.000019s ]
INFO: [ view_filter ] --END-- [ RunTime:0.000058s ]
INFO: [ app_end ] --START--
INFO: Run Behavior\ShowPageTraceBehavior [ RunTime:0.000013s ]
INFO: [ app_end ] --END-- [ RunTime:0.000020s ]

[ 2019-11-17T17:53:49+08:00 ] 111.198.242.212 /index.php?g=User&m=indexadmin&a=edit_post
INFO: [ app_init ] --START--
INFO: Run Behavior\BuildLiteBehavior [ RunTime:0.000007s ]
INFO: Run Common\Behavior\InitHookBehavior [ RunTime:0.000168s ]
INFO: [ app_init ] --END-- [ RunTime:0.000221s ]
INFO: [ app_begin ] --START--
INFO: Run Behavior\ReadHtmlCacheBehavior [ RunTime:0.000017s ]
INFO: Run Behavior\CheckLangBehavior [ RunTime:0.000059s ]
INFO: [ app_begin ] --END-- [ RunTime:0.000091s ]
NOTIC: [8] Undefined index: validate /data/wwwroot/ybzb/simplewind/Core/Library/Think/Model.class.php 第 1185 行.
NOTIC: [8] Undefined index: auto /data/wwwroot/ybzb/simplewind/Core/Library/Think/Model.class.php 第 1128 行.

[ 2019-11-17T17:53:50+08:00 ] 111.198.242.212 /index.php?g=User&m=indexadmin&a=edit&id=11831
INFO: [ app_init ] --START--
INFO: Run Behavior\BuildLiteBehavior [ RunTime:0.000009s ]
INFO: Run Common\Behavior\InitHookBehavior [ RunTime:0.000120s ]
INFO: [ app_init ] --END-- [ RunTime:0.000180s ]
INFO: [ app_begin ] --START--
INFO: Run Behavior\ReadHtmlCacheBehavior [ RunTime:0.000013s ]
INFO: Run Behavior\CheckLangBehavior [ RunTime:0.000052s ]
INFO: [ app_begin ] --END-- [ RunTime:0.000080s ]
INFO: [ view_parse ] --START--
INFO: [ template_filter ] --START--
INFO: Run Behavior\ContentReplaceBehavior [ RunTime:0.000093s ]
INFO: [ template_filter ] --END-- [ RunTime:0.000124s ]
INFO: Run Behavior\ParseTemplateBehavior [ RunTime:0.002294s ]
INFO: [ view_parse ] --END-- [ RunTime:0.002321s ]
INFO: [ view_filter ] --START--
INFO: Run Behavior\WriteHtmlCacheBehavior [ RunTime:0.000027s ]
INFO: Run Common\Behavior\TmplStripSpaceBehavior [ RunTime:0.000024s ]
INFO: [ view_filter ] --END-- [ RunTime:0.000065s ]
INFO: [ app_end ] --START--
INFO: Run Behavior\ShowPageTraceBehavior [ RunTime:0.000018s ]
INFO: [ app_end ] --END-- [ RunTime:0.000027s ]

[ 2019-11-17T17:54:44+08:00 ] 111.198.242.212 /index.php?g=User&m=Indexadmin&a=index&menuid=134
INFO: [ app_init ] --START--
INFO: Run Behavior\BuildLiteBehavior [ RunTime:0.000007s ]
INFO: Run Common\Behavior\InitHookBehavior [ RunTime:0.000135s ]
INFO: [ app_init ] --END-- [ RunTime:0.000188s ]
INFO: [ app_begin ] --START--
INFO: Run Behavior\ReadHtmlCacheBehavior [ RunTime:0.000015s ]
INFO: Run Behavior\CheckLangBehavior [ RunTime:0.000049s ]
INFO: [ app_begin ] --END-- [ RunTime:0.000081s ]
NOTIC: [8] Undefined index: iszombie /data/wwwroot/ybzb/application/User/Controller/IndexadminController.class.php 第 32 行.
NOTIC: [8] Undefined index: isban /data/wwwroot/ybzb/application/User/Controller/IndexadminController.class.php 第 37 行.
NOTIC: [8] Undefined index: issuper /data/wwwroot/ybzb/application/User/Controller/IndexadminController.class.php 第 42 行.
NOTIC: [8] Undefined index: ishot /data/wwwroot/ybzb/application/User/Controller/IndexadminController.class.php 第 49 行.
NOTIC: [8] Undefined index: iszombiep /data/wwwroot/ybzb/application/User/Controller/IndexadminController.class.php 第 54 行.
NOTIC: [8] Undefined index: start_time /data/wwwroot/ybzb/application/User/Controller/IndexadminController.class.php 第 59 行.
NOTIC: [8] Undefined index: end_time /data/wwwroot/ybzb/application/User/Controller/IndexadminController.class.php 第 64 行.
NOTIC: [8] Undefined index: start_time /data/wwwroot/ybzb/application/User/Controller/IndexadminController.class.php 第 68 行.
NOTIC: [8] Undefined index: keyword /data/wwwroot/ybzb/application/User/Controller/IndexadminController.class.php 第 74 行.
NOTIC: [8] Undefined variable: pList /data/wwwroot/ybzb/simplewind/Lib/Util/Page.class.php 第 226 行.
NOTIC: [8] Undefined variable: pListStart /data/wwwroot/ybzb/simplewind/Lib/Util/Page.class.php 第 335 行.
NOTIC: [8] Undefined variable: pListEnd /data/wwwroot/ybzb/simplewind/Lib/Util/Page.class.php 第 335 行.
NOTIC: [8] Undefined variable: pFirst /data/wwwroot/ybzb/simplewind/Lib/Util/Page.class.php 第 335 行.
NOTIC: [8] Undefined variable: pPrev /data/wwwroot/ybzb/simplewind/Lib/Util/Page.class.php 第 335 行.
INFO: [ view_parse ] --START--
INFO: [ template_filter ] --START--
INFO: Run Behavior\ContentReplaceBehavior [ RunTime:0.000133s ]
INFO: [ template_filter ] --END-- [ RunTime:0.000167s ]
NOTIC: [8] Undefined index: iszombie /data/wwwroot/ybzb/data/runtime/Cache/User/a348394835ede61f1587cc69a78f0b8c.php 第 62 行.
NOTIC: [8] Undefined index: iszombie /data/wwwroot/ybzb/data/runtime/Cache/User/a348394835ede61f1587cc69a78f0b8c.php 第 63 行.
NOTIC: [8] Undefined index: iszombiep /data/wwwroot/ybzb/data/runtime/Cache/User/a348394835ede61f1587cc69a78f0b8c.php 第 68 行.
NOTIC: [8] Undefined index: iszombiep /data/wwwroot/ybzb/data/runtime/Cache/User/a348394835ede61f1587cc69a78f0b8c.php 第 69 行.
NOTIC: [8] Undefined index: isban /data/wwwroot/ybzb/data/runtime/Cache/User/a348394835ede61f1587cc69a78f0b8c.php 第 75 行.
NOTIC: [8] Undefined index: isban /data/wwwroot/ybzb/data/runtime/Cache/User/a348394835ede61f1587cc69a78f0b8c.php 第 76 行.
NOTIC: [8] Undefined index: ishot /data/wwwroot/ybzb/data/runtime/Cache/User/a348394835ede61f1587cc69a78f0b8c.php 第 81 行.
NOTIC: [8] Undefined index: ishot /data/wwwroot/ybzb/data/runtime/Cache/User/a348394835ede61f1587cc69a78f0b8c.php 第 82 行.
NOTIC: [8] Undefined index: issuper /data/wwwroot/ybzb/data/runtime/Cache/User/a348394835ede61f1587cc69a78f0b8c.php 第 87 行.
NOTIC: [8] Undefined index: issuper /data/wwwroot/ybzb/data/runtime/Cache/User/a348394835ede61f1587cc69a78f0b8c.php 第 88 行.
NOTIC: [8] Undefined index: start_time /data/wwwroot/ybzb/data/runtime/Cache/User/a348394835ede61f1587cc69a78f0b8c.php 第 91 行.
NOTIC: [8] Undefined index: end_time /data/wwwroot/ybzb/data/runtime/Cache/User/a348394835ede61f1587cc69a78f0b8c.php 第 92 行.
NOTIC: [8] Undefined index: keyword /data/wwwroot/ybzb/data/runtime/Cache/User/a348394835ede61f1587cc69a78f0b8c.php 第 94 行.
INFO: Run Behavior\ParseTemplateBehavior [ RunTime:0.005166s ]
INFO: [ view_parse ] --END-- [ RunTime:0.005190s ]
INFO: [ view_filter ] --START--
INFO: Run Behavior\WriteHtmlCacheBehavior [ RunTime:0.000035s ]
INFO: Run Common\Behavior\TmplStripSpaceBehavior [ RunTime:0.000019s ]
INFO: [ view_filter ] --END-- [ RunTime:0.000069s ]
INFO: [ app_end ] --START--
INFO: Run Behavior\ShowPageTraceBehavior [ RunTime:0.000018s ]
INFO: [ app_end ] --END-- [ RunTime:0.000032s ]

[ 2019-11-17T17:54:52+08:00 ] 111.198.242.212 /index.php?g=User&m=indexadmin&a=index
INFO: [ app_init ] --START--
INFO: Run Behavior\BuildLiteBehavior [ RunTime:0.000008s ]
INFO: Run Common\Behavior\InitHookBehavior [ RunTime:0.000183s ]
INFO: [ app_init ] --END-- [ RunTime:0.000248s ]
INFO: [ app_begin ] --START--
INFO: Run Behavior\ReadHtmlCacheBehavior [ RunTime:0.000020s ]
INFO: Run Behavior\CheckLangBehavior [ RunTime:0.000070s ]
INFO: [ app_begin ] --END-- [ RunTime:0.000107s ]
INFO: [ view_parse ] --START--
INFO: [ template_filter ] --START--
INFO: Run Behavior\ContentReplaceBehavior [ RunTime:0.000109s ]
INFO: [ template_filter ] --END-- [ RunTime:0.000148s ]
NOTIC: [8] Undefined index: iszombie /data/wwwroot/ybzb/data/runtime/Cache/User/a348394835ede61f1587cc69a78f0b8c.php 第 62 行.
NOTIC: [8] Undefined index: iszombie /data/wwwroot/ybzb/data/runtime/Cache/User/a348394835ede61f1587cc69a78f0b8c.php 第 63 行.
NOTIC: [8] Undefined index: iszombiep /data/wwwroot/ybzb/data/runtime/Cache/User/a348394835ede61f1587cc69a78f0b8c.php 第 68 行.
NOTIC: [8] Undefined index: iszombiep /data/wwwroot/ybzb/data/runtime/Cache/User/a348394835ede61f1587cc69a78f0b8c.php 第 69 行.
NOTIC: [8] Undefined index: isban /data/wwwroot/ybzb/data/runtime/Cache/User/a348394835ede61f1587cc69a78f0b8c.php 第 75 行.
NOTIC: [8] Undefined index: isban /data/wwwroot/ybzb/data/runtime/Cache/User/a348394835ede61f1587cc69a78f0b8c.php 第 76 行.
NOTIC: [8] Undefined index: ishot /data/wwwroot/ybzb/data/runtime/Cache/User/a348394835ede61f1587cc69a78f0b8c.php 第 81 行.
NOTIC: [8] Undefined index: ishot /data/wwwroot/ybzb/data/runtime/Cache/User/a348394835ede61f1587cc69a78f0b8c.php 第 82 行.
NOTIC: [8] Undefined index: issuper /data/wwwroot/ybzb/data/runtime/Cache/User/a348394835ede61f1587cc69a78f0b8c.php 第 87 行.
NOTIC: [8] Undefined index: issuper /data/wwwroot/ybzb/data/runtime/Cache/User/a348394835ede61f1587cc69a78f0b8c.php 第 88 行.
NOTIC: [8] Undefined index: start_time /data/wwwroot/ybzb/data/runtime/Cache/User/a348394835ede61f1587cc69a78f0b8c.php 第 91 行.
NOTIC: [8] Undefined index: end_time /data/wwwroot/ybzb/data/runtime/Cache/User/a348394835ede61f1587cc69a78f0b8c.php 第 92 行.
INFO: Run Behavior\ParseTemplateBehavior [ RunTime:0.004176s ]
INFO: [ view_parse ] --END-- [ RunTime:0.004206s ]
INFO: [ view_filter ] --START--
INFO: Run Behavior\WriteHtmlCacheBehavior [ RunTime:0.000037s ]
INFO: Run Common\Behavior\TmplStripSpaceBehavior [ RunTime:0.000041s ]
INFO: [ view_filter ] --END-- [ RunTime:0.000095s ]
INFO: [ app_end ] --START--
INFO: Run Behavior\ShowPageTraceBehavior [ RunTime:0.000018s ]
INFO: [ app_end ] --END-- [ RunTime:0.000025s ]

[ 2019-11-17T17:54:53+08:00 ] 111.198.242.212 /index.php?g=User&m=indexadmin&a=index
INFO: [ app_init ] --START--
INFO: Run Behavior\BuildLiteBehavior [ RunTime:0.000007s ]
INFO: Run Common\Behavior\InitHookBehavior [ RunTime:0.000112s ]
INFO: [ app_init ] --END-- [ RunTime:0.000157s ]
INFO: [ app_begin ] --START--
INFO: Run Behavior\ReadHtmlCacheBehavior [ RunTime:0.000017s ]
INFO: Run Behavior\CheckLangBehavior [ RunTime:0.000053s ]
INFO: [ app_begin ] --END-- [ RunTime:0.000090s ]
INFO: [ view_parse ] --START--
INFO: [ template_filter ] --START--
INFO: Run Behavior\ContentReplaceBehavior [ RunTime:0.000103s ]
INFO: [ template_filter ] --END-- [ RunTime:0.000131s ]
NOTIC: [8] Undefined index: iszombie /data/wwwroot/ybzb/data/runtime/Cache/User/a348394835ede61f1587cc69a78f0b8c.php 第 62 行.
NOTIC: [8] Undefined index: iszombie /data/wwwroot/ybzb/data/runtime/Cache/User/a348394835ede61f1587cc69a78f0b8c.php 第 63 行.
NOTIC: [8] Undefined index: iszombiep /data/wwwroot/ybzb/data/runtime/Cache/User/a348394835ede61f1587cc69a78f0b8c.php 第 68 行.
NOTIC: [8] Undefined index: iszombiep /data/wwwroot/ybzb/data/runtime/Cache/User/a348394835ede61f1587cc69a78f0b8c.php 第 69 行.
NOTIC: [8] Undefined index: isban /data/wwwroot/ybzb/data/runtime/Cache/User/a348394835ede61f1587cc69a78f0b8c.php 第 75 行.
NOTIC: [8] Undefined index: isban /data/wwwroot/ybzb/data/runtime/Cache/User/a348394835ede61f1587cc69a78f0b8c.php 第 76 行.
NOTIC: [8] Undefined index: ishot /data/wwwroot/ybzb/data/runtime/Cache/User/a348394835ede61f1587cc69a78f0b8c.php 第 81 行.
NOTIC: [8] Undefined index: ishot /data/wwwroot/ybzb/data/runtime/Cache/User/a348394835ede61f1587cc69a78f0b8c.php 第 82 行.
NOTIC: [8] Undefined index: issuper /data/wwwroot/ybzb/data/runtime/Cache/User/a348394835ede61f1587cc69a78f0b8c.php 第 87 行.
NOTIC: [8] Undefined index: issuper /data/wwwroot/ybzb/data/runtime/Cache/User/a348394835ede61f1587cc69a78f0b8c.php 第 88 行.
NOTIC: [8] Undefined index: start_time /data/wwwroot/ybzb/data/runtime/Cache/User/a348394835ede61f1587cc69a78f0b8c.php 第 91 行.
NOTIC: [8] Undefined index: end_time /data/wwwroot/ybzb/data/runtime/Cache/User/a348394835ede61f1587cc69a78f0b8c.php 第 92 行.
INFO: Run Behavior\ParseTemplateBehavior [ RunTime:0.003956s ]
INFO: [ view_parse ] --END-- [ RunTime:0.003981s ]
INFO: [ view_filter ] --START--
INFO: Run Behavior\WriteHtmlCacheBehavior [ RunTime:0.000026s ]
INFO: Run Common\Behavior\TmplStripSpaceBehavior [ RunTime:0.000018s ]
INFO: [ view_filter ] --END-- [ RunTime:0.000056s ]
INFO: [ app_end ] --START--
INFO: Run Behavior\ShowPageTraceBehavior [ RunTime:0.000012s ]
INFO: [ app_end ] --END-- [ RunTime:0.000020s ]

[ 2019-11-17T17:54:56+08:00 ] 111.198.242.212 /index.php?g=User&m=indexadmin&a=edit&id=11962
INFO: [ app_init ] --START--
INFO: Run Behavior\BuildLiteBehavior [ RunTime:0.000007s ]
INFO: Run Common\Behavior\InitHookBehavior [ RunTime:0.000120s ]
INFO: [ app_init ] --END-- [ RunTime:0.000167s ]
INFO: [ app_begin ] --START--
INFO: Run Behavior\ReadHtmlCacheBehavior [ RunTime:0.000013s ]
INFO: Run Behavior\CheckLangBehavior [ RunTime:0.000047s ]
INFO: [ app_begin ] --END-- [ RunTime:0.000075s ]
INFO: [ view_parse ] --START--
INFO: [ template_filter ] --START--
INFO: Run Behavior\ContentReplaceBehavior [ RunTime:0.000085s ]
INFO: [ template_filter ] --END-- [ RunTime:0.000125s ]
INFO: Run Behavior\ParseTemplateBehavior [ RunTime:0.002424s ]
INFO: [ view_parse ] --END-- [ RunTime:0.002459s ]
INFO: [ view_filter ] --START--
INFO: Run Behavior\WriteHtmlCacheBehavior [ RunTime:0.000024s ]
INFO: Run Common\Behavior\TmplStripSpaceBehavior [ RunTime:0.000023s ]
INFO: [ view_filter ] --END-- [ RunTime:0.000064s ]
INFO: [ app_end ] --START--
INFO: Run Behavior\ShowPageTraceBehavior [ RunTime:0.000016s ]
INFO: [ app_end ] --END-- [ RunTime:0.000025s ]

