[ 2019-11-14T14:08:26+08:00 ] 139.224.247.17 /user
INFO: [ app_init ] --START--
INFO: Run Behavior\BuildLiteBehavior [ RunTime:0.000008s ]
INFO: Run Common\Behavior\InitHookBehavior [ RunTime:0.000117s ]
INFO: [ app_init ] --END-- [ RunTime:0.000169s ]
INFO: [ app_begin ] --START--
INFO: Run Behavior\ReadHtmlCacheBehavior [ RunTime:0.000014s ]
INFO: Run Behavior\CheckLangBehavior [ RunTime:0.000048s ]
INFO: [ app_begin ] --END-- [ RunTime:0.000078s ]
INFO: [ view_parse ] --START--
INFO: [ template_filter ] --START--
INFO: Run Behavior\ContentReplaceBehavior [ RunTime:0.000044s ]
INFO: [ template_filter ] --END-- [ RunTime:0.000068s ]
NOTIC: [8] Undefined variable: title /data/wwwroot/ybzb/data/runtime/Cache/User/b8de15f952856992d8981cdaf9c64af6.php 第 22 行.
NOTIC: [8] Undefined variable: title /data/wwwroot/ybzb/data/runtime/Cache/User/b8de15f952856992d8981cdaf9c64af6.php 第 51 行.
INFO: Run Behavior\ParseTemplateBehavior [ RunTime:0.001631s ]
INFO: [ view_parse ] --END-- [ RunTime:0.001654s ]
INFO: [ view_filter ] --START--
INFO: Run Behavior\WriteHtmlCacheBehavior [ RunTime:0.000019s ]
INFO: Run Common\Behavior\TmplStripSpaceBehavior [ RunTime:0.000017s ]
INFO: [ view_filter ] --END-- [ RunTime:0.000057s ]

