[ 2019-11-25T09:34:12+08:00 ] 111.198.240.165 /index.php?g=User&m=Indexadmin&a=index&menuid=134
INFO: [ app_init ] --START--
INFO: Run Behavior\BuildLiteBehavior [ RunTime:0.000007s ]
INFO: Run Common\Behavior\InitHookBehavior [ RunTime:0.000118s ]
INFO: [ app_init ] --END-- [ RunTime:0.000168s ]
INFO: [ app_begin ] --START--
INFO: Run Behavior\ReadHtmlCacheBehavior [ RunTime:0.000019s ]
INFO: Run Behavior\CheckLangBehavior [ RunTime:0.000155s ]
INFO: [ app_begin ] --END-- [ RunTime:0.000198s ]
NOTIC: [8] Undefined index: iszombie /data/wwwroot/ybzb/application/User/Controller/IndexadminController.class.php 第 32 行.
NOTIC: [8] Undefined index: isban /data/wwwroot/ybzb/application/User/Controller/IndexadminController.class.php 第 37 行.
NOTIC: [8] Undefined index: issuper /data/wwwroot/ybzb/application/User/Controller/IndexadminController.class.php 第 42 行.
NOTIC: [8] Undefined index: ishot /data/wwwroot/ybzb/application/User/Controller/IndexadminController.class.php 第 49 行.
NOTIC: [8] Undefined index: iszombiep /data/wwwroot/ybzb/application/User/Controller/IndexadminController.class.php 第 54 行.
NOTIC: [8] Undefined index: start_time /data/wwwroot/ybzb/application/User/Controller/IndexadminController.class.php 第 59 行.
NOTIC: [8] Undefined index: end_time /data/wwwroot/ybzb/application/User/Controller/IndexadminController.class.php 第 64 行.
NOTIC: [8] Undefined index: start_time /data/wwwroot/ybzb/application/User/Controller/IndexadminController.class.php 第 68 行.
NOTIC: [8] Undefined index: keyword /data/wwwroot/ybzb/application/User/Controller/IndexadminController.class.php 第 74 行.
NOTIC: [8] Undefined variable: pList /data/wwwroot/ybzb/simplewind/Lib/Util/Page.class.php 第 226 行.
NOTIC: [8] Undefined variable: pListStart /data/wwwroot/ybzb/simplewind/Lib/Util/Page.class.php 第 335 行.
NOTIC: [8] Undefined variable: pListEnd /data/wwwroot/ybzb/simplewind/Lib/Util/Page.class.php 第 335 行.
NOTIC: [8] Undefined variable: pFirst /data/wwwroot/ybzb/simplewind/Lib/Util/Page.class.php 第 335 行.
NOTIC: [8] Undefined variable: pPrev /data/wwwroot/ybzb/simplewind/Lib/Util/Page.class.php 第 335 行.
INFO: [ view_parse ] --START--
INFO: [ template_filter ] --START--
INFO: Run Behavior\ContentReplaceBehavior [ RunTime:0.000120s ]
INFO: [ template_filter ] --END-- [ RunTime:0.000148s ]
NOTIC: [8] Undefined index: iszombie /data/wwwroot/ybzb/data/runtime/Cache/User/a348394835ede61f1587cc69a78f0b8c.php 第 62 行.
NOTIC: [8] Undefined index: iszombie /data/wwwroot/ybzb/data/runtime/Cache/User/a348394835ede61f1587cc69a78f0b8c.php 第 63 行.
NOTIC: [8] Undefined index: iszombiep /data/wwwroot/ybzb/data/runtime/Cache/User/a348394835ede61f1587cc69a78f0b8c.php 第 68 行.
NOTIC: [8] Undefined index: iszombiep /data/wwwroot/ybzb/data/runtime/Cache/User/a348394835ede61f1587cc69a78f0b8c.php 第 69 行.
NOTIC: [8] Undefined index: isban /data/wwwroot/ybzb/data/runtime/Cache/User/a348394835ede61f1587cc69a78f0b8c.php 第 75 行.
NOTIC: [8] Undefined index: isban /data/wwwroot/ybzb/data/runtime/Cache/User/a348394835ede61f1587cc69a78f0b8c.php 第 76 行.
NOTIC: [8] Undefined index: ishot /data/wwwroot/ybzb/data/runtime/Cache/User/a348394835ede61f1587cc69a78f0b8c.php 第 81 行.
NOTIC: [8] Undefined index: ishot /data/wwwroot/ybzb/data/runtime/Cache/User/a348394835ede61f1587cc69a78f0b8c.php 第 82 行.
NOTIC: [8] Undefined index: issuper /data/wwwroot/ybzb/data/runtime/Cache/User/a348394835ede61f1587cc69a78f0b8c.php 第 87 行.
NOTIC: [8] Undefined index: issuper /data/wwwroot/ybzb/data/runtime/Cache/User/a348394835ede61f1587cc69a78f0b8c.php 第 88 行.
NOTIC: [8] Undefined index: start_time /data/wwwroot/ybzb/data/runtime/Cache/User/a348394835ede61f1587cc69a78f0b8c.php 第 91 行.
NOTIC: [8] Undefined index: end_time /data/wwwroot/ybzb/data/runtime/Cache/User/a348394835ede61f1587cc69a78f0b8c.php 第 92 行.
NOTIC: [8] Undefined index: keyword /data/wwwroot/ybzb/data/runtime/Cache/User/a348394835ede61f1587cc69a78f0b8c.php 第 94 行.
INFO: Run Behavior\ParseTemplateBehavior [ RunTime:0.005156s ]
INFO: [ view_parse ] --END-- [ RunTime:0.005181s ]
INFO: [ view_filter ] --START--
INFO: Run Behavior\WriteHtmlCacheBehavior [ RunTime:0.000032s ]
INFO: Run Common\Behavior\TmplStripSpaceBehavior [ RunTime:0.000020s ]
INFO: [ view_filter ] --END-- [ RunTime:0.000068s ]
INFO: [ app_end ] --START--
INFO: Run Behavior\ShowPageTraceBehavior [ RunTime:0.000019s ]
INFO: [ app_end ] --END-- [ RunTime:0.000030s ]

