/home/init_npm.sh: line 4: 20357 Hangup                  npm install pm2
npm WARN deprecated json3@3.3.2: Please use the native JSON object instead of JSON 3
yunbaoIM@1.0.0 /data/wwwroot/ybzb/LiveDEMO
└─┬ socket.io@1.7.4 
  ├─┬ debug@2.3.3 
  │ └── ms@0.7.2 
  ├─┬ engine.io@1.8.5 
  │ ├─┬ accepts@1.3.3 
  │ │ ├─┬ mime-types@2.1.24 
  │ │ │ └── mime-db@1.40.0 
  │ │ └── negotiator@0.6.1 
  │ ├── base64id@1.0.0 
  │ ├── cookie@0.3.1 
  │ ├─┬ engine.io-parser@1.3.2 
  │ │ ├── after@0.8.2 
  │ │ ├── arraybuffer.slice@0.0.6 
  │ │ ├── base64-arraybuffer@0.1.5 
  │ │ ├── blob@0.0.4 
  │ │ └── wtf-8@1.0.0 
  │ └─┬ ws@1.1.5 
  │   ├── options@0.0.6 
  │   └── ultron@1.0.2 
  ├─┬ has-binary@0.1.7 
  │ └── isarray@0.0.1 
  ├── object-assign@4.1.0 
  ├── socket.io-adapter@0.5.0 
  ├─┬ socket.io-client@1.7.4 
  │ ├── backo2@1.0.2 
  │ ├── component-bind@1.0.0 
  │ ├── component-emitter@1.2.1 
  │ ├─┬ engine.io-client@1.8.5 
  │ │ ├── component-emitter@1.2.1 
  │ │ ├── component-inherit@0.0.3 
  │ │ ├── has-cors@1.1.0 
  │ │ ├── parsejson@0.0.3 
  │ │ ├── parseqs@0.0.5 
  │ │ ├── xmlhttprequest-ssl@1.5.3 
  │ │ └── yeast@0.1.2 
  │ ├── indexof@0.0.1 
  │ ├── object-component@0.0.3 
  │ ├─┬ parseuri@0.0.5 
  │ │ └─┬ better-assert@1.0.2 
  │ │   └── callsite@1.0.0 
  │ └── to-array@0.1.4 
  └─┬ socket.io-parser@2.3.1 
    ├── component-emitter@1.1.2 
    ├─┬ debug@2.2.0 
    │ └── ms@0.7.1 
    └── json3@3.3.2 

npm WARN yunbaoIM@1.0.0 No repository field.
npm WARN yunbaoIM@1.0.0 license should be a valid SPDX license expression
yunbaoIM@1.0.0 /data/wwwroot/ybzb/LiveDEMO
└─┬ log4js@4.5.1 
  ├── date-format@2.1.0 
  ├─┬ debug@4.1.1 
  │ └── ms@2.1.2 
  ├── flatted@2.0.1 
  ├── rfdc@1.1.4 
  └─┬ streamroller@1.0.6 
    ├── async@2.6.3 
    ├─┬ debug@3.2.6 
    │ └── ms@2.1.2 
    ├─┬ fs-extra@7.0.1 
    │ ├── graceful-fs@4.2.0 
    │ ├── jsonfile@4.0.0 
    │ └── universalify@0.1.2 
    └── lodash@4.17.15 

npm WARN yunbaoIM@1.0.0 No repository field.
npm WARN yunbaoIM@1.0.0 license should be a valid SPDX license expression
yunbaoIM@1.0.0 /data/wwwroot/ybzb/LiveDEMO
└─┬ redis@2.8.0 
  ├── double-ended-queue@2.1.0-0 
  ├── redis-commands@1.5.0 
  └── redis-parser@2.6.0 

npm WARN yunbaoIM@1.0.0 No repository field.
npm WARN yunbaoIM@1.0.0 license should be a valid SPDX license expression
yunbaoIM@1.0.0 /data/wwwroot/ybzb/LiveDEMO
└─┬ socket.io-redis@4.0.1 
  ├── async@2.1.4 
  ├─┬ msgpack-lite@0.1.26 
  │ ├── event-lite@0.1.2 
  │ ├── ieee754@1.1.13 
  │ ├── int64-buffer@0.1.10 
  │ └── isarray@1.0.0 
  ├── redis@2.6.3 
  └── uid2@0.0.3 

npm WARN yunbaoIM@1.0.0 No repository field.
npm WARN yunbaoIM@1.0.0 license should be a valid SPDX license expression
yunbaoIM@1.0.0 /data/wwwroot/ybzb/LiveDEMO
└─┬ request@2.88.0 
  ├── aws-sign2@0.7.0 
  ├── aws4@1.8.0 
  ├── caseless@0.12.0 
  ├─┬ combined-stream@1.0.8 
  │ └── delayed-stream@1.0.0 
  ├── extend@3.0.2 
  ├── forever-agent@0.6.1 
  ├─┬ form-data@2.3.3 
  │ └── asynckit@0.4.0 
  ├─┬ har-validator@5.1.3 
  │ ├─┬ ajv@6.10.2 
  │ │ ├── fast-deep-equal@2.0.1 
  │ │ ├── fast-json-stable-stringify@2.0.0 
  │ │ ├── json-schema-traverse@0.4.1 
  │ │ └─┬ uri-js@4.2.2 
  │ │   └── punycode@2.1.1 
  │ └── har-schema@2.0.0 
  ├─┬ http-signature@1.2.0 
  │ ├── assert-plus@1.0.0 
  │ ├─┬ jsprim@1.4.1 
  │ │ ├── extsprintf@1.3.0 
  │ │ ├── json-schema@0.2.3 
  │ │ └─┬ verror@1.10.0 
  │ │   └── core-util-is@1.0.2 
  │ └─┬ sshpk@1.16.1 
  │   ├── asn1@0.2.4 
  │   ├── bcrypt-pbkdf@1.0.2 
  │   ├── dashdash@1.14.1 
  │   ├── ecc-jsbn@0.1.2 
  │   ├── getpass@0.1.7 
  │   ├── jsbn@0.1.1 
  │   ├── safer-buffer@2.1.2 
  │   └── tweetnacl@0.14.5 
  ├── is-typedarray@1.0.0 
  ├── isstream@0.1.2 
  ├── json-stringify-safe@5.0.1 
  ├── oauth-sign@0.9.0 
  ├── performance-now@2.1.0 
  ├── qs@6.5.2 
  ├── safe-buffer@5.2.0 
  ├─┬ tough-cookie@2.4.3 
  │ ├── psl@1.2.0 
  │ └── punycode@1.4.1 
  ├── tunnel-agent@0.6.0 
  └── uuid@3.3.2 

npm WARN yunbaoIM@1.0.0 No repository field.
npm WARN yunbaoIM@1.0.0 license should be a valid SPDX license expression
