[ 2020-08-18T09:34:06+08:00 ] 127.0.0.1 /index.php?g=admin&m=public&a=login
INFO: [ app_init ] --START--
INFO: Run Behavior\BuildLiteBehavior [ RunTime:0.000008s ]
INFO: Run Common\Behavior\InitHookBehavior [ RunTime:0.001159s ]
INFO: [ app_init ] --END-- [ RunTime:0.001412s ]
INFO: [ app_begin ] --START--
INFO: Run Behavior\ReadHtmlCacheBehavior [ RunTime:0.000293s ]
INFO: Run Behavior\CheckLangBehavior [ RunTime:0.000540s ]
INFO: [ app_begin ] --END-- [ RunTime:0.000871s ]
INFO: [ view_parse ] --START--
INFO: [ template_filter ] --START--
INFO: Run Behavior\ContentReplaceBehavior [ RunTime:0.000047s ]
INFO: [ template_filter ] --END-- [ RunTime:0.000072s ]
NOTIC: [8] Undefined variable: site_name E:\phpstudy2018\PHPTutorial\WWW\mql\data\runtime\Cache\Admin\17c864e00f937e6528a86826c496ba3b.php 第 5 行.
NOTIC: [8] Undefined index: admin_username E:\phpstudy2018\PHPTutorial\WWW\mql\data\runtime\Cache\Admin\17c864e00f937e6528a86826c496ba3b.php 第 77 行.
INFO: Run Behavior\ParseTemplateBehavior [ RunTime:0.066855s ]
INFO: [ view_parse ] --END-- [ RunTime:0.066879s ]
INFO: [ view_filter ] --START--
INFO: Run Behavior\WriteHtmlCacheBehavior [ RunTime:0.000340s ]
INFO: Run Common\Behavior\TmplStripSpaceBehavior [ RunTime:0.000214s ]
INFO: [ view_filter ] --END-- [ RunTime:0.000583s ]
INFO: [ app_end ] --START--
INFO: Run Behavior\ShowPageTraceBehavior [ RunTime:0.000316s ]
INFO: [ app_end ] --END-- [ RunTime:0.000334s ]

[ 2020-08-18T09:34:12+08:00 ] 127.0.0.1 /index.php?g=Admin&m=public&a=dologin
INFO: [ app_init ] --START--
INFO: Run Behavior\BuildLiteBehavior [ RunTime:0.000004s ]
INFO: Run Common\Behavior\InitHookBehavior [ RunTime:0.000733s ]
INFO: [ app_init ] --END-- [ RunTime:0.000910s ]
INFO: [ app_begin ] --START--
INFO: Run Behavior\ReadHtmlCacheBehavior [ RunTime:0.000215s ]
INFO: Run Behavior\CheckLangBehavior [ RunTime:0.000467s ]
INFO: [ app_begin ] --END-- [ RunTime:0.000713s ]

[ 2020-08-18T09:34:16+08:00 ] 127.0.0.1 /index.php?g=Admin&m=public&a=dologin
INFO: [ app_init ] --START--
INFO: Run Behavior\BuildLiteBehavior [ RunTime:0.000005s ]
INFO: Run Common\Behavior\InitHookBehavior [ RunTime:0.000734s ]
INFO: [ app_init ] --END-- [ RunTime:0.000923s ]
INFO: [ app_begin ] --START--
INFO: Run Behavior\ReadHtmlCacheBehavior [ RunTime:0.000277s ]
INFO: Run Behavior\CheckLangBehavior [ RunTime:0.000430s ]
INFO: [ app_begin ] --END-- [ RunTime:0.000741s ]

[ 2020-08-18T09:34:17+08:00 ] 127.0.0.1 /index.php?g=Admin&m=Index&a=index
INFO: [ app_init ] --START--
INFO: Run Behavior\BuildLiteBehavior [ RunTime:0.000006s ]
INFO: Run Common\Behavior\InitHookBehavior [ RunTime:0.000719s ]
INFO: [ app_init ] --END-- [ RunTime:0.000932s ]
INFO: [ app_begin ] --START--
INFO: Run Behavior\ReadHtmlCacheBehavior [ RunTime:0.000222s ]
INFO: Run Behavior\CheckLangBehavior [ RunTime:0.000417s ]
INFO: [ app_begin ] --END-- [ RunTime:0.000690s ]
INFO: [ view_parse ] --START--
INFO: [ template_filter ] --START--
INFO: Run Behavior\ContentReplaceBehavior [ RunTime:0.000102s ]
INFO: [ template_filter ] --END-- [ RunTime:0.000128s ]
NOTIC: [8] Undefined variable: site_name E:\phpstudy2018\PHPTutorial\WWW\mql\data\runtime\Cache\Admin\92f738679a8b52d9d9d6545eeacc3b7f.php 第 8 行.
INFO: Run Behavior\ParseTemplateBehavior [ RunTime:0.017189s ]
INFO: [ view_parse ] --END-- [ RunTime:0.017251s ]
INFO: [ view_filter ] --START--
INFO: Run Behavior\WriteHtmlCacheBehavior [ RunTime:0.000446s ]
INFO: Run Common\Behavior\TmplStripSpaceBehavior [ RunTime:0.000554s ]
INFO: [ view_filter ] --END-- [ RunTime:0.001092s ]
INFO: [ app_end ] --START--
INFO: Run Behavior\ShowPageTraceBehavior [ RunTime:0.000507s ]
INFO: [ app_end ] --END-- [ RunTime:0.000541s ]

[ 2020-08-18T09:34:19+08:00 ] 127.0.0.1 /index.php?g=Admin&m=Main&a=index
INFO: [ app_init ] --START--
INFO: Run Behavior\BuildLiteBehavior [ RunTime:0.000008s ]
INFO: Run Common\Behavior\InitHookBehavior [ RunTime:0.000805s ]
INFO: [ app_init ] --END-- [ RunTime:0.001028s ]
INFO: [ app_begin ] --START--
INFO: Run Behavior\ReadHtmlCacheBehavior [ RunTime:0.000242s ]
INFO: Run Behavior\CheckLangBehavior [ RunTime:0.000576s ]
INFO: [ app_begin ] --END-- [ RunTime:0.000855s ]
INFO: [ view_parse ] --START--
INFO: [ template_filter ] --START--
INFO: Run Behavior\ContentReplaceBehavior [ RunTime:0.000046s ]
INFO: [ template_filter ] --END-- [ RunTime:0.000069s ]
INFO: Run Behavior\ParseTemplateBehavior [ RunTime:0.016164s ]
INFO: [ view_parse ] --END-- [ RunTime:0.016195s ]
INFO: [ view_filter ] --START--
INFO: Run Behavior\WriteHtmlCacheBehavior [ RunTime:0.000182s ]
INFO: Run Common\Behavior\TmplStripSpaceBehavior [ RunTime:0.000217s ]
INFO: [ view_filter ] --END-- [ RunTime:0.000444s ]
INFO: [ app_end ] --START--
INFO: Run Behavior\ShowPageTraceBehavior [ RunTime:0.000311s ]
INFO: [ app_end ] --END-- [ RunTime:0.000329s ]

[ 2020-08-18T09:34:21+08:00 ] 127.0.0.1 /index.php?g=Admin&m=Config&a=index&menuid=173
INFO: [ app_init ] --START--
INFO: Run Behavior\BuildLiteBehavior [ RunTime:0.000007s ]
INFO: Run Common\Behavior\InitHookBehavior [ RunTime:0.000769s ]
INFO: [ app_init ] --END-- [ RunTime:0.000970s ]
INFO: [ app_begin ] --START--
INFO: Run Behavior\ReadHtmlCacheBehavior [ RunTime:0.000241s ]
INFO: Run Behavior\CheckLangBehavior [ RunTime:0.000464s ]
INFO: [ app_begin ] --END-- [ RunTime:0.000741s ]
INFO: [ view_parse ] --START--
INFO: [ template_filter ] --START--
INFO: Run Behavior\ContentReplaceBehavior [ RunTime:0.000184s ]
INFO: [ template_filter ] --END-- [ RunTime:0.000207s ]
INFO: Run Behavior\ParseTemplateBehavior [ RunTime:0.015697s ]
INFO: [ view_parse ] --END-- [ RunTime:0.015760s ]
INFO: [ view_filter ] --START--
INFO: Run Behavior\WriteHtmlCacheBehavior [ RunTime:0.000336s ]
INFO: Run Common\Behavior\TmplStripSpaceBehavior [ RunTime:0.000278s ]
INFO: [ view_filter ] --END-- [ RunTime:0.000644s ]
INFO: [ app_end ] --START--
INFO: Run Behavior\ShowPageTraceBehavior [ RunTime:0.000476s ]
INFO: [ app_end ] --END-- [ RunTime:0.000512s ]

[ 2020-08-18T09:35:35+08:00 ] 127.0.0.1 /index.php?g=Admin&m=Config&a=set_post
INFO: [ app_init ] --START--
INFO: Run Behavior\BuildLiteBehavior [ RunTime:0.000007s ]
INFO: Run Common\Behavior\InitHookBehavior [ RunTime:0.000856s ]
INFO: [ app_init ] --END-- [ RunTime:0.001110s ]
INFO: [ app_begin ] --START--
INFO: Run Behavior\ReadHtmlCacheBehavior [ RunTime:0.000251s ]
INFO: Run Behavior\CheckLangBehavior [ RunTime:0.000550s ]
INFO: [ app_begin ] --END-- [ RunTime:0.000841s ]

[ 2020-08-18T09:35:37+08:00 ] 127.0.0.1 /index.php?g=Admin&m=Config&a=index&menuid=173
INFO: [ app_init ] --START--
INFO: Run Behavior\BuildLiteBehavior [ RunTime:0.000005s ]
INFO: Run Common\Behavior\InitHookBehavior [ RunTime:0.000699s ]
INFO: [ app_init ] --END-- [ RunTime:0.000881s ]
INFO: [ app_begin ] --START--
INFO: Run Behavior\ReadHtmlCacheBehavior [ RunTime:0.000218s ]
INFO: Run Behavior\CheckLangBehavior [ RunTime:0.000420s ]
INFO: [ app_begin ] --END-- [ RunTime:0.000671s ]
INFO: [ view_parse ] --START--
INFO: [ template_filter ] --START--
INFO: Run Behavior\ContentReplaceBehavior [ RunTime:0.000164s ]
INFO: [ template_filter ] --END-- [ RunTime:0.000189s ]
INFO: Run Behavior\ParseTemplateBehavior [ RunTime:0.007504s ]
INFO: [ view_parse ] --END-- [ RunTime:0.007529s ]
INFO: [ view_filter ] --START--
INFO: Run Behavior\WriteHtmlCacheBehavior [ RunTime:0.000227s ]
INFO: Run Common\Behavior\TmplStripSpaceBehavior [ RunTime:0.000185s ]
INFO: [ view_filter ] --END-- [ RunTime:0.000439s ]
INFO: [ app_end ] --START--
INFO: Run Behavior\ShowPageTraceBehavior [ RunTime:0.000452s ]
INFO: [ app_end ] --END-- [ RunTime:0.000477s ]

[ 2020-08-18T14:27:09+08:00 ] 127.0.0.1 /index.php?g=admin&m=public&a=login
INFO: [ app_init ] --START--
INFO: Run Behavior\BuildLiteBehavior [ RunTime:0.000061s ]
INFO: Run Common\Behavior\InitHookBehavior [ RunTime:0.003751s ]
INFO: [ app_init ] --END-- [ RunTime:0.004839s ]
INFO: [ app_begin ] --START--
INFO: Run Behavior\ReadHtmlCacheBehavior [ RunTime:0.000710s ]
INFO: Run Behavior\CheckLangBehavior [ RunTime:0.001779s ]
INFO: [ app_begin ] --END-- [ RunTime:0.002601s ]
INFO: [ view_parse ] --START--
INFO: [ template_filter ] --START--
INFO: Run Behavior\ContentReplaceBehavior [ RunTime:0.000056s ]
INFO: [ template_filter ] --END-- [ RunTime:0.000119s ]
NOTIC: [8] Undefined variable: site_name C:\dev\www\dev\mql\data\runtime\Cache\Admin\17c864e00f937e6528a86826c496ba3b.php 第 5 行.
NOTIC: [8] Undefined index: admin_username C:\dev\www\dev\mql\data\runtime\Cache\Admin\17c864e00f937e6528a86826c496ba3b.php 第 77 行.
INFO: Run Behavior\ParseTemplateBehavior [ RunTime:0.011839s ]
INFO: [ view_parse ] --END-- [ RunTime:0.011908s ]
INFO: [ view_filter ] --START--
INFO: Run Behavior\WriteHtmlCacheBehavior [ RunTime:0.000798s ]
INFO: Run Common\Behavior\TmplStripSpaceBehavior [ RunTime:0.000848s ]
INFO: [ view_filter ] --END-- [ RunTime:0.001736s ]
INFO: [ app_end ] --START--
INFO: Run Behavior\ShowPageTraceBehavior [ RunTime:0.000880s ]
INFO: [ app_end ] --END-- [ RunTime:0.000934s ]

[ 2020-08-18T14:33:55+08:00 ] 127.0.0.1 /index.php?g=admin&m=public&a=login
INFO: [ app_init ] --START--
INFO: Run Behavior\BuildLiteBehavior [ RunTime:0.000020s ]
INFO: Run Common\Behavior\InitHookBehavior [ RunTime:0.004246s ]
INFO: [ app_init ] --END-- [ RunTime:0.004896s ]
INFO: [ app_begin ] --START--
INFO: Run Behavior\ReadHtmlCacheBehavior [ RunTime:0.001464s ]
INFO: Run Behavior\CheckLangBehavior [ RunTime:0.003041s ]
INFO: [ app_begin ] --END-- [ RunTime:0.004694s ]
INFO: [ view_parse ] --START--
INFO: [ template_filter ] --START--
INFO: Run Behavior\ContentReplaceBehavior [ RunTime:0.000059s ]
INFO: [ template_filter ] --END-- [ RunTime:0.000123s ]
NOTIC: [8] Undefined variable: site_name C:\dev\www\dev\mql\data\runtime\Cache\Admin\17c864e00f937e6528a86826c496ba3b.php 第 5 行.
NOTIC: [8] Undefined index: admin_username C:\dev\www\dev\mql\data\runtime\Cache\Admin\17c864e00f937e6528a86826c496ba3b.php 第 77 行.
INFO: Run Behavior\ParseTemplateBehavior [ RunTime:0.013397s ]
INFO: [ view_parse ] --END-- [ RunTime:0.013467s ]
INFO: [ view_filter ] --START--
INFO: Run Behavior\WriteHtmlCacheBehavior [ RunTime:0.000771s ]
INFO: Run Common\Behavior\TmplStripSpaceBehavior [ RunTime:0.000861s ]
INFO: [ view_filter ] --END-- [ RunTime:0.001717s ]
INFO: [ app_end ] --START--
INFO: Run Behavior\ShowPageTraceBehavior [ RunTime:0.001432s ]
INFO: [ app_end ] --END-- [ RunTime:0.001584s ]

[ 2020-08-18T14:34:05+08:00 ] 127.0.0.1 /index.php?g=Admin&m=public&a=dologin
INFO: [ app_init ] --START--
INFO: Run Behavior\BuildLiteBehavior [ RunTime:0.000020s ]
INFO: Run Common\Behavior\InitHookBehavior [ RunTime:0.002422s ]
INFO: [ app_init ] --END-- [ RunTime:0.002903s ]
INFO: [ app_begin ] --START--
INFO: Run Behavior\ReadHtmlCacheBehavior [ RunTime:0.000619s ]
INFO: Run Behavior\CheckLangBehavior [ RunTime:0.001339s ]
INFO: [ app_begin ] --END-- [ RunTime:0.002038s ]

[ 2020-08-18T14:34:09+08:00 ] 127.0.0.1 /index.php?g=Admin&m=public&a=dologin
INFO: [ app_init ] --START--
INFO: Run Behavior\BuildLiteBehavior [ RunTime:0.000017s ]
INFO: Run Common\Behavior\InitHookBehavior [ RunTime:0.002282s ]
INFO: [ app_init ] --END-- [ RunTime:0.002694s ]
INFO: [ app_begin ] --START--
INFO: Run Behavior\ReadHtmlCacheBehavior [ RunTime:0.000679s ]
INFO: Run Behavior\CheckLangBehavior [ RunTime:0.001340s ]
INFO: [ app_begin ] --END-- [ RunTime:0.002100s ]

[ 2020-08-18T14:34:09+08:00 ] 127.0.0.1 /index.php?g=Admin&m=Index&a=index
INFO: [ app_init ] --START--
INFO: Run Behavior\BuildLiteBehavior [ RunTime:0.000025s ]
INFO: Run Common\Behavior\InitHookBehavior [ RunTime:0.002430s ]
INFO: [ app_init ] --END-- [ RunTime:0.003006s ]
INFO: [ app_begin ] --START--
INFO: Run Behavior\ReadHtmlCacheBehavior [ RunTime:0.000653s ]
INFO: Run Behavior\CheckLangBehavior [ RunTime:0.001432s ]
INFO: [ app_begin ] --END-- [ RunTime:0.002192s ]
INFO: [ view_parse ] --START--
INFO: [ template_filter ] --START--
INFO: Run Behavior\ContentReplaceBehavior [ RunTime:0.000106s ]
INFO: [ template_filter ] --END-- [ RunTime:0.000169s ]
NOTIC: [8] Undefined variable: site_name C:\dev\www\dev\mql\data\runtime\Cache\Admin\92f738679a8b52d9d9d6545eeacc3b7f.php 第 8 行.
INFO: Run Behavior\ParseTemplateBehavior [ RunTime:0.013824s ]
INFO: [ view_parse ] --END-- [ RunTime:0.013886s ]
INFO: [ view_filter ] --START--
INFO: Run Behavior\WriteHtmlCacheBehavior [ RunTime:0.000496s ]
INFO: Run Common\Behavior\TmplStripSpaceBehavior [ RunTime:0.000613s ]
INFO: [ view_filter ] --END-- [ RunTime:0.001193s ]
INFO: [ app_end ] --START--
INFO: Run Behavior\ShowPageTraceBehavior [ RunTime:0.000723s ]
INFO: [ app_end ] --END-- [ RunTime:0.000781s ]

[ 2020-08-18T14:34:09+08:00 ] 127.0.0.1 /index.php?g=Admin&m=Main&a=index
INFO: [ app_init ] --START--
INFO: Run Behavior\BuildLiteBehavior [ RunTime:0.000018s ]
INFO: Run Common\Behavior\InitHookBehavior [ RunTime:0.002515s ]
INFO: [ app_init ] --END-- [ RunTime:0.002980s ]
INFO: [ app_begin ] --START--
INFO: Run Behavior\ReadHtmlCacheBehavior [ RunTime:0.000794s ]
INFO: Run Behavior\CheckLangBehavior [ RunTime:0.002672s ]
INFO: [ app_begin ] --END-- [ RunTime:0.003624s ]
INFO: [ view_parse ] --START--
INFO: [ template_filter ] --START--
INFO: Run Behavior\ContentReplaceBehavior [ RunTime:0.000070s ]
INFO: [ template_filter ] --END-- [ RunTime:0.000141s ]
INFO: Run Behavior\ParseTemplateBehavior [ RunTime:0.012905s ]
INFO: [ view_parse ] --END-- [ RunTime:0.013020s ]
INFO: [ view_filter ] --START--
INFO: Run Behavior\WriteHtmlCacheBehavior [ RunTime:0.000674s ]
INFO: Run Common\Behavior\TmplStripSpaceBehavior [ RunTime:0.000856s ]
INFO: [ view_filter ] --END-- [ RunTime:0.001655s ]
INFO: [ app_end ] --START--
INFO: Run Behavior\ShowPageTraceBehavior [ RunTime:0.001034s ]
INFO: [ app_end ] --END-- [ RunTime:0.001130s ]

[ 2020-08-18T14:34:14+08:00 ] 127.0.0.1 /index.php?g=Admin&m=Vip&a=index&menuid=363
INFO: [ app_init ] --START--
INFO: Run Behavior\BuildLiteBehavior [ RunTime:0.000018s ]
INFO: Run Common\Behavior\InitHookBehavior [ RunTime:0.002359s ]
INFO: [ app_init ] --END-- [ RunTime:0.002793s ]
INFO: [ app_begin ] --START--
INFO: Run Behavior\ReadHtmlCacheBehavior [ RunTime:0.000749s ]
INFO: Run Behavior\CheckLangBehavior [ RunTime:0.001971s ]
INFO: [ app_begin ] --END-- [ RunTime:0.002843s ]
INFO: [ view_parse ] --START--
INFO: [ template_filter ] --START--
INFO: Run Behavior\ContentReplaceBehavior [ RunTime:0.000132s ]
INFO: [ template_filter ] --END-- [ RunTime:0.000287s ]
INFO: Run Behavior\ParseTemplateBehavior [ RunTime:0.014211s ]
INFO: [ view_parse ] --END-- [ RunTime:0.014284s ]
INFO: [ view_filter ] --START--
INFO: Run Behavior\WriteHtmlCacheBehavior [ RunTime:0.000667s ]
INFO: Run Common\Behavior\TmplStripSpaceBehavior [ RunTime:0.000672s ]
INFO: [ view_filter ] --END-- [ RunTime:0.001435s ]
INFO: [ app_end ] --START--
INFO: Run Behavior\ShowPageTraceBehavior [ RunTime:0.000781s ]
INFO: [ app_end ] --END-- [ RunTime:0.000861s ]

[ 2020-08-18T14:34:23+08:00 ] 127.0.0.1 /index.php?g=Admin&m=Liveing&a=index&menuid=274
INFO: [ app_init ] --START--
INFO: Run Behavior\BuildLiteBehavior [ RunTime:0.000018s ]
INFO: Run Common\Behavior\InitHookBehavior [ RunTime:0.002319s ]
INFO: [ app_init ] --END-- [ RunTime:0.002735s ]
INFO: [ app_begin ] --START--
INFO: Run Behavior\ReadHtmlCacheBehavior [ RunTime:0.000660s ]
INFO: Run Behavior\CheckLangBehavior [ RunTime:0.001399s ]
INFO: [ app_begin ] --END-- [ RunTime:0.002154s ]
NOTIC: [8] Undefined index: start_time C:\dev\www\dev\mql\application\Admin\Controller\LiveingController.class.php 第 13 行.
NOTIC: [8] Undefined index: end_time C:\dev\www\dev\mql\application\Admin\Controller\LiveingController.class.php 第 18 行.
NOTIC: [8] Undefined index: start_time C:\dev\www\dev\mql\application\Admin\Controller\LiveingController.class.php 第 23 行.
NOTIC: [8] Undefined index: keyword C:\dev\www\dev\mql\application\Admin\Controller\LiveingController.class.php 第 30 行.
INFO: [ view_parse ] --START--
INFO: [ template_filter ] --START--
INFO: Run Behavior\ContentReplaceBehavior [ RunTime:0.000056s ]
INFO: [ template_filter ] --END-- [ RunTime:0.000114s ]
NOTIC: [8] Undefined index: start_time C:\dev\www\dev\mql\data\runtime\Cache\Admin\b1606868a722e76b1b54b095f8af0dae.php 第 61 行.
NOTIC: [8] Undefined index: end_time C:\dev\www\dev\mql\data\runtime\Cache\Admin\b1606868a722e76b1b54b095f8af0dae.php 第 62 行.
NOTIC: [8] Undefined index: keyword C:\dev\www\dev\mql\data\runtime\Cache\Admin\b1606868a722e76b1b54b095f8af0dae.php 第 64 行.
INFO: Run Behavior\ParseTemplateBehavior [ RunTime:0.009376s ]
INFO: [ view_parse ] --END-- [ RunTime:0.009435s ]
INFO: [ view_filter ] --START--
INFO: Run Behavior\WriteHtmlCacheBehavior [ RunTime:0.000524s ]
INFO: Run Common\Behavior\TmplStripSpaceBehavior [ RunTime:0.000602s ]
INFO: [ view_filter ] --END-- [ RunTime:0.001210s ]
INFO: [ app_end ] --START--
INFO: Run Behavior\ShowPageTraceBehavior [ RunTime:0.000679s ]
INFO: [ app_end ] --END-- [ RunTime:0.000732s ]

[ 2020-08-18T14:34:27+08:00 ] 127.0.0.1 /index.php?g=Admin&m=System&a=index&menuid=266
INFO: [ app_init ] --START--
INFO: Run Behavior\BuildLiteBehavior [ RunTime:0.000018s ]
INFO: Run Common\Behavior\InitHookBehavior [ RunTime:0.002352s ]
INFO: [ app_init ] --END-- [ RunTime:0.002824s ]
INFO: [ app_begin ] --START--
INFO: Run Behavior\ReadHtmlCacheBehavior [ RunTime:0.000631s ]
INFO: Run Behavior\CheckLangBehavior [ RunTime:0.001369s ]
INFO: [ app_begin ] --END-- [ RunTime:0.002089s ]
INFO: [ view_parse ] --START--
INFO: [ template_filter ] --START--
INFO: Run Behavior\ContentReplaceBehavior [ RunTime:0.000054s ]
INFO: [ template_filter ] --END-- [ RunTime:0.000114s ]
NOTIC: [8] Undefined variable: auth C:\dev\www\dev\mql\data\runtime\Cache\Admin\24753a4b5817e569d6747f37dfed344b.php 第 72 行.
INFO: Run Behavior\ParseTemplateBehavior [ RunTime:0.008924s ]
INFO: [ view_parse ] --END-- [ RunTime:0.008985s ]
INFO: [ view_filter ] --START--
INFO: Run Behavior\WriteHtmlCacheBehavior [ RunTime:0.000490s ]
INFO: Run Common\Behavior\TmplStripSpaceBehavior [ RunTime:0.000671s ]
INFO: [ view_filter ] --END-- [ RunTime:0.001246s ]
INFO: [ app_end ] --START--
INFO: Run Behavior\ShowPageTraceBehavior [ RunTime:0.000637s ]
INFO: [ app_end ] --END-- [ RunTime:0.000690s ]

[ 2020-08-18T14:34:28+08:00 ] 127.0.0.1 /index.php?g=Admin&m=Report&a=index&menuid=244
INFO: [ app_init ] --START--
INFO: Run Behavior\BuildLiteBehavior [ RunTime:0.000017s ]
INFO: Run Common\Behavior\InitHookBehavior [ RunTime:0.002496s ]
INFO: [ app_init ] --END-- [ RunTime:0.002938s ]
INFO: [ app_begin ] --START--
INFO: Run Behavior\ReadHtmlCacheBehavior [ RunTime:0.000642s ]
INFO: Run Behavior\CheckLangBehavior [ RunTime:0.001343s ]
INFO: [ app_begin ] --END-- [ RunTime:0.002083s ]
NOTIC: [8] Undefined index: status C:\dev\www\dev\mql\application\Admin\Controller\ReportController.class.php 第 11 行.
NOTIC: [8] Undefined index: start_time C:\dev\www\dev\mql\application\Admin\Controller\ReportController.class.php 第 15 行.
NOTIC: [8] Undefined index: end_time C:\dev\www\dev\mql\application\Admin\Controller\ReportController.class.php 第 20 行.
NOTIC: [8] Undefined index: start_time C:\dev\www\dev\mql\application\Admin\Controller\ReportController.class.php 第 25 行.
NOTIC: [8] Undefined index: keyword C:\dev\www\dev\mql\application\Admin\Controller\ReportController.class.php 第 32 行.
NOTIC: [8] Undefined variable: map C:\dev\www\dev\mql\application\Admin\Controller\ReportController.class.php 第 38 行.
NOTIC: [8] Undefined variable: map C:\dev\www\dev\mql\application\Admin\Controller\ReportController.class.php 第 41 行.
INFO: [ view_parse ] --START--
INFO: [ template_filter ] --START--
INFO: Run Behavior\ContentReplaceBehavior [ RunTime:0.000059s ]
INFO: [ template_filter ] --END-- [ RunTime:0.000119s ]
NOTIC: [8] Undefined index: status C:\dev\www\dev\mql\data\runtime\Cache\Admin\6b09b9964c9971c77f9c2aaaaafbcd29.php 第 62 行.
NOTIC: [8] Undefined index: status C:\dev\www\dev\mql\data\runtime\Cache\Admin\6b09b9964c9971c77f9c2aaaaafbcd29.php 第 63 行.
NOTIC: [8] Undefined index: start_time C:\dev\www\dev\mql\data\runtime\Cache\Admin\6b09b9964c9971c77f9c2aaaaafbcd29.php 第 66 行.
NOTIC: [8] Undefined index: end_time C:\dev\www\dev\mql\data\runtime\Cache\Admin\6b09b9964c9971c77f9c2aaaaafbcd29.php 第 67 行.
NOTIC: [8] Undefined index: keyword C:\dev\www\dev\mql\data\runtime\Cache\Admin\6b09b9964c9971c77f9c2aaaaafbcd29.php 第 69 行.
INFO: Run Behavior\ParseTemplateBehavior [ RunTime:0.009961s ]
INFO: [ view_parse ] --END-- [ RunTime:0.010030s ]
INFO: [ view_filter ] --START--
INFO: Run Behavior\WriteHtmlCacheBehavior [ RunTime:0.000491s ]
INFO: Run Common\Behavior\TmplStripSpaceBehavior [ RunTime:0.000801s ]
INFO: [ view_filter ] --END-- [ RunTime:0.001398s ]
INFO: [ app_end ] --START--
INFO: Run Behavior\ShowPageTraceBehavior [ RunTime:0.000652s ]
INFO: [ app_end ] --END-- [ RunTime:0.000705s ]

[ 2020-08-18T14:34:28+08:00 ] 127.0.0.1 /index.php?g=Admin&m=Live&a=index&menuid=172
INFO: [ app_init ] --START--
INFO: Run Behavior\BuildLiteBehavior [ RunTime:0.000019s ]
INFO: Run Common\Behavior\InitHookBehavior [ RunTime:0.002668s ]
INFO: [ app_init ] --END-- [ RunTime:0.003149s ]
INFO: [ app_begin ] --START--
INFO: Run Behavior\ReadHtmlCacheBehavior [ RunTime:0.000676s ]
INFO: Run Behavior\CheckLangBehavior [ RunTime:0.001407s ]
INFO: [ app_begin ] --END-- [ RunTime:0.002185s ]
NOTIC: [8] Undefined index: start_time C:\dev\www\dev\mql\application\Admin\Controller\LiveController.class.php 第 13 行.
NOTIC: [8] Undefined index: end_time C:\dev\www\dev\mql\application\Admin\Controller\LiveController.class.php 第 18 行.
NOTIC: [8] Undefined index: start_time C:\dev\www\dev\mql\application\Admin\Controller\LiveController.class.php 第 23 行.
NOTIC: [8] Undefined index: keyword C:\dev\www\dev\mql\application\Admin\Controller\LiveController.class.php 第 30 行.
NOTIC: [8] Undefined variable: pList C:\dev\www\dev\mql\simplewind\Lib\Util\Page.class.php 第 226 行.
NOTIC: [8] Undefined variable: pListStart C:\dev\www\dev\mql\simplewind\Lib\Util\Page.class.php 第 335 行.
NOTIC: [8] Undefined variable: pListEnd C:\dev\www\dev\mql\simplewind\Lib\Util\Page.class.php 第 335 行.
NOTIC: [8] Undefined variable: pFirst C:\dev\www\dev\mql\simplewind\Lib\Util\Page.class.php 第 335 行.
NOTIC: [8] Undefined variable: pPrev C:\dev\www\dev\mql\simplewind\Lib\Util\Page.class.php 第 335 行.
INFO: [ view_parse ] --START--
INFO: [ template_filter ] --START--
INFO: Run Behavior\ContentReplaceBehavior [ RunTime:0.000060s ]
INFO: [ template_filter ] --END-- [ RunTime:0.000126s ]
NOTIC: [8] Undefined index: start_time C:\dev\www\dev\mql\data\runtime\Cache\Admin\5117155f489eff60b0393747b114c071.php 第 60 行.
NOTIC: [8] Undefined index: end_time C:\dev\www\dev\mql\data\runtime\Cache\Admin\5117155f489eff60b0393747b114c071.php 第 61 行.
NOTIC: [8] Undefined index: keyword C:\dev\www\dev\mql\data\runtime\Cache\Admin\5117155f489eff60b0393747b114c071.php 第 63 行.
NOTIC: [8] Undefined index: islive C:\dev\www\dev\mql\data\runtime\Cache\Admin\5117155f489eff60b0393747b114c071.php 第 92 行.
NOTIC: [8] Undefined index: islive C:\dev\www\dev\mql\data\runtime\Cache\Admin\5117155f489eff60b0393747b114c071.php 第 92 行.
NOTIC: [8] Undefined index: islive C:\dev\www\dev\mql\data\runtime\Cache\Admin\5117155f489eff60b0393747b114c071.php 第 92 行.
NOTIC: [8] Undefined index: islive C:\dev\www\dev\mql\data\runtime\Cache\Admin\5117155f489eff60b0393747b114c071.php 第 92 行.
NOTIC: [8] Undefined index: islive C:\dev\www\dev\mql\data\runtime\Cache\Admin\5117155f489eff60b0393747b114c071.php 第 92 行.
NOTIC: [8] Undefined index: islive C:\dev\www\dev\mql\data\runtime\Cache\Admin\5117155f489eff60b0393747b114c071.php 第 92 行.
NOTIC: [8] Undefined index: islive C:\dev\www\dev\mql\data\runtime\Cache\Admin\5117155f489eff60b0393747b114c071.php 第 92 行.
NOTIC: [8] Undefined index: islive C:\dev\www\dev\mql\data\runtime\Cache\Admin\5117155f489eff60b0393747b114c071.php 第 92 行.
NOTIC: [8] Undefined index: islive C:\dev\www\dev\mql\data\runtime\Cache\Admin\5117155f489eff60b0393747b114c071.php 第 92 行.
NOTIC: [8] Undefined index: islive C:\dev\www\dev\mql\data\runtime\Cache\Admin\5117155f489eff60b0393747b114c071.php 第 92 行.
NOTIC: [8] Undefined index: islive C:\dev\www\dev\mql\data\runtime\Cache\Admin\5117155f489eff60b0393747b114c071.php 第 92 行.
NOTIC: [8] Undefined index: islive C:\dev\www\dev\mql\data\runtime\Cache\Admin\5117155f489eff60b0393747b114c071.php 第 92 行.
NOTIC: [8] Undefined index: islive C:\dev\www\dev\mql\data\runtime\Cache\Admin\5117155f489eff60b0393747b114c071.php 第 92 行.
NOTIC: [8] Undefined index: islive C:\dev\www\dev\mql\data\runtime\Cache\Admin\5117155f489eff60b0393747b114c071.php 第 92 行.
NOTIC: [8] Undefined index: islive C:\dev\www\dev\mql\data\runtime\Cache\Admin\5117155f489eff60b0393747b114c071.php 第 92 行.
NOTIC: [8] Undefined index: islive C:\dev\www\dev\mql\data\runtime\Cache\Admin\5117155f489eff60b0393747b114c071.php 第 92 行.
NOTIC: [8] Undefined index: islive C:\dev\www\dev\mql\data\runtime\Cache\Admin\5117155f489eff60b0393747b114c071.php 第 92 行.
NOTIC: [8] Undefined index: islive C:\dev\www\dev\mql\data\runtime\Cache\Admin\5117155f489eff60b0393747b114c071.php 第 92 行.
NOTIC: [8] Undefined index: islive C:\dev\www\dev\mql\data\runtime\Cache\Admin\5117155f489eff60b0393747b114c071.php 第 92 行.
NOTIC: [8] Undefined index: islive C:\dev\www\dev\mql\data\runtime\Cache\Admin\5117155f489eff60b0393747b114c071.php 第 92 行.
INFO: Run Behavior\ParseTemplateBehavior [ RunTime:0.013626s ]
INFO: [ view_parse ] --END-- [ RunTime:0.013686s ]
INFO: [ view_filter ] --START--
INFO: Run Behavior\WriteHtmlCacheBehavior [ RunTime:0.000551s ]
INFO: Run Common\Behavior\TmplStripSpaceBehavior [ RunTime:0.000658s ]
INFO: [ view_filter ] --END-- [ RunTime:0.001293s ]
INFO: [ app_end ] --START--
INFO: Run Behavior\ShowPageTraceBehavior [ RunTime:0.000665s ]
INFO: [ app_end ] --END-- [ RunTime:0.000729s ]

[ 2020-08-18T14:34:31+08:00 ] 127.0.0.1 /index.php?g=Admin&m=Live&a=index&menuid=172
INFO: [ app_init ] --START--
INFO: Run Behavior\BuildLiteBehavior [ RunTime:0.000019s ]
INFO: Run Common\Behavior\InitHookBehavior [ RunTime:0.002358s ]
INFO: [ app_init ] --END-- [ RunTime:0.002847s ]
INFO: [ app_begin ] --START--
INFO: Run Behavior\ReadHtmlCacheBehavior [ RunTime:0.000826s ]
INFO: Run Behavior\CheckLangBehavior [ RunTime:0.001560s ]
INFO: [ app_begin ] --END-- [ RunTime:0.002511s ]
NOTIC: [8] Undefined index: start_time C:\dev\www\dev\mql\application\Admin\Controller\LiveController.class.php 第 13 行.
NOTIC: [8] Undefined index: end_time C:\dev\www\dev\mql\application\Admin\Controller\LiveController.class.php 第 18 行.
NOTIC: [8] Undefined index: start_time C:\dev\www\dev\mql\application\Admin\Controller\LiveController.class.php 第 23 行.
NOTIC: [8] Undefined index: keyword C:\dev\www\dev\mql\application\Admin\Controller\LiveController.class.php 第 30 行.
NOTIC: [8] Undefined variable: pList C:\dev\www\dev\mql\simplewind\Lib\Util\Page.class.php 第 226 行.
NOTIC: [8] Undefined variable: pListStart C:\dev\www\dev\mql\simplewind\Lib\Util\Page.class.php 第 335 行.
NOTIC: [8] Undefined variable: pListEnd C:\dev\www\dev\mql\simplewind\Lib\Util\Page.class.php 第 335 行.
NOTIC: [8] Undefined variable: pFirst C:\dev\www\dev\mql\simplewind\Lib\Util\Page.class.php 第 335 行.
NOTIC: [8] Undefined variable: pPrev C:\dev\www\dev\mql\simplewind\Lib\Util\Page.class.php 第 335 行.
INFO: [ view_parse ] --START--
INFO: [ template_filter ] --START--
INFO: Run Behavior\ContentReplaceBehavior [ RunTime:0.000059s ]
INFO: [ template_filter ] --END-- [ RunTime:0.000119s ]
NOTIC: [8] Undefined index: start_time C:\dev\www\dev\mql\data\runtime\Cache\Admin\5117155f489eff60b0393747b114c071.php 第 60 行.
NOTIC: [8] Undefined index: end_time C:\dev\www\dev\mql\data\runtime\Cache\Admin\5117155f489eff60b0393747b114c071.php 第 61 行.
NOTIC: [8] Undefined index: keyword C:\dev\www\dev\mql\data\runtime\Cache\Admin\5117155f489eff60b0393747b114c071.php 第 63 行.
NOTIC: [8] Undefined index: islive C:\dev\www\dev\mql\data\runtime\Cache\Admin\5117155f489eff60b0393747b114c071.php 第 92 行.
NOTIC: [8] Undefined index: islive C:\dev\www\dev\mql\data\runtime\Cache\Admin\5117155f489eff60b0393747b114c071.php 第 92 行.
NOTIC: [8] Undefined index: islive C:\dev\www\dev\mql\data\runtime\Cache\Admin\5117155f489eff60b0393747b114c071.php 第 92 行.
NOTIC: [8] Undefined index: islive C:\dev\www\dev\mql\data\runtime\Cache\Admin\5117155f489eff60b0393747b114c071.php 第 92 行.
NOTIC: [8] Undefined index: islive C:\dev\www\dev\mql\data\runtime\Cache\Admin\5117155f489eff60b0393747b114c071.php 第 92 行.
NOTIC: [8] Undefined index: islive C:\dev\www\dev\mql\data\runtime\Cache\Admin\5117155f489eff60b0393747b114c071.php 第 92 行.
NOTIC: [8] Undefined index: islive C:\dev\www\dev\mql\data\runtime\Cache\Admin\5117155f489eff60b0393747b114c071.php 第 92 行.
NOTIC: [8] Undefined index: islive C:\dev\www\dev\mql\data\runtime\Cache\Admin\5117155f489eff60b0393747b114c071.php 第 92 行.
NOTIC: [8] Undefined index: islive C:\dev\www\dev\mql\data\runtime\Cache\Admin\5117155f489eff60b0393747b114c071.php 第 92 行.
NOTIC: [8] Undefined index: islive C:\dev\www\dev\mql\data\runtime\Cache\Admin\5117155f489eff60b0393747b114c071.php 第 92 行.
NOTIC: [8] Undefined index: islive C:\dev\www\dev\mql\data\runtime\Cache\Admin\5117155f489eff60b0393747b114c071.php 第 92 行.
NOTIC: [8] Undefined index: islive C:\dev\www\dev\mql\data\runtime\Cache\Admin\5117155f489eff60b0393747b114c071.php 第 92 行.
NOTIC: [8] Undefined index: islive C:\dev\www\dev\mql\data\runtime\Cache\Admin\5117155f489eff60b0393747b114c071.php 第 92 行.
NOTIC: [8] Undefined index: islive C:\dev\www\dev\mql\data\runtime\Cache\Admin\5117155f489eff60b0393747b114c071.php 第 92 行.
NOTIC: [8] Undefined index: islive C:\dev\www\dev\mql\data\runtime\Cache\Admin\5117155f489eff60b0393747b114c071.php 第 92 行.
NOTIC: [8] Undefined index: islive C:\dev\www\dev\mql\data\runtime\Cache\Admin\5117155f489eff60b0393747b114c071.php 第 92 行.
NOTIC: [8] Undefined index: islive C:\dev\www\dev\mql\data\runtime\Cache\Admin\5117155f489eff60b0393747b114c071.php 第 92 行.
NOTIC: [8] Undefined index: islive C:\dev\www\dev\mql\data\runtime\Cache\Admin\5117155f489eff60b0393747b114c071.php 第 92 行.
NOTIC: [8] Undefined index: islive C:\dev\www\dev\mql\data\runtime\Cache\Admin\5117155f489eff60b0393747b114c071.php 第 92 行.
NOTIC: [8] Undefined index: islive C:\dev\www\dev\mql\data\runtime\Cache\Admin\5117155f489eff60b0393747b114c071.php 第 92 行.
INFO: Run Behavior\ParseTemplateBehavior [ RunTime:0.012643s ]
INFO: [ view_parse ] --END-- [ RunTime:0.012704s ]
INFO: [ view_filter ] --START--
INFO: Run Behavior\WriteHtmlCacheBehavior [ RunTime:0.000631s ]
INFO: Run Common\Behavior\TmplStripSpaceBehavior [ RunTime:0.000779s ]
INFO: [ view_filter ] --END-- [ RunTime:0.001507s ]
INFO: [ app_end ] --START--
INFO: Run Behavior\ShowPageTraceBehavior [ RunTime:0.000990s ]
INFO: [ app_end ] --END-- [ RunTime:0.001123s ]

[ 2020-08-18T14:34:34+08:00 ] 127.0.0.1 /index.php?g=Admin&m=Feedback&a=index&menuid=227
INFO: [ app_init ] --START--
INFO: Run Behavior\BuildLiteBehavior [ RunTime:0.000025s ]
INFO: Run Common\Behavior\InitHookBehavior [ RunTime:0.002468s ]
INFO: [ app_init ] --END-- [ RunTime:0.002997s ]
INFO: [ app_begin ] --START--
INFO: Run Behavior\ReadHtmlCacheBehavior [ RunTime:0.000630s ]
INFO: Run Behavior\CheckLangBehavior [ RunTime:0.001334s ]
INFO: [ app_begin ] --END-- [ RunTime:0.002058s ]
NOTIC: [8] Undefined index: status C:\dev\www\dev\mql\application\Admin\Controller\FeedbackController.class.php 第 11 行.
NOTIC: [8] Undefined index: start_time C:\dev\www\dev\mql\application\Admin\Controller\FeedbackController.class.php 第 15 行.
NOTIC: [8] Undefined index: end_time C:\dev\www\dev\mql\application\Admin\Controller\FeedbackController.class.php 第 20 行.
NOTIC: [8] Undefined index: start_time C:\dev\www\dev\mql\application\Admin\Controller\FeedbackController.class.php 第 25 行.
NOTIC: [8] Undefined index: keyword C:\dev\www\dev\mql\application\Admin\Controller\FeedbackController.class.php 第 32 行.
NOTIC: [8] Undefined variable: map C:\dev\www\dev\mql\application\Admin\Controller\FeedbackController.class.php 第 38 行.
NOTIC: [8] Undefined variable: map C:\dev\www\dev\mql\application\Admin\Controller\FeedbackController.class.php 第 41 行.
INFO: [ view_parse ] --START--
INFO: [ template_filter ] --START--
INFO: Run Behavior\ContentReplaceBehavior [ RunTime:0.000061s ]
INFO: [ template_filter ] --END-- [ RunTime:0.000125s ]
NOTIC: [8] Undefined index: status C:\dev\www\dev\mql\data\runtime\Cache\Admin\a2061779c471ddae0fbac764b12bf603.php 第 62 行.
NOTIC: [8] Undefined index: status C:\dev\www\dev\mql\data\runtime\Cache\Admin\a2061779c471ddae0fbac764b12bf603.php 第 63 行.
NOTIC: [8] Undefined index: start_time C:\dev\www\dev\mql\data\runtime\Cache\Admin\a2061779c471ddae0fbac764b12bf603.php 第 66 行.
NOTIC: [8] Undefined index: end_time C:\dev\www\dev\mql\data\runtime\Cache\Admin\a2061779c471ddae0fbac764b12bf603.php 第 67 行.
NOTIC: [8] Undefined index: keyword C:\dev\www\dev\mql\data\runtime\Cache\Admin\a2061779c471ddae0fbac764b12bf603.php 第 69 行.
INFO: Run Behavior\ParseTemplateBehavior [ RunTime:0.011985s ]
INFO: [ view_parse ] --END-- [ RunTime:0.012046s ]
INFO: [ view_filter ] --START--
INFO: Run Behavior\WriteHtmlCacheBehavior [ RunTime:0.000511s ]
INFO: Run Common\Behavior\TmplStripSpaceBehavior [ RunTime:0.000688s ]
INFO: [ view_filter ] --END-- [ RunTime:0.001306s ]
INFO: [ app_end ] --START--
INFO: Run Behavior\ShowPageTraceBehavior [ RunTime:0.000898s ]
INFO: [ app_end ] --END-- [ RunTime:0.000990s ]

[ 2020-08-18T14:34:39+08:00 ] 127.0.0.1 /index.php?g=Admin&m=Configprivate&a=index&menuid=275
INFO: [ app_init ] --START--
INFO: Run Behavior\BuildLiteBehavior [ RunTime:0.000019s ]
INFO: Run Common\Behavior\InitHookBehavior [ RunTime:0.002357s ]
INFO: [ app_init ] --END-- [ RunTime:0.002800s ]
INFO: [ app_begin ] --START--
INFO: Run Behavior\ReadHtmlCacheBehavior [ RunTime:0.001512s ]
INFO: Run Behavior\CheckLangBehavior [ RunTime:0.001796s ]
INFO: [ app_begin ] --END-- [ RunTime:0.003502s ]
INFO: [ view_parse ] --START--
INFO: [ template_filter ] --START--
INFO: Run Behavior\ContentReplaceBehavior [ RunTime:0.000153s ]
INFO: [ template_filter ] --END-- [ RunTime:0.000217s ]
INFO: Run Behavior\ParseTemplateBehavior [ RunTime:0.016174s ]
INFO: [ view_parse ] --END-- [ RunTime:0.016252s ]
INFO: [ view_filter ] --START--
INFO: Run Behavior\WriteHtmlCacheBehavior [ RunTime:0.000536s ]
INFO: Run Common\Behavior\TmplStripSpaceBehavior [ RunTime:0.000624s ]
INFO: [ view_filter ] --END-- [ RunTime:0.001246s ]
INFO: [ app_end ] --START--
INFO: Run Behavior\ShowPageTraceBehavior [ RunTime:0.000730s ]
INFO: [ app_end ] --END-- [ RunTime:0.000796s ]

[ 2020-08-18T14:34:40+08:00 ] 127.0.0.1 /index.php?g=Admin&m=Config&a=index&menuid=173
INFO: [ app_init ] --START--
INFO: Run Behavior\BuildLiteBehavior [ RunTime:0.000018s ]
INFO: Run Common\Behavior\InitHookBehavior [ RunTime:0.004908s ]
INFO: [ app_init ] --END-- [ RunTime:0.005376s ]
INFO: [ app_begin ] --START--
INFO: Run Behavior\ReadHtmlCacheBehavior [ RunTime:0.000671s ]
INFO: Run Behavior\CheckLangBehavior [ RunTime:0.001343s ]
INFO: [ app_begin ] --END-- [ RunTime:0.002112s ]
INFO: [ view_parse ] --START--
INFO: [ template_filter ] --START--
INFO: Run Behavior\ContentReplaceBehavior [ RunTime:0.000147s ]
INFO: [ template_filter ] --END-- [ RunTime:0.000221s ]
INFO: Run Behavior\ParseTemplateBehavior [ RunTime:0.014750s ]
INFO: [ view_parse ] --END-- [ RunTime:0.014826s ]
INFO: [ view_filter ] --START--
INFO: Run Behavior\WriteHtmlCacheBehavior [ RunTime:0.000537s ]
INFO: Run Common\Behavior\TmplStripSpaceBehavior [ RunTime:0.000635s ]
INFO: [ view_filter ] --END-- [ RunTime:0.001260s ]
INFO: [ app_end ] --START--
INFO: Run Behavior\ShowPageTraceBehavior [ RunTime:0.000662s ]
INFO: [ app_end ] --END-- [ RunTime:0.000719s ]

[ 2020-08-18T14:34:52+08:00 ] 127.0.0.1 /index.php?g=Admin&m=Configprivate&a=index&menuid=275
INFO: [ app_init ] --START--
INFO: Run Behavior\BuildLiteBehavior [ RunTime:0.000020s ]
INFO: Run Common\Behavior\InitHookBehavior [ RunTime:0.002568s ]
INFO: [ app_init ] --END-- [ RunTime:0.003052s ]
INFO: [ app_begin ] --START--
INFO: Run Behavior\ReadHtmlCacheBehavior [ RunTime:0.000692s ]
INFO: Run Behavior\CheckLangBehavior [ RunTime:0.001560s ]
INFO: [ app_begin ] --END-- [ RunTime:0.002366s ]
INFO: [ view_parse ] --START--
INFO: [ template_filter ] --START--
INFO: Run Behavior\ContentReplaceBehavior [ RunTime:0.000152s ]
INFO: [ template_filter ] --END-- [ RunTime:0.000216s ]
INFO: Run Behavior\ParseTemplateBehavior [ RunTime:0.015806s ]
INFO: [ view_parse ] --END-- [ RunTime:0.015867s ]
INFO: [ view_filter ] --START--
INFO: Run Behavior\WriteHtmlCacheBehavior [ RunTime:0.000524s ]
INFO: Run Common\Behavior\TmplStripSpaceBehavior [ RunTime:0.000651s ]
INFO: [ view_filter ] --END-- [ RunTime:0.001269s ]
INFO: [ app_end ] --START--
INFO: Run Behavior\ShowPageTraceBehavior [ RunTime:0.001031s ]
INFO: [ app_end ] --END-- [ RunTime:0.001132s ]

[ 2020-08-18T14:34:53+08:00 ] 127.0.0.1 /index.php?g=Admin&m=Config&a=index&menuid=173
INFO: [ app_init ] --START--
INFO: Run Behavior\BuildLiteBehavior [ RunTime:0.000017s ]
INFO: Run Common\Behavior\InitHookBehavior [ RunTime:0.002490s ]
INFO: [ app_init ] --END-- [ RunTime:0.002934s ]
INFO: [ app_begin ] --START--
INFO: Run Behavior\ReadHtmlCacheBehavior [ RunTime:0.000636s ]
INFO: Run Behavior\CheckLangBehavior [ RunTime:0.001403s ]
INFO: [ app_begin ] --END-- [ RunTime:0.002137s ]
INFO: [ view_parse ] --START--
INFO: [ template_filter ] --START--
INFO: Run Behavior\ContentReplaceBehavior [ RunTime:0.000126s ]
INFO: [ template_filter ] --END-- [ RunTime:0.000188s ]
INFO: Run Behavior\ParseTemplateBehavior [ RunTime:0.013189s ]
INFO: [ view_parse ] --END-- [ RunTime:0.013251s ]
INFO: [ view_filter ] --START--
INFO: Run Behavior\WriteHtmlCacheBehavior [ RunTime:0.000506s ]
INFO: Run Common\Behavior\TmplStripSpaceBehavior [ RunTime:0.000611s ]
INFO: [ view_filter ] --END-- [ RunTime:0.001201s ]
INFO: [ app_end ] --START--
INFO: Run Behavior\ShowPageTraceBehavior [ RunTime:0.000656s ]
INFO: [ app_end ] --END-- [ RunTime:0.000712s ]

[ 2020-08-18T14:35:00+08:00 ] 127.0.0.1 /index.php?g=Admin&m=Userauth&a=index&menuid=217
INFO: [ app_init ] --START--
INFO: Run Behavior\BuildLiteBehavior [ RunTime:0.000019s ]
INFO: Run Common\Behavior\InitHookBehavior [ RunTime:0.002417s ]
INFO: [ app_init ] --END-- [ RunTime:0.002876s ]
INFO: [ app_begin ] --START--
INFO: Run Behavior\ReadHtmlCacheBehavior [ RunTime:0.000633s ]
INFO: Run Behavior\CheckLangBehavior [ RunTime:0.001333s ]
INFO: [ app_begin ] --END-- [ RunTime:0.002062s ]
NOTIC: [8] Undefined index: status C:\dev\www\dev\mql\application\Admin\Controller\UserauthController.class.php 第 11 行.
NOTIC: [8] Undefined index: start_time C:\dev\www\dev\mql\application\Admin\Controller\UserauthController.class.php 第 15 行.
NOTIC: [8] Undefined index: end_time C:\dev\www\dev\mql\application\Admin\Controller\UserauthController.class.php 第 20 行.
NOTIC: [8] Undefined index: start_time C:\dev\www\dev\mql\application\Admin\Controller\UserauthController.class.php 第 25 行.
NOTIC: [8] Undefined index: keyword C:\dev\www\dev\mql\application\Admin\Controller\UserauthController.class.php 第 32 行.
NOTIC: [8] Undefined variable: map C:\dev\www\dev\mql\application\Admin\Controller\UserauthController.class.php 第 38 行.
NOTIC: [8] Undefined variable: map C:\dev\www\dev\mql\application\Admin\Controller\UserauthController.class.php 第 41 行.
INFO: [ view_parse ] --START--
INFO: [ template_filter ] --START--
INFO: Run Behavior\ContentReplaceBehavior [ RunTime:0.000094s ]
INFO: [ template_filter ] --END-- [ RunTime:0.000164s ]
NOTIC: [8] Undefined index: status C:\dev\www\dev\mql\data\runtime\Cache\Admin\0d0a7a9c9f1177ab46ec13b8ef0a26d6.php 第 62 行.
NOTIC: [8] Undefined index: status C:\dev\www\dev\mql\data\runtime\Cache\Admin\0d0a7a9c9f1177ab46ec13b8ef0a26d6.php 第 63 行.
NOTIC: [8] Undefined index: status C:\dev\www\dev\mql\data\runtime\Cache\Admin\0d0a7a9c9f1177ab46ec13b8ef0a26d6.php 第 64 行.
NOTIC: [8] Undefined index: start_time C:\dev\www\dev\mql\data\runtime\Cache\Admin\0d0a7a9c9f1177ab46ec13b8ef0a26d6.php 第 67 行.
NOTIC: [8] Undefined index: end_time C:\dev\www\dev\mql\data\runtime\Cache\Admin\0d0a7a9c9f1177ab46ec13b8ef0a26d6.php 第 68 行.
NOTIC: [8] Undefined index: keyword C:\dev\www\dev\mql\data\runtime\Cache\Admin\0d0a7a9c9f1177ab46ec13b8ef0a26d6.php 第 70 行.
INFO: Run Behavior\ParseTemplateBehavior [ RunTime:0.011368s ]
INFO: [ view_parse ] --END-- [ RunTime:0.011431s ]
INFO: [ view_filter ] --START--
INFO: Run Behavior\WriteHtmlCacheBehavior [ RunTime:0.000568s ]
INFO: Run Common\Behavior\TmplStripSpaceBehavior [ RunTime:0.000682s ]
INFO: [ view_filter ] --END-- [ RunTime:0.001338s ]
INFO: [ app_end ] --START--
INFO: Run Behavior\ShowPageTraceBehavior [ RunTime:0.000709s ]
INFO: [ app_end ] --END-- [ RunTime:0.000773s ]

[ 2020-08-18T14:35:19+08:00 ] 127.0.0.1 /index.php?g=Admin&m=User&a=index&menuid=149
INFO: [ app_init ] --START--
INFO: Run Behavior\BuildLiteBehavior [ RunTime:0.000017s ]
INFO: Run Common\Behavior\InitHookBehavior [ RunTime:0.002582s ]
INFO: [ app_init ] --END-- [ RunTime:0.003024s ]
INFO: [ app_begin ] --START--
INFO: Run Behavior\ReadHtmlCacheBehavior [ RunTime:0.000689s ]
INFO: Run Behavior\CheckLangBehavior [ RunTime:0.001631s ]
INFO: [ app_begin ] --END-- [ RunTime:0.002414s ]
INFO: [ view_parse ] --START--
INFO: [ template_filter ] --START--
INFO: Run Behavior\ContentReplaceBehavior [ RunTime:0.000060s ]
INFO: [ template_filter ] --END-- [ RunTime:0.000145s ]
INFO: Run Behavior\ParseTemplateBehavior [ RunTime:0.009992s ]
INFO: [ view_parse ] --END-- [ RunTime:0.010054s ]
INFO: [ view_filter ] --START--
INFO: Run Behavior\WriteHtmlCacheBehavior [ RunTime:0.000492s ]
INFO: Run Common\Behavior\TmplStripSpaceBehavior [ RunTime:0.000601s ]
INFO: [ view_filter ] --END-- [ RunTime:0.001184s ]
INFO: [ app_end ] --START--
INFO: Run Behavior\ShowPageTraceBehavior [ RunTime:0.000640s ]
INFO: [ app_end ] --END-- [ RunTime:0.000694s ]

[ 2020-08-18T14:35:20+08:00 ] 127.0.0.1 /index.php?g=Admin&m=User&a=index&menuid=149
INFO: [ app_init ] --START--
INFO: Run Behavior\BuildLiteBehavior [ RunTime:0.000018s ]
INFO: Run Common\Behavior\InitHookBehavior [ RunTime:0.002250s ]
INFO: [ app_init ] --END-- [ RunTime:0.002666s ]
INFO: [ app_begin ] --START--
INFO: Run Behavior\ReadHtmlCacheBehavior [ RunTime:0.000763s ]
INFO: Run Behavior\CheckLangBehavior [ RunTime:0.001614s ]
INFO: [ app_begin ] --END-- [ RunTime:0.002494s ]
INFO: [ view_parse ] --START--
INFO: [ template_filter ] --START--
INFO: Run Behavior\ContentReplaceBehavior [ RunTime:0.000081s ]
INFO: [ template_filter ] --END-- [ RunTime:0.000145s ]
INFO: Run Behavior\ParseTemplateBehavior [ RunTime:0.011105s ]
INFO: [ view_parse ] --END-- [ RunTime:0.011170s ]
INFO: [ view_filter ] --START--
INFO: Run Behavior\WriteHtmlCacheBehavior [ RunTime:0.000499s ]
INFO: Run Common\Behavior\TmplStripSpaceBehavior [ RunTime:0.000821s ]
INFO: [ view_filter ] --END-- [ RunTime:0.001440s ]
INFO: [ app_end ] --START--
INFO: Run Behavior\ShowPageTraceBehavior [ RunTime:0.001059s ]
INFO: [ app_end ] --END-- [ RunTime:0.001155s ]

[ 2020-08-18T14:35:20+08:00 ] 127.0.0.1 /index.php?g=Admin&m=User&a=channel_index&menuid=420
INFO: [ app_init ] --START--
INFO: Run Behavior\BuildLiteBehavior [ RunTime:0.000018s ]
INFO: Run Common\Behavior\InitHookBehavior [ RunTime:0.002648s ]
INFO: [ app_init ] --END-- [ RunTime:0.003075s ]
INFO: [ app_begin ] --START--
INFO: Run Behavior\ReadHtmlCacheBehavior [ RunTime:0.000628s ]
INFO: Run Behavior\CheckLangBehavior [ RunTime:0.001542s ]
INFO: [ app_begin ] --END-- [ RunTime:0.002265s ]
NOTIC: [8] Undefined index: keyword C:\dev\www\dev\mql\application\Admin\Controller\UserController.class.php 第 1156 行.
INFO: [ view_parse ] --START--
INFO: [ template_filter ] --START--
INFO: Run Behavior\ContentReplaceBehavior [ RunTime:0.000072s ]
INFO: [ template_filter ] --END-- [ RunTime:0.000136s ]
NOTIC: [8] Undefined index: keyword C:\dev\www\dev\mql\data\runtime\Cache\Admin\7a1ba84d218ae1b779c2fc70911cbda8.php 第 65 行.
INFO: Run Behavior\ParseTemplateBehavior [ RunTime:0.012941s ]
INFO: [ view_parse ] --END-- [ RunTime:0.013003s ]
INFO: [ view_filter ] --START--
INFO: Run Behavior\WriteHtmlCacheBehavior [ RunTime:0.000513s ]
INFO: Run Common\Behavior\TmplStripSpaceBehavior [ RunTime:0.000653s ]
INFO: [ view_filter ] --END-- [ RunTime:0.001253s ]
INFO: [ app_end ] --START--
INFO: Run Behavior\ShowPageTraceBehavior [ RunTime:0.000637s ]
INFO: [ app_end ] --END-- [ RunTime:0.000689s ]

[ 2020-08-18T14:35:22+08:00 ] 127.0.0.1 /index.php?g=Admin&m=Monitor&a=index&menuid=216
INFO: [ app_init ] --START--
INFO: Run Behavior\BuildLiteBehavior [ RunTime:0.000018s ]
INFO: Run Common\Behavior\InitHookBehavior [ RunTime:0.002279s ]
INFO: [ app_init ] --END-- [ RunTime:0.002697s ]
INFO: [ app_begin ] --START--
INFO: Run Behavior\ReadHtmlCacheBehavior [ RunTime:0.000750s ]
INFO: Run Behavior\CheckLangBehavior [ RunTime:0.001428s ]
INFO: [ app_begin ] --END-- [ RunTime:0.002292s ]
INFO: [ view_parse ] --START--
INFO: [ template_filter ] --START--
INFO: Run Behavior\ContentReplaceBehavior [ RunTime:0.000065s ]
INFO: [ template_filter ] --END-- [ RunTime:0.000128s ]
INFO: Run Behavior\ParseTemplateBehavior [ RunTime:0.010021s ]
INFO: [ view_parse ] --END-- [ RunTime:0.010098s ]
INFO: [ view_filter ] --START--
INFO: Run Behavior\WriteHtmlCacheBehavior [ RunTime:0.000540s ]
INFO: Run Common\Behavior\TmplStripSpaceBehavior [ RunTime:0.000667s ]
INFO: [ view_filter ] --END-- [ RunTime:0.001298s ]
INFO: [ app_end ] --START--
INFO: Run Behavior\ShowPageTraceBehavior [ RunTime:0.000733s ]
INFO: [ app_end ] --END-- [ RunTime:0.000790s ]

[ 2020-08-18T14:35:23+08:00 ] 127.0.0.1 /index.php?g=Admin&m=System&a=index&menuid=266
INFO: [ app_init ] --START--
INFO: Run Behavior\BuildLiteBehavior [ RunTime:0.000018s ]
INFO: Run Common\Behavior\InitHookBehavior [ RunTime:0.002350s ]
INFO: [ app_init ] --END-- [ RunTime:0.002771s ]
INFO: [ app_begin ] --START--
INFO: Run Behavior\ReadHtmlCacheBehavior [ RunTime:0.000961s ]
INFO: Run Behavior\CheckLangBehavior [ RunTime:0.001436s ]
INFO: [ app_begin ] --END-- [ RunTime:0.002539s ]
INFO: [ view_parse ] --START--
INFO: [ template_filter ] --START--
INFO: Run Behavior\ContentReplaceBehavior [ RunTime:0.000053s ]
INFO: [ template_filter ] --END-- [ RunTime:0.000114s ]
NOTIC: [8] Undefined variable: auth C:\dev\www\dev\mql\data\runtime\Cache\Admin\24753a4b5817e569d6747f37dfed344b.php 第 72 行.
INFO: Run Behavior\ParseTemplateBehavior [ RunTime:0.007759s ]
INFO: [ view_parse ] --END-- [ RunTime:0.007823s ]
INFO: [ view_filter ] --START--
INFO: Run Behavior\WriteHtmlCacheBehavior [ RunTime:0.000591s ]
INFO: Run Common\Behavior\TmplStripSpaceBehavior [ RunTime:0.000828s ]
INFO: [ view_filter ] --END-- [ RunTime:0.001518s ]
INFO: [ app_end ] --START--
INFO: Run Behavior\ShowPageTraceBehavior [ RunTime:0.000689s ]
INFO: [ app_end ] --END-- [ RunTime:0.000746s ]

[ 2020-08-18T14:35:23+08:00 ] 127.0.0.1 /index.php?g=Admin&m=Report&a=index&menuid=244
INFO: [ app_init ] --START--
INFO: Run Behavior\BuildLiteBehavior [ RunTime:0.000018s ]
INFO: Run Common\Behavior\InitHookBehavior [ RunTime:0.002312s ]
INFO: [ app_init ] --END-- [ RunTime:0.002739s ]
INFO: [ app_begin ] --START--
INFO: Run Behavior\ReadHtmlCacheBehavior [ RunTime:0.000796s ]
INFO: Run Behavior\CheckLangBehavior [ RunTime:0.001886s ]
INFO: [ app_begin ] --END-- [ RunTime:0.002848s ]
NOTIC: [8] Undefined index: status C:\dev\www\dev\mql\application\Admin\Controller\ReportController.class.php 第 11 行.
NOTIC: [8] Undefined index: start_time C:\dev\www\dev\mql\application\Admin\Controller\ReportController.class.php 第 15 行.
NOTIC: [8] Undefined index: end_time C:\dev\www\dev\mql\application\Admin\Controller\ReportController.class.php 第 20 行.
NOTIC: [8] Undefined index: start_time C:\dev\www\dev\mql\application\Admin\Controller\ReportController.class.php 第 25 行.
NOTIC: [8] Undefined index: keyword C:\dev\www\dev\mql\application\Admin\Controller\ReportController.class.php 第 32 行.
NOTIC: [8] Undefined variable: map C:\dev\www\dev\mql\application\Admin\Controller\ReportController.class.php 第 38 行.
NOTIC: [8] Undefined variable: map C:\dev\www\dev\mql\application\Admin\Controller\ReportController.class.php 第 41 行.
INFO: [ view_parse ] --START--
INFO: [ template_filter ] --START--
INFO: Run Behavior\ContentReplaceBehavior [ RunTime:0.000061s ]
INFO: [ template_filter ] --END-- [ RunTime:0.000127s ]
NOTIC: [8] Undefined index: status C:\dev\www\dev\mql\data\runtime\Cache\Admin\6b09b9964c9971c77f9c2aaaaafbcd29.php 第 62 行.
NOTIC: [8] Undefined index: status C:\dev\www\dev\mql\data\runtime\Cache\Admin\6b09b9964c9971c77f9c2aaaaafbcd29.php 第 63 行.
NOTIC: [8] Undefined index: start_time C:\dev\www\dev\mql\data\runtime\Cache\Admin\6b09b9964c9971c77f9c2aaaaafbcd29.php 第 66 行.
NOTIC: [8] Undefined index: end_time C:\dev\www\dev\mql\data\runtime\Cache\Admin\6b09b9964c9971c77f9c2aaaaafbcd29.php 第 67 行.
NOTIC: [8] Undefined index: keyword C:\dev\www\dev\mql\data\runtime\Cache\Admin\6b09b9964c9971c77f9c2aaaaafbcd29.php 第 69 行.
INFO: Run Behavior\ParseTemplateBehavior [ RunTime:0.012050s ]
INFO: [ view_parse ] --END-- [ RunTime:0.012109s ]
INFO: [ view_filter ] --START--
INFO: Run Behavior\WriteHtmlCacheBehavior [ RunTime:0.000535s ]
INFO: Run Common\Behavior\TmplStripSpaceBehavior [ RunTime:0.000635s ]
INFO: [ view_filter ] --END-- [ RunTime:0.001256s ]
INFO: [ app_end ] --START--
INFO: Run Behavior\ShowPageTraceBehavior [ RunTime:0.000741s ]
INFO: [ app_end ] --END-- [ RunTime:0.000800s ]

[ 2020-08-18T14:35:24+08:00 ] 127.0.0.1 /index.php?g=Admin&m=Monitor&a=index&menuid=216
INFO: [ app_init ] --START--
INFO: Run Behavior\BuildLiteBehavior [ RunTime:0.000018s ]
INFO: Run Common\Behavior\InitHookBehavior [ RunTime:0.002282s ]
INFO: [ app_init ] --END-- [ RunTime:0.002697s ]
INFO: [ app_begin ] --START--
INFO: Run Behavior\ReadHtmlCacheBehavior [ RunTime:0.000850s ]
INFO: Run Behavior\CheckLangBehavior [ RunTime:0.002007s ]
INFO: [ app_begin ] --END-- [ RunTime:0.002976s ]
INFO: [ view_parse ] --START--
INFO: [ template_filter ] --START--
INFO: Run Behavior\ContentReplaceBehavior [ RunTime:0.000064s ]
INFO: [ template_filter ] --END-- [ RunTime:0.000127s ]
INFO: Run Behavior\ParseTemplateBehavior [ RunTime:0.009141s ]
INFO: [ view_parse ] --END-- [ RunTime:0.009239s ]
INFO: [ view_filter ] --START--
INFO: Run Behavior\WriteHtmlCacheBehavior [ RunTime:0.000873s ]
INFO: Run Common\Behavior\TmplStripSpaceBehavior [ RunTime:0.000976s ]
INFO: [ view_filter ] --END-- [ RunTime:0.002023s ]
INFO: [ app_end ] --START--
INFO: Run Behavior\ShowPageTraceBehavior [ RunTime:0.000943s ]
INFO: [ app_end ] --END-- [ RunTime:0.001036s ]

[ 2020-08-18T14:35:25+08:00 ] 127.0.0.1 /index.php?g=Admin&m=Live&a=index&menuid=172
INFO: [ app_init ] --START--
INFO: Run Behavior\BuildLiteBehavior [ RunTime:0.000035s ]
INFO: Run Common\Behavior\InitHookBehavior [ RunTime:0.003206s ]
INFO: [ app_init ] --END-- [ RunTime:0.004028s ]
INFO: [ app_begin ] --START--
INFO: Run Behavior\ReadHtmlCacheBehavior [ RunTime:0.000655s ]
INFO: Run Behavior\CheckLangBehavior [ RunTime:0.001507s ]
INFO: [ app_begin ] --END-- [ RunTime:0.002268s ]
NOTIC: [8] Undefined index: start_time C:\dev\www\dev\mql\application\Admin\Controller\LiveController.class.php 第 13 行.
NOTIC: [8] Undefined index: end_time C:\dev\www\dev\mql\application\Admin\Controller\LiveController.class.php 第 18 行.
NOTIC: [8] Undefined index: start_time C:\dev\www\dev\mql\application\Admin\Controller\LiveController.class.php 第 23 行.
NOTIC: [8] Undefined index: keyword C:\dev\www\dev\mql\application\Admin\Controller\LiveController.class.php 第 30 行.
NOTIC: [8] Undefined variable: pList C:\dev\www\dev\mql\simplewind\Lib\Util\Page.class.php 第 226 行.
NOTIC: [8] Undefined variable: pListStart C:\dev\www\dev\mql\simplewind\Lib\Util\Page.class.php 第 335 行.
NOTIC: [8] Undefined variable: pListEnd C:\dev\www\dev\mql\simplewind\Lib\Util\Page.class.php 第 335 行.
NOTIC: [8] Undefined variable: pFirst C:\dev\www\dev\mql\simplewind\Lib\Util\Page.class.php 第 335 行.
NOTIC: [8] Undefined variable: pPrev C:\dev\www\dev\mql\simplewind\Lib\Util\Page.class.php 第 335 行.
INFO: [ view_parse ] --START--
INFO: [ template_filter ] --START--
INFO: Run Behavior\ContentReplaceBehavior [ RunTime:0.000064s ]
INFO: [ template_filter ] --END-- [ RunTime:0.000138s ]
NOTIC: [8] Undefined index: start_time C:\dev\www\dev\mql\data\runtime\Cache\Admin\5117155f489eff60b0393747b114c071.php 第 60 行.
NOTIC: [8] Undefined index: end_time C:\dev\www\dev\mql\data\runtime\Cache\Admin\5117155f489eff60b0393747b114c071.php 第 61 行.
NOTIC: [8] Undefined index: keyword C:\dev\www\dev\mql\data\runtime\Cache\Admin\5117155f489eff60b0393747b114c071.php 第 63 行.
NOTIC: [8] Undefined index: islive C:\dev\www\dev\mql\data\runtime\Cache\Admin\5117155f489eff60b0393747b114c071.php 第 92 行.
NOTIC: [8] Undefined index: islive C:\dev\www\dev\mql\data\runtime\Cache\Admin\5117155f489eff60b0393747b114c071.php 第 92 行.
NOTIC: [8] Undefined index: islive C:\dev\www\dev\mql\data\runtime\Cache\Admin\5117155f489eff60b0393747b114c071.php 第 92 行.
NOTIC: [8] Undefined index: islive C:\dev\www\dev\mql\data\runtime\Cache\Admin\5117155f489eff60b0393747b114c071.php 第 92 行.
NOTIC: [8] Undefined index: islive C:\dev\www\dev\mql\data\runtime\Cache\Admin\5117155f489eff60b0393747b114c071.php 第 92 行.
NOTIC: [8] Undefined index: islive C:\dev\www\dev\mql\data\runtime\Cache\Admin\5117155f489eff60b0393747b114c071.php 第 92 行.
NOTIC: [8] Undefined index: islive C:\dev\www\dev\mql\data\runtime\Cache\Admin\5117155f489eff60b0393747b114c071.php 第 92 行.
NOTIC: [8] Undefined index: islive C:\dev\www\dev\mql\data\runtime\Cache\Admin\5117155f489eff60b0393747b114c071.php 第 92 行.
NOTIC: [8] Undefined index: islive C:\dev\www\dev\mql\data\runtime\Cache\Admin\5117155f489eff60b0393747b114c071.php 第 92 行.
NOTIC: [8] Undefined index: islive C:\dev\www\dev\mql\data\runtime\Cache\Admin\5117155f489eff60b0393747b114c071.php 第 92 行.
NOTIC: [8] Undefined index: islive C:\dev\www\dev\mql\data\runtime\Cache\Admin\5117155f489eff60b0393747b114c071.php 第 92 行.
NOTIC: [8] Undefined index: islive C:\dev\www\dev\mql\data\runtime\Cache\Admin\5117155f489eff60b0393747b114c071.php 第 92 行.
NOTIC: [8] Undefined index: islive C:\dev\www\dev\mql\data\runtime\Cache\Admin\5117155f489eff60b0393747b114c071.php 第 92 行.
NOTIC: [8] Undefined index: islive C:\dev\www\dev\mql\data\runtime\Cache\Admin\5117155f489eff60b0393747b114c071.php 第 92 行.
NOTIC: [8] Undefined index: islive C:\dev\www\dev\mql\data\runtime\Cache\Admin\5117155f489eff60b0393747b114c071.php 第 92 行.
NOTIC: [8] Undefined index: islive C:\dev\www\dev\mql\data\runtime\Cache\Admin\5117155f489eff60b0393747b114c071.php 第 92 行.
NOTIC: [8] Undefined index: islive C:\dev\www\dev\mql\data\runtime\Cache\Admin\5117155f489eff60b0393747b114c071.php 第 92 行.
NOTIC: [8] Undefined index: islive C:\dev\www\dev\mql\data\runtime\Cache\Admin\5117155f489eff60b0393747b114c071.php 第 92 行.
NOTIC: [8] Undefined index: islive C:\dev\www\dev\mql\data\runtime\Cache\Admin\5117155f489eff60b0393747b114c071.php 第 92 行.
NOTIC: [8] Undefined index: islive C:\dev\www\dev\mql\data\runtime\Cache\Admin\5117155f489eff60b0393747b114c071.php 第 92 行.
INFO: Run Behavior\ParseTemplateBehavior [ RunTime:0.013359s ]
INFO: [ view_parse ] --END-- [ RunTime:0.013417s ]
INFO: [ view_filter ] --START--
INFO: Run Behavior\WriteHtmlCacheBehavior [ RunTime:0.000547s ]
INFO: Run Common\Behavior\TmplStripSpaceBehavior [ RunTime:0.000607s ]
INFO: [ view_filter ] --END-- [ RunTime:0.001238s ]
INFO: [ app_end ] --START--
INFO: Run Behavior\ShowPageTraceBehavior [ RunTime:0.000792s ]
INFO: [ app_end ] --END-- [ RunTime:0.000874s ]

[ 2020-08-18T14:35:26+08:00 ] 127.0.0.1 /index.php?g=Admin&m=Report&a=index&menuid=244
INFO: [ app_init ] --START--
INFO: Run Behavior\BuildLiteBehavior [ RunTime:0.000028s ]
INFO: Run Common\Behavior\InitHookBehavior [ RunTime:0.002940s ]
INFO: [ app_init ] --END-- [ RunTime:0.003623s ]
INFO: [ app_begin ] --START--
INFO: Run Behavior\ReadHtmlCacheBehavior [ RunTime:0.000624s ]
INFO: Run Behavior\CheckLangBehavior [ RunTime:0.001330s ]
INFO: [ app_begin ] --END-- [ RunTime:0.002045s ]
NOTIC: [8] Undefined index: status C:\dev\www\dev\mql\application\Admin\Controller\ReportController.class.php 第 11 行.
NOTIC: [8] Undefined index: start_time C:\dev\www\dev\mql\application\Admin\Controller\ReportController.class.php 第 15 行.
NOTIC: [8] Undefined index: end_time C:\dev\www\dev\mql\application\Admin\Controller\ReportController.class.php 第 20 行.
NOTIC: [8] Undefined index: start_time C:\dev\www\dev\mql\application\Admin\Controller\ReportController.class.php 第 25 行.
NOTIC: [8] Undefined index: keyword C:\dev\www\dev\mql\application\Admin\Controller\ReportController.class.php 第 32 行.
NOTIC: [8] Undefined variable: map C:\dev\www\dev\mql\application\Admin\Controller\ReportController.class.php 第 38 行.
NOTIC: [8] Undefined variable: map C:\dev\www\dev\mql\application\Admin\Controller\ReportController.class.php 第 41 行.
INFO: [ view_parse ] --START--
INFO: [ template_filter ] --START--
INFO: Run Behavior\ContentReplaceBehavior [ RunTime:0.000083s ]
INFO: [ template_filter ] --END-- [ RunTime:0.000179s ]
NOTIC: [8] Undefined index: status C:\dev\www\dev\mql\data\runtime\Cache\Admin\6b09b9964c9971c77f9c2aaaaafbcd29.php 第 62 行.
NOTIC: [8] Undefined index: status C:\dev\www\dev\mql\data\runtime\Cache\Admin\6b09b9964c9971c77f9c2aaaaafbcd29.php 第 63 行.
NOTIC: [8] Undefined index: start_time C:\dev\www\dev\mql\data\runtime\Cache\Admin\6b09b9964c9971c77f9c2aaaaafbcd29.php 第 66 行.
NOTIC: [8] Undefined index: end_time C:\dev\www\dev\mql\data\runtime\Cache\Admin\6b09b9964c9971c77f9c2aaaaafbcd29.php 第 67 行.
NOTIC: [8] Undefined index: keyword C:\dev\www\dev\mql\data\runtime\Cache\Admin\6b09b9964c9971c77f9c2aaaaafbcd29.php 第 69 行.
INFO: Run Behavior\ParseTemplateBehavior [ RunTime:0.009327s ]
INFO: [ view_parse ] --END-- [ RunTime:0.009382s ]
INFO: [ view_filter ] --START--
INFO: Run Behavior\WriteHtmlCacheBehavior [ RunTime:0.000571s ]
INFO: Run Common\Behavior\TmplStripSpaceBehavior [ RunTime:0.000687s ]
INFO: [ view_filter ] --END-- [ RunTime:0.001347s ]
INFO: [ app_end ] --START--
INFO: Run Behavior\ShowPageTraceBehavior [ RunTime:0.000846s ]
INFO: [ app_end ] --END-- [ RunTime:0.000911s ]

[ 2020-08-18T14:35:27+08:00 ] 127.0.0.1 /index.php?g=Admin&m=Live&a=index&menuid=172
INFO: [ app_init ] --START--
INFO: Run Behavior\BuildLiteBehavior [ RunTime:0.000018s ]
INFO: Run Common\Behavior\InitHookBehavior [ RunTime:0.002650s ]
INFO: [ app_init ] --END-- [ RunTime:0.003087s ]
INFO: [ app_begin ] --START--
INFO: Run Behavior\ReadHtmlCacheBehavior [ RunTime:0.000767s ]
INFO: Run Behavior\CheckLangBehavior [ RunTime:0.001401s ]
INFO: [ app_begin ] --END-- [ RunTime:0.002279s ]
NOTIC: [8] Undefined index: start_time C:\dev\www\dev\mql\application\Admin\Controller\LiveController.class.php 第 13 行.
NOTIC: [8] Undefined index: end_time C:\dev\www\dev\mql\application\Admin\Controller\LiveController.class.php 第 18 行.
NOTIC: [8] Undefined index: start_time C:\dev\www\dev\mql\application\Admin\Controller\LiveController.class.php 第 23 行.
NOTIC: [8] Undefined index: keyword C:\dev\www\dev\mql\application\Admin\Controller\LiveController.class.php 第 30 行.
NOTIC: [8] Undefined variable: pList C:\dev\www\dev\mql\simplewind\Lib\Util\Page.class.php 第 226 行.
NOTIC: [8] Undefined variable: pListStart C:\dev\www\dev\mql\simplewind\Lib\Util\Page.class.php 第 335 行.
NOTIC: [8] Undefined variable: pListEnd C:\dev\www\dev\mql\simplewind\Lib\Util\Page.class.php 第 335 行.
NOTIC: [8] Undefined variable: pFirst C:\dev\www\dev\mql\simplewind\Lib\Util\Page.class.php 第 335 行.
NOTIC: [8] Undefined variable: pPrev C:\dev\www\dev\mql\simplewind\Lib\Util\Page.class.php 第 335 行.
INFO: [ view_parse ] --START--
INFO: [ template_filter ] --START--
INFO: Run Behavior\ContentReplaceBehavior [ RunTime:0.000058s ]
INFO: [ template_filter ] --END-- [ RunTime:0.000120s ]
NOTIC: [8] Undefined index: start_time C:\dev\www\dev\mql\data\runtime\Cache\Admin\5117155f489eff60b0393747b114c071.php 第 60 行.
NOTIC: [8] Undefined index: end_time C:\dev\www\dev\mql\data\runtime\Cache\Admin\5117155f489eff60b0393747b114c071.php 第 61 行.
NOTIC: [8] Undefined index: keyword C:\dev\www\dev\mql\data\runtime\Cache\Admin\5117155f489eff60b0393747b114c071.php 第 63 行.
NOTIC: [8] Undefined index: islive C:\dev\www\dev\mql\data\runtime\Cache\Admin\5117155f489eff60b0393747b114c071.php 第 92 行.
NOTIC: [8] Undefined index: islive C:\dev\www\dev\mql\data\runtime\Cache\Admin\5117155f489eff60b0393747b114c071.php 第 92 行.
NOTIC: [8] Undefined index: islive C:\dev\www\dev\mql\data\runtime\Cache\Admin\5117155f489eff60b0393747b114c071.php 第 92 行.
NOTIC: [8] Undefined index: islive C:\dev\www\dev\mql\data\runtime\Cache\Admin\5117155f489eff60b0393747b114c071.php 第 92 行.
NOTIC: [8] Undefined index: islive C:\dev\www\dev\mql\data\runtime\Cache\Admin\5117155f489eff60b0393747b114c071.php 第 92 行.
NOTIC: [8] Undefined index: islive C:\dev\www\dev\mql\data\runtime\Cache\Admin\5117155f489eff60b0393747b114c071.php 第 92 行.
NOTIC: [8] Undefined index: islive C:\dev\www\dev\mql\data\runtime\Cache\Admin\5117155f489eff60b0393747b114c071.php 第 92 行.
NOTIC: [8] Undefined index: islive C:\dev\www\dev\mql\data\runtime\Cache\Admin\5117155f489eff60b0393747b114c071.php 第 92 行.
NOTIC: [8] Undefined index: islive C:\dev\www\dev\mql\data\runtime\Cache\Admin\5117155f489eff60b0393747b114c071.php 第 92 行.
NOTIC: [8] Undefined index: islive C:\dev\www\dev\mql\data\runtime\Cache\Admin\5117155f489eff60b0393747b114c071.php 第 92 行.
NOTIC: [8] Undefined index: islive C:\dev\www\dev\mql\data\runtime\Cache\Admin\5117155f489eff60b0393747b114c071.php 第 92 行.
NOTIC: [8] Undefined index: islive C:\dev\www\dev\mql\data\runtime\Cache\Admin\5117155f489eff60b0393747b114c071.php 第 92 行.
NOTIC: [8] Undefined index: islive C:\dev\www\dev\mql\data\runtime\Cache\Admin\5117155f489eff60b0393747b114c071.php 第 92 行.
NOTIC: [8] Undefined index: islive C:\dev\www\dev\mql\data\runtime\Cache\Admin\5117155f489eff60b0393747b114c071.php 第 92 行.
NOTIC: [8] Undefined index: islive C:\dev\www\dev\mql\data\runtime\Cache\Admin\5117155f489eff60b0393747b114c071.php 第 92 行.
NOTIC: [8] Undefined index: islive C:\dev\www\dev\mql\data\runtime\Cache\Admin\5117155f489eff60b0393747b114c071.php 第 92 行.
NOTIC: [8] Undefined index: islive C:\dev\www\dev\mql\data\runtime\Cache\Admin\5117155f489eff60b0393747b114c071.php 第 92 行.
NOTIC: [8] Undefined index: islive C:\dev\www\dev\mql\data\runtime\Cache\Admin\5117155f489eff60b0393747b114c071.php 第 92 行.
NOTIC: [8] Undefined index: islive C:\dev\www\dev\mql\data\runtime\Cache\Admin\5117155f489eff60b0393747b114c071.php 第 92 行.
NOTIC: [8] Undefined index: islive C:\dev\www\dev\mql\data\runtime\Cache\Admin\5117155f489eff60b0393747b114c071.php 第 92 行.
INFO: Run Behavior\ParseTemplateBehavior [ RunTime:0.012547s ]
INFO: [ view_parse ] --END-- [ RunTime:0.012606s ]
INFO: [ view_filter ] --START--
INFO: Run Behavior\WriteHtmlCacheBehavior [ RunTime:0.000611s ]
INFO: Run Common\Behavior\TmplStripSpaceBehavior [ RunTime:0.000627s ]
INFO: [ view_filter ] --END-- [ RunTime:0.001326s ]
INFO: [ app_end ] --START--
INFO: Run Behavior\ShowPageTraceBehavior [ RunTime:0.000968s ]
INFO: [ app_end ] --END-- [ RunTime:0.001038s ]

[ 2020-08-18T14:45:38+08:00 ] 127.0.0.1 /index.php?g=admin&m=public&a=login
INFO: [ app_init ] --START--
INFO: Run Behavior\BuildLiteBehavior [ RunTime:0.000018s ]
INFO: Run Common\Behavior\InitHookBehavior [ RunTime:0.002278s ]
INFO: [ app_init ] --END-- [ RunTime:0.002700s ]
INFO: [ app_begin ] --START--
INFO: Run Behavior\ReadHtmlCacheBehavior [ RunTime:0.000655s ]
INFO: Run Behavior\CheckLangBehavior [ RunTime:0.001660s ]
INFO: [ app_begin ] --END-- [ RunTime:0.002415s ]
INFO: [ view_parse ] --START--
INFO: [ template_filter ] --START--
INFO: Run Behavior\ContentReplaceBehavior [ RunTime:0.000050s ]
INFO: [ template_filter ] --END-- [ RunTime:0.000110s ]
INFO: Run Behavior\ParseTemplateBehavior [ RunTime:0.009056s ]
INFO: [ view_parse ] --END-- [ RunTime:0.009121s ]
INFO: [ view_filter ] --START--
INFO: Run Behavior\WriteHtmlCacheBehavior [ RunTime:0.000484s ]
INFO: Run Common\Behavior\TmplStripSpaceBehavior [ RunTime:0.000599s ]
INFO: [ view_filter ] --END-- [ RunTime:0.001167s ]
INFO: [ app_end ] --START--
INFO: Run Behavior\ShowPageTraceBehavior [ RunTime:0.000647s ]
INFO: [ app_end ] --END-- [ RunTime:0.000700s ]

[ 2020-08-18T14:45:41+08:00 ] 127.0.0.1 /index.php?g=Admin&m=Index&a=index
INFO: [ app_init ] --START--
INFO: Run Behavior\BuildLiteBehavior [ RunTime:0.000018s ]
INFO: Run Common\Behavior\InitHookBehavior [ RunTime:0.002842s ]
INFO: [ app_init ] --END-- [ RunTime:0.003261s ]
INFO: [ app_begin ] --START--
INFO: Run Behavior\ReadHtmlCacheBehavior [ RunTime:0.000629s ]
INFO: Run Behavior\CheckLangBehavior [ RunTime:0.001334s ]
INFO: [ app_begin ] --END-- [ RunTime:0.002058s ]
INFO: [ view_parse ] --START--
INFO: [ template_filter ] --START--
INFO: Run Behavior\ContentReplaceBehavior [ RunTime:0.000103s ]
INFO: [ template_filter ] --END-- [ RunTime:0.000166s ]
NOTIC: [8] Undefined variable: site_name C:\dev\www\dev\mql\data\runtime\Cache\Admin\92f738679a8b52d9d9d6545eeacc3b7f.php 第 8 行.
INFO: Run Behavior\ParseTemplateBehavior [ RunTime:0.014507s ]
INFO: [ view_parse ] --END-- [ RunTime:0.014570s ]
INFO: [ view_filter ] --START--
INFO: Run Behavior\WriteHtmlCacheBehavior [ RunTime:0.000500s ]
INFO: Run Common\Behavior\TmplStripSpaceBehavior [ RunTime:0.000593s ]
INFO: [ view_filter ] --END-- [ RunTime:0.001178s ]
INFO: [ app_end ] --START--
INFO: Run Behavior\ShowPageTraceBehavior [ RunTime:0.000655s ]
INFO: [ app_end ] --END-- [ RunTime:0.000712s ]

[ 2020-08-18T14:45:41+08:00 ] 127.0.0.1 /index.php?g=Admin&m=Main&a=index
INFO: [ app_init ] --START--
INFO: Run Behavior\BuildLiteBehavior [ RunTime:0.000019s ]
INFO: Run Common\Behavior\InitHookBehavior [ RunTime:0.002619s ]
INFO: [ app_init ] --END-- [ RunTime:0.003075s ]
INFO: [ app_begin ] --START--
INFO: Run Behavior\ReadHtmlCacheBehavior [ RunTime:0.000678s ]
INFO: Run Behavior\CheckLangBehavior [ RunTime:0.001848s ]
INFO: [ app_begin ] --END-- [ RunTime:0.002653s ]
INFO: [ view_parse ] --START--
INFO: [ template_filter ] --START--
INFO: Run Behavior\ContentReplaceBehavior [ RunTime:0.000069s ]
INFO: [ template_filter ] --END-- [ RunTime:0.000136s ]
INFO: Run Behavior\ParseTemplateBehavior [ RunTime:0.009436s ]
INFO: [ view_parse ] --END-- [ RunTime:0.009502s ]
INFO: [ view_filter ] --START--
INFO: Run Behavior\WriteHtmlCacheBehavior [ RunTime:0.000505s ]
INFO: Run Common\Behavior\TmplStripSpaceBehavior [ RunTime:0.000603s ]
INFO: [ view_filter ] --END-- [ RunTime:0.001192s ]
INFO: [ app_end ] --START--
INFO: Run Behavior\ShowPageTraceBehavior [ RunTime:0.000806s ]
INFO: [ app_end ] --END-- [ RunTime:0.000892s ]

[ 2020-08-18T15:25:15+08:00 ] 127.0.0.1 /index.php?g=admin&m=public&a=login
INFO: [ app_init ] --START--
INFO: Run Behavior\BuildLiteBehavior [ RunTime:0.000020s ]
INFO: Run Common\Behavior\InitHookBehavior [ RunTime:0.004402s ]
INFO: [ app_init ] --END-- [ RunTime:0.005032s ]
INFO: [ app_begin ] --START--
INFO: Run Behavior\ReadHtmlCacheBehavior [ RunTime:0.000871s ]
INFO: Run Behavior\CheckLangBehavior [ RunTime:0.003000s ]
INFO: [ app_begin ] --END-- [ RunTime:0.004483s ]
INFO: [ view_parse ] --START--
INFO: [ template_filter ] --START--
INFO: Run Behavior\ContentReplaceBehavior [ RunTime:0.000166s ]
INFO: [ template_filter ] --END-- [ RunTime:0.000339s ]
INFO: Run Behavior\ParseTemplateBehavior [ RunTime:0.011763s ]
INFO: [ view_parse ] --END-- [ RunTime:0.011897s ]
INFO: [ view_filter ] --START--
INFO: Run Behavior\WriteHtmlCacheBehavior [ RunTime:0.000983s ]
INFO: Run Common\Behavior\TmplStripSpaceBehavior [ RunTime:0.002147s ]
INFO: [ view_filter ] --END-- [ RunTime:0.003366s ]
INFO: [ app_end ] --START--
INFO: Run Behavior\ShowPageTraceBehavior [ RunTime:0.001911s ]
INFO: [ app_end ] --END-- [ RunTime:0.002070s ]

[ 2020-08-18T15:25:17+08:00 ] 127.0.0.1 /index.php?g=Admin&m=Index&a=index
INFO: [ app_init ] --START--
INFO: Run Behavior\BuildLiteBehavior [ RunTime:0.000020s ]
INFO: Run Common\Behavior\InitHookBehavior [ RunTime:0.002405s ]
INFO: [ app_init ] --END-- [ RunTime:0.002991s ]
INFO: [ app_begin ] --START--
INFO: Run Behavior\ReadHtmlCacheBehavior [ RunTime:0.000673s ]
INFO: Run Behavior\CheckLangBehavior [ RunTime:0.001338s ]
INFO: [ app_begin ] --END-- [ RunTime:0.002102s ]
INFO: [ view_parse ] --START--
INFO: [ template_filter ] --START--
INFO: Run Behavior\ContentReplaceBehavior [ RunTime:0.000099s ]
INFO: [ template_filter ] --END-- [ RunTime:0.000163s ]
NOTIC: [8] Undefined variable: site_name C:\dev\www\dev\mql\data\runtime\Cache\Admin\92f738679a8b52d9d9d6545eeacc3b7f.php 第 8 行.
INFO: Run Behavior\ParseTemplateBehavior [ RunTime:0.014242s ]
INFO: [ view_parse ] --END-- [ RunTime:0.014304s ]
INFO: [ view_filter ] --START--
INFO: Run Behavior\WriteHtmlCacheBehavior [ RunTime:0.000508s ]
INFO: Run Common\Behavior\TmplStripSpaceBehavior [ RunTime:0.000595s ]
INFO: [ view_filter ] --END-- [ RunTime:0.001188s ]
INFO: [ app_end ] --START--
INFO: Run Behavior\ShowPageTraceBehavior [ RunTime:0.000663s ]
INFO: [ app_end ] --END-- [ RunTime:0.000718s ]

[ 2020-08-18T15:25:17+08:00 ] 127.0.0.1 /index.php?g=Admin&m=Main&a=index
INFO: [ app_init ] --START--
INFO: Run Behavior\BuildLiteBehavior [ RunTime:0.000038s ]
INFO: Run Common\Behavior\InitHookBehavior [ RunTime:0.005312s ]
INFO: [ app_init ] --END-- [ RunTime:0.006341s ]
INFO: [ app_begin ] --START--
INFO: Run Behavior\ReadHtmlCacheBehavior [ RunTime:0.001343s ]
INFO: Run Behavior\CheckLangBehavior [ RunTime:0.003973s ]
INFO: [ app_begin ] --END-- [ RunTime:0.005545s ]
INFO: [ view_parse ] --START--
INFO: [ template_filter ] --START--
INFO: Run Behavior\ContentReplaceBehavior [ RunTime:0.000098s ]
INFO: [ template_filter ] --END-- [ RunTime:0.000205s ]
INFO: Run Behavior\ParseTemplateBehavior [ RunTime:0.010083s ]
INFO: [ view_parse ] --END-- [ RunTime:0.010151s ]
INFO: [ view_filter ] --START--
INFO: Run Behavior\WriteHtmlCacheBehavior [ RunTime:0.000530s ]
INFO: Run Common\Behavior\TmplStripSpaceBehavior [ RunTime:0.000637s ]
INFO: [ view_filter ] --END-- [ RunTime:0.001255s ]
INFO: [ app_end ] --START--
INFO: Run Behavior\ShowPageTraceBehavior [ RunTime:0.000969s ]
INFO: [ app_end ] --END-- [ RunTime:0.001061s ]

