[ 2019-11-11T13:57:44+08:00 ] 111.198.242.225 /index.php?g=portal&m=page&a=news&id=26
INFO: [ app_init ] --START--
INFO: Run Behavior\BuildLiteBehavior [ RunTime:0.000007s ]
INFO: Run Common\Behavior\InitHookBehavior [ RunTime:0.000148s ]
INFO: [ app_init ] --END-- [ RunTime:0.000253s ]
INFO: [ app_begin ] --START--
INFO: Run Behavior\ReadHtmlCacheBehavior [ RunTime:0.000021s ]
INFO: Run Behavior\CheckLangBehavior [ RunTime:0.000051s ]
INFO: [ app_begin ] --END-- [ RunTime:0.000097s ]
INFO: [ view_parse ] --START--
INFO: [ template_filter ] --START--
INFO: Run Behavior\ContentReplaceBehavior [ RunTime:0.000087s ]
INFO: [ template_filter ] --END-- [ RunTime:0.000123s ]
NOTIC: [8] Undefined variable: user /data/wwwroot/ybzb/data/runtime/Cache/Portal/4e7d45d3c7a6effe724595d64ca9eae6.php 第 65 行.
INFO: Run Behavior\ParseTemplateBehavior [ RunTime:0.002948s ]
INFO: [ view_parse ] --END-- [ RunTime:0.002971s ]
INFO: [ view_filter ] --START--
INFO: Run Behavior\WriteHtmlCacheBehavior [ RunTime:0.000026s ]
INFO: Run Common\Behavior\TmplStripSpaceBehavior [ RunTime:0.000024s ]
INFO: [ view_filter ] --END-- [ RunTime:0.000068s ]
INFO: [ app_end ] --START--
INFO: Run Behavior\ShowPageTraceBehavior [ RunTime:0.000030s ]
INFO: [ app_end ] --END-- [ RunTime:0.000042s ]

[ 2019-11-11T13:58:02+08:00 ] 1.203.84.164 /index.php?g=portal&m=page&a=record&id=11958
INFO: [ app_init ] --START--
INFO: Run Behavior\BuildLiteBehavior [ RunTime:0.000009s ]
INFO: Run Common\Behavior\InitHookBehavior [ RunTime:0.000191s ]
INFO: [ app_init ] --END-- [ RunTime:0.000268s ]
INFO: [ app_begin ] --START--
INFO: Run Behavior\ReadHtmlCacheBehavior [ RunTime:0.000029s ]
INFO: Run Behavior\CheckLangBehavior [ RunTime:0.000068s ]
INFO: [ app_begin ] --END-- [ RunTime:0.000135s ]
NOTIC: [8] Undefined index: game_switch /data/wwwroot/ybzb/application/Common/Common/function.php 第 1912 行.
NOTIC: [8] Undefined index: game_switch /data/wwwroot/ybzb/application/Common/Common/function.php 第 1912 行.
NOTIC: [8] Undefined variable: level_a /data/wwwroot/ybzb/application/Common/Common/function.php 第 1961 行.
NOTIC: [8] Undefined index: game_switch /data/wwwroot/ybzb/application/Common/Common/function.php 第 1912 行.
NOTIC: [8] Undefined index: game_switch /data/wwwroot/ybzb/application/Common/Common/function.php 第 1912 行.
NOTIC: [8] Undefined variable: level_a /data/wwwroot/ybzb/application/Common/Common/function.php 第 1984 行.
INFO: [ view_parse ] --START--
INFO: [ template_filter ] --START--
INFO: Run Behavior\ContentReplaceBehavior [ RunTime:0.000095s ]
INFO: [ template_filter ] --END-- [ RunTime:0.000125s ]
NOTIC: [8] Undefined variable: user /data/wwwroot/ybzb/data/runtime/Cache/Portal/c29f16e7f301980deb585a441f8730f0.php 第 65 行.
INFO: Run Behavior\ParseTemplateBehavior [ RunTime:0.003661s ]
INFO: [ view_parse ] --END-- [ RunTime:0.003691s ]
INFO: [ view_filter ] --START--
INFO: Run Behavior\WriteHtmlCacheBehavior [ RunTime:0.000032s ]
INFO: Run Common\Behavior\TmplStripSpaceBehavior [ RunTime:0.000025s ]
INFO: [ view_filter ] --END-- [ RunTime:0.000071s ]
INFO: [ app_end ] --START--
INFO: Run Behavior\ShowPageTraceBehavior [ RunTime:0.000018s ]
INFO: [ app_end ] --END-- [ RunTime:0.000027s ]

[ 2019-11-11T13:58:15+08:00 ] 1.203.84.164 /index.php?g=portal&m=page&a=record&id=11959
INFO: [ app_init ] --START--
INFO: Run Behavior\BuildLiteBehavior [ RunTime:0.000007s ]
INFO: Run Common\Behavior\InitHookBehavior [ RunTime:0.000119s ]
INFO: [ app_init ] --END-- [ RunTime:0.000169s ]
INFO: [ app_begin ] --START--
INFO: Run Behavior\ReadHtmlCacheBehavior [ RunTime:0.000014s ]
INFO: Run Behavior\CheckLangBehavior [ RunTime:0.000034s ]
INFO: [ app_begin ] --END-- [ RunTime:0.000064s ]
NOTIC: [8] Undefined index: game_switch /data/wwwroot/ybzb/application/Common/Common/function.php 第 1912 行.
NOTIC: [8] Undefined index: game_switch /data/wwwroot/ybzb/application/Common/Common/function.php 第 1912 行.
NOTIC: [8] Undefined variable: level_a /data/wwwroot/ybzb/application/Common/Common/function.php 第 1961 行.
NOTIC: [8] Undefined index: game_switch /data/wwwroot/ybzb/application/Common/Common/function.php 第 1912 行.
NOTIC: [8] Undefined index: game_switch /data/wwwroot/ybzb/application/Common/Common/function.php 第 1912 行.
NOTIC: [8] Undefined variable: level_a /data/wwwroot/ybzb/application/Common/Common/function.php 第 1984 行.
INFO: [ view_parse ] --START--
INFO: [ template_filter ] --START--
INFO: Run Behavior\ContentReplaceBehavior [ RunTime:0.000090s ]
INFO: [ template_filter ] --END-- [ RunTime:0.000122s ]
NOTIC: [8] Undefined variable: user /data/wwwroot/ybzb/data/runtime/Cache/Portal/c29f16e7f301980deb585a441f8730f0.php 第 65 行.
INFO: Run Behavior\ParseTemplateBehavior [ RunTime:0.003729s ]
INFO: [ view_parse ] --END-- [ RunTime:0.003756s ]
INFO: [ view_filter ] --START--
INFO: Run Behavior\WriteHtmlCacheBehavior [ RunTime:0.000030s ]
INFO: Run Common\Behavior\TmplStripSpaceBehavior [ RunTime:0.000025s ]
INFO: [ view_filter ] --END-- [ RunTime:0.000071s ]
INFO: [ app_end ] --START--
INFO: Run Behavior\ShowPageTraceBehavior [ RunTime:0.000027s ]
INFO: [ app_end ] --END-- [ RunTime:0.000038s ]

[ 2019-11-11T13:58:19+08:00 ] 1.203.84.164 /index.php?g=portal&m=page&a=record&id=11959
INFO: [ app_init ] --START--
INFO: Run Behavior\BuildLiteBehavior [ RunTime:0.000007s ]
INFO: Run Common\Behavior\InitHookBehavior [ RunTime:0.000153s ]
INFO: [ app_init ] --END-- [ RunTime:0.000201s ]
INFO: [ app_begin ] --START--
INFO: Run Behavior\ReadHtmlCacheBehavior [ RunTime:0.000021s ]
INFO: Run Behavior\CheckLangBehavior [ RunTime:0.000044s ]
INFO: [ app_begin ] --END-- [ RunTime:0.000087s ]
NOTIC: [8] Undefined index: game_switch /data/wwwroot/ybzb/application/Common/Common/function.php 第 1912 行.
NOTIC: [8] Undefined index: game_switch /data/wwwroot/ybzb/application/Common/Common/function.php 第 1912 行.
NOTIC: [8] Undefined variable: level_a /data/wwwroot/ybzb/application/Common/Common/function.php 第 1961 行.
NOTIC: [8] Undefined index: game_switch /data/wwwroot/ybzb/application/Common/Common/function.php 第 1912 行.
NOTIC: [8] Undefined index: game_switch /data/wwwroot/ybzb/application/Common/Common/function.php 第 1912 行.
NOTIC: [8] Undefined variable: level_a /data/wwwroot/ybzb/application/Common/Common/function.php 第 1984 行.
INFO: [ view_parse ] --START--
INFO: [ template_filter ] --START--
INFO: Run Behavior\ContentReplaceBehavior [ RunTime:0.000089s ]
INFO: [ template_filter ] --END-- [ RunTime:0.000116s ]
NOTIC: [8] Undefined variable: user /data/wwwroot/ybzb/data/runtime/Cache/Portal/c29f16e7f301980deb585a441f8730f0.php 第 65 行.
INFO: Run Behavior\ParseTemplateBehavior [ RunTime:0.008998s ]
INFO: [ view_parse ] --END-- [ RunTime:0.009025s ]
INFO: [ view_filter ] --START--
INFO: Run Behavior\WriteHtmlCacheBehavior [ RunTime:0.000036s ]
INFO: Run Common\Behavior\TmplStripSpaceBehavior [ RunTime:0.000024s ]
INFO: [ view_filter ] --END-- [ RunTime:0.000076s ]
INFO: [ app_end ] --START--
INFO: Run Behavior\ShowPageTraceBehavior [ RunTime:0.000065s ]
INFO: [ app_end ] --END-- [ RunTime:0.000080s ]

[ 2019-11-11T14:01:16+08:00 ] 1.203.84.164 /index.php?g=portal&m=page&a=record&id=11960
INFO: [ app_init ] --START--
INFO: Run Behavior\BuildLiteBehavior [ RunTime:0.000006s ]
INFO: Run Common\Behavior\InitHookBehavior [ RunTime:0.000119s ]
INFO: [ app_init ] --END-- [ RunTime:0.000167s ]
INFO: [ app_begin ] --START--
INFO: Run Behavior\ReadHtmlCacheBehavior [ RunTime:0.000060s ]
INFO: Run Behavior\CheckLangBehavior [ RunTime:0.000044s ]
INFO: [ app_begin ] --END-- [ RunTime:0.000131s ]
NOTIC: [8] Undefined index: game_switch /data/wwwroot/ybzb/application/Common/Common/function.php 第 1912 行.
NOTIC: [8] Undefined index: game_switch /data/wwwroot/ybzb/application/Common/Common/function.php 第 1912 行.
NOTIC: [8] Undefined variable: level_a /data/wwwroot/ybzb/application/Common/Common/function.php 第 1961 行.
NOTIC: [8] Undefined index: game_switch /data/wwwroot/ybzb/application/Common/Common/function.php 第 1912 行.
NOTIC: [8] Undefined index: game_switch /data/wwwroot/ybzb/application/Common/Common/function.php 第 1912 行.
NOTIC: [8] Undefined variable: level_a /data/wwwroot/ybzb/application/Common/Common/function.php 第 1984 行.
NOTIC: [8] Undefined index: game_switch /data/wwwroot/ybzb/application/Common/Common/function.php 第 1912 行.
NOTIC: [8] Undefined index: game_switch /data/wwwroot/ybzb/application/Common/Common/function.php 第 1912 行.
NOTIC: [8] Undefined variable: level_a /data/wwwroot/ybzb/application/Common/Common/function.php 第 1961 行.
NOTIC: [8] Undefined index: game_switch /data/wwwroot/ybzb/application/Common/Common/function.php 第 1912 行.
NOTIC: [8] Undefined index: game_switch /data/wwwroot/ybzb/application/Common/Common/function.php 第 1912 行.
NOTIC: [8] Undefined variable: level_a /data/wwwroot/ybzb/application/Common/Common/function.php 第 1984 行.
NOTIC: [8] Undefined index: game_switch /data/wwwroot/ybzb/application/Common/Common/function.php 第 1912 行.
NOTIC: [8] Undefined index: game_switch /data/wwwroot/ybzb/application/Common/Common/function.php 第 1912 行.
NOTIC: [8] Undefined variable: level_a /data/wwwroot/ybzb/application/Common/Common/function.php 第 1961 行.
NOTIC: [8] Undefined index: game_switch /data/wwwroot/ybzb/application/Common/Common/function.php 第 1912 行.
NOTIC: [8] Undefined index: game_switch /data/wwwroot/ybzb/application/Common/Common/function.php 第 1912 行.
NOTIC: [8] Undefined variable: level_a /data/wwwroot/ybzb/application/Common/Common/function.php 第 1984 行.
INFO: [ view_parse ] --START--
INFO: [ template_filter ] --START--
INFO: Run Behavior\ContentReplaceBehavior [ RunTime:0.000088s ]
INFO: [ template_filter ] --END-- [ RunTime:0.000116s ]
INFO: Run Behavior\ParseTemplateBehavior [ RunTime:0.003708s ]
INFO: [ view_parse ] --END-- [ RunTime:0.003734s ]
INFO: [ view_filter ] --START--
INFO: Run Behavior\WriteHtmlCacheBehavior [ RunTime:0.000027s ]
INFO: Run Common\Behavior\TmplStripSpaceBehavior [ RunTime:0.000021s ]
INFO: [ view_filter ] --END-- [ RunTime:0.000063s ]
INFO: [ app_end ] --START--
INFO: Run Behavior\ShowPageTraceBehavior [ RunTime:0.000016s ]
INFO: [ app_end ] --END-- [ RunTime:0.000026s ]

[ 2019-11-11T14:02:46+08:00 ] 1.203.84.164 /index.php?g=portal&m=page&a=record&id=11958
INFO: [ app_init ] --START--
INFO: Run Behavior\BuildLiteBehavior [ RunTime:0.000006s ]
INFO: Run Common\Behavior\InitHookBehavior [ RunTime:0.000115s ]
INFO: [ app_init ] --END-- [ RunTime:0.000163s ]
INFO: [ app_begin ] --START--
INFO: Run Behavior\ReadHtmlCacheBehavior [ RunTime:0.000016s ]
INFO: Run Behavior\CheckLangBehavior [ RunTime:0.000033s ]
INFO: [ app_begin ] --END-- [ RunTime:0.000067s ]
NOTIC: [8] Undefined index: game_switch /data/wwwroot/ybzb/application/Common/Common/function.php 第 1912 行.
NOTIC: [8] Undefined index: game_switch /data/wwwroot/ybzb/application/Common/Common/function.php 第 1912 行.
NOTIC: [8] Undefined variable: level_a /data/wwwroot/ybzb/application/Common/Common/function.php 第 1961 行.
NOTIC: [8] Undefined index: game_switch /data/wwwroot/ybzb/application/Common/Common/function.php 第 1912 行.
NOTIC: [8] Undefined index: game_switch /data/wwwroot/ybzb/application/Common/Common/function.php 第 1912 行.
NOTIC: [8] Undefined variable: level_a /data/wwwroot/ybzb/application/Common/Common/function.php 第 1984 行.
INFO: [ view_parse ] --START--
INFO: [ template_filter ] --START--
INFO: Run Behavior\ContentReplaceBehavior [ RunTime:0.000109s ]
INFO: [ template_filter ] --END-- [ RunTime:0.000146s ]
NOTIC: [8] Undefined variable: user /data/wwwroot/ybzb/data/runtime/Cache/Portal/c29f16e7f301980deb585a441f8730f0.php 第 65 行.
INFO: Run Behavior\ParseTemplateBehavior [ RunTime:0.003698s ]
INFO: [ view_parse ] --END-- [ RunTime:0.003722s ]
INFO: [ view_filter ] --START--
INFO: Run Behavior\WriteHtmlCacheBehavior [ RunTime:0.000035s ]
INFO: Run Common\Behavior\TmplStripSpaceBehavior [ RunTime:0.000022s ]
INFO: [ view_filter ] --END-- [ RunTime:0.000070s ]
INFO: [ app_end ] --START--
INFO: Run Behavior\ShowPageTraceBehavior [ RunTime:0.000017s ]
INFO: [ app_end ] --END-- [ RunTime:0.000028s ]

