[ 2019-11-13T21:05:09+08:00 ] 66.249.79.236 /index.php?g=portal&m=page&a=news&id=25
INFO: [ app_init ] --START--
INFO: Run Behavior\BuildLiteBehavior [ RunTime:0.000009s ]
INFO: Run Common\Behavior\InitHookBehavior [ RunTime:0.000187s ]
INFO: [ app_init ] --END-- [ RunTime:0.000256s ]
INFO: [ app_begin ] --START--
INFO: Run Behavior\ReadHtmlCacheBehavior [ RunTime:0.000020s ]
INFO: Run Behavior\CheckLangBehavior [ RunTime:0.000058s ]
INFO: [ app_begin ] --END-- [ RunTime:0.000098s ]
INFO: [ view_parse ] --START--
INFO: [ template_filter ] --START--
INFO: Run Behavior\ContentReplaceBehavior [ RunTime:0.000087s ]
INFO: [ template_filter ] --END-- [ RunTime:0.000124s ]
NOTIC: [8] Undefined variable: user /data/wwwroot/ybzb/data/runtime/Cache/Portal/4e7d45d3c7a6effe724595d64ca9eae6.php 第 65 行.
INFO: Run Behavior\ParseTemplateBehavior [ RunTime:0.003058s ]
INFO: [ view_parse ] --END-- [ RunTime:0.003084s ]
INFO: [ view_filter ] --START--
INFO: Run Behavior\WriteHtmlCacheBehavior [ RunTime:0.000030s ]
INFO: Run Common\Behavior\TmplStripSpaceBehavior [ RunTime:0.000024s ]
INFO: [ view_filter ] --END-- [ RunTime:0.000067s ]
INFO: [ app_end ] --START--
INFO: Run Behavior\ShowPageTraceBehavior [ RunTime:0.000018s ]
INFO: [ app_end ] --END-- [ RunTime:0.000027s ]

[ 2019-11-13T21:09:02+08:00 ] 66.249.79.236 /index.php?g=portal&m=page&a=news&id=27
INFO: [ app_init ] --START--
INFO: Run Behavior\BuildLiteBehavior [ RunTime:0.000010s ]
INFO: Run Common\Behavior\InitHookBehavior [ RunTime:0.000169s ]
INFO: [ app_init ] --END-- [ RunTime:0.000238s ]
INFO: [ app_begin ] --START--
INFO: Run Behavior\ReadHtmlCacheBehavior [ RunTime:0.000018s ]
INFO: Run Behavior\CheckLangBehavior [ RunTime:0.000043s ]
INFO: [ app_begin ] --END-- [ RunTime:0.000078s ]
INFO: [ view_parse ] --START--
INFO: [ template_filter ] --START--
INFO: Run Behavior\ContentReplaceBehavior [ RunTime:0.000084s ]
INFO: [ template_filter ] --END-- [ RunTime:0.000117s ]
NOTIC: [8] Undefined variable: user /data/wwwroot/ybzb/data/runtime/Cache/Portal/4e7d45d3c7a6effe724595d64ca9eae6.php 第 65 行.
INFO: Run Behavior\ParseTemplateBehavior [ RunTime:0.002975s ]
INFO: [ view_parse ] --END-- [ RunTime:0.003004s ]
INFO: [ view_filter ] --START--
INFO: Run Behavior\WriteHtmlCacheBehavior [ RunTime:0.000029s ]
INFO: Run Common\Behavior\TmplStripSpaceBehavior [ RunTime:0.000023s ]
INFO: [ view_filter ] --END-- [ RunTime:0.000064s ]
INFO: [ app_end ] --START--
INFO: Run Behavior\ShowPageTraceBehavior [ RunTime:0.000022s ]
INFO: [ app_end ] --END-- [ RunTime:0.000034s ]

[ 2019-11-13T21:12:02+08:00 ] 66.249.79.234 /index.php?g=portal&m=page&a=news&id=26
INFO: [ app_init ] --START--
INFO: Run Behavior\BuildLiteBehavior [ RunTime:0.000008s ]
INFO: Run Common\Behavior\InitHookBehavior [ RunTime:0.000153s ]
INFO: [ app_init ] --END-- [ RunTime:0.000212s ]
INFO: [ app_begin ] --START--
INFO: Run Behavior\ReadHtmlCacheBehavior [ RunTime:0.000020s ]
INFO: Run Behavior\CheckLangBehavior [ RunTime:0.000046s ]
INFO: [ app_begin ] --END-- [ RunTime:0.000083s ]
INFO: [ view_parse ] --START--
INFO: [ template_filter ] --START--
INFO: Run Behavior\ContentReplaceBehavior [ RunTime:0.000089s ]
INFO: [ template_filter ] --END-- [ RunTime:0.000123s ]
NOTIC: [8] Undefined variable: user /data/wwwroot/ybzb/data/runtime/Cache/Portal/4e7d45d3c7a6effe724595d64ca9eae6.php 第 65 行.
INFO: Run Behavior\ParseTemplateBehavior [ RunTime:0.003025s ]
INFO: [ view_parse ] --END-- [ RunTime:0.003051s ]
INFO: [ view_filter ] --START--
INFO: Run Behavior\WriteHtmlCacheBehavior [ RunTime:0.000032s ]
INFO: Run Common\Behavior\TmplStripSpaceBehavior [ RunTime:0.000024s ]
INFO: [ view_filter ] --END-- [ RunTime:0.000068s ]
INFO: [ app_end ] --START--
INFO: Run Behavior\ShowPageTraceBehavior [ RunTime:0.000018s ]
INFO: [ app_end ] --END-- [ RunTime:0.000027s ]

[ 2019-11-13T21:15:34+08:00 ] 66.249.79.236 /index.php?g=portal&m=page&a=record&id=11958
INFO: [ app_init ] --START--
INFO: Run Behavior\BuildLiteBehavior [ RunTime:0.000007s ]
INFO: Run Common\Behavior\InitHookBehavior [ RunTime:0.000169s ]
INFO: [ app_init ] --END-- [ RunTime:0.000227s ]
INFO: [ app_begin ] --START--
INFO: Run Behavior\ReadHtmlCacheBehavior [ RunTime:0.000018s ]
INFO: Run Behavior\CheckLangBehavior [ RunTime:0.000044s ]
INFO: [ app_begin ] --END-- [ RunTime:0.000077s ]
NOTIC: [8] Undefined index: game_switch /data/wwwroot/ybzb/application/Common/Common/function.php 第 1912 行.
NOTIC: [8] Undefined index: game_switch /data/wwwroot/ybzb/application/Common/Common/function.php 第 1912 行.
NOTIC: [8] Undefined variable: level_a /data/wwwroot/ybzb/application/Common/Common/function.php 第 1961 行.
NOTIC: [8] Undefined index: game_switch /data/wwwroot/ybzb/application/Common/Common/function.php 第 1912 行.
NOTIC: [8] Undefined index: game_switch /data/wwwroot/ybzb/application/Common/Common/function.php 第 1912 行.
NOTIC: [8] Undefined variable: level_a /data/wwwroot/ybzb/application/Common/Common/function.php 第 1984 行.
INFO: [ view_parse ] --START--
INFO: [ template_filter ] --START--
INFO: Run Behavior\ContentReplaceBehavior [ RunTime:0.000087s ]
INFO: [ template_filter ] --END-- [ RunTime:0.000112s ]
NOTIC: [8] Undefined variable: user /data/wwwroot/ybzb/data/runtime/Cache/Portal/c29f16e7f301980deb585a441f8730f0.php 第 65 行.
INFO: Run Behavior\ParseTemplateBehavior [ RunTime:0.003482s ]
INFO: [ view_parse ] --END-- [ RunTime:0.003502s ]
INFO: [ view_filter ] --START--
INFO: Run Behavior\WriteHtmlCacheBehavior [ RunTime:0.000030s ]
INFO: Run Common\Behavior\TmplStripSpaceBehavior [ RunTime:0.000024s ]
INFO: [ view_filter ] --END-- [ RunTime:0.000067s ]
INFO: [ app_end ] --START--
INFO: Run Behavior\ShowPageTraceBehavior [ RunTime:0.000018s ]
INFO: [ app_end ] --END-- [ RunTime:0.000027s ]

[ 2019-11-13T21:17:57+08:00 ] 66.249.79.234 /index.php?g=portal&m=page&a=record&id=11960
INFO: [ app_init ] --START--
INFO: Run Behavior\BuildLiteBehavior [ RunTime:0.000009s ]
INFO: Run Common\Behavior\InitHookBehavior [ RunTime:0.000141s ]
INFO: [ app_init ] --END-- [ RunTime:0.000202s ]
INFO: [ app_begin ] --START--
INFO: Run Behavior\ReadHtmlCacheBehavior [ RunTime:0.000018s ]
INFO: Run Behavior\CheckLangBehavior [ RunTime:0.000037s ]
INFO: [ app_begin ] --END-- [ RunTime:0.000071s ]
NOTIC: [8] Undefined index: game_switch /data/wwwroot/ybzb/application/Common/Common/function.php 第 1912 行.
NOTIC: [8] Undefined index: game_switch /data/wwwroot/ybzb/application/Common/Common/function.php 第 1912 行.
NOTIC: [8] Undefined variable: level_a /data/wwwroot/ybzb/application/Common/Common/function.php 第 1961 行.
NOTIC: [8] Undefined index: game_switch /data/wwwroot/ybzb/application/Common/Common/function.php 第 1912 行.
NOTIC: [8] Undefined index: game_switch /data/wwwroot/ybzb/application/Common/Common/function.php 第 1912 行.
NOTIC: [8] Undefined variable: level_a /data/wwwroot/ybzb/application/Common/Common/function.php 第 1984 行.
INFO: [ view_parse ] --START--
INFO: [ template_filter ] --START--
INFO: Run Behavior\ContentReplaceBehavior [ RunTime:0.000121s ]
INFO: [ template_filter ] --END-- [ RunTime:0.000156s ]
NOTIC: [8] Undefined variable: user /data/wwwroot/ybzb/data/runtime/Cache/Portal/c29f16e7f301980deb585a441f8730f0.php 第 65 行.
INFO: Run Behavior\ParseTemplateBehavior [ RunTime:0.003911s ]
INFO: [ view_parse ] --END-- [ RunTime:0.003938s ]
INFO: [ view_filter ] --START--
INFO: Run Behavior\WriteHtmlCacheBehavior [ RunTime:0.000042s ]
INFO: Run Common\Behavior\TmplStripSpaceBehavior [ RunTime:0.000028s ]
INFO: [ view_filter ] --END-- [ RunTime:0.000087s ]
INFO: [ app_end ] --START--
INFO: Run Behavior\ShowPageTraceBehavior [ RunTime:0.000018s ]
INFO: [ app_end ] --END-- [ RunTime:0.000026s ]

[ 2019-11-13T21:20:53+08:00 ] 66.249.79.236 /index.php?g=portal&m=page&a=record&id=11961
INFO: [ app_init ] --START--
INFO: Run Behavior\BuildLiteBehavior [ RunTime:0.000009s ]
INFO: Run Common\Behavior\InitHookBehavior [ RunTime:0.000164s ]
INFO: [ app_init ] --END-- [ RunTime:0.000237s ]
INFO: [ app_begin ] --START--
INFO: Run Behavior\ReadHtmlCacheBehavior [ RunTime:0.000020s ]
INFO: Run Behavior\CheckLangBehavior [ RunTime:0.000046s ]
INFO: [ app_begin ] --END-- [ RunTime:0.000083s ]
NOTIC: [8] Undefined index: game_switch /data/wwwroot/ybzb/application/Common/Common/function.php 第 1912 行.
NOTIC: [8] Undefined index: game_switch /data/wwwroot/ybzb/application/Common/Common/function.php 第 1912 行.
NOTIC: [8] Undefined variable: level_a /data/wwwroot/ybzb/application/Common/Common/function.php 第 1961 行.
NOTIC: [8] Undefined index: game_switch /data/wwwroot/ybzb/application/Common/Common/function.php 第 1912 行.
NOTIC: [8] Undefined index: game_switch /data/wwwroot/ybzb/application/Common/Common/function.php 第 1912 行.
NOTIC: [8] Undefined variable: level_a /data/wwwroot/ybzb/application/Common/Common/function.php 第 1984 行.
INFO: [ view_parse ] --START--
INFO: [ template_filter ] --START--
INFO: Run Behavior\ContentReplaceBehavior [ RunTime:0.000089s ]
INFO: [ template_filter ] --END-- [ RunTime:0.000115s ]
NOTIC: [8] Undefined variable: user /data/wwwroot/ybzb/data/runtime/Cache/Portal/c29f16e7f301980deb585a441f8730f0.php 第 65 行.
INFO: Run Behavior\ParseTemplateBehavior [ RunTime:0.003573s ]
INFO: [ view_parse ] --END-- [ RunTime:0.003594s ]
INFO: [ view_filter ] --START--
INFO: Run Behavior\WriteHtmlCacheBehavior [ RunTime:0.000030s ]
INFO: Run Common\Behavior\TmplStripSpaceBehavior [ RunTime:0.000036s ]
INFO: [ view_filter ] --END-- [ RunTime:0.000081s ]
INFO: [ app_end ] --START--
INFO: Run Behavior\ShowPageTraceBehavior [ RunTime:0.000019s ]
INFO: [ app_end ] --END-- [ RunTime:0.000027s ]

