[ 2019-11-18T10:19:48+08:00 ] 123.15.49.66 /index.php?g=portal&m=page&a=record&id=11961
INFO: [ app_init ] --START--
INFO: Run Behavior\BuildLiteBehavior [ RunTime:0.000007s ]
INFO: Run Common\Behavior\InitHookBehavior [ RunTime:0.000151s ]
INFO: [ app_init ] --END-- [ RunTime:0.000206s ]
INFO: [ app_begin ] --START--
INFO: Run Behavior\ReadHtmlCacheBehavior [ RunTime:0.000027s ]
INFO: Run Behavior\CheckLangBehavior [ RunTime:0.000048s ]
INFO: [ app_begin ] --END-- [ RunTime:0.000096s ]
NOTIC: [8] Undefined index: game_switch /data/wwwroot/ybzb/application/Common/Common/function.php 第 1912 行.
NOTIC: [8] Undefined index: game_switch /data/wwwroot/ybzb/application/Common/Common/function.php 第 1912 行.
NOTIC: [8] Undefined variable: level_a /data/wwwroot/ybzb/application/Common/Common/function.php 第 1961 行.
NOTIC: [8] Undefined index: game_switch /data/wwwroot/ybzb/application/Common/Common/function.php 第 1912 行.
NOTIC: [8] Undefined index: game_switch /data/wwwroot/ybzb/application/Common/Common/function.php 第 1912 行.
NOTIC: [8] Undefined variable: level_a /data/wwwroot/ybzb/application/Common/Common/function.php 第 1984 行.
INFO: [ view_parse ] --START--
INFO: [ template_filter ] --START--
INFO: Run Behavior\ContentReplaceBehavior [ RunTime:0.000091s ]
INFO: [ template_filter ] --END-- [ RunTime:0.000124s ]
NOTIC: [8] Undefined variable: user /data/wwwroot/ybzb/data/runtime/Cache/Portal/c29f16e7f301980deb585a441f8730f0.php 第 65 行.
INFO: Run Behavior\ParseTemplateBehavior [ RunTime:0.003568s ]
INFO: [ view_parse ] --END-- [ RunTime:0.003588s ]
INFO: [ view_filter ] --START--
INFO: Run Behavior\WriteHtmlCacheBehavior [ RunTime:0.000034s ]
INFO: Run Common\Behavior\TmplStripSpaceBehavior [ RunTime:0.000024s ]
INFO: [ view_filter ] --END-- [ RunTime:0.000078s ]
INFO: [ app_end ] --START--
INFO: Run Behavior\ShowPageTraceBehavior [ RunTime:0.000018s ]
INFO: [ app_end ] --END-- [ RunTime:0.000027s ]

[ 2019-11-18T10:40:01+08:00 ] 123.15.49.66 /index.php?g=portal&m=page&a=record&id=11959
INFO: [ app_init ] --START--
INFO: Run Behavior\BuildLiteBehavior [ RunTime:0.000008s ]
INFO: Run Common\Behavior\InitHookBehavior [ RunTime:0.000139s ]
INFO: [ app_init ] --END-- [ RunTime:0.000195s ]
INFO: [ app_begin ] --START--
INFO: Run Behavior\ReadHtmlCacheBehavior [ RunTime:0.000015s ]
INFO: Run Behavior\CheckLangBehavior [ RunTime:0.000035s ]
INFO: [ app_begin ] --END-- [ RunTime:0.000065s ]
NOTIC: [8] Undefined index: game_switch /data/wwwroot/ybzb/application/Common/Common/function.php 第 1912 行.
NOTIC: [8] Undefined index: game_switch /data/wwwroot/ybzb/application/Common/Common/function.php 第 1912 行.
NOTIC: [8] Undefined variable: level_a /data/wwwroot/ybzb/application/Common/Common/function.php 第 1961 行.
NOTIC: [8] Undefined index: game_switch /data/wwwroot/ybzb/application/Common/Common/function.php 第 1912 行.
NOTIC: [8] Undefined index: game_switch /data/wwwroot/ybzb/application/Common/Common/function.php 第 1912 行.
NOTIC: [8] Undefined variable: level_a /data/wwwroot/ybzb/application/Common/Common/function.php 第 1984 行.
INFO: [ view_parse ] --START--
INFO: [ template_filter ] --START--
INFO: Run Behavior\ContentReplaceBehavior [ RunTime:0.000102s ]
INFO: [ template_filter ] --END-- [ RunTime:0.000149s ]
NOTIC: [8] Undefined variable: user /data/wwwroot/ybzb/data/runtime/Cache/Portal/c29f16e7f301980deb585a441f8730f0.php 第 65 行.
INFO: Run Behavior\ParseTemplateBehavior [ RunTime:0.003579s ]
INFO: [ view_parse ] --END-- [ RunTime:0.003600s ]
INFO: [ view_filter ] --START--
INFO: Run Behavior\WriteHtmlCacheBehavior [ RunTime:0.000026s ]
INFO: Run Common\Behavior\TmplStripSpaceBehavior [ RunTime:0.000019s ]
INFO: [ view_filter ] --END-- [ RunTime:0.000059s ]
INFO: [ app_end ] --START--
INFO: Run Behavior\ShowPageTraceBehavior [ RunTime:0.000013s ]
INFO: [ app_end ] --END-- [ RunTime:0.000022s ]

[ 2019-11-18T14:21:40+08:00 ] 121.69.85.58 /index.php?g=portal&m=page&a=record&id=11959
INFO: [ app_init ] --START--
INFO: Run Behavior\BuildLiteBehavior [ RunTime:0.000007s ]
INFO: Run Common\Behavior\InitHookBehavior [ RunTime:0.000153s ]
INFO: [ app_init ] --END-- [ RunTime:0.000205s ]
INFO: [ app_begin ] --START--
INFO: Run Behavior\ReadHtmlCacheBehavior [ RunTime:0.000015s ]
INFO: Run Behavior\CheckLangBehavior [ RunTime:0.000033s ]
INFO: [ app_begin ] --END-- [ RunTime:0.000065s ]
NOTIC: [8] Undefined index: game_switch /data/wwwroot/ybzb/application/Common/Common/function.php 第 1912 行.
NOTIC: [8] Undefined index: game_switch /data/wwwroot/ybzb/application/Common/Common/function.php 第 1912 行.
NOTIC: [8] Undefined variable: level_a /data/wwwroot/ybzb/application/Common/Common/function.php 第 1961 行.
NOTIC: [8] Undefined index: game_switch /data/wwwroot/ybzb/application/Common/Common/function.php 第 1912 行.
NOTIC: [8] Undefined index: game_switch /data/wwwroot/ybzb/application/Common/Common/function.php 第 1912 行.
NOTIC: [8] Undefined variable: level_a /data/wwwroot/ybzb/application/Common/Common/function.php 第 1984 行.
INFO: [ view_parse ] --START--
INFO: [ template_filter ] --START--
INFO: Run Behavior\ContentReplaceBehavior [ RunTime:0.000088s ]
INFO: [ template_filter ] --END-- [ RunTime:0.000114s ]
NOTIC: [8] Undefined variable: user /data/wwwroot/ybzb/data/runtime/Cache/Portal/c29f16e7f301980deb585a441f8730f0.php 第 65 行.
INFO: Run Behavior\ParseTemplateBehavior [ RunTime:0.003539s ]
INFO: [ view_parse ] --END-- [ RunTime:0.003562s ]
INFO: [ view_filter ] --START--
INFO: Run Behavior\WriteHtmlCacheBehavior [ RunTime:0.000029s ]
INFO: Run Common\Behavior\TmplStripSpaceBehavior [ RunTime:0.000024s ]
INFO: [ view_filter ] --END-- [ RunTime:0.000069s ]
INFO: [ app_end ] --START--
INFO: Run Behavior\ShowPageTraceBehavior [ RunTime:0.000015s ]
INFO: [ app_end ] --END-- [ RunTime:0.000023s ]

