[ 2019-11-20T03:36:51+08:00 ] 114.67.102.201 /index.php?g=portal&m=page&a=news&id=25
INFO: [ app_init ] --START--
INFO: Run Behavior\BuildLiteBehavior [ RunTime:0.000008s ]
INFO: Run Common\Behavior\InitHookBehavior [ RunTime:0.000145s ]
INFO: [ app_init ] --END-- [ RunTime:0.000195s ]
INFO: [ app_begin ] --START--
INFO: Run Behavior\ReadHtmlCacheBehavior [ RunTime:0.000020s ]
INFO: Run Behavior\CheckLangBehavior [ RunTime:0.000048s ]
INFO: [ app_begin ] --END-- [ RunTime:0.000127s ]
INFO: [ view_parse ] --START--
INFO: [ template_filter ] --START--
INFO: Run Behavior\ContentReplaceBehavior [ RunTime:0.000078s ]
INFO: [ template_filter ] --END-- [ RunTime:0.000123s ]
NOTIC: [8] Undefined variable: user /data/wwwroot/ybzb/data/runtime/Cache/Portal/4e7d45d3c7a6effe724595d64ca9eae6.php 第 65 行.
INFO: Run Behavior\ParseTemplateBehavior [ RunTime:0.002929s ]
INFO: [ view_parse ] --END-- [ RunTime:0.002955s ]
INFO: [ view_filter ] --START--
INFO: Run Behavior\WriteHtmlCacheBehavior [ RunTime:0.000021s ]
INFO: Run Common\Behavior\TmplStripSpaceBehavior [ RunTime:0.000018s ]
INFO: [ view_filter ] --END-- [ RunTime:0.000052s ]
INFO: [ app_end ] --START--
INFO: Run Behavior\ShowPageTraceBehavior [ RunTime:0.000017s ]
INFO: [ app_end ] --END-- [ RunTime:0.000026s ]

[ 2019-11-20T03:36:51+08:00 ] 114.67.102.201 /index.php?g=portal&m=page&a=news&id=26
INFO: [ app_init ] --START--
INFO: Run Behavior\BuildLiteBehavior [ RunTime:0.000008s ]
INFO: Run Common\Behavior\InitHookBehavior [ RunTime:0.000132s ]
INFO: [ app_init ] --END-- [ RunTime:0.000184s ]
INFO: [ app_begin ] --START--
INFO: Run Behavior\ReadHtmlCacheBehavior [ RunTime:0.000017s ]
INFO: Run Behavior\CheckLangBehavior [ RunTime:0.000036s ]
INFO: [ app_begin ] --END-- [ RunTime:0.000070s ]
INFO: [ view_parse ] --START--
INFO: [ template_filter ] --START--
INFO: Run Behavior\ContentReplaceBehavior [ RunTime:0.000079s ]
INFO: [ template_filter ] --END-- [ RunTime:0.000106s ]
NOTIC: [8] Undefined variable: user /data/wwwroot/ybzb/data/runtime/Cache/Portal/4e7d45d3c7a6effe724595d64ca9eae6.php 第 65 行.
INFO: Run Behavior\ParseTemplateBehavior [ RunTime:0.002814s ]
INFO: [ view_parse ] --END-- [ RunTime:0.002837s ]
INFO: [ view_filter ] --START--
INFO: Run Behavior\WriteHtmlCacheBehavior [ RunTime:0.000024s ]
INFO: Run Common\Behavior\TmplStripSpaceBehavior [ RunTime:0.000019s ]
INFO: [ view_filter ] --END-- [ RunTime:0.000057s ]
INFO: [ app_end ] --START--
INFO: Run Behavior\ShowPageTraceBehavior [ RunTime:0.000013s ]
INFO: [ app_end ] --END-- [ RunTime:0.000021s ]

[ 2019-11-20T03:36:51+08:00 ] 114.67.102.201 /index.php?g=portal&m=page&a=news&id=27
INFO: [ app_init ] --START--
INFO: Run Behavior\BuildLiteBehavior [ RunTime:0.000007s ]
INFO: Run Common\Behavior\InitHookBehavior [ RunTime:0.000125s ]
INFO: [ app_init ] --END-- [ RunTime:0.000173s ]
INFO: [ app_begin ] --START--
INFO: Run Behavior\ReadHtmlCacheBehavior [ RunTime:0.000014s ]
INFO: Run Behavior\CheckLangBehavior [ RunTime:0.000034s ]
INFO: [ app_begin ] --END-- [ RunTime:0.000063s ]
INFO: [ view_parse ] --START--
INFO: [ template_filter ] --START--
INFO: Run Behavior\ContentReplaceBehavior [ RunTime:0.000081s ]
INFO: [ template_filter ] --END-- [ RunTime:0.000107s ]
NOTIC: [8] Undefined variable: user /data/wwwroot/ybzb/data/runtime/Cache/Portal/4e7d45d3c7a6effe724595d64ca9eae6.php 第 65 行.
INFO: Run Behavior\ParseTemplateBehavior [ RunTime:0.002694s ]
INFO: [ view_parse ] --END-- [ RunTime:0.002718s ]
INFO: [ view_filter ] --START--
INFO: Run Behavior\WriteHtmlCacheBehavior [ RunTime:0.000023s ]
INFO: Run Common\Behavior\TmplStripSpaceBehavior [ RunTime:0.000030s ]
INFO: [ view_filter ] --END-- [ RunTime:0.000067s ]
INFO: [ app_end ] --START--
INFO: Run Behavior\ShowPageTraceBehavior [ RunTime:0.000014s ]
INFO: [ app_end ] --END-- [ RunTime:0.000021s ]

[ 2019-11-20T03:36:53+08:00 ] 114.67.102.201 /index.php?g=portal&m=page&a=news&id=25
INFO: [ app_init ] --START--
INFO: Run Behavior\BuildLiteBehavior [ RunTime:0.000006s ]
INFO: Run Common\Behavior\InitHookBehavior [ RunTime:0.000117s ]
INFO: [ app_init ] --END-- [ RunTime:0.000198s ]
INFO: [ app_begin ] --START--
INFO: Run Behavior\ReadHtmlCacheBehavior [ RunTime:0.000014s ]
INFO: Run Behavior\CheckLangBehavior [ RunTime:0.000035s ]
INFO: [ app_begin ] --END-- [ RunTime:0.000063s ]
INFO: [ view_parse ] --START--
INFO: [ template_filter ] --START--
INFO: Run Behavior\ContentReplaceBehavior [ RunTime:0.000086s ]
INFO: [ template_filter ] --END-- [ RunTime:0.000120s ]
NOTIC: [8] Undefined variable: user /data/wwwroot/ybzb/data/runtime/Cache/Portal/4e7d45d3c7a6effe724595d64ca9eae6.php 第 65 行.
INFO: Run Behavior\ParseTemplateBehavior [ RunTime:0.003104s ]
INFO: [ view_parse ] --END-- [ RunTime:0.003128s ]
INFO: [ view_filter ] --START--
INFO: Run Behavior\WriteHtmlCacheBehavior [ RunTime:0.000022s ]
INFO: Run Common\Behavior\TmplStripSpaceBehavior [ RunTime:0.000018s ]
INFO: [ view_filter ] --END-- [ RunTime:0.000052s ]
INFO: [ app_end ] --START--
INFO: Run Behavior\ShowPageTraceBehavior [ RunTime:0.000016s ]
INFO: [ app_end ] --END-- [ RunTime:0.000026s ]

[ 2019-11-20T03:36:53+08:00 ] 114.67.102.201 /index.php?g=portal&m=page&a=news&id=26
INFO: [ app_init ] --START--
INFO: Run Behavior\BuildLiteBehavior [ RunTime:0.000006s ]
INFO: Run Common\Behavior\InitHookBehavior [ RunTime:0.000167s ]
INFO: [ app_init ] --END-- [ RunTime:0.000220s ]
INFO: [ app_begin ] --START--
INFO: Run Behavior\ReadHtmlCacheBehavior [ RunTime:0.000016s ]
INFO: Run Behavior\CheckLangBehavior [ RunTime:0.000034s ]
INFO: [ app_begin ] --END-- [ RunTime:0.000068s ]
INFO: [ view_parse ] --START--
INFO: [ template_filter ] --START--
INFO: Run Behavior\ContentReplaceBehavior [ RunTime:0.000081s ]
INFO: [ template_filter ] --END-- [ RunTime:0.000113s ]
NOTIC: [8] Undefined variable: user /data/wwwroot/ybzb/data/runtime/Cache/Portal/4e7d45d3c7a6effe724595d64ca9eae6.php 第 65 行.
INFO: Run Behavior\ParseTemplateBehavior [ RunTime:0.003438s ]
INFO: [ view_parse ] --END-- [ RunTime:0.003468s ]
INFO: [ view_filter ] --START--
INFO: Run Behavior\WriteHtmlCacheBehavior [ RunTime:0.000033s ]
INFO: Run Common\Behavior\TmplStripSpaceBehavior [ RunTime:0.000026s ]
INFO: [ view_filter ] --END-- [ RunTime:0.000078s ]
INFO: [ app_end ] --START--
INFO: Run Behavior\ShowPageTraceBehavior [ RunTime:0.000016s ]
INFO: [ app_end ] --END-- [ RunTime:0.000026s ]

[ 2019-11-20T03:36:53+08:00 ] 114.67.102.201 /index.php?g=portal&m=page&a=news&id=27
INFO: [ app_init ] --START--
INFO: Run Behavior\BuildLiteBehavior [ RunTime:0.000007s ]
INFO: Run Common\Behavior\InitHookBehavior [ RunTime:0.000116s ]
INFO: [ app_init ] --END-- [ RunTime:0.000163s ]
INFO: [ app_begin ] --START--
INFO: Run Behavior\ReadHtmlCacheBehavior [ RunTime:0.000013s ]
INFO: Run Behavior\CheckLangBehavior [ RunTime:0.000034s ]
INFO: [ app_begin ] --END-- [ RunTime:0.000063s ]
INFO: [ view_parse ] --START--
INFO: [ template_filter ] --START--
INFO: Run Behavior\ContentReplaceBehavior [ RunTime:0.000079s ]
INFO: [ template_filter ] --END-- [ RunTime:0.000109s ]
NOTIC: [8] Undefined variable: user /data/wwwroot/ybzb/data/runtime/Cache/Portal/4e7d45d3c7a6effe724595d64ca9eae6.php 第 65 行.
INFO: Run Behavior\ParseTemplateBehavior [ RunTime:0.003030s ]
INFO: [ view_parse ] --END-- [ RunTime:0.003055s ]
INFO: [ view_filter ] --START--
INFO: Run Behavior\WriteHtmlCacheBehavior [ RunTime:0.000022s ]
INFO: Run Common\Behavior\TmplStripSpaceBehavior [ RunTime:0.000019s ]
INFO: [ view_filter ] --END-- [ RunTime:0.000056s ]
INFO: [ app_end ] --START--
INFO: Run Behavior\ShowPageTraceBehavior [ RunTime:0.000018s ]
INFO: [ app_end ] --END-- [ RunTime:0.000030s ]

[ 2019-11-20T03:36:55+08:00 ] 114.67.102.201 /index.php?g=portal&m=page&a=record&id=11958
INFO: [ app_init ] --START--
INFO: Run Behavior\BuildLiteBehavior [ RunTime:0.000006s ]
INFO: Run Common\Behavior\InitHookBehavior [ RunTime:0.000117s ]
INFO: [ app_init ] --END-- [ RunTime:0.000164s ]
INFO: [ app_begin ] --START--
INFO: Run Behavior\ReadHtmlCacheBehavior [ RunTime:0.000014s ]
INFO: Run Behavior\CheckLangBehavior [ RunTime:0.000035s ]
INFO: [ app_begin ] --END-- [ RunTime:0.000065s ]
NOTIC: [8] Undefined index: game_switch /data/wwwroot/ybzb/application/Common/Common/function.php 第 1912 行.
NOTIC: [8] Undefined index: game_switch /data/wwwroot/ybzb/application/Common/Common/function.php 第 1912 行.
NOTIC: [8] Undefined variable: level_a /data/wwwroot/ybzb/application/Common/Common/function.php 第 1961 行.
NOTIC: [8] Undefined index: game_switch /data/wwwroot/ybzb/application/Common/Common/function.php 第 1912 行.
NOTIC: [8] Undefined index: game_switch /data/wwwroot/ybzb/application/Common/Common/function.php 第 1912 行.
NOTIC: [8] Undefined variable: level_a /data/wwwroot/ybzb/application/Common/Common/function.php 第 1984 行.
INFO: [ view_parse ] --START--
INFO: [ template_filter ] --START--
INFO: Run Behavior\ContentReplaceBehavior [ RunTime:0.000091s ]
INFO: [ template_filter ] --END-- [ RunTime:0.000123s ]
NOTIC: [8] Undefined variable: user /data/wwwroot/ybzb/data/runtime/Cache/Portal/c29f16e7f301980deb585a441f8730f0.php 第 65 行.
INFO: Run Behavior\ParseTemplateBehavior [ RunTime:0.003920s ]
INFO: [ view_parse ] --END-- [ RunTime:0.003943s ]
INFO: [ view_filter ] --START--
INFO: Run Behavior\WriteHtmlCacheBehavior [ RunTime:0.000026s ]
INFO: Run Common\Behavior\TmplStripSpaceBehavior [ RunTime:0.000021s ]
INFO: [ view_filter ] --END-- [ RunTime:0.000059s ]
INFO: [ app_end ] --START--
INFO: Run Behavior\ShowPageTraceBehavior [ RunTime:0.000019s ]
INFO: [ app_end ] --END-- [ RunTime:0.000031s ]

[ 2019-11-20T03:36:55+08:00 ] 114.67.102.201 /index.php?g=portal&m=page&a=record&id=11959
INFO: [ app_init ] --START--
INFO: Run Behavior\BuildLiteBehavior [ RunTime:0.000007s ]
INFO: Run Common\Behavior\InitHookBehavior [ RunTime:0.000130s ]
INFO: [ app_init ] --END-- [ RunTime:0.000178s ]
INFO: [ app_begin ] --START--
INFO: Run Behavior\ReadHtmlCacheBehavior [ RunTime:0.000020s ]
INFO: Run Behavior\CheckLangBehavior [ RunTime:0.000038s ]
INFO: [ app_begin ] --END-- [ RunTime:0.000079s ]
NOTIC: [8] Undefined index: game_switch /data/wwwroot/ybzb/application/Common/Common/function.php 第 1912 行.
NOTIC: [8] Undefined index: game_switch /data/wwwroot/ybzb/application/Common/Common/function.php 第 1912 行.
NOTIC: [8] Undefined variable: level_a /data/wwwroot/ybzb/application/Common/Common/function.php 第 1961 行.
NOTIC: [8] Undefined index: game_switch /data/wwwroot/ybzb/application/Common/Common/function.php 第 1912 行.
NOTIC: [8] Undefined index: game_switch /data/wwwroot/ybzb/application/Common/Common/function.php 第 1912 行.
NOTIC: [8] Undefined variable: level_a /data/wwwroot/ybzb/application/Common/Common/function.php 第 1984 行.
INFO: [ view_parse ] --START--
INFO: [ template_filter ] --START--
INFO: Run Behavior\ContentReplaceBehavior [ RunTime:0.000104s ]
INFO: [ template_filter ] --END-- [ RunTime:0.000132s ]
NOTIC: [8] Undefined variable: user /data/wwwroot/ybzb/data/runtime/Cache/Portal/c29f16e7f301980deb585a441f8730f0.php 第 65 行.
INFO: Run Behavior\ParseTemplateBehavior [ RunTime:0.003507s ]
INFO: [ view_parse ] --END-- [ RunTime:0.003529s ]
INFO: [ view_filter ] --START--
INFO: Run Behavior\WriteHtmlCacheBehavior [ RunTime:0.000028s ]
INFO: Run Common\Behavior\TmplStripSpaceBehavior [ RunTime:0.000019s ]
INFO: [ view_filter ] --END-- [ RunTime:0.000061s ]
INFO: [ app_end ] --START--
INFO: Run Behavior\ShowPageTraceBehavior [ RunTime:0.000014s ]
INFO: [ app_end ] --END-- [ RunTime:0.000022s ]

[ 2019-11-20T03:36:55+08:00 ] 114.67.102.201 /index.php?g=portal&m=page&a=record&id=11960
INFO: [ app_init ] --START--
INFO: Run Behavior\BuildLiteBehavior [ RunTime:0.000010s ]
INFO: Run Common\Behavior\InitHookBehavior [ RunTime:0.000146s ]
INFO: [ app_init ] --END-- [ RunTime:0.000214s ]
INFO: [ app_begin ] --START--
INFO: Run Behavior\ReadHtmlCacheBehavior [ RunTime:0.000018s ]
INFO: Run Behavior\CheckLangBehavior [ RunTime:0.000049s ]
INFO: [ app_begin ] --END-- [ RunTime:0.000110s ]
NOTIC: [8] Undefined index: game_switch /data/wwwroot/ybzb/application/Common/Common/function.php 第 1912 行.
NOTIC: [8] Undefined index: game_switch /data/wwwroot/ybzb/application/Common/Common/function.php 第 1912 行.
NOTIC: [8] Undefined variable: level_a /data/wwwroot/ybzb/application/Common/Common/function.php 第 1961 行.
NOTIC: [8] Undefined index: game_switch /data/wwwroot/ybzb/application/Common/Common/function.php 第 1912 行.
NOTIC: [8] Undefined index: game_switch /data/wwwroot/ybzb/application/Common/Common/function.php 第 1912 行.
NOTIC: [8] Undefined variable: level_a /data/wwwroot/ybzb/application/Common/Common/function.php 第 1984 行.
INFO: [ view_parse ] --START--
INFO: [ template_filter ] --START--
INFO: Run Behavior\ContentReplaceBehavior [ RunTime:0.000091s ]
INFO: [ template_filter ] --END-- [ RunTime:0.000117s ]
NOTIC: [8] Undefined variable: user /data/wwwroot/ybzb/data/runtime/Cache/Portal/c29f16e7f301980deb585a441f8730f0.php 第 65 行.
INFO: Run Behavior\ParseTemplateBehavior [ RunTime:0.003337s ]
INFO: [ view_parse ] --END-- [ RunTime:0.003357s ]
INFO: [ view_filter ] --START--
INFO: Run Behavior\WriteHtmlCacheBehavior [ RunTime:0.000023s ]
INFO: Run Common\Behavior\TmplStripSpaceBehavior [ RunTime:0.000020s ]
INFO: [ view_filter ] --END-- [ RunTime:0.000055s ]
INFO: [ app_end ] --START--
INFO: Run Behavior\ShowPageTraceBehavior [ RunTime:0.000014s ]
INFO: [ app_end ] --END-- [ RunTime:0.000022s ]

[ 2019-11-20T03:36:55+08:00 ] 114.67.102.201 /index.php?g=portal&m=page&a=record&id=11961
INFO: [ app_init ] --START--
INFO: Run Behavior\BuildLiteBehavior [ RunTime:0.000010s ]
INFO: Run Common\Behavior\InitHookBehavior [ RunTime:0.000170s ]
INFO: [ app_init ] --END-- [ RunTime:0.000239s ]
INFO: [ app_begin ] --START--
INFO: Run Behavior\ReadHtmlCacheBehavior [ RunTime:0.000015s ]
INFO: Run Behavior\CheckLangBehavior [ RunTime:0.000041s ]
INFO: [ app_begin ] --END-- [ RunTime:0.000072s ]
NOTIC: [8] Undefined index: game_switch /data/wwwroot/ybzb/application/Common/Common/function.php 第 1912 行.
NOTIC: [8] Undefined index: game_switch /data/wwwroot/ybzb/application/Common/Common/function.php 第 1912 行.
NOTIC: [8] Undefined variable: level_a /data/wwwroot/ybzb/application/Common/Common/function.php 第 1961 行.
NOTIC: [8] Undefined index: game_switch /data/wwwroot/ybzb/application/Common/Common/function.php 第 1912 行.
NOTIC: [8] Undefined index: game_switch /data/wwwroot/ybzb/application/Common/Common/function.php 第 1912 行.
NOTIC: [8] Undefined variable: level_a /data/wwwroot/ybzb/application/Common/Common/function.php 第 1984 行.
INFO: [ view_parse ] --START--
INFO: [ template_filter ] --START--
INFO: Run Behavior\ContentReplaceBehavior [ RunTime:0.000092s ]
INFO: [ template_filter ] --END-- [ RunTime:0.000125s ]
NOTIC: [8] Undefined variable: user /data/wwwroot/ybzb/data/runtime/Cache/Portal/c29f16e7f301980deb585a441f8730f0.php 第 65 行.
INFO: Run Behavior\ParseTemplateBehavior [ RunTime:0.005742s ]
INFO: [ view_parse ] --END-- [ RunTime:0.005773s ]
INFO: [ view_filter ] --START--
INFO: Run Behavior\WriteHtmlCacheBehavior [ RunTime:0.000032s ]
INFO: Run Common\Behavior\TmplStripSpaceBehavior [ RunTime:0.000026s ]
INFO: [ view_filter ] --END-- [ RunTime:0.000075s ]
INFO: [ app_end ] --START--
INFO: Run Behavior\ShowPageTraceBehavior [ RunTime:0.000019s ]
INFO: [ app_end ] --END-- [ RunTime:0.000029s ]

[ 2019-11-20T14:38:20+08:00 ] 220.181.108.152 /index.php?g=portal&m=page&a=news&id=25
INFO: [ app_init ] --START--
INFO: Run Behavior\BuildLiteBehavior [ RunTime:0.000010s ]
INFO: Run Common\Behavior\InitHookBehavior [ RunTime:0.000148s ]
INFO: [ app_init ] --END-- [ RunTime:0.000210s ]
INFO: [ app_begin ] --START--
INFO: Run Behavior\ReadHtmlCacheBehavior [ RunTime:0.000018s ]
INFO: Run Behavior\CheckLangBehavior [ RunTime:0.000044s ]
INFO: [ app_begin ] --END-- [ RunTime:0.000078s ]
INFO: [ view_parse ] --START--
INFO: [ template_filter ] --START--
INFO: Run Behavior\ContentReplaceBehavior [ RunTime:0.000085s ]
INFO: [ template_filter ] --END-- [ RunTime:0.000117s ]
NOTIC: [8] Undefined variable: user /data/wwwroot/ybzb/data/runtime/Cache/Portal/4e7d45d3c7a6effe724595d64ca9eae6.php 第 65 行.
INFO: Run Behavior\ParseTemplateBehavior [ RunTime:0.003147s ]
INFO: [ view_parse ] --END-- [ RunTime:0.003178s ]
INFO: [ view_filter ] --START--
INFO: Run Behavior\WriteHtmlCacheBehavior [ RunTime:0.000030s ]
INFO: Run Common\Behavior\TmplStripSpaceBehavior [ RunTime:0.000023s ]
INFO: [ view_filter ] --END-- [ RunTime:0.000066s ]
INFO: [ app_end ] --START--
INFO: Run Behavior\ShowPageTraceBehavior [ RunTime:0.000019s ]
INFO: [ app_end ] --END-- [ RunTime:0.000028s ]

