[ 2019-10-30T05:56:28+08:00 ] 47.97.204.168 /index.php?g=portal&m=page&a=news&id=27
INFO: [ app_init ] --START--
INFO: Run Behavior\BuildLiteBehavior [ RunTime:0.000013s ]
INFO: Run Common\Behavior\InitHookBehavior [ RunTime:0.000199s ]
INFO: [ app_init ] --END-- [ RunTime:0.000281s ]
INFO: [ app_begin ] --START--
INFO: Run Behavior\ReadHtmlCacheBehavior [ RunTime:0.000038s ]
INFO: Run Behavior\CheckLangBehavior [ RunTime:0.000052s ]
INFO: [ app_begin ] --END-- [ RunTime:0.000109s ]
INFO: [ view_parse ] --START--
INFO: [ template_filter ] --START--
INFO: Run Behavior\ContentReplaceBehavior [ RunTime:0.000075s ]
INFO: [ template_filter ] --END-- [ RunTime:0.000105s ]
NOTIC: [8] Undefined variable: user /data/wwwroot/ybzb/data/runtime/Cache/Portal/4e7d45d3c7a6effe724595d64ca9eae6.php 第 65 行.
INFO: Run Behavior\ParseTemplateBehavior [ RunTime:0.002909s ]
INFO: [ view_parse ] --END-- [ RunTime:0.002944s ]
INFO: [ view_filter ] --START--
INFO: Run Behavior\WriteHtmlCacheBehavior [ RunTime:0.000030s ]
INFO: Run Common\Behavior\TmplStripSpaceBehavior [ RunTime:0.000024s ]
INFO: [ view_filter ] --END-- [ RunTime:0.000068s ]
INFO: [ app_end ] --START--
INFO: Run Behavior\ShowPageTraceBehavior [ RunTime:0.000018s ]
INFO: [ app_end ] --END-- [ RunTime:0.000026s ]

[ 2019-10-30T06:40:04+08:00 ] 47.100.53.146 /index.php?g=portal&m=page&a=news&id=26
INFO: [ app_init ] --START--
INFO: Run Behavior\BuildLiteBehavior [ RunTime:0.000009s ]
INFO: Run Common\Behavior\InitHookBehavior [ RunTime:0.000143s ]
INFO: [ app_init ] --END-- [ RunTime:0.000201s ]
INFO: [ app_begin ] --START--
INFO: Run Behavior\ReadHtmlCacheBehavior [ RunTime:0.000026s ]
INFO: Run Behavior\CheckLangBehavior [ RunTime:0.000077s ]
INFO: [ app_begin ] --END-- [ RunTime:0.000127s ]
INFO: [ view_parse ] --START--
INFO: [ template_filter ] --START--
INFO: Run Behavior\ContentReplaceBehavior [ RunTime:0.000078s ]
INFO: [ template_filter ] --END-- [ RunTime:0.000108s ]
NOTIC: [8] Undefined variable: user /data/wwwroot/ybzb/data/runtime/Cache/Portal/4e7d45d3c7a6effe724595d64ca9eae6.php 第 65 行.
INFO: Run Behavior\ParseTemplateBehavior [ RunTime:0.002792s ]
INFO: [ view_parse ] --END-- [ RunTime:0.002816s ]
INFO: [ view_filter ] --START--
INFO: Run Behavior\WriteHtmlCacheBehavior [ RunTime:0.000040s ]
INFO: Run Common\Behavior\TmplStripSpaceBehavior [ RunTime:0.000024s ]
INFO: [ view_filter ] --END-- [ RunTime:0.000077s ]
INFO: [ app_end ] --START--
INFO: Run Behavior\ShowPageTraceBehavior [ RunTime:0.000018s ]
INFO: [ app_end ] --END-- [ RunTime:0.000026s ]

[ 2019-10-30T11:29:28+08:00 ] 121.69.85.58 /index.php?g=portal&m=page&a=news&id=25
INFO: [ app_init ] --START--
INFO: Run Behavior\BuildLiteBehavior [ RunTime:0.000009s ]
INFO: Run Common\Behavior\InitHookBehavior [ RunTime:0.000169s ]
INFO: [ app_init ] --END-- [ RunTime:0.000238s ]
INFO: [ app_begin ] --START--
INFO: Run Behavior\ReadHtmlCacheBehavior [ RunTime:0.000021s ]
INFO: Run Behavior\CheckLangBehavior [ RunTime:0.000066s ]
INFO: [ app_begin ] --END-- [ RunTime:0.000103s ]
INFO: [ view_parse ] --START--
INFO: [ template_filter ] --START--
INFO: Run Behavior\ContentReplaceBehavior [ RunTime:0.000079s ]
INFO: [ template_filter ] --END-- [ RunTime:0.000113s ]
NOTIC: [8] Undefined variable: user /data/wwwroot/ybzb/data/runtime/Cache/Portal/4e7d45d3c7a6effe724595d64ca9eae6.php 第 65 行.
INFO: Run Behavior\ParseTemplateBehavior [ RunTime:0.003392s ]
INFO: [ view_parse ] --END-- [ RunTime:0.003423s ]
INFO: [ view_filter ] --START--
INFO: Run Behavior\WriteHtmlCacheBehavior [ RunTime:0.000040s ]
INFO: Run Common\Behavior\TmplStripSpaceBehavior [ RunTime:0.000031s ]
INFO: [ view_filter ] --END-- [ RunTime:0.000090s ]
INFO: [ app_end ] --START--
INFO: Run Behavior\ShowPageTraceBehavior [ RunTime:0.000023s ]
INFO: [ app_end ] --END-- [ RunTime:0.000035s ]

[ 2019-10-30T11:29:32+08:00 ] 121.69.85.58 /index.php?g=portal&m=page&a=news&id=26
INFO: [ app_init ] --START--
INFO: Run Behavior\BuildLiteBehavior [ RunTime:0.000007s ]
INFO: Run Common\Behavior\InitHookBehavior [ RunTime:0.000120s ]
INFO: [ app_init ] --END-- [ RunTime:0.000170s ]
INFO: [ app_begin ] --START--
INFO: Run Behavior\ReadHtmlCacheBehavior [ RunTime:0.000016s ]
INFO: Run Behavior\CheckLangBehavior [ RunTime:0.000037s ]
INFO: [ app_begin ] --END-- [ RunTime:0.000070s ]
INFO: [ view_parse ] --START--
INFO: [ template_filter ] --START--
INFO: Run Behavior\ContentReplaceBehavior [ RunTime:0.000080s ]
INFO: [ template_filter ] --END-- [ RunTime:0.000113s ]
NOTIC: [8] Undefined variable: user /data/wwwroot/ybzb/data/runtime/Cache/Portal/4e7d45d3c7a6effe724595d64ca9eae6.php 第 65 行.
INFO: Run Behavior\ParseTemplateBehavior [ RunTime:0.003182s ]
INFO: [ view_parse ] --END-- [ RunTime:0.003214s ]
INFO: [ view_filter ] --START--
INFO: Run Behavior\WriteHtmlCacheBehavior [ RunTime:0.000030s ]
INFO: Run Common\Behavior\TmplStripSpaceBehavior [ RunTime:0.000026s ]
INFO: [ view_filter ] --END-- [ RunTime:0.000075s ]
INFO: [ app_end ] --START--
INFO: Run Behavior\ShowPageTraceBehavior [ RunTime:0.000015s ]
INFO: [ app_end ] --END-- [ RunTime:0.000023s ]

[ 2019-10-30T11:29:36+08:00 ] 121.69.85.58 /index.php?g=portal&m=page&a=news&id=27
INFO: [ app_init ] --START--
INFO: Run Behavior\BuildLiteBehavior [ RunTime:0.000007s ]
INFO: Run Common\Behavior\InitHookBehavior [ RunTime:0.000149s ]
INFO: [ app_init ] --END-- [ RunTime:0.000198s ]
INFO: [ app_begin ] --START--
INFO: Run Behavior\ReadHtmlCacheBehavior [ RunTime:0.000013s ]
INFO: Run Behavior\CheckLangBehavior [ RunTime:0.000034s ]
INFO: [ app_begin ] --END-- [ RunTime:0.000064s ]
INFO: [ view_parse ] --START--
INFO: [ template_filter ] --START--
INFO: Run Behavior\ContentReplaceBehavior [ RunTime:0.000078s ]
INFO: [ template_filter ] --END-- [ RunTime:0.000110s ]
NOTIC: [8] Undefined variable: user /data/wwwroot/ybzb/data/runtime/Cache/Portal/4e7d45d3c7a6effe724595d64ca9eae6.php 第 65 行.
INFO: Run Behavior\ParseTemplateBehavior [ RunTime:0.003062s ]
INFO: [ view_parse ] --END-- [ RunTime:0.003087s ]
INFO: [ view_filter ] --START--
INFO: Run Behavior\WriteHtmlCacheBehavior [ RunTime:0.000028s ]
INFO: Run Common\Behavior\TmplStripSpaceBehavior [ RunTime:0.000037s ]
INFO: [ view_filter ] --END-- [ RunTime:0.000081s ]
INFO: [ app_end ] --START--
INFO: Run Behavior\ShowPageTraceBehavior [ RunTime:0.000014s ]
INFO: [ app_end ] --END-- [ RunTime:0.000022s ]

[ 2019-10-30T11:30:34+08:00 ] 61.129.6.227 /index.php?g=portal&m=page&a=news&id=26
INFO: [ app_init ] --START--
INFO: Run Behavior\BuildLiteBehavior [ RunTime:0.000009s ]
INFO: Run Common\Behavior\InitHookBehavior [ RunTime:0.000191s ]
INFO: [ app_init ] --END-- [ RunTime:0.000259s ]
INFO: [ app_begin ] --START--
INFO: Run Behavior\ReadHtmlCacheBehavior [ RunTime:0.000023s ]
INFO: Run Behavior\CheckLangBehavior [ RunTime:0.000055s ]
INFO: [ app_begin ] --END-- [ RunTime:0.000097s ]
INFO: [ view_parse ] --START--
INFO: [ template_filter ] --START--
INFO: Run Behavior\ContentReplaceBehavior [ RunTime:0.000081s ]
INFO: [ template_filter ] --END-- [ RunTime:0.000119s ]
NOTIC: [8] Undefined variable: user /data/wwwroot/ybzb/data/runtime/Cache/Portal/4e7d45d3c7a6effe724595d64ca9eae6.php 第 65 行.
INFO: Run Behavior\ParseTemplateBehavior [ RunTime:0.003035s ]
INFO: [ view_parse ] --END-- [ RunTime:0.003062s ]
INFO: [ view_filter ] --START--
INFO: Run Behavior\WriteHtmlCacheBehavior [ RunTime:0.000033s ]
INFO: Run Common\Behavior\TmplStripSpaceBehavior [ RunTime:0.000032s ]
INFO: [ view_filter ] --END-- [ RunTime:0.000078s ]
INFO: [ app_end ] --START--
INFO: Run Behavior\ShowPageTraceBehavior [ RunTime:0.000019s ]
INFO: [ app_end ] --END-- [ RunTime:0.000027s ]

